[0.059s] Invoking command in '/home/lunet/wj0011/ros2_ws/build/rrrrr_finger': ANSYSLMD_LICENSE_FILE=1055@ansys.lboro.ac.uk CMAKE_PREFIX_PATH=${CMAKE_PREFIX_PATH}:/opt/ros/humble /usr/bin/cmake --build /home/lunet/wj0011/ros2_ws/build/rrrrr_finger -- -j32 -l32
[0.099s] Invoked command in '/home/lunet/wj0011/ros2_ws/build/rrrrr_finger' returned '0': ANSYSLMD_LICENSE_FILE=1055@ansys.lboro.ac.uk CMAKE_PREFIX_PATH=${CMAKE_PREFIX_PATH}:/opt/ros/humble /usr/bin/cmake --build /home/lunet/wj0011/ros2_ws/build/rrrrr_finger -- -j32 -l32
[0.110s] Invoking command in '/home/lunet/wj0011/ros2_ws/build/rrrrr_finger': ANSYSLMD_LICENSE_FILE=1055@ansys.lboro.ac.uk CMAKE_PREFIX_PATH=${CMAKE_PREFIX_PATH}:/opt/ros/humble /usr/bin/cmake --install /home/lunet/wj0011/ros2_ws/build/rrrrr_finger
[0.114s] -- Install configuration: ""
[0.115s] -- Up-to-date: /home/lunet/wj0011/ros2_ws/install/rrrrr_finger/share/rrrrr_finger/urdf
[0.117s] -- Up-to-date: /home/lunet/wj0011/ros2_ws/install/rrrrr_finger/share/rrrrr_finger/urdf/robot.urdf
[0.118s] -- Up-to-date: /home/lunet/wj0011/ros2_ws/install/rrrrr_finger/share/ament_index/resource_index/package_run_dependencies/rrrrr_finger
[0.122s] -- Up-to-date: /home/lunet/wj0011/ros2_ws/install/rrrrr_finger/share/ament_index/resource_index/parent_prefix_path/rrrrr_finger
[0.122s] -- Up-to-date: /home/lunet/wj0011/ros2_ws/install/rrrrr_finger/share/rrrrr_finger/environment/ament_prefix_path.sh
[0.123s] -- Up-to-date: /home/lunet/wj0011/ros2_ws/install/rrrrr_finger/share/rrrrr_finger/environment/ament_prefix_path.dsv
[0.123s] -- Up-to-date: /home/lunet/wj0011/ros2_ws/install/rrrrr_finger/share/rrrrr_finger/environment/path.sh
[0.125s] -- Up-to-date: /home/lunet/wj0011/ros2_ws/install/rrrrr_finger/share/rrrrr_finger/environment/path.dsv
[0.126s] -- Up-to-date: /home/lunet/wj0011/ros2_ws/install/rrrrr_finger/share/rrrrr_finger/local_setup.bash
[0.131s] -- Up-to-date: /home/lunet/wj0011/ros2_ws/install/rrrrr_finger/share/rrrrr_finger/local_setup.sh
[0.132s] -- Up-to-date: /home/lunet/wj0011/ros2_ws/install/rrrrr_finger/share/rrrrr_finger/local_setup.zsh
[0.132s] -- Up-to-date: /home/lunet/wj0011/ros2_ws/install/rrrrr_finger/share/rrrrr_finger/local_setup.dsv
[0.132s] -- Installing: /home/lunet/wj0011/ros2_ws/install/rrrrr_finger/share/rrrrr_finger/package.dsv
[0.141s] -- Up-to-date: /home/lunet/wj0011/ros2_ws/install/rrrrr_finger/share/ament_index/resource_index/packages/rrrrr_finger
[0.141s] -- Up-to-date: /home/lunet/wj0011/ros2_ws/install/rrrrr_finger/share/rrrrr_finger/cmake/rrrrr_fingerConfig.cmake
[0.141s] -- Up-to-date: /home/lunet/wj0011/ros2_ws/install/rrrrr_finger/share/rrrrr_finger/cmake/rrrrr_fingerConfig-version.cmake
[0.142s] -- Up-to-date: /home/lunet/wj0011/ros2_ws/install/rrrrr_finger/share/rrrrr_finger/package.xml
[0.143s] Invoked command in '/home/lunet/wj0011/ros2_ws/build/rrrrr_finger' returned '0': ANSYSLMD_LICENSE_FILE=1055@ansys.lboro.ac.uk CMAKE_PREFIX_PATH=${CMAKE_PREFIX_PATH}:/opt/ros/humble /usr/bin/cmake --install /home/lunet/wj0011/ros2_ws/build/rrrrr_finger
