[0.066s] Invoking command in '/home/lunet/wj0011/ros2_ws/build/rrrrr_pkg': ANSYSLMD_LICENSE_FILE=1055@ansys.lboro.ac.uk CMAKE_PREFIX_PATH=${CMAKE_PREFIX_PATH}:/opt/ros/humble /usr/bin/cmake --build /home/lunet/wj0011/ros2_ws/build/rrrrr_pkg -- -j32 -l32
[0.107s] Invoked command in '/home/lunet/wj0011/ros2_ws/build/rrrrr_pkg' returned '0': ANSYSLMD_LICENSE_FILE=1055@ansys.lboro.ac.uk CMAKE_PREFIX_PATH=${CMAKE_PREFIX_PATH}:/opt/ros/humble /usr/bin/cmake --build /home/lunet/wj0011/ros2_ws/build/rrrrr_pkg -- -j32 -l32
[0.116s] Invoking command in '/home/lunet/wj0011/ros2_ws/build/rrrrr_pkg': ANSYSLMD_LICENSE_FILE=1055@ansys.lboro.ac.uk CMAKE_PREFIX_PATH=${CMAKE_PREFIX_PATH}:/opt/ros/humble /usr/bin/cmake --install /home/lunet/wj0011/ros2_ws/build/rrrrr_pkg
[0.128s] -- Install configuration: ""
[0.128s] -- Up-to-date: /home/lunet/wj0011/ros2_ws/install/rrrrr_pkg/share/rrrrr_pkg/launch
[0.128s] -- Up-to-date: /home/lunet/wj0011/ros2_ws/install/rrrrr_pkg/share/rrrrr_pkg/launch/robot.launch.py
[0.128s] -- Up-to-date: /home/lunet/wj0011/ros2_ws/install/rrrrr_pkg/share/rrrrr_pkg/urdf
[0.128s] -- Up-to-date: /home/lunet/wj0011/ros2_ws/install/rrrrr_pkg/share/rrrrr_pkg/urdf/robot.urdf
[0.128s] -- Up-to-date: /home/lunet/wj0011/ros2_ws/install/rrrrr_pkg/share/ament_index/resource_index/package_run_dependencies/rrrrr_pkg
[0.129s] -- Up-to-date: /home/lunet/wj0011/ros2_ws/install/rrrrr_pkg/share/ament_index/resource_index/parent_prefix_path/rrrrr_pkg
[0.130s] -- Up-to-date: /home/lunet/wj0011/ros2_ws/install/rrrrr_pkg/share/rrrrr_pkg/environment/ament_prefix_path.sh
[0.131s] -- Up-to-date: /home/lunet/wj0011/ros2_ws/install/rrrrr_pkg/share/rrrrr_pkg/environment/ament_prefix_path.dsv
[0.132s] -- Up-to-date: /home/lunet/wj0011/ros2_ws/install/rrrrr_pkg/share/rrrrr_pkg/environment/path.sh
[0.134s] -- Up-to-date: /home/lunet/wj0011/ros2_ws/install/rrrrr_pkg/share/rrrrr_pkg/environment/path.dsv
[0.135s] -- Up-to-date: /home/lunet/wj0011/ros2_ws/install/rrrrr_pkg/share/rrrrr_pkg/local_setup.bash
[0.136s] -- Up-to-date: /home/lunet/wj0011/ros2_ws/install/rrrrr_pkg/share/rrrrr_pkg/local_setup.sh
[0.137s] -- Up-to-date: /home/lunet/wj0011/ros2_ws/install/rrrrr_pkg/share/rrrrr_pkg/local_setup.zsh
[0.138s] -- Up-to-date: /home/lunet/wj0011/ros2_ws/install/rrrrr_pkg/share/rrrrr_pkg/local_setup.dsv
[0.139s] -- Installing: /home/lunet/wj0011/ros2_ws/install/rrrrr_pkg/share/rrrrr_pkg/package.dsv
[0.145s] -- Up-to-date: /home/lunet/wj0011/ros2_ws/install/rrrrr_pkg/share/ament_index/resource_index/packages/rrrrr_pkg
[0.146s] -- Up-to-date: /home/lunet/wj0011/ros2_ws/install/rrrrr_pkg/share/rrrrr_pkg/cmake/rrrrr_pkgConfig.cmake
[0.147s] -- Up-to-date: /home/lunet/wj0011/ros2_ws/install/rrrrr_pkg/share/rrrrr_pkg/cmake/rrrrr_pkgConfig-version.cmake
[0.148s] -- Up-to-date: /home/lunet/wj0011/ros2_ws/install/rrrrr_pkg/share/rrrrr_pkg/package.xml
[0.239s] Invoked command in '/home/lunet/wj0011/ros2_ws/build/rrrrr_pkg' returned '0': ANSYSLMD_LICENSE_FILE=1055@ansys.lboro.ac.uk CMAKE_PREFIX_PATH=${CMAKE_PREFIX_PATH}:/opt/ros/humble /usr/bin/cmake --install /home/lunet/wj0011/ros2_ws/build/rrrrr_pkg
