[0.062s] Invoking command in '/home/lunet/wj0011/ros2_ws/build/rrrrr_pkg': ANSYSLMD_LICENSE_FILE=1055@ansys.lboro.ac.uk CMAKE_PREFIX_PATH=${CMAKE_PREFIX_PATH}:/opt/ros/humble /usr/bin/cmake --build /home/lunet/wj0011/ros2_ws/build/rrrrr_pkg -- -j32 -l32
[0.102s] Invoked command in '/home/lunet/wj0011/ros2_ws/build/rrrrr_pkg' returned '0': ANSYSLMD_LICENSE_FILE=1055@ansys.lboro.ac.uk CMAKE_PREFIX_PATH=${CMAKE_PREFIX_PATH}:/opt/ros/humble /usr/bin/cmake --build /home/lunet/wj0011/ros2_ws/build/rrrrr_pkg -- -j32 -l32
[0.111s] Invoking command in '/home/lunet/wj0011/ros2_ws/build/rrrrr_pkg': ANSYSLMD_LICENSE_FILE=1055@ansys.lboro.ac.uk CMAKE_PREFIX_PATH=${CMAKE_PREFIX_PATH}:/opt/ros/humble /usr/bin/cmake --install /home/lunet/wj0011/ros2_ws/build/rrrrr_pkg
[0.117s] -- Install configuration: ""
[0.118s] -- Up-to-date: /home/lunet/wj0011/ros2_ws/install/rrrrr_pkg/share/rrrrr_pkg/launch
[0.120s] -- Up-to-date: /home/lunet/wj0011/ros2_ws/install/rrrrr_pkg/share/rrrrr_pkg/launch/robot.launch.py
[0.121s] -- Up-to-date: /home/lunet/wj0011/ros2_ws/install/rrrrr_pkg/share/rrrrr_pkg/urdf
[0.123s] -- Up-to-date: /home/lunet/wj0011/ros2_ws/install/rrrrr_pkg/share/rrrrr_pkg/urdf/robot.urdf
[0.124s] -- Up-to-date: /home/lunet/wj0011/ros2_ws/install/rrrrr_pkg/share/ament_index/resource_index/package_run_dependencies/rrrrr_pkg
[0.125s] -- Up-to-date: /home/lunet/wj0011/ros2_ws/install/rrrrr_pkg/share/ament_index/resource_index/parent_prefix_path/rrrrr_pkg
[0.126s] -- Up-to-date: /home/lunet/wj0011/ros2_ws/install/rrrrr_pkg/share/rrrrr_pkg/environment/ament_prefix_path.sh
[0.128s] -- Up-to-date: /home/lunet/wj0011/ros2_ws/install/rrrrr_pkg/share/rrrrr_pkg/environment/ament_prefix_path.dsv
[0.128s] -- Up-to-date: /home/lunet/wj0011/ros2_ws/install/rrrrr_pkg/share/rrrrr_pkg/environment/path.sh
[0.129s] -- Up-to-date: /home/lunet/wj0011/ros2_ws/install/rrrrr_pkg/share/rrrrr_pkg/environment/path.dsv
[0.130s] -- Up-to-date: /home/lunet/wj0011/ros2_ws/install/rrrrr_pkg/share/rrrrr_pkg/local_setup.bash
[0.131s] -- Up-to-date: /home/lunet/wj0011/ros2_ws/install/rrrrr_pkg/share/rrrrr_pkg/local_setup.sh
[0.131s] -- Up-to-date: /home/lunet/wj0011/ros2_ws/install/rrrrr_pkg/share/rrrrr_pkg/local_setup.zsh
[0.133s] -- Up-to-date: /home/lunet/wj0011/ros2_ws/install/rrrrr_pkg/share/rrrrr_pkg/local_setup.dsv
[0.134s] -- Installing: /home/lunet/wj0011/ros2_ws/install/rrrrr_pkg/share/rrrrr_pkg/package.dsv
[0.139s] -- Up-to-date: /home/lunet/wj0011/ros2_ws/install/rrrrr_pkg/share/ament_index/resource_index/packages/rrrrr_pkg
[0.140s] -- Up-to-date: /home/lunet/wj0011/ros2_ws/install/rrrrr_pkg/share/rrrrr_pkg/cmake/rrrrr_pkgConfig.cmake
[0.140s] -- Up-to-date: /home/lunet/wj0011/ros2_ws/install/rrrrr_pkg/share/rrrrr_pkg/cmake/rrrrr_pkgConfig-version.cmake
[0.142s] -- Up-to-date: /home/lunet/wj0011/ros2_ws/install/rrrrr_pkg/share/rrrrr_pkg/package.xml
[0.455s] Invoked command in '/home/lunet/wj0011/ros2_ws/build/rrrrr_pkg' returned '0': ANSYSLMD_LICENSE_FILE=1055@ansys.lboro.ac.uk CMAKE_PREFIX_PATH=${CMAKE_PREFIX_PATH}:/opt/ros/humble /usr/bin/cmake --install /home/lunet/wj0011/ros2_ws/build/rrrrr_pkg
