[0.049s] Invoking command in '/home/lunet/wj0011/ros2_ws/build/hello_moveit': ANSYSLMD_LICENSE_FILE=1055@ansys.lboro.ac.uk CMAKE_PREFIX_PATH=${CMAKE_PREFIX_PATH}:/opt/ros/humble /usr/bin/cmake --build /home/lunet/wj0011/ros2_ws/build/hello_moveit -- -j32 -l32
[0.086s] -- Found ament_cmake: 1.3.12 (/opt/ros/humble/share/ament_cmake/cmake)
[0.174s] -- Found moveit_ros_planning_interface: 2.5.9 (/opt/ros/humble/share/moveit_ros_planning_interface/cmake)
[0.181s] -- Found Boost: /usr/lib/x86_64-linux-gnu/cmake/Boost-1.74.0/BoostConfig.cmake (found version "1.74.0") found components: date_time filesystem program_options system thread 
[0.201s] -- Found rosidl_generator_c: 3.1.7 (/opt/ros/humble/share/rosidl_generator_c/cmake)
[0.207s] -- Found rosidl_adapter: 3.1.7 (/opt/ros/humble/share/rosidl_adapter/cmake)
[0.207s] -- Found rosidl_generator_cpp: 3.1.7 (/opt/ros/humble/share/rosidl_generator_cpp/cmake)
[0.211s] -- Using all available rosidl_typesupport_c: rosidl_typesupport_fastrtps_c;rosidl_typesupport_introspection_c
[0.217s] -- Using all available rosidl_typesupport_cpp: rosidl_typesupport_fastrtps_cpp;rosidl_typesupport_introspection_cpp
[0.306s] -- Found Boost: /usr/lib/x86_64-linux-gnu/cmake/Boost-1.74.0/BoostConfig.cmake (found version "1.74.0") found components: chrono date_time filesystem iostreams program_options regex serialization system thread 
[0.323s] -- Found parameter_traits: 0.5.0 (/opt/ros/humble/share/parameter_traits/cmake)
[0.338s] -- Found rmw_implementation_cmake: 6.1.2 (/opt/ros/humble/share/rmw_implementation_cmake/cmake)
[0.338s] -- Found rmw_fastrtps_cpp: 6.2.9 (/opt/ros/humble/share/rmw_fastrtps_cpp/cmake)
[0.493s] -- Using RMW implementation 'rmw_fastrtps_cpp' as default
[0.517s] -- Found rclcpp_lifecycle: 16.0.15 (/opt/ros/humble/share/rclcpp_lifecycle/cmake)
[0.528s] -- Found Boost: /usr/lib/x86_64-linux-gnu/cmake/Boost-1.74.0/BoostConfig.cmake (found version "1.74.0") found components: filesystem 
[0.572s] -- library: /usr/lib/x86_64-linux-gnu/libcurl.so
[0.587s] -- Ensuring Eigen3 include directory is part of orocos-kdl CMake target
[0.668s] -- Found Boost: /usr/lib/x86_64-linux-gnu/cmake/Boost-1.74.0/BoostConfig.cmake (found version "1.74.0") found components: system filesystem date_time program_options thread chrono 
[0.685s] -- Found Boost: /usr/lib/x86_64-linux-gnu/cmake/Boost-1.74.0/BoostConfig.cmake (found version "1.74.0") found components: thread system filesystem regex date_time program_options 
[0.697s] -- Found Boost: /usr/lib/x86_64-linux-gnu/cmake/Boost-1.74.0/BoostConfig.cmake (found version "1.74.0") found components: system filesystem date_time program_options thread 
[0.711s] -- Found ament_lint_auto: 0.12.14 (/opt/ros/humble/share/ament_lint_auto/cmake)
[0.793s] -- Added test 'cppcheck' to perform static code analysis on C / C++ code
[0.793s] -- Configured cppcheck include dirs: $<BUILD_INTERFACE:/home/lunet/wj0011/ros2_ws/src/hello_moveit/include>
[0.793s] -- Configured cppcheck exclude dirs and/or files: 
[0.797s] -- Added test 'lint_cmake' to check CMake code style
[0.810s] -- Added test 'uncrustify' to check C / C++ code style
[0.810s] -- Configured uncrustify additional arguments: 
[0.811s] -- Added test 'xmllint' to check XML markup files
[0.823s] -- Configuring done
[0.916s] -- Generating done
[0.956s] -- Build files have been written to: /home/lunet/wj0011/ros2_ws/build/hello_moveit
[0.991s] [35m[1mConsolidate compiler generated dependencies of target hello_moveit[0m
[1.022s] [ 50%] [32mBuilding CXX object CMakeFiles/hello_moveit.dir/src/hello_moveit.cpp.o[0m
[4.711s] [100%] [32m[1mLinking CXX executable hello_moveit[0m
[5.143s] [100%] Built target hello_moveit
[5.153s] Invoked command in '/home/lunet/wj0011/ros2_ws/build/hello_moveit' returned '0': ANSYSLMD_LICENSE_FILE=1055@ansys.lboro.ac.uk CMAKE_PREFIX_PATH=${CMAKE_PREFIX_PATH}:/opt/ros/humble /usr/bin/cmake --build /home/lunet/wj0011/ros2_ws/build/hello_moveit -- -j32 -l32
[5.159s] Invoking command in '/home/lunet/wj0011/ros2_ws/build/hello_moveit': ANSYSLMD_LICENSE_FILE=1055@ansys.lboro.ac.uk CMAKE_PREFIX_PATH=${CMAKE_PREFIX_PATH}:/opt/ros/humble /usr/bin/cmake --install /home/lunet/wj0011/ros2_ws/build/hello_moveit
[5.164s] -- Install configuration: ""
[5.166s] -- Installing: /home/lunet/wj0011/ros2_ws/install/hello_moveit/lib/hello_moveit/hello_moveit
[5.178s] -- Set runtime path of "/home/lunet/wj0011/ros2_ws/install/hello_moveit/lib/hello_moveit/hello_moveit" to ""
[5.178s] -- Up-to-date: /home/lunet/wj0011/ros2_ws/install/hello_moveit/share/ament_index/resource_index/package_run_dependencies/hello_moveit
[5.180s] -- Installing: /home/lunet/wj0011/ros2_ws/install/hello_moveit/share/ament_index/resource_index/parent_prefix_path/hello_moveit
[5.186s] -- Up-to-date: /home/lunet/wj0011/ros2_ws/install/hello_moveit/share/hello_moveit/environment/ament_prefix_path.sh
[5.187s] -- Installing: /home/lunet/wj0011/ros2_ws/install/hello_moveit/share/hello_moveit/environment/ament_prefix_path.dsv
[5.191s] -- Up-to-date: /home/lunet/wj0011/ros2_ws/install/hello_moveit/share/hello_moveit/environment/path.sh
[5.192s] -- Installing: /home/lunet/wj0011/ros2_ws/install/hello_moveit/share/hello_moveit/environment/path.dsv
[5.197s] -- Up-to-date: /home/lunet/wj0011/ros2_ws/install/hello_moveit/share/hello_moveit/local_setup.bash
[5.198s] -- Up-to-date: /home/lunet/wj0011/ros2_ws/install/hello_moveit/share/hello_moveit/local_setup.sh
[5.199s] -- Up-to-date: /home/lunet/wj0011/ros2_ws/install/hello_moveit/share/hello_moveit/local_setup.zsh
[5.200s] -- Installing: /home/lunet/wj0011/ros2_ws/install/hello_moveit/share/hello_moveit/local_setup.dsv
[5.205s] -- Installing: /home/lunet/wj0011/ros2_ws/install/hello_moveit/share/hello_moveit/package.dsv
[5.209s] -- Up-to-date: /home/lunet/wj0011/ros2_ws/install/hello_moveit/share/ament_index/resource_index/packages/hello_moveit
[5.211s] -- Up-to-date: /home/lunet/wj0011/ros2_ws/install/hello_moveit/share/hello_moveit/cmake/hello_moveitConfig.cmake
[5.212s] -- Up-to-date: /home/lunet/wj0011/ros2_ws/install/hello_moveit/share/hello_moveit/cmake/hello_moveitConfig-version.cmake
[5.213s] -- Installing: /home/lunet/wj0011/ros2_ws/install/hello_moveit/share/hello_moveit/package.xml
[5.219s] Invoked command in '/home/lunet/wj0011/ros2_ws/build/hello_moveit' returned '0': ANSYSLMD_LICENSE_FILE=1055@ansys.lboro.ac.uk CMAKE_PREFIX_PATH=${CMAKE_PREFIX_PATH}:/opt/ros/humble /usr/bin/cmake --install /home/lunet/wj0011/ros2_ws/build/hello_moveit
