[0.056s] Invoking command in '/home/lunet/wj0011/ros2_ws/build/ros2_fundamentals_examples': ANSYSLMD_LICENSE_FILE=1055@ansys.lboro.ac.uk CMAKE_PREFIX_PATH=${CMAKE_PREFIX_PATH}:/opt/ros/humble /usr/bin/cmake --build /home/lunet/wj0011/ros2_ws/build/ros2_fundamentals_examples -- -j32 -l32
[0.124s] Built target ament_cmake_python_copy_ros2_fundamentals_examples
[0.253s] running egg_info
[0.254s] writing ros2_fundamentals_examples.egg-info/PKG-INFO
[0.257s] writing dependency_links to ros2_fundamentals_examples.egg-info/dependency_links.txt
[0.261s] writing top-level names to ros2_fundamentals_examples.egg-info/top_level.txt
[0.266s] reading manifest file 'ros2_fundamentals_examples.egg-info/SOURCES.txt'
[0.267s] writing manifest file 'ros2_fundamentals_examples.egg-info/SOURCES.txt'
[0.282s] Built target ament_cmake_python_build_ros2_fundamentals_examples_egg
[0.507s] Invoked command in '/home/lunet/wj0011/ros2_ws/build/ros2_fundamentals_examples' returned '0': ANSYSLMD_LICENSE_FILE=1055@ansys.lboro.ac.uk CMAKE_PREFIX_PATH=${CMAKE_PREFIX_PATH}:/opt/ros/humble /usr/bin/cmake --build /home/lunet/wj0011/ros2_ws/build/ros2_fundamentals_examples -- -j32 -l32
[0.507s] Invoking command in '/home/lunet/wj0011/ros2_ws/build/ros2_fundamentals_examples': ANSYSLMD_LICENSE_FILE=1055@ansys.lboro.ac.uk CMAKE_PREFIX_PATH=${CMAKE_PREFIX_PATH}:/opt/ros/humble /usr/bin/cmake --install /home/lunet/wj0011/ros2_ws/build/ros2_fundamentals_examples
[0.511s] -- Install configuration: ""
[0.512s] -- Up-to-date: /home/lunet/wj0011/ros2_ws/install/ros2_fundamentals_examples/share/ros2_fundamentals_examples/ros2_fundamentals_examples
[0.513s] -- Up-to-date: /home/lunet/wj0011/ros2_ws/install/ros2_fundamentals_examples/share/ros2_fundamentals_examples/ros2_fundamentals_examples/examplePublisher.py
[0.514s] -- Up-to-date: /home/lunet/wj0011/ros2_ws/install/ros2_fundamentals_examples/share/ros2_fundamentals_examples/ros2_fundamentals_examples/__init__.py
[0.514s] -- Up-to-date: /home/lunet/wj0011/ros2_ws/install/ros2_fundamentals_examples/share/ros2_fundamentals_examples/ros2_fundamentals_examples/exampleSubscriber.py
[0.516s] -- Up-to-date: /home/lunet/wj0011/ros2_ws/install/ros2_fundamentals_examples/include
[0.517s] -- Up-to-date: /home/lunet/wj0011/ros2_ws/install/ros2_fundamentals_examples/include/ros2_fundamentals_examples
[0.519s] -- Up-to-date: /home/lunet/wj0011/ros2_ws/install/ros2_fundamentals_examples/share/ros2_fundamentals_examples/environment/pythonpath.sh
[0.520s] -- Up-to-date: /home/lunet/wj0011/ros2_ws/install/ros2_fundamentals_examples/share/ros2_fundamentals_examples/environment/pythonpath.dsv
[0.521s] -- Up-to-date: /home/lunet/wj0011/ros2_ws/install/ros2_fundamentals_examples/local/lib/python3.10/dist-packages/ros2_fundamentals_examples-0.0.0-py3.10.egg-info
[0.522s] -- Installing: /home/lunet/wj0011/ros2_ws/install/ros2_fundamentals_examples/local/lib/python3.10/dist-packages/ros2_fundamentals_examples-0.0.0-py3.10.egg-info/PKG-INFO
[0.528s] -- Installing: /home/lunet/wj0011/ros2_ws/install/ros2_fundamentals_examples/local/lib/python3.10/dist-packages/ros2_fundamentals_examples-0.0.0-py3.10.egg-info/dependency_links.txt
[0.533s] -- Installing: /home/lunet/wj0011/ros2_ws/install/ros2_fundamentals_examples/local/lib/python3.10/dist-packages/ros2_fundamentals_examples-0.0.0-py3.10.egg-info/top_level.txt
[0.538s] -- Installing: /home/lunet/wj0011/ros2_ws/install/ros2_fundamentals_examples/local/lib/python3.10/dist-packages/ros2_fundamentals_examples-0.0.0-py3.10.egg-info/SOURCES.txt
[0.543s] -- Up-to-date: /home/lunet/wj0011/ros2_ws/install/ros2_fundamentals_examples/local/lib/python3.10/dist-packages/ros2_fundamentals_examples
[0.544s] -- Up-to-date: /home/lunet/wj0011/ros2_ws/install/ros2_fundamentals_examples/local/lib/python3.10/dist-packages/ros2_fundamentals_examples/examplePublisher.py
[0.545s] -- Up-to-date: /home/lunet/wj0011/ros2_ws/install/ros2_fundamentals_examples/local/lib/python3.10/dist-packages/ros2_fundamentals_examples/__init__.py
[0.545s] -- Up-to-date: /home/lunet/wj0011/ros2_ws/install/ros2_fundamentals_examples/local/lib/python3.10/dist-packages/ros2_fundamentals_examples/exampleSubscriber.py
[0.564s] Listing '/home/lunet/wj0011/ros2_ws/install/ros2_fundamentals_examples/local/lib/python3.10/dist-packages/ros2_fundamentals_examples'...
[0.567s] -- Up-to-date: /home/lunet/wj0011/ros2_ws/install/ros2_fundamentals_examples/lib/ros2_fundamentals_examples/examplePublisher.py
[0.568s] -- Up-to-date: /home/lunet/wj0011/ros2_ws/install/ros2_fundamentals_examples/lib/ros2_fundamentals_examples/exampleSubscriber.py
[0.569s] -- Up-to-date: /home/lunet/wj0011/ros2_ws/install/ros2_fundamentals_examples/share/ament_index/resource_index/package_run_dependencies/ros2_fundamentals_examples
[0.570s] -- Up-to-date: /home/lunet/wj0011/ros2_ws/install/ros2_fundamentals_examples/share/ament_index/resource_index/parent_prefix_path/ros2_fundamentals_examples
[0.571s] -- Up-to-date: /home/lunet/wj0011/ros2_ws/install/ros2_fundamentals_examples/share/ros2_fundamentals_examples/environment/ament_prefix_path.sh
[0.572s] -- Up-to-date: /home/lunet/wj0011/ros2_ws/install/ros2_fundamentals_examples/share/ros2_fundamentals_examples/environment/ament_prefix_path.dsv
[0.573s] -- Up-to-date: /home/lunet/wj0011/ros2_ws/install/ros2_fundamentals_examples/share/ros2_fundamentals_examples/environment/path.sh
[0.574s] -- Up-to-date: /home/lunet/wj0011/ros2_ws/install/ros2_fundamentals_examples/share/ros2_fundamentals_examples/environment/path.dsv
[0.575s] -- Up-to-date: /home/lunet/wj0011/ros2_ws/install/ros2_fundamentals_examples/share/ros2_fundamentals_examples/local_setup.bash
[0.576s] -- Up-to-date: /home/lunet/wj0011/ros2_ws/install/ros2_fundamentals_examples/share/ros2_fundamentals_examples/local_setup.sh
[0.577s] -- Up-to-date: /home/lunet/wj0011/ros2_ws/install/ros2_fundamentals_examples/share/ros2_fundamentals_examples/local_setup.zsh
[0.578s] -- Up-to-date: /home/lunet/wj0011/ros2_ws/install/ros2_fundamentals_examples/share/ros2_fundamentals_examples/local_setup.dsv
[0.578s] -- Installing: /home/lunet/wj0011/ros2_ws/install/ros2_fundamentals_examples/share/ros2_fundamentals_examples/package.dsv
[0.584s] -- Up-to-date: /home/lunet/wj0011/ros2_ws/install/ros2_fundamentals_examples/share/ament_index/resource_index/packages/ros2_fundamentals_examples
[0.585s] -- Up-to-date: /home/lunet/wj0011/ros2_ws/install/ros2_fundamentals_examples/share/ros2_fundamentals_examples/cmake/ament_cmake_export_include_directories-extras.cmake
[0.585s] -- Up-to-date: /home/lunet/wj0011/ros2_ws/install/ros2_fundamentals_examples/share/ros2_fundamentals_examples/cmake/ros2_fundamentals_examplesConfig.cmake
[0.586s] -- Up-to-date: /home/lunet/wj0011/ros2_ws/install/ros2_fundamentals_examples/share/ros2_fundamentals_examples/cmake/ros2_fundamentals_examplesConfig-version.cmake
[0.587s] -- Up-to-date: /home/lunet/wj0011/ros2_ws/install/ros2_fundamentals_examples/share/ros2_fundamentals_examples/package.xml
[0.592s] Invoked command in '/home/lunet/wj0011/ros2_ws/build/ros2_fundamentals_examples' returned '0': ANSYSLMD_LICENSE_FILE=1055@ansys.lboro.ac.uk CMAKE_PREFIX_PATH=${CMAKE_PREFIX_PATH}:/opt/ros/humble /usr/bin/cmake --install /home/lunet/wj0011/ros2_ws/build/ros2_fundamentals_examples
