[0.062s] Invoking command in '/home/lunet/wj0011/ros2_ws/build/rrrrr_finger': ANSYSLMD_LICENSE_FILE=1055@ansys.lboro.ac.uk CMAKE_PREFIX_PATH=${CMAKE_PREFIX_PATH}:/opt/ros/humble /usr/bin/cmake /home/lunet/wj0011/ros2_ws/src/rrrrr_finger -DCMAKE_INSTALL_PREFIX=/home/lunet/wj0011/ros2_ws/install/rrrrr_finger
[0.142s] -- The C compiler identification is GNU 11.4.0
[0.206s] -- The CXX compiler identification is GNU 11.4.0
[0.218s] -- Detecting C compiler ABI info
[0.370s] -- Detecting C compiler ABI info - done
[0.378s] -- Check for working C compiler: /usr/bin/cc - skipped
[0.379s] -- Detecting C compile features
[0.379s] -- Detecting C compile features - done
[0.389s] -- Detecting CXX compiler ABI info
[0.533s] -- Detecting CXX compiler ABI info - done
[0.542s] -- Check for working CXX compiler: /usr/bin/c++ - skipped
[0.542s] -- Detecting CXX compile features
[0.542s] -- Detecting CXX compile features - done
[0.566s] -- Found ament_cmake: 1.3.12 (/opt/ros/humble/share/ament_cmake/cmake)
[0.689s] -- Found Python3: /usr/bin/python3 (found version "3.10.12") found components: Interpreter 
[0.974s] -- Found ament_lint_auto: 0.12.14 (/opt/ros/humble/share/ament_lint_auto/cmake)
[1.195s] -- Added test 'lint_cmake' to check CMake code style
[1.214s] -- Added test 'xmllint' to check XML markup files
[1.238s] -- Configuring done
[1.310s] -- Generating done
[1.350s] -- Build files have been written to: /home/lunet/wj0011/ros2_ws/build/rrrrr_finger
[1.353s] Invoked command in '/home/lunet/wj0011/ros2_ws/build/rrrrr_finger' returned '0': ANSYSLMD_LICENSE_FILE=1055@ansys.lboro.ac.uk CMAKE_PREFIX_PATH=${CMAKE_PREFIX_PATH}:/opt/ros/humble /usr/bin/cmake /home/lunet/wj0011/ros2_ws/src/rrrrr_finger -DCMAKE_INSTALL_PREFIX=/home/lunet/wj0011/ros2_ws/install/rrrrr_finger
[1.357s] Invoking command in '/home/lunet/wj0011/ros2_ws/build/rrrrr_finger': ANSYSLMD_LICENSE_FILE=1055@ansys.lboro.ac.uk CMAKE_PREFIX_PATH=${CMAKE_PREFIX_PATH}:/opt/ros/humble /usr/bin/cmake --build /home/lunet/wj0011/ros2_ws/build/rrrrr_finger -- -j32 -l32
[1.393s] Invoked command in '/home/lunet/wj0011/ros2_ws/build/rrrrr_finger' returned '0': ANSYSLMD_LICENSE_FILE=1055@ansys.lboro.ac.uk CMAKE_PREFIX_PATH=${CMAKE_PREFIX_PATH}:/opt/ros/humble /usr/bin/cmake --build /home/lunet/wj0011/ros2_ws/build/rrrrr_finger -- -j32 -l32
[1.398s] Invoking command in '/home/lunet/wj0011/ros2_ws/build/rrrrr_finger': ANSYSLMD_LICENSE_FILE=1055@ansys.lboro.ac.uk CMAKE_PREFIX_PATH=${CMAKE_PREFIX_PATH}:/opt/ros/humble /usr/bin/cmake --install /home/lunet/wj0011/ros2_ws/build/rrrrr_finger
[1.406s] -- Install configuration: ""
[1.406s] -- Installing: /home/lunet/wj0011/ros2_ws/install/rrrrr_finger/share/rrrrr_finger/urdf
[1.411s] -- Installing: /home/lunet/wj0011/ros2_ws/install/rrrrr_finger/share/rrrrr_finger/urdf/robot.urdf
[1.421s] -- Installing: /home/lunet/wj0011/ros2_ws/install/rrrrr_finger/share/ament_index/resource_index/package_run_dependencies/rrrrr_finger
[1.429s] -- Installing: /home/lunet/wj0011/ros2_ws/install/rrrrr_finger/share/ament_index/resource_index/parent_prefix_path/rrrrr_finger
[1.437s] -- Installing: /home/lunet/wj0011/ros2_ws/install/rrrrr_finger/share/rrrrr_finger/environment/ament_prefix_path.sh
[1.441s] -- Installing: /home/lunet/wj0011/ros2_ws/install/rrrrr_finger/share/rrrrr_finger/environment/ament_prefix_path.dsv
[1.446s] -- Installing: /home/lunet/wj0011/ros2_ws/install/rrrrr_finger/share/rrrrr_finger/environment/path.sh
[1.450s] -- Installing: /home/lunet/wj0011/ros2_ws/install/rrrrr_finger/share/rrrrr_finger/environment/path.dsv
[1.455s] -- Installing: /home/lunet/wj0011/ros2_ws/install/rrrrr_finger/share/rrrrr_finger/local_setup.bash
[1.460s] -- Installing: /home/lunet/wj0011/ros2_ws/install/rrrrr_finger/share/rrrrr_finger/local_setup.sh
[1.466s] -- Installing: /home/lunet/wj0011/ros2_ws/install/rrrrr_finger/share/rrrrr_finger/local_setup.zsh
[1.471s] -- Installing: /home/lunet/wj0011/ros2_ws/install/rrrrr_finger/share/rrrrr_finger/local_setup.dsv
[1.476s] -- Installing: /home/lunet/wj0011/ros2_ws/install/rrrrr_finger/share/rrrrr_finger/package.dsv
[1.484s] -- Installing: /home/lunet/wj0011/ros2_ws/install/rrrrr_finger/share/ament_index/resource_index/packages/rrrrr_finger
[1.491s] -- Installing: /home/lunet/wj0011/ros2_ws/install/rrrrr_finger/share/rrrrr_finger/cmake/rrrrr_fingerConfig.cmake
[1.496s] -- Installing: /home/lunet/wj0011/ros2_ws/install/rrrrr_finger/share/rrrrr_finger/cmake/rrrrr_fingerConfig-version.cmake
[1.501s] -- Installing: /home/lunet/wj0011/ros2_ws/install/rrrrr_finger/share/rrrrr_finger/package.xml
[1.507s] Invoked command in '/home/lunet/wj0011/ros2_ws/build/rrrrr_finger' returned '0': ANSYSLMD_LICENSE_FILE=1055@ansys.lboro.ac.uk CMAKE_PREFIX_PATH=${CMAKE_PREFIX_PATH}:/opt/ros/humble /usr/bin/cmake --install /home/lunet/wj0011/ros2_ws/build/rrrrr_finger
