[0.050s] Invoking command in '/home/lunet/wj0011/ros2_ws/build/hello_moveit': ANSYSLMD_LICENSE_FILE=1055@ansys.lboro.ac.uk CMAKE_PREFIX_PATH=${CMAKE_PREFIX_PATH}:/opt/ros/humble /usr/bin/cmake /home/lunet/wj0011/ros2_ws/src/hello_moveit -DCMAKE_INSTALL_PREFIX=/home/lunet/wj0011/ros2_ws/install/hello_moveit
[0.171s] -- The C compiler identification is GNU 11.4.0
[0.256s] -- The CXX compiler identification is GNU 11.4.0
[0.271s] -- Detecting C compiler ABI info
[0.421s] -- Detecting C compiler ABI info - done
[0.429s] -- Check for working C compiler: /usr/bin/cc - skipped
[0.430s] -- Detecting C compile features
[0.430s] -- Detecting C compile features - done
[0.441s] -- Detecting CXX compiler ABI info
[0.587s] -- Detecting CXX compiler ABI info - done
[0.595s] -- Check for working CXX compiler: /usr/bin/c++ - skipped
[0.595s] -- Detecting CXX compile features
[0.596s] -- Detecting CXX compile features - done
[0.620s] -- Found ament_cmake: 1.3.12 (/opt/ros/humble/share/ament_cmake/cmake)
[0.746s] -- Found Python3: /usr/bin/python3 (found version "3.10.12") found components: Interpreter 
[1.017s] -- Found moveit_ros_planning_interface: 2.5.9 (/opt/ros/humble/share/moveit_ros_planning_interface/cmake)
[1.439s] -- Found Boost: /usr/lib/x86_64-linux-gnu/cmake/Boost-1.74.0/BoostConfig.cmake (found version "1.74.0") found components: date_time filesystem program_options system thread 
[1.617s] -- Found rosidl_generator_c: 3.1.7 (/opt/ros/humble/share/rosidl_generator_c/cmake)
[1.647s] -- Found rosidl_adapter: 3.1.7 (/opt/ros/humble/share/rosidl_adapter/cmake)
[1.680s] -- Found rosidl_generator_cpp: 3.1.7 (/opt/ros/humble/share/rosidl_generator_cpp/cmake)
[1.717s] -- Using all available rosidl_typesupport_c: rosidl_typesupport_fastrtps_c;rosidl_typesupport_introspection_c
[1.769s] -- Using all available rosidl_typesupport_cpp: rosidl_typesupport_fastrtps_cpp;rosidl_typesupport_introspection_cpp
[2.089s] -- Found Boost: /usr/lib/x86_64-linux-gnu/cmake/Boost-1.74.0/BoostConfig.cmake (found version "1.74.0") found components: chrono date_time filesystem iostreams program_options regex serialization system thread 
[2.280s] -- Found parameter_traits: 0.5.0 (/opt/ros/humble/share/parameter_traits/cmake)
[2.452s] -- Found rmw_implementation_cmake: 6.1.2 (/opt/ros/humble/share/rmw_implementation_cmake/cmake)
[2.469s] -- Found rmw_fastrtps_cpp: 6.2.9 (/opt/ros/humble/share/rmw_fastrtps_cpp/cmake)
[2.637s] -- Found OpenSSL: /usr/lib/x86_64-linux-gnu/libcrypto.so (found version "3.0.2")  
[2.674s] -- Found FastRTPS: /opt/ros/humble/include  
[2.738s] -- Using RMW implementation 'rmw_fastrtps_cpp' as default
[2.792s] -- Found Threads: TRUE  
[2.899s] -- Found rclcpp_lifecycle: 16.0.15 (/opt/ros/humble/share/rclcpp_lifecycle/cmake)
[2.954s] -- Found Boost: /usr/lib/x86_64-linux-gnu/cmake/Boost-1.74.0/BoostConfig.cmake (found version "1.74.0") found components: filesystem 
[3.126s] -- library: /usr/lib/x86_64-linux-gnu/libcurl.so
[3.208s] -- Found Eigen3: TRUE (found version "3.4.0") 
[3.208s] -- Ensuring Eigen3 include directory is part of orocos-kdl CMake target
[3.602s] -- Found Boost: /usr/lib/x86_64-linux-gnu/cmake/Boost-1.74.0/BoostConfig.cmake (found version "1.74.0") found components: system filesystem date_time program_options thread chrono 
[3.646s] -- Found Boost: /usr/lib/x86_64-linux-gnu/cmake/Boost-1.74.0/BoostConfig.cmake (found version "1.74.0") found components: thread system filesystem regex date_time program_options 
[3.686s] -- Found Boost: /usr/lib/x86_64-linux-gnu/cmake/Boost-1.74.0/BoostConfig.cmake (found version "1.74.0") found components: system filesystem date_time program_options thread 
[3.730s] -- Found ament_lint_auto: 0.12.14 (/opt/ros/humble/share/ament_lint_auto/cmake)
[3.938s] -- Added test 'cppcheck' to perform static code analysis on C / C++ code
[3.938s] -- Configured cppcheck include dirs: $<BUILD_INTERFACE:/home/lunet/wj0011/ros2_ws/src/hello_moveit/include>
[3.938s] -- Configured cppcheck exclude dirs and/or files: 
[3.949s] -- Added test 'lint_cmake' to check CMake code style
[3.972s] -- Added test 'uncrustify' to check C / C++ code style
[3.972s] -- Configured uncrustify additional arguments: 
[3.978s] -- Added test 'xmllint' to check XML markup files
[4.003s] -- Configuring done
[4.125s] -- Generating done
[4.177s] -- Build files have been written to: /home/lunet/wj0011/ros2_ws/build/hello_moveit
[4.186s] Invoked command in '/home/lunet/wj0011/ros2_ws/build/hello_moveit' returned '0': ANSYSLMD_LICENSE_FILE=1055@ansys.lboro.ac.uk CMAKE_PREFIX_PATH=${CMAKE_PREFIX_PATH}:/opt/ros/humble /usr/bin/cmake /home/lunet/wj0011/ros2_ws/src/hello_moveit -DCMAKE_INSTALL_PREFIX=/home/lunet/wj0011/ros2_ws/install/hello_moveit
[4.190s] Invoking command in '/home/lunet/wj0011/ros2_ws/build/hello_moveit': ANSYSLMD_LICENSE_FILE=1055@ansys.lboro.ac.uk CMAKE_PREFIX_PATH=${CMAKE_PREFIX_PATH}:/opt/ros/humble /usr/bin/cmake --build /home/lunet/wj0011/ros2_ws/build/hello_moveit -- -j32 -l32
[4.255s] [ 50%] [32mBuilding CXX object CMakeFiles/hello_moveit.dir/src/hello_moveit.cpp.o[0m
[8.303s] [100%] [32m[1mLinking CXX executable hello_moveit[0m
[8.584s] [100%] Built target hello_moveit
[8.595s] Invoked command in '/home/lunet/wj0011/ros2_ws/build/hello_moveit' returned '0': ANSYSLMD_LICENSE_FILE=1055@ansys.lboro.ac.uk CMAKE_PREFIX_PATH=${CMAKE_PREFIX_PATH}:/opt/ros/humble /usr/bin/cmake --build /home/lunet/wj0011/ros2_ws/build/hello_moveit -- -j32 -l32
[8.601s] Invoking command in '/home/lunet/wj0011/ros2_ws/build/hello_moveit': ANSYSLMD_LICENSE_FILE=1055@ansys.lboro.ac.uk CMAKE_PREFIX_PATH=${CMAKE_PREFIX_PATH}:/opt/ros/humble /usr/bin/cmake --install /home/lunet/wj0011/ros2_ws/build/hello_moveit
[8.607s] -- Install configuration: ""
[8.611s] -- Installing: /home/lunet/wj0011/ros2_ws/install/hello_moveit/lib/hello_moveit/hello_moveit
[8.626s] -- Set runtime path of "/home/lunet/wj0011/ros2_ws/install/hello_moveit/lib/hello_moveit/hello_moveit" to ""
[8.632s] -- Installing: /home/lunet/wj0011/ros2_ws/install/hello_moveit/share/ament_index/resource_index/package_run_dependencies/hello_moveit
[8.641s] -- Installing: /home/lunet/wj0011/ros2_ws/install/hello_moveit/share/ament_index/resource_index/parent_prefix_path/hello_moveit
[8.649s] -- Installing: /home/lunet/wj0011/ros2_ws/install/hello_moveit/share/hello_moveit/environment/ament_prefix_path.sh
[8.653s] -- Installing: /home/lunet/wj0011/ros2_ws/install/hello_moveit/share/hello_moveit/environment/ament_prefix_path.dsv
[8.658s] -- Installing: /home/lunet/wj0011/ros2_ws/install/hello_moveit/share/hello_moveit/environment/path.sh
[8.662s] -- Installing: /home/lunet/wj0011/ros2_ws/install/hello_moveit/share/hello_moveit/environment/path.dsv
[8.667s] -- Installing: /home/lunet/wj0011/ros2_ws/install/hello_moveit/share/hello_moveit/local_setup.bash
[8.673s] -- Installing: /home/lunet/wj0011/ros2_ws/install/hello_moveit/share/hello_moveit/local_setup.sh
[8.678s] -- Installing: /home/lunet/wj0011/ros2_ws/install/hello_moveit/share/hello_moveit/local_setup.zsh
[8.684s] -- Installing: /home/lunet/wj0011/ros2_ws/install/hello_moveit/share/hello_moveit/local_setup.dsv
[8.689s] -- Installing: /home/lunet/wj0011/ros2_ws/install/hello_moveit/share/hello_moveit/package.dsv
[8.697s] -- Installing: /home/lunet/wj0011/ros2_ws/install/hello_moveit/share/ament_index/resource_index/packages/hello_moveit
[8.704s] -- Installing: /home/lunet/wj0011/ros2_ws/install/hello_moveit/share/hello_moveit/cmake/hello_moveitConfig.cmake
[8.709s] -- Installing: /home/lunet/wj0011/ros2_ws/install/hello_moveit/share/hello_moveit/cmake/hello_moveitConfig-version.cmake
[8.715s] -- Installing: /home/lunet/wj0011/ros2_ws/install/hello_moveit/share/hello_moveit/package.xml
[8.721s] Invoked command in '/home/lunet/wj0011/ros2_ws/build/hello_moveit' returned '0': ANSYSLMD_LICENSE_FILE=1055@ansys.lboro.ac.uk CMAKE_PREFIX_PATH=${CMAKE_PREFIX_PATH}:/opt/ros/humble /usr/bin/cmake --install /home/lunet/wj0011/ros2_ws/build/hello_moveit
