[0.052s] DEBUG:colcon:Command line arguments: ['/usr/bin/colcon', 'build']
[0.052s] DEBUG:colcon:Parsed command line arguments: Namespace(log_base=None, log_level=None, verb_name='build', build_base='build', install_base='install', merge_install=False, symlink_install=False, test_result_base=None, continue_on_error=False, executor='parallel', parallel_workers=32, event_handlers=None, ignore_user_meta=False, metas=['./colcon.meta'], base_paths=['.'], packages_ignore=None, packages_ignore_regex=None, paths=None, packages_up_to=None, packages_up_to_regex=None, packages_above=None, packages_above_and_dependencies=None, packages_above_depth=None, packages_select_by_dep=None, packages_skip_by_dep=None, packages_skip_up_to=None, packages_select_build_failed=False, packages_skip_build_finished=False, packages_select_test_failures=False, packages_skip_test_passed=False, packages_select=None, packages_skip=None, packages_select_regex=None, packages_skip_regex=None, packages_start=None, packages_end=None, allow_overriding=[], cmake_args=None, cmake_target=None, cmake_target_skip_unavailable=False, cmake_clean_cache=False, cmake_clean_first=False, cmake_force_configure=False, ament_cmake_args=None, catkin_cmake_args=None, catkin_skip_building_tests=False, mixin_files=None, mixin=None, verb_parser=<colcon_mixin.mixin.mixin_argument.MixinArgumentDecorator object at 0x7472e3f32170>, verb_extension=<colcon_core.verb.build.BuildVerb object at 0x7472e3f31ba0>, main=<bound method BuildVerb.main of <colcon_core.verb.build.BuildVerb object at 0x7472e3f31ba0>>, mixin_verb=('build',))
[0.132s] Level 1:colcon.colcon_core.package_discovery:discover_packages(colcon_meta) check parameters
[0.132s] Level 1:colcon.colcon_core.package_discovery:discover_packages(recursive) check parameters
[0.132s] Level 1:colcon.colcon_core.package_discovery:discover_packages(ignore) check parameters
[0.132s] Level 1:colcon.colcon_core.package_discovery:discover_packages(path) check parameters
[0.132s] Level 1:colcon.colcon_core.package_discovery:discover_packages(colcon_meta) discover
[0.132s] Level 1:colcon.colcon_core.package_discovery:discover_packages(recursive) discover
[0.132s] INFO:colcon.colcon_core.package_discovery:Crawling recursively for packages in '/home/lunet/wj0011/ros2_ws'
[0.132s] Level 1:colcon.colcon_core.package_identification:_identify(.) by extensions ['ignore', 'ignore_ament_install']
[0.132s] Level 1:colcon.colcon_core.package_identification:_identify(.) by extension 'ignore'
[0.132s] Level 1:colcon.colcon_core.package_identification:_identify(.) by extension 'ignore_ament_install'
[0.132s] Level 1:colcon.colcon_core.package_identification:_identify(.) by extensions ['colcon_pkg']
[0.132s] Level 1:colcon.colcon_core.package_identification:_identify(.) by extension 'colcon_pkg'
[0.132s] Level 1:colcon.colcon_core.package_identification:_identify(.) by extensions ['colcon_meta']
[0.132s] Level 1:colcon.colcon_core.package_identification:_identify(.) by extension 'colcon_meta'
[0.133s] Level 1:colcon.colcon_core.package_identification:_identify(.) by extensions ['ros']
[0.133s] Level 1:colcon.colcon_core.package_identification:_identify(.) by extension 'ros'
[0.137s] Level 1:colcon.colcon_core.package_identification:_identify(.) by extensions ['cmake', 'python']
[0.137s] Level 1:colcon.colcon_core.package_identification:_identify(.) by extension 'cmake'
[0.137s] Level 1:colcon.colcon_core.package_identification:_identify(.) by extension 'python'
[0.137s] Level 1:colcon.colcon_core.package_identification:_identify(.) by extensions ['python_setup_py']
[0.137s] Level 1:colcon.colcon_core.package_identification:_identify(.) by extension 'python_setup_py'
[0.139s] Level 1:colcon.colcon_core.package_identification:_identify(build) by extensions ['ignore', 'ignore_ament_install']
[0.139s] Level 1:colcon.colcon_core.package_identification:_identify(build) by extension 'ignore'
[0.139s] Level 1:colcon.colcon_core.package_identification:_identify(build) ignored
[0.139s] Level 1:colcon.colcon_core.package_identification:_identify(install) by extensions ['ignore', 'ignore_ament_install']
[0.139s] Level 1:colcon.colcon_core.package_identification:_identify(install) by extension 'ignore'
[0.139s] Level 1:colcon.colcon_core.package_identification:_identify(install) ignored
[0.140s] Level 1:colcon.colcon_core.package_identification:_identify(log) by extensions ['ignore', 'ignore_ament_install']
[0.140s] Level 1:colcon.colcon_core.package_identification:_identify(log) by extension 'ignore'
[0.140s] Level 1:colcon.colcon_core.package_identification:_identify(log) ignored
[0.142s] Level 1:colcon.colcon_core.package_identification:_identify(src) by extensions ['ignore', 'ignore_ament_install']
[0.142s] Level 1:colcon.colcon_core.package_identification:_identify(src) by extension 'ignore'
[0.142s] Level 1:colcon.colcon_core.package_identification:_identify(src) by extension 'ignore_ament_install'
[0.143s] Level 1:colcon.colcon_core.package_identification:_identify(src) by extensions ['colcon_pkg']
[0.143s] Level 1:colcon.colcon_core.package_identification:_identify(src) by extension 'colcon_pkg'
[0.143s] Level 1:colcon.colcon_core.package_identification:_identify(src) by extensions ['colcon_meta']
[0.143s] Level 1:colcon.colcon_core.package_identification:_identify(src) by extension 'colcon_meta'
[0.143s] Level 1:colcon.colcon_core.package_identification:_identify(src) by extensions ['ros']
[0.143s] Level 1:colcon.colcon_core.package_identification:_identify(src) by extension 'ros'
[0.144s] Level 1:colcon.colcon_core.package_identification:_identify(src) by extensions ['cmake', 'python']
[0.144s] Level 1:colcon.colcon_core.package_identification:_identify(src) by extension 'cmake'
[0.145s] Level 1:colcon.colcon_core.package_identification:_identify(src) by extension 'python'
[0.145s] Level 1:colcon.colcon_core.package_identification:_identify(src) by extensions ['python_setup_py']
[0.145s] Level 1:colcon.colcon_core.package_identification:_identify(src) by extension 'python_setup_py'
[0.145s] Level 1:colcon.colcon_core.package_identification:_identify(src/ros2_fundamentals_examples) by extensions ['ignore', 'ignore_ament_install']
[0.145s] Level 1:colcon.colcon_core.package_identification:_identify(src/ros2_fundamentals_examples) by extension 'ignore'
[0.145s] Level 1:colcon.colcon_core.package_identification:_identify(src/ros2_fundamentals_examples) by extension 'ignore_ament_install'
[0.145s] Level 1:colcon.colcon_core.package_identification:_identify(src/ros2_fundamentals_examples) by extensions ['colcon_pkg']
[0.145s] Level 1:colcon.colcon_core.package_identification:_identify(src/ros2_fundamentals_examples) by extension 'colcon_pkg'
[0.145s] Level 1:colcon.colcon_core.package_identification:_identify(src/ros2_fundamentals_examples) by extensions ['colcon_meta']
[0.145s] Level 1:colcon.colcon_core.package_identification:_identify(src/ros2_fundamentals_examples) by extension 'colcon_meta'
[0.146s] Level 1:colcon.colcon_core.package_identification:_identify(src/ros2_fundamentals_examples) by extensions ['ros']
[0.146s] Level 1:colcon.colcon_core.package_identification:_identify(src/ros2_fundamentals_examples) by extension 'ros'
[0.148s] DEBUG:colcon.colcon_core.package_identification:Package 'src/ros2_fundamentals_examples' with type 'ros.ament_cmake' and name 'ros2_fundamentals_examples'
[0.148s] Level 1:colcon.colcon_core.package_identification:_identify(src/rrr_pkg) by extensions ['ignore', 'ignore_ament_install']
[0.148s] Level 1:colcon.colcon_core.package_identification:_identify(src/rrr_pkg) by extension 'ignore'
[0.148s] Level 1:colcon.colcon_core.package_identification:_identify(src/rrr_pkg) by extension 'ignore_ament_install'
[0.148s] Level 1:colcon.colcon_core.package_identification:_identify(src/rrr_pkg) by extensions ['colcon_pkg']
[0.148s] Level 1:colcon.colcon_core.package_identification:_identify(src/rrr_pkg) by extension 'colcon_pkg'
[0.148s] Level 1:colcon.colcon_core.package_identification:_identify(src/rrr_pkg) by extensions ['colcon_meta']
[0.148s] Level 1:colcon.colcon_core.package_identification:_identify(src/rrr_pkg) by extension 'colcon_meta'
[0.148s] Level 1:colcon.colcon_core.package_identification:_identify(src/rrr_pkg) by extensions ['ros']
[0.148s] Level 1:colcon.colcon_core.package_identification:_identify(src/rrr_pkg) by extension 'ros'
[0.150s] DEBUG:colcon.colcon_core.package_identification:Package 'src/rrr_pkg' with type 'ros.ament_cmake' and name 'rrr_pkg'
[0.150s] Level 1:colcon.colcon_core.package_identification:_identify(src/rrrrr_finger_pkg) by extensions ['ignore', 'ignore_ament_install']
[0.150s] Level 1:colcon.colcon_core.package_identification:_identify(src/rrrrr_finger_pkg) by extension 'ignore'
[0.150s] Level 1:colcon.colcon_core.package_identification:_identify(src/rrrrr_finger_pkg) by extension 'ignore_ament_install'
[0.150s] Level 1:colcon.colcon_core.package_identification:_identify(src/rrrrr_finger_pkg) by extensions ['colcon_pkg']
[0.150s] Level 1:colcon.colcon_core.package_identification:_identify(src/rrrrr_finger_pkg) by extension 'colcon_pkg'
[0.150s] Level 1:colcon.colcon_core.package_identification:_identify(src/rrrrr_finger_pkg) by extensions ['colcon_meta']
[0.150s] Level 1:colcon.colcon_core.package_identification:_identify(src/rrrrr_finger_pkg) by extension 'colcon_meta'
[0.150s] Level 1:colcon.colcon_core.package_identification:_identify(src/rrrrr_finger_pkg) by extensions ['ros']
[0.150s] Level 1:colcon.colcon_core.package_identification:_identify(src/rrrrr_finger_pkg) by extension 'ros'
[0.152s] DEBUG:colcon.colcon_core.package_identification:Package 'src/rrrrr_finger_pkg' with type 'ros.ament_cmake' and name 'rrrrr_finger_pkg'
[0.152s] Level 1:colcon.colcon_core.package_identification:_identify(src/rrrrr_pkg) by extensions ['ignore', 'ignore_ament_install']
[0.152s] Level 1:colcon.colcon_core.package_identification:_identify(src/rrrrr_pkg) by extension 'ignore'
[0.152s] Level 1:colcon.colcon_core.package_identification:_identify(src/rrrrr_pkg) by extension 'ignore_ament_install'
[0.152s] Level 1:colcon.colcon_core.package_identification:_identify(src/rrrrr_pkg) by extensions ['colcon_pkg']
[0.152s] Level 1:colcon.colcon_core.package_identification:_identify(src/rrrrr_pkg) by extension 'colcon_pkg'
[0.152s] Level 1:colcon.colcon_core.package_identification:_identify(src/rrrrr_pkg) by extensions ['colcon_meta']
[0.152s] Level 1:colcon.colcon_core.package_identification:_identify(src/rrrrr_pkg) by extension 'colcon_meta'
[0.152s] Level 1:colcon.colcon_core.package_identification:_identify(src/rrrrr_pkg) by extensions ['ros']
[0.152s] Level 1:colcon.colcon_core.package_identification:_identify(src/rrrrr_pkg) by extension 'ros'
[0.153s] DEBUG:colcon.colcon_core.package_identification:Package 'src/rrrrr_pkg' with type 'ros.ament_cmake' and name 'rrrrr_pkg'
[0.153s] Level 1:colcon.colcon_core.package_discovery:discover_packages(recursive) using defaults
[0.153s] Level 1:colcon.colcon_core.package_discovery:discover_packages(ignore) discover
[0.153s] Level 1:colcon.colcon_core.package_discovery:discover_packages(ignore) using defaults
[0.153s] Level 1:colcon.colcon_core.package_discovery:discover_packages(path) discover
[0.153s] Level 1:colcon.colcon_core.package_discovery:discover_packages(path) using defaults
[0.166s] Level 1:colcon.colcon_core.package_discovery:discover_packages(prefix_path) check parameters
[0.166s] Level 1:colcon.colcon_core.package_discovery:discover_packages(prefix_path) discover
[0.178s] DEBUG:colcon.colcon_installed_package_information.package_discovery:Found 5 installed packages in /home/lunet/wj0011/ros2_ws/install
[0.179s] DEBUG:colcon.colcon_installed_package_information.package_discovery:Found 424 installed packages in /opt/ros/humble
[0.180s] Level 1:colcon.colcon_core.package_discovery:discover_packages(prefix_path) using defaults
[0.215s] Level 5:colcon.colcon_core.verb:set package 'ros2_fundamentals_examples' build argument 'cmake_args' from command line to 'None'
[0.215s] Level 5:colcon.colcon_core.verb:set package 'ros2_fundamentals_examples' build argument 'cmake_target' from command line to 'None'
[0.215s] Level 5:colcon.colcon_core.verb:set package 'ros2_fundamentals_examples' build argument 'cmake_target_skip_unavailable' from command line to 'False'
[0.215s] Level 5:colcon.colcon_core.verb:set package 'ros2_fundamentals_examples' build argument 'cmake_clean_cache' from command line to 'False'
[0.215s] Level 5:colcon.colcon_core.verb:set package 'ros2_fundamentals_examples' build argument 'cmake_clean_first' from command line to 'False'
[0.215s] Level 5:colcon.colcon_core.verb:set package 'ros2_fundamentals_examples' build argument 'cmake_force_configure' from command line to 'False'
[0.215s] Level 5:colcon.colcon_core.verb:set package 'ros2_fundamentals_examples' build argument 'ament_cmake_args' from command line to 'None'
[0.215s] Level 5:colcon.colcon_core.verb:set package 'ros2_fundamentals_examples' build argument 'catkin_cmake_args' from command line to 'None'
[0.215s] Level 5:colcon.colcon_core.verb:set package 'ros2_fundamentals_examples' build argument 'catkin_skip_building_tests' from command line to 'False'
[0.215s] DEBUG:colcon.colcon_core.verb:Building package 'ros2_fundamentals_examples' with the following arguments: {'ament_cmake_args': None, 'build_base': '/home/lunet/wj0011/ros2_ws/build/ros2_fundamentals_examples', 'catkin_cmake_args': None, 'catkin_skip_building_tests': False, 'cmake_args': None, 'cmake_clean_cache': False, 'cmake_clean_first': False, 'cmake_force_configure': False, 'cmake_target': None, 'cmake_target_skip_unavailable': False, 'install_base': '/home/lunet/wj0011/ros2_ws/install/ros2_fundamentals_examples', 'merge_install': False, 'path': '/home/lunet/wj0011/ros2_ws/src/ros2_fundamentals_examples', 'symlink_install': False, 'test_result_base': None}
[0.215s] Level 5:colcon.colcon_core.verb:set package 'rrr_pkg' build argument 'cmake_args' from command line to 'None'
[0.215s] Level 5:colcon.colcon_core.verb:set package 'rrr_pkg' build argument 'cmake_target' from command line to 'None'
[0.215s] Level 5:colcon.colcon_core.verb:set package 'rrr_pkg' build argument 'cmake_target_skip_unavailable' from command line to 'False'
[0.215s] Level 5:colcon.colcon_core.verb:set package 'rrr_pkg' build argument 'cmake_clean_cache' from command line to 'False'
[0.215s] Level 5:colcon.colcon_core.verb:set package 'rrr_pkg' build argument 'cmake_clean_first' from command line to 'False'
[0.215s] Level 5:colcon.colcon_core.verb:set package 'rrr_pkg' build argument 'cmake_force_configure' from command line to 'False'
[0.215s] Level 5:colcon.colcon_core.verb:set package 'rrr_pkg' build argument 'ament_cmake_args' from command line to 'None'
[0.215s] Level 5:colcon.colcon_core.verb:set package 'rrr_pkg' build argument 'catkin_cmake_args' from command line to 'None'
[0.215s] Level 5:colcon.colcon_core.verb:set package 'rrr_pkg' build argument 'catkin_skip_building_tests' from command line to 'False'
[0.215s] DEBUG:colcon.colcon_core.verb:Building package 'rrr_pkg' with the following arguments: {'ament_cmake_args': None, 'build_base': '/home/lunet/wj0011/ros2_ws/build/rrr_pkg', 'catkin_cmake_args': None, 'catkin_skip_building_tests': False, 'cmake_args': None, 'cmake_clean_cache': False, 'cmake_clean_first': False, 'cmake_force_configure': False, 'cmake_target': None, 'cmake_target_skip_unavailable': False, 'install_base': '/home/lunet/wj0011/ros2_ws/install/rrr_pkg', 'merge_install': False, 'path': '/home/lunet/wj0011/ros2_ws/src/rrr_pkg', 'symlink_install': False, 'test_result_base': None}
[0.215s] Level 5:colcon.colcon_core.verb:set package 'rrrrr_finger_pkg' build argument 'cmake_args' from command line to 'None'
[0.215s] Level 5:colcon.colcon_core.verb:set package 'rrrrr_finger_pkg' build argument 'cmake_target' from command line to 'None'
[0.215s] Level 5:colcon.colcon_core.verb:set package 'rrrrr_finger_pkg' build argument 'cmake_target_skip_unavailable' from command line to 'False'
[0.215s] Level 5:colcon.colcon_core.verb:set package 'rrrrr_finger_pkg' build argument 'cmake_clean_cache' from command line to 'False'
[0.215s] Level 5:colcon.colcon_core.verb:set package 'rrrrr_finger_pkg' build argument 'cmake_clean_first' from command line to 'False'
[0.215s] Level 5:colcon.colcon_core.verb:set package 'rrrrr_finger_pkg' build argument 'cmake_force_configure' from command line to 'False'
[0.215s] Level 5:colcon.colcon_core.verb:set package 'rrrrr_finger_pkg' build argument 'ament_cmake_args' from command line to 'None'
[0.215s] Level 5:colcon.colcon_core.verb:set package 'rrrrr_finger_pkg' build argument 'catkin_cmake_args' from command line to 'None'
[0.215s] Level 5:colcon.colcon_core.verb:set package 'rrrrr_finger_pkg' build argument 'catkin_skip_building_tests' from command line to 'False'
[0.215s] DEBUG:colcon.colcon_core.verb:Building package 'rrrrr_finger_pkg' with the following arguments: {'ament_cmake_args': None, 'build_base': '/home/lunet/wj0011/ros2_ws/build/rrrrr_finger_pkg', 'catkin_cmake_args': None, 'catkin_skip_building_tests': False, 'cmake_args': None, 'cmake_clean_cache': False, 'cmake_clean_first': False, 'cmake_force_configure': False, 'cmake_target': None, 'cmake_target_skip_unavailable': False, 'install_base': '/home/lunet/wj0011/ros2_ws/install/rrrrr_finger_pkg', 'merge_install': False, 'path': '/home/lunet/wj0011/ros2_ws/src/rrrrr_finger_pkg', 'symlink_install': False, 'test_result_base': None}
[0.215s] Level 5:colcon.colcon_core.verb:set package 'rrrrr_pkg' build argument 'cmake_args' from command line to 'None'
[0.215s] Level 5:colcon.colcon_core.verb:set package 'rrrrr_pkg' build argument 'cmake_target' from command line to 'None'
[0.215s] Level 5:colcon.colcon_core.verb:set package 'rrrrr_pkg' build argument 'cmake_target_skip_unavailable' from command line to 'False'
[0.215s] Level 5:colcon.colcon_core.verb:set package 'rrrrr_pkg' build argument 'cmake_clean_cache' from command line to 'False'
[0.215s] Level 5:colcon.colcon_core.verb:set package 'rrrrr_pkg' build argument 'cmake_clean_first' from command line to 'False'
[0.215s] Level 5:colcon.colcon_core.verb:set package 'rrrrr_pkg' build argument 'cmake_force_configure' from command line to 'False'
[0.215s] Level 5:colcon.colcon_core.verb:set package 'rrrrr_pkg' build argument 'ament_cmake_args' from command line to 'None'
[0.215s] Level 5:colcon.colcon_core.verb:set package 'rrrrr_pkg' build argument 'catkin_cmake_args' from command line to 'None'
[0.215s] Level 5:colcon.colcon_core.verb:set package 'rrrrr_pkg' build argument 'catkin_skip_building_tests' from command line to 'False'
[0.215s] DEBUG:colcon.colcon_core.verb:Building package 'rrrrr_pkg' with the following arguments: {'ament_cmake_args': None, 'build_base': '/home/lunet/wj0011/ros2_ws/build/rrrrr_pkg', 'catkin_cmake_args': None, 'catkin_skip_building_tests': False, 'cmake_args': None, 'cmake_clean_cache': False, 'cmake_clean_first': False, 'cmake_force_configure': False, 'cmake_target': None, 'cmake_target_skip_unavailable': False, 'install_base': '/home/lunet/wj0011/ros2_ws/install/rrrrr_pkg', 'merge_install': False, 'path': '/home/lunet/wj0011/ros2_ws/src/rrrrr_pkg', 'symlink_install': False, 'test_result_base': None}
[0.216s] INFO:colcon.colcon_core.executor:Executing jobs using 'parallel' executor
[0.216s] DEBUG:colcon.colcon_parallel_executor.executor.parallel:run_until_complete
[0.216s] INFO:colcon.colcon_ros.task.ament_cmake.build:Building ROS package in '/home/lunet/wj0011/ros2_ws/src/ros2_fundamentals_examples' with build type 'ament_cmake'
[0.216s] INFO:colcon.colcon_cmake.task.cmake.build:Building CMake package in '/home/lunet/wj0011/ros2_ws/src/ros2_fundamentals_examples'
[0.217s] INFO:colcon.colcon_core.plugin_system:Skipping extension 'colcon_core.shell.bat': Not used on non-Windows systems
[0.217s] INFO:colcon.colcon_core.shell:Skip shell extension 'powershell' for command environment: Not usable outside of PowerShell
[0.217s] DEBUG:colcon.colcon_core.shell:Skip shell extension 'dsv' for command environment
[0.225s] INFO:colcon.colcon_ros.task.ament_cmake.build:Building ROS package in '/home/lunet/wj0011/ros2_ws/src/rrr_pkg' with build type 'ament_cmake'
[0.225s] INFO:colcon.colcon_cmake.task.cmake.build:Building CMake package in '/home/lunet/wj0011/ros2_ws/src/rrr_pkg'
[0.225s] INFO:colcon.colcon_core.shell:Skip shell extension 'powershell' for command environment: Not usable outside of PowerShell
[0.225s] DEBUG:colcon.colcon_core.shell:Skip shell extension 'dsv' for command environment
[0.232s] INFO:colcon.colcon_ros.task.ament_cmake.build:Building ROS package in '/home/lunet/wj0011/ros2_ws/src/rrrrr_finger_pkg' with build type 'ament_cmake'
[0.232s] INFO:colcon.colcon_cmake.task.cmake.build:Building CMake package in '/home/lunet/wj0011/ros2_ws/src/rrrrr_finger_pkg'
[0.232s] INFO:colcon.colcon_core.shell:Skip shell extension 'powershell' for command environment: Not usable outside of PowerShell
[0.232s] DEBUG:colcon.colcon_core.shell:Skip shell extension 'dsv' for command environment
[0.239s] INFO:colcon.colcon_ros.task.ament_cmake.build:Building ROS package in '/home/lunet/wj0011/ros2_ws/src/rrrrr_pkg' with build type 'ament_cmake'
[0.239s] INFO:colcon.colcon_cmake.task.cmake.build:Building CMake package in '/home/lunet/wj0011/ros2_ws/src/rrrrr_pkg'
[0.239s] INFO:colcon.colcon_core.shell:Skip shell extension 'powershell' for command environment: Not usable outside of PowerShell
[0.239s] DEBUG:colcon.colcon_core.shell:Skip shell extension 'dsv' for command environment
[0.261s] DEBUG:colcon.colcon_core.event_handler.log_command:Invoking command in '/home/lunet/wj0011/ros2_ws/build/ros2_fundamentals_examples': ANSYSLMD_LICENSE_FILE=1055@ansys.lboro.ac.uk CMAKE_PREFIX_PATH=${CMAKE_PREFIX_PATH}:/opt/ros/humble /usr/bin/cmake --build /home/lunet/wj0011/ros2_ws/build/ros2_fundamentals_examples -- -j32 -l32
[0.270s] DEBUG:colcon.colcon_core.event_handler.log_command:Invoking command in '/home/lunet/wj0011/ros2_ws/build/rrr_pkg': ANSYSLMD_LICENSE_FILE=1055@ansys.lboro.ac.uk CMAKE_PREFIX_PATH=${CMAKE_PREFIX_PATH}:/opt/ros/humble /usr/bin/cmake --build /home/lunet/wj0011/ros2_ws/build/rrr_pkg -- -j32 -l32
[0.278s] DEBUG:colcon.colcon_core.event_handler.log_command:Invoking command in '/home/lunet/wj0011/ros2_ws/build/rrrrr_finger_pkg': ANSYSLMD_LICENSE_FILE=1055@ansys.lboro.ac.uk CMAKE_PREFIX_PATH=${CMAKE_PREFIX_PATH}:/opt/ros/humble /usr/bin/cmake --build /home/lunet/wj0011/ros2_ws/build/rrrrr_finger_pkg -- -j32 -l32
[0.289s] DEBUG:colcon.colcon_core.event_handler.log_command:Invoking command in '/home/lunet/wj0011/ros2_ws/build/rrrrr_pkg': ANSYSLMD_LICENSE_FILE=1055@ansys.lboro.ac.uk CMAKE_PREFIX_PATH=${CMAKE_PREFIX_PATH}:/opt/ros/humble /usr/bin/cmake --build /home/lunet/wj0011/ros2_ws/build/rrrrr_pkg -- -j32 -l32
[0.309s] DEBUG:colcon.colcon_core.event_handler.log_command:Invoked command in '/home/lunet/wj0011/ros2_ws/build/rrr_pkg' returned '0': ANSYSLMD_LICENSE_FILE=1055@ansys.lboro.ac.uk CMAKE_PREFIX_PATH=${CMAKE_PREFIX_PATH}:/opt/ros/humble /usr/bin/cmake --build /home/lunet/wj0011/ros2_ws/build/rrr_pkg -- -j32 -l32
[0.321s] DEBUG:colcon.colcon_core.event_handler.log_command:Invoking command in '/home/lunet/wj0011/ros2_ws/build/rrr_pkg': ANSYSLMD_LICENSE_FILE=1055@ansys.lboro.ac.uk CMAKE_PREFIX_PATH=${CMAKE_PREFIX_PATH}:/opt/ros/humble /usr/bin/cmake --install /home/lunet/wj0011/ros2_ws/build/rrr_pkg
[0.321s] DEBUG:colcon.colcon_core.event_handler.log_command:Invoked command in '/home/lunet/wj0011/ros2_ws/build/rrrrr_finger_pkg' returned '0': ANSYSLMD_LICENSE_FILE=1055@ansys.lboro.ac.uk CMAKE_PREFIX_PATH=${CMAKE_PREFIX_PATH}:/opt/ros/humble /usr/bin/cmake --build /home/lunet/wj0011/ros2_ws/build/rrrrr_finger_pkg -- -j32 -l32
[0.327s] DEBUG:colcon.colcon_core.event_handler.log_command:Invoking command in '/home/lunet/wj0011/ros2_ws/build/rrrrr_finger_pkg': ANSYSLMD_LICENSE_FILE=1055@ansys.lboro.ac.uk CMAKE_PREFIX_PATH=${CMAKE_PREFIX_PATH}:/opt/ros/humble /usr/bin/cmake --install /home/lunet/wj0011/ros2_ws/build/rrrrr_finger_pkg
[0.328s] DEBUG:colcon.colcon_core.event_handler.log_command:Invoked command in '/home/lunet/wj0011/ros2_ws/build/rrrrr_pkg' returned '0': ANSYSLMD_LICENSE_FILE=1055@ansys.lboro.ac.uk CMAKE_PREFIX_PATH=${CMAKE_PREFIX_PATH}:/opt/ros/humble /usr/bin/cmake --build /home/lunet/wj0011/ros2_ws/build/rrrrr_pkg -- -j32 -l32
[0.332s] DEBUG:colcon.colcon_core.event_handler.log_command:Invoking command in '/home/lunet/wj0011/ros2_ws/build/rrrrr_pkg': ANSYSLMD_LICENSE_FILE=1055@ansys.lboro.ac.uk CMAKE_PREFIX_PATH=${CMAKE_PREFIX_PATH}:/opt/ros/humble /usr/bin/cmake --install /home/lunet/wj0011/ros2_ws/build/rrrrr_pkg
[0.355s] Level 1:colcon.colcon_core.environment:create_environment_scripts_only(rrr_pkg)
[0.355s] DEBUG:colcon.colcon_core.event_handler.log_command:Invoked command in '/home/lunet/wj0011/ros2_ws/build/rrr_pkg' returned '0': ANSYSLMD_LICENSE_FILE=1055@ansys.lboro.ac.uk CMAKE_PREFIX_PATH=${CMAKE_PREFIX_PATH}:/opt/ros/humble /usr/bin/cmake --install /home/lunet/wj0011/ros2_ws/build/rrr_pkg
[0.357s] Level 1:colcon.colcon_core.environment:checking '/home/lunet/wj0011/ros2_ws/install/rrr_pkg' for CMake module files
[0.359s] Level 1:colcon.colcon_core.environment:checking '/home/lunet/wj0011/ros2_ws/install/rrr_pkg' for CMake config files
[0.362s] Level 1:colcon.colcon_core.shell:create_environment_hook('rrr_pkg', 'cmake_prefix_path')
[0.363s] INFO:colcon.colcon_core.shell:Creating environment hook '/home/lunet/wj0011/ros2_ws/install/rrr_pkg/share/rrr_pkg/hook/cmake_prefix_path.ps1'
[0.365s] INFO:colcon.colcon_core.shell:Creating environment descriptor '/home/lunet/wj0011/ros2_ws/install/rrr_pkg/share/rrr_pkg/hook/cmake_prefix_path.dsv'
[0.367s] INFO:colcon.colcon_core.shell:Creating environment hook '/home/lunet/wj0011/ros2_ws/install/rrr_pkg/share/rrr_pkg/hook/cmake_prefix_path.sh'
[0.370s] Level 1:colcon.colcon_core.environment:checking '/home/lunet/wj0011/ros2_ws/install/rrr_pkg/bin'
[0.370s] Level 1:colcon.colcon_core.environment:checking '/home/lunet/wj0011/ros2_ws/install/rrr_pkg/lib/pkgconfig/rrr_pkg.pc'
[0.370s] Level 1:colcon.colcon_core.environment:checking '/home/lunet/wj0011/ros2_ws/install/rrr_pkg/lib/python3.10/site-packages'
[0.370s] Level 1:colcon.colcon_core.environment:checking '/home/lunet/wj0011/ros2_ws/install/rrr_pkg/bin'
[0.370s] INFO:colcon.colcon_core.shell:Creating package script '/home/lunet/wj0011/ros2_ws/install/rrr_pkg/share/rrr_pkg/package.ps1'
[0.372s] INFO:colcon.colcon_core.shell:Creating package descriptor '/home/lunet/wj0011/ros2_ws/install/rrr_pkg/share/rrr_pkg/package.dsv'
[0.374s] INFO:colcon.colcon_core.shell:Creating package script '/home/lunet/wj0011/ros2_ws/install/rrr_pkg/share/rrr_pkg/package.sh'
[0.376s] INFO:colcon.colcon_core.shell:Creating package script '/home/lunet/wj0011/ros2_ws/install/rrr_pkg/share/rrr_pkg/package.bash'
[0.378s] INFO:colcon.colcon_core.shell:Creating package script '/home/lunet/wj0011/ros2_ws/install/rrr_pkg/share/rrr_pkg/package.zsh'
[0.380s] Level 1:colcon.colcon_core.environment:create_file_with_runtime_dependencies(/home/lunet/wj0011/ros2_ws/install/rrr_pkg/share/colcon-core/packages/rrr_pkg)
[0.382s] Level 1:colcon.colcon_core.environment:create_environment_scripts_only(rrr_pkg)
[0.382s] Level 1:colcon.colcon_core.environment:checking '/home/lunet/wj0011/ros2_ws/install/rrr_pkg' for CMake module files
[0.384s] Level 1:colcon.colcon_core.environment:checking '/home/lunet/wj0011/ros2_ws/install/rrr_pkg' for CMake config files
[0.386s] Level 1:colcon.colcon_core.shell:create_environment_hook('rrr_pkg', 'cmake_prefix_path')
[0.386s] INFO:colcon.colcon_core.shell:Creating environment hook '/home/lunet/wj0011/ros2_ws/install/rrr_pkg/share/rrr_pkg/hook/cmake_prefix_path.ps1'
[0.388s] INFO:colcon.colcon_core.shell:Creating environment descriptor '/home/lunet/wj0011/ros2_ws/install/rrr_pkg/share/rrr_pkg/hook/cmake_prefix_path.dsv'
[0.390s] INFO:colcon.colcon_core.shell:Creating environment hook '/home/lunet/wj0011/ros2_ws/install/rrr_pkg/share/rrr_pkg/hook/cmake_prefix_path.sh'
[0.392s] Level 1:colcon.colcon_core.environment:checking '/home/lunet/wj0011/ros2_ws/install/rrr_pkg/bin'
[0.392s] Level 1:colcon.colcon_core.environment:checking '/home/lunet/wj0011/ros2_ws/install/rrr_pkg/lib/pkgconfig/rrr_pkg.pc'
[0.392s] Level 1:colcon.colcon_core.environment:checking '/home/lunet/wj0011/ros2_ws/install/rrr_pkg/lib/python3.10/site-packages'
[0.393s] Level 1:colcon.colcon_core.environment:checking '/home/lunet/wj0011/ros2_ws/install/rrr_pkg/bin'
[0.393s] INFO:colcon.colcon_core.shell:Creating package script '/home/lunet/wj0011/ros2_ws/install/rrr_pkg/share/rrr_pkg/package.ps1'
[0.395s] INFO:colcon.colcon_core.shell:Creating package descriptor '/home/lunet/wj0011/ros2_ws/install/rrr_pkg/share/rrr_pkg/package.dsv'
[0.397s] INFO:colcon.colcon_core.shell:Creating package script '/home/lunet/wj0011/ros2_ws/install/rrr_pkg/share/rrr_pkg/package.sh'
[0.399s] INFO:colcon.colcon_core.shell:Creating package script '/home/lunet/wj0011/ros2_ws/install/rrr_pkg/share/rrr_pkg/package.bash'
[0.401s] INFO:colcon.colcon_core.shell:Creating package script '/home/lunet/wj0011/ros2_ws/install/rrr_pkg/share/rrr_pkg/package.zsh'
[0.402s] Level 1:colcon.colcon_core.environment:create_file_with_runtime_dependencies(/home/lunet/wj0011/ros2_ws/install/rrr_pkg/share/colcon-core/packages/rrr_pkg)
[0.405s] Level 1:colcon.colcon_core.environment:create_environment_scripts_only(rrrrr_finger_pkg)
[0.405s] Level 1:colcon.colcon_core.environment:checking '/home/lunet/wj0011/ros2_ws/install/rrrrr_finger_pkg' for CMake module files
[0.406s] Level 1:colcon.colcon_core.environment:checking '/home/lunet/wj0011/ros2_ws/install/rrrrr_finger_pkg' for CMake config files
[0.409s] DEBUG:colcon.colcon_core.event_handler.log_command:Invoked command in '/home/lunet/wj0011/ros2_ws/build/rrrrr_finger_pkg' returned '0': ANSYSLMD_LICENSE_FILE=1055@ansys.lboro.ac.uk CMAKE_PREFIX_PATH=${CMAKE_PREFIX_PATH}:/opt/ros/humble /usr/bin/cmake --install /home/lunet/wj0011/ros2_ws/build/rrrrr_finger_pkg
[0.410s] Level 1:colcon.colcon_core.shell:create_environment_hook('rrrrr_finger_pkg', 'cmake_prefix_path')
[0.410s] INFO:colcon.colcon_core.shell:Creating environment hook '/home/lunet/wj0011/ros2_ws/install/rrrrr_finger_pkg/share/rrrrr_finger_pkg/hook/cmake_prefix_path.ps1'
[0.412s] INFO:colcon.colcon_core.shell:Creating environment descriptor '/home/lunet/wj0011/ros2_ws/install/rrrrr_finger_pkg/share/rrrrr_finger_pkg/hook/cmake_prefix_path.dsv'
[0.414s] INFO:colcon.colcon_core.shell:Creating environment hook '/home/lunet/wj0011/ros2_ws/install/rrrrr_finger_pkg/share/rrrrr_finger_pkg/hook/cmake_prefix_path.sh'
[0.417s] Level 1:colcon.colcon_core.environment:checking '/home/lunet/wj0011/ros2_ws/install/rrrrr_finger_pkg/bin'
[0.417s] Level 1:colcon.colcon_core.environment:checking '/home/lunet/wj0011/ros2_ws/install/rrrrr_finger_pkg/lib/pkgconfig/rrrrr_finger_pkg.pc'
[0.417s] Level 1:colcon.colcon_core.environment:checking '/home/lunet/wj0011/ros2_ws/install/rrrrr_finger_pkg/lib/python3.10/site-packages'
[0.417s] Level 1:colcon.colcon_core.environment:checking '/home/lunet/wj0011/ros2_ws/install/rrrrr_finger_pkg/bin'
[0.417s] INFO:colcon.colcon_core.shell:Creating package script '/home/lunet/wj0011/ros2_ws/install/rrrrr_finger_pkg/share/rrrrr_finger_pkg/package.ps1'
[0.419s] INFO:colcon.colcon_core.shell:Creating package descriptor '/home/lunet/wj0011/ros2_ws/install/rrrrr_finger_pkg/share/rrrrr_finger_pkg/package.dsv'
[0.421s] INFO:colcon.colcon_core.shell:Creating package script '/home/lunet/wj0011/ros2_ws/install/rrrrr_finger_pkg/share/rrrrr_finger_pkg/package.sh'
[0.422s] INFO:colcon.colcon_core.shell:Creating package script '/home/lunet/wj0011/ros2_ws/install/rrrrr_finger_pkg/share/rrrrr_finger_pkg/package.bash'
[0.424s] INFO:colcon.colcon_core.shell:Creating package script '/home/lunet/wj0011/ros2_ws/install/rrrrr_finger_pkg/share/rrrrr_finger_pkg/package.zsh'
[0.426s] Level 1:colcon.colcon_core.environment:create_file_with_runtime_dependencies(/home/lunet/wj0011/ros2_ws/install/rrrrr_finger_pkg/share/colcon-core/packages/rrrrr_finger_pkg)
[0.428s] Level 1:colcon.colcon_core.environment:create_environment_scripts_only(rrrrr_finger_pkg)
[0.428s] Level 1:colcon.colcon_core.environment:checking '/home/lunet/wj0011/ros2_ws/install/rrrrr_finger_pkg' for CMake module files
[0.430s] Level 1:colcon.colcon_core.environment:checking '/home/lunet/wj0011/ros2_ws/install/rrrrr_finger_pkg' for CMake config files
[0.432s] Level 1:colcon.colcon_core.shell:create_environment_hook('rrrrr_finger_pkg', 'cmake_prefix_path')
[0.433s] INFO:colcon.colcon_core.shell:Creating environment hook '/home/lunet/wj0011/ros2_ws/install/rrrrr_finger_pkg/share/rrrrr_finger_pkg/hook/cmake_prefix_path.ps1'
[0.434s] INFO:colcon.colcon_core.shell:Creating environment descriptor '/home/lunet/wj0011/ros2_ws/install/rrrrr_finger_pkg/share/rrrrr_finger_pkg/hook/cmake_prefix_path.dsv'
[0.436s] INFO:colcon.colcon_core.shell:Creating environment hook '/home/lunet/wj0011/ros2_ws/install/rrrrr_finger_pkg/share/rrrrr_finger_pkg/hook/cmake_prefix_path.sh'
[0.438s] Level 1:colcon.colcon_core.environment:checking '/home/lunet/wj0011/ros2_ws/install/rrrrr_finger_pkg/bin'
[0.438s] Level 1:colcon.colcon_core.environment:checking '/home/lunet/wj0011/ros2_ws/install/rrrrr_finger_pkg/lib/pkgconfig/rrrrr_finger_pkg.pc'
[0.438s] Level 1:colcon.colcon_core.environment:checking '/home/lunet/wj0011/ros2_ws/install/rrrrr_finger_pkg/lib/python3.10/site-packages'
[0.439s] Level 1:colcon.colcon_core.environment:checking '/home/lunet/wj0011/ros2_ws/install/rrrrr_finger_pkg/bin'
[0.439s] INFO:colcon.colcon_core.shell:Creating package script '/home/lunet/wj0011/ros2_ws/install/rrrrr_finger_pkg/share/rrrrr_finger_pkg/package.ps1'
[0.441s] INFO:colcon.colcon_core.shell:Creating package descriptor '/home/lunet/wj0011/ros2_ws/install/rrrrr_finger_pkg/share/rrrrr_finger_pkg/package.dsv'
[0.442s] INFO:colcon.colcon_core.shell:Creating package script '/home/lunet/wj0011/ros2_ws/install/rrrrr_finger_pkg/share/rrrrr_finger_pkg/package.sh'
[0.444s] INFO:colcon.colcon_core.shell:Creating package script '/home/lunet/wj0011/ros2_ws/install/rrrrr_finger_pkg/share/rrrrr_finger_pkg/package.bash'
[0.446s] INFO:colcon.colcon_core.shell:Creating package script '/home/lunet/wj0011/ros2_ws/install/rrrrr_finger_pkg/share/rrrrr_finger_pkg/package.zsh'
[0.448s] Level 1:colcon.colcon_core.environment:create_file_with_runtime_dependencies(/home/lunet/wj0011/ros2_ws/install/rrrrr_finger_pkg/share/colcon-core/packages/rrrrr_finger_pkg)
[0.450s] Level 1:colcon.colcon_core.environment:create_environment_scripts_only(rrrrr_pkg)
[0.450s] Level 1:colcon.colcon_core.environment:checking '/home/lunet/wj0011/ros2_ws/install/rrrrr_pkg' for CMake module files
[0.451s] Level 1:colcon.colcon_core.environment:checking '/home/lunet/wj0011/ros2_ws/install/rrrrr_pkg' for CMake config files
[0.455s] Level 1:colcon.colcon_core.shell:create_environment_hook('rrrrr_pkg', 'cmake_prefix_path')
[0.455s] INFO:colcon.colcon_core.shell:Creating environment hook '/home/lunet/wj0011/ros2_ws/install/rrrrr_pkg/share/rrrrr_pkg/hook/cmake_prefix_path.ps1'
[0.455s] DEBUG:colcon.colcon_core.event_handler.log_command:Invoked command in '/home/lunet/wj0011/ros2_ws/build/rrrrr_pkg' returned '0': ANSYSLMD_LICENSE_FILE=1055@ansys.lboro.ac.uk CMAKE_PREFIX_PATH=${CMAKE_PREFIX_PATH}:/opt/ros/humble /usr/bin/cmake --install /home/lunet/wj0011/ros2_ws/build/rrrrr_pkg
[0.458s] INFO:colcon.colcon_core.shell:Creating environment descriptor '/home/lunet/wj0011/ros2_ws/install/rrrrr_pkg/share/rrrrr_pkg/hook/cmake_prefix_path.dsv'
[0.459s] INFO:colcon.colcon_core.shell:Creating environment hook '/home/lunet/wj0011/ros2_ws/install/rrrrr_pkg/share/rrrrr_pkg/hook/cmake_prefix_path.sh'
[0.462s] Level 1:colcon.colcon_core.environment:checking '/home/lunet/wj0011/ros2_ws/install/rrrrr_pkg/bin'
[0.462s] Level 1:colcon.colcon_core.environment:checking '/home/lunet/wj0011/ros2_ws/install/rrrrr_pkg/lib/pkgconfig/rrrrr_pkg.pc'
[0.462s] Level 1:colcon.colcon_core.environment:checking '/home/lunet/wj0011/ros2_ws/install/rrrrr_pkg/lib/python3.10/site-packages'
[0.462s] Level 1:colcon.colcon_core.environment:checking '/home/lunet/wj0011/ros2_ws/install/rrrrr_pkg/bin'
[0.462s] INFO:colcon.colcon_core.shell:Creating package script '/home/lunet/wj0011/ros2_ws/install/rrrrr_pkg/share/rrrrr_pkg/package.ps1'
[0.464s] INFO:colcon.colcon_core.shell:Creating package descriptor '/home/lunet/wj0011/ros2_ws/install/rrrrr_pkg/share/rrrrr_pkg/package.dsv'
[0.466s] INFO:colcon.colcon_core.shell:Creating package script '/home/lunet/wj0011/ros2_ws/install/rrrrr_pkg/share/rrrrr_pkg/package.sh'
[0.468s] INFO:colcon.colcon_core.shell:Creating package script '/home/lunet/wj0011/ros2_ws/install/rrrrr_pkg/share/rrrrr_pkg/package.bash'
[0.470s] INFO:colcon.colcon_core.shell:Creating package script '/home/lunet/wj0011/ros2_ws/install/rrrrr_pkg/share/rrrrr_pkg/package.zsh'
[0.472s] Level 1:colcon.colcon_core.environment:create_file_with_runtime_dependencies(/home/lunet/wj0011/ros2_ws/install/rrrrr_pkg/share/colcon-core/packages/rrrrr_pkg)
[0.474s] Level 1:colcon.colcon_core.environment:create_environment_scripts_only(rrrrr_pkg)
[0.474s] Level 1:colcon.colcon_core.environment:checking '/home/lunet/wj0011/ros2_ws/install/rrrrr_pkg' for CMake module files
[0.476s] Level 1:colcon.colcon_core.environment:checking '/home/lunet/wj0011/ros2_ws/install/rrrrr_pkg' for CMake config files
[0.479s] Level 1:colcon.colcon_core.shell:create_environment_hook('rrrrr_pkg', 'cmake_prefix_path')
[0.479s] INFO:colcon.colcon_core.shell:Creating environment hook '/home/lunet/wj0011/ros2_ws/install/rrrrr_pkg/share/rrrrr_pkg/hook/cmake_prefix_path.ps1'
[0.481s] INFO:colcon.colcon_core.shell:Creating environment descriptor '/home/lunet/wj0011/ros2_ws/install/rrrrr_pkg/share/rrrrr_pkg/hook/cmake_prefix_path.dsv'
[0.483s] INFO:colcon.colcon_core.shell:Creating environment hook '/home/lunet/wj0011/ros2_ws/install/rrrrr_pkg/share/rrrrr_pkg/hook/cmake_prefix_path.sh'
[0.485s] Level 1:colcon.colcon_core.environment:checking '/home/lunet/wj0011/ros2_ws/install/rrrrr_pkg/bin'
[0.486s] Level 1:colcon.colcon_core.environment:checking '/home/lunet/wj0011/ros2_ws/install/rrrrr_pkg/lib/pkgconfig/rrrrr_pkg.pc'
[0.486s] Level 1:colcon.colcon_core.environment:checking '/home/lunet/wj0011/ros2_ws/install/rrrrr_pkg/lib/python3.10/site-packages'
[0.486s] Level 1:colcon.colcon_core.environment:checking '/home/lunet/wj0011/ros2_ws/install/rrrrr_pkg/bin'
[0.486s] INFO:colcon.colcon_core.shell:Creating package script '/home/lunet/wj0011/ros2_ws/install/rrrrr_pkg/share/rrrrr_pkg/package.ps1'
[0.489s] INFO:colcon.colcon_core.shell:Creating package descriptor '/home/lunet/wj0011/ros2_ws/install/rrrrr_pkg/share/rrrrr_pkg/package.dsv'
[0.491s] INFO:colcon.colcon_core.shell:Creating package script '/home/lunet/wj0011/ros2_ws/install/rrrrr_pkg/share/rrrrr_pkg/package.sh'
[0.493s] INFO:colcon.colcon_core.shell:Creating package script '/home/lunet/wj0011/ros2_ws/install/rrrrr_pkg/share/rrrrr_pkg/package.bash'
[0.502s] INFO:colcon.colcon_core.shell:Creating package script '/home/lunet/wj0011/ros2_ws/install/rrrrr_pkg/share/rrrrr_pkg/package.zsh'
[0.504s] Level 1:colcon.colcon_core.environment:create_file_with_runtime_dependencies(/home/lunet/wj0011/ros2_ws/install/rrrrr_pkg/share/colcon-core/packages/rrrrr_pkg)
[0.510s] DEBUG:colcon.colcon_core.event_handler.log_command:Invoked command in '/home/lunet/wj0011/ros2_ws/build/ros2_fundamentals_examples' returned '0': ANSYSLMD_LICENSE_FILE=1055@ansys.lboro.ac.uk CMAKE_PREFIX_PATH=${CMAKE_PREFIX_PATH}:/opt/ros/humble /usr/bin/cmake --build /home/lunet/wj0011/ros2_ws/build/ros2_fundamentals_examples -- -j32 -l32
[0.512s] DEBUG:colcon.colcon_core.event_handler.log_command:Invoking command in '/home/lunet/wj0011/ros2_ws/build/ros2_fundamentals_examples': ANSYSLMD_LICENSE_FILE=1055@ansys.lboro.ac.uk CMAKE_PREFIX_PATH=${CMAKE_PREFIX_PATH}:/opt/ros/humble /usr/bin/cmake --install /home/lunet/wj0011/ros2_ws/build/ros2_fundamentals_examples
[0.597s] Level 1:colcon.colcon_core.environment:create_environment_scripts_only(ros2_fundamentals_examples)
[0.598s] Level 1:colcon.colcon_core.environment:checking '/home/lunet/wj0011/ros2_ws/install/ros2_fundamentals_examples' for CMake module files
[0.598s] DEBUG:colcon.colcon_core.event_handler.log_command:Invoked command in '/home/lunet/wj0011/ros2_ws/build/ros2_fundamentals_examples' returned '0': ANSYSLMD_LICENSE_FILE=1055@ansys.lboro.ac.uk CMAKE_PREFIX_PATH=${CMAKE_PREFIX_PATH}:/opt/ros/humble /usr/bin/cmake --install /home/lunet/wj0011/ros2_ws/build/ros2_fundamentals_examples
[0.599s] Level 1:colcon.colcon_core.environment:checking '/home/lunet/wj0011/ros2_ws/install/ros2_fundamentals_examples' for CMake config files
[0.602s] Level 1:colcon.colcon_core.shell:create_environment_hook('ros2_fundamentals_examples', 'cmake_prefix_path')
[0.602s] INFO:colcon.colcon_core.shell:Creating environment hook '/home/lunet/wj0011/ros2_ws/install/ros2_fundamentals_examples/share/ros2_fundamentals_examples/hook/cmake_prefix_path.ps1'
[0.605s] INFO:colcon.colcon_core.shell:Creating environment descriptor '/home/lunet/wj0011/ros2_ws/install/ros2_fundamentals_examples/share/ros2_fundamentals_examples/hook/cmake_prefix_path.dsv'
[0.606s] INFO:colcon.colcon_core.shell:Creating environment hook '/home/lunet/wj0011/ros2_ws/install/ros2_fundamentals_examples/share/ros2_fundamentals_examples/hook/cmake_prefix_path.sh'
[0.609s] Level 1:colcon.colcon_core.environment:checking '/home/lunet/wj0011/ros2_ws/install/ros2_fundamentals_examples/lib'
[0.609s] Level 1:colcon.colcon_core.environment:checking '/home/lunet/wj0011/ros2_ws/install/ros2_fundamentals_examples/bin'
[0.609s] Level 1:colcon.colcon_core.environment:checking '/home/lunet/wj0011/ros2_ws/install/ros2_fundamentals_examples/lib/pkgconfig/ros2_fundamentals_examples.pc'
[0.609s] Level 1:colcon.colcon_core.environment:checking '/home/lunet/wj0011/ros2_ws/install/ros2_fundamentals_examples/lib/python3.10/site-packages'
[0.610s] Level 1:colcon.colcon_core.environment:checking '/home/lunet/wj0011/ros2_ws/install/ros2_fundamentals_examples/bin'
[0.610s] INFO:colcon.colcon_core.shell:Creating package script '/home/lunet/wj0011/ros2_ws/install/ros2_fundamentals_examples/share/ros2_fundamentals_examples/package.ps1'
[0.612s] INFO:colcon.colcon_core.shell:Creating package descriptor '/home/lunet/wj0011/ros2_ws/install/ros2_fundamentals_examples/share/ros2_fundamentals_examples/package.dsv'
[0.613s] INFO:colcon.colcon_core.shell:Creating package script '/home/lunet/wj0011/ros2_ws/install/ros2_fundamentals_examples/share/ros2_fundamentals_examples/package.sh'
[0.615s] INFO:colcon.colcon_core.shell:Creating package script '/home/lunet/wj0011/ros2_ws/install/ros2_fundamentals_examples/share/ros2_fundamentals_examples/package.bash'
[0.617s] INFO:colcon.colcon_core.shell:Creating package script '/home/lunet/wj0011/ros2_ws/install/ros2_fundamentals_examples/share/ros2_fundamentals_examples/package.zsh'
[0.619s] Level 1:colcon.colcon_core.environment:create_file_with_runtime_dependencies(/home/lunet/wj0011/ros2_ws/install/ros2_fundamentals_examples/share/colcon-core/packages/ros2_fundamentals_examples)
[0.621s] Level 1:colcon.colcon_core.environment:create_environment_scripts_only(ros2_fundamentals_examples)
[0.621s] Level 1:colcon.colcon_core.environment:checking '/home/lunet/wj0011/ros2_ws/install/ros2_fundamentals_examples' for CMake module files
[0.623s] Level 1:colcon.colcon_core.environment:checking '/home/lunet/wj0011/ros2_ws/install/ros2_fundamentals_examples' for CMake config files
[0.625s] Level 1:colcon.colcon_core.shell:create_environment_hook('ros2_fundamentals_examples', 'cmake_prefix_path')
[0.625s] INFO:colcon.colcon_core.shell:Creating environment hook '/home/lunet/wj0011/ros2_ws/install/ros2_fundamentals_examples/share/ros2_fundamentals_examples/hook/cmake_prefix_path.ps1'
[0.627s] INFO:colcon.colcon_core.shell:Creating environment descriptor '/home/lunet/wj0011/ros2_ws/install/ros2_fundamentals_examples/share/ros2_fundamentals_examples/hook/cmake_prefix_path.dsv'
[0.629s] INFO:colcon.colcon_core.shell:Creating environment hook '/home/lunet/wj0011/ros2_ws/install/ros2_fundamentals_examples/share/ros2_fundamentals_examples/hook/cmake_prefix_path.sh'
[0.631s] Level 1:colcon.colcon_core.environment:checking '/home/lunet/wj0011/ros2_ws/install/ros2_fundamentals_examples/lib'
[0.632s] Level 1:colcon.colcon_core.environment:checking '/home/lunet/wj0011/ros2_ws/install/ros2_fundamentals_examples/bin'
[0.632s] Level 1:colcon.colcon_core.environment:checking '/home/lunet/wj0011/ros2_ws/install/ros2_fundamentals_examples/lib/pkgconfig/ros2_fundamentals_examples.pc'
[0.632s] Level 1:colcon.colcon_core.environment:checking '/home/lunet/wj0011/ros2_ws/install/ros2_fundamentals_examples/lib/python3.10/site-packages'
[0.632s] Level 1:colcon.colcon_core.environment:checking '/home/lunet/wj0011/ros2_ws/install/ros2_fundamentals_examples/bin'
[0.633s] INFO:colcon.colcon_core.shell:Creating package script '/home/lunet/wj0011/ros2_ws/install/ros2_fundamentals_examples/share/ros2_fundamentals_examples/package.ps1'
[0.635s] INFO:colcon.colcon_core.shell:Creating package descriptor '/home/lunet/wj0011/ros2_ws/install/ros2_fundamentals_examples/share/ros2_fundamentals_examples/package.dsv'
[0.637s] INFO:colcon.colcon_core.shell:Creating package script '/home/lunet/wj0011/ros2_ws/install/ros2_fundamentals_examples/share/ros2_fundamentals_examples/package.sh'
[0.640s] INFO:colcon.colcon_core.shell:Creating package script '/home/lunet/wj0011/ros2_ws/install/ros2_fundamentals_examples/share/ros2_fundamentals_examples/package.bash'
[0.642s] INFO:colcon.colcon_core.shell:Creating package script '/home/lunet/wj0011/ros2_ws/install/ros2_fundamentals_examples/share/ros2_fundamentals_examples/package.zsh'
[0.644s] Level 1:colcon.colcon_core.environment:create_file_with_runtime_dependencies(/home/lunet/wj0011/ros2_ws/install/ros2_fundamentals_examples/share/colcon-core/packages/ros2_fundamentals_examples)
[0.645s] DEBUG:colcon.colcon_parallel_executor.executor.parallel:closing loop
[0.646s] DEBUG:colcon.colcon_parallel_executor.executor.parallel:loop closed
[0.646s] DEBUG:colcon.colcon_parallel_executor.executor.parallel:run_until_complete finished with '0'
[0.646s] DEBUG:colcon.colcon_core.event_reactor:joining thread
[0.654s] INFO:colcon.colcon_core.plugin_system:Skipping extension 'colcon_notification.desktop_notification.terminal_notifier': Not used on non-Darwin systems
[0.654s] INFO:colcon.colcon_core.plugin_system:Skipping extension 'colcon_notification.desktop_notification.win32': Not used on non-Windows systems
[0.654s] INFO:colcon.colcon_notification.desktop_notification:Sending desktop notification using 'notify2'
[0.659s] DEBUG:colcon.colcon_core.event_reactor:joined thread
[0.660s] INFO:colcon.colcon_core.shell:Creating prefix script '/home/lunet/wj0011/ros2_ws/install/local_setup.ps1'
[0.662s] INFO:colcon.colcon_core.shell:Creating prefix util module '/home/lunet/wj0011/ros2_ws/install/_local_setup_util_ps1.py'
[0.666s] INFO:colcon.colcon_core.shell:Creating prefix chain script '/home/lunet/wj0011/ros2_ws/install/setup.ps1'
[0.670s] INFO:colcon.colcon_core.shell:Creating prefix script '/home/lunet/wj0011/ros2_ws/install/local_setup.sh'
[0.672s] INFO:colcon.colcon_core.shell:Creating prefix util module '/home/lunet/wj0011/ros2_ws/install/_local_setup_util_sh.py'
[0.675s] INFO:colcon.colcon_core.shell:Creating prefix chain script '/home/lunet/wj0011/ros2_ws/install/setup.sh'
[0.679s] INFO:colcon.colcon_core.shell:Creating prefix script '/home/lunet/wj0011/ros2_ws/install/local_setup.bash'
[0.681s] INFO:colcon.colcon_core.shell:Creating prefix chain script '/home/lunet/wj0011/ros2_ws/install/setup.bash'
[0.686s] INFO:colcon.colcon_core.shell:Creating prefix script '/home/lunet/wj0011/ros2_ws/install/local_setup.zsh'
[0.688s] INFO:colcon.colcon_core.shell:Creating prefix chain script '/home/lunet/wj0011/ros2_ws/install/setup.zsh'
