[0.054s] Invoking command in '/home/lunet/wj0011/ros2_ws/build/rrrrr_finger_pkg': ANSYSLMD_LICENSE_FILE=1055@ansys.lboro.ac.uk CMAKE_PREFIX_PATH=${CMAKE_PREFIX_PATH}:/opt/ros/humble /usr/bin/cmake --build /home/lunet/wj0011/ros2_ws/build/rrrrr_finger_pkg -- -j32 -l32
[0.090s] Invoked command in '/home/lunet/wj0011/ros2_ws/build/rrrrr_finger_pkg' returned '0': ANSYSLMD_LICENSE_FILE=1055@ansys.lboro.ac.uk CMAKE_PREFIX_PATH=${CMAKE_PREFIX_PATH}:/opt/ros/humble /usr/bin/cmake --build /home/lunet/wj0011/ros2_ws/build/rrrrr_finger_pkg -- -j32 -l32
[0.097s] Invoking command in '/home/lunet/wj0011/ros2_ws/build/rrrrr_finger_pkg': ANSYSLMD_LICENSE_FILE=1055@ansys.lboro.ac.uk CMAKE_PREFIX_PATH=${CMAKE_PREFIX_PATH}:/opt/ros/humble /usr/bin/cmake --install /home/lunet/wj0011/ros2_ws/build/rrrrr_finger_pkg
[0.107s] -- Install configuration: ""
[0.107s] -- Up-to-date: /home/lunet/wj0011/ros2_ws/install/rrrrr_finger_pkg/share/rrrrr_finger_pkg/launch
[0.107s] -- Up-to-date: /home/lunet/wj0011/ros2_ws/install/rrrrr_finger_pkg/share/rrrrr_finger_pkg/launch/robot.launch.py
[0.108s] -- Up-to-date: /home/lunet/wj0011/ros2_ws/install/rrrrr_finger_pkg/share/rrrrr_finger_pkg/urdf
[0.108s] -- Up-to-date: /home/lunet/wj0011/ros2_ws/install/rrrrr_finger_pkg/share/rrrrr_finger_pkg/urdf/robot.urdf
[0.109s] -- Up-to-date: /home/lunet/wj0011/ros2_ws/install/rrrrr_finger_pkg/share/ament_index/resource_index/package_run_dependencies/rrrrr_finger_pkg
[0.110s] -- Up-to-date: /home/lunet/wj0011/ros2_ws/install/rrrrr_finger_pkg/share/ament_index/resource_index/parent_prefix_path/rrrrr_finger_pkg
[0.111s] -- Up-to-date: /home/lunet/wj0011/ros2_ws/install/rrrrr_finger_pkg/share/rrrrr_finger_pkg/environment/ament_prefix_path.sh
[0.113s] -- Up-to-date: /home/lunet/wj0011/ros2_ws/install/rrrrr_finger_pkg/share/rrrrr_finger_pkg/environment/ament_prefix_path.dsv
[0.114s] -- Up-to-date: /home/lunet/wj0011/ros2_ws/install/rrrrr_finger_pkg/share/rrrrr_finger_pkg/environment/path.sh
[0.115s] -- Up-to-date: /home/lunet/wj0011/ros2_ws/install/rrrrr_finger_pkg/share/rrrrr_finger_pkg/environment/path.dsv
[0.116s] -- Up-to-date: /home/lunet/wj0011/ros2_ws/install/rrrrr_finger_pkg/share/rrrrr_finger_pkg/local_setup.bash
[0.117s] -- Up-to-date: /home/lunet/wj0011/ros2_ws/install/rrrrr_finger_pkg/share/rrrrr_finger_pkg/local_setup.sh
[0.118s] -- Up-to-date: /home/lunet/wj0011/ros2_ws/install/rrrrr_finger_pkg/share/rrrrr_finger_pkg/local_setup.zsh
[0.119s] -- Up-to-date: /home/lunet/wj0011/ros2_ws/install/rrrrr_finger_pkg/share/rrrrr_finger_pkg/local_setup.dsv
[0.120s] -- Installing: /home/lunet/wj0011/ros2_ws/install/rrrrr_finger_pkg/share/rrrrr_finger_pkg/package.dsv
[0.125s] -- Up-to-date: /home/lunet/wj0011/ros2_ws/install/rrrrr_finger_pkg/share/ament_index/resource_index/packages/rrrrr_finger_pkg
[0.126s] -- Up-to-date: /home/lunet/wj0011/ros2_ws/install/rrrrr_finger_pkg/share/rrrrr_finger_pkg/cmake/rrrrr_finger_pkgConfig.cmake
[0.127s] -- Up-to-date: /home/lunet/wj0011/ros2_ws/install/rrrrr_finger_pkg/share/rrrrr_finger_pkg/cmake/rrrrr_finger_pkgConfig-version.cmake
[0.128s] -- Up-to-date: /home/lunet/wj0011/ros2_ws/install/rrrrr_finger_pkg/share/rrrrr_finger_pkg/package.xml
[0.231s] Invoked command in '/home/lunet/wj0011/ros2_ws/build/rrrrr_finger_pkg' returned '0': ANSYSLMD_LICENSE_FILE=1055@ansys.lboro.ac.uk CMAKE_PREFIX_PATH=${CMAKE_PREFIX_PATH}:/opt/ros/humble /usr/bin/cmake --install /home/lunet/wj0011/ros2_ws/build/rrrrr_finger_pkg
