-- Install configuration: ""
-- Up-to-date: /home/lunet/wj0011/ros2_ws/install/rrrrr_finger_pkg/share/rrrrr_finger_pkg/launch
-- Up-to-date: /home/lunet/wj0011/ros2_ws/install/rrrrr_finger_pkg/share/rrrrr_finger_pkg/launch/robot.launch.py
-- Up-to-date: /home/lunet/wj0011/ros2_ws/install/rrrrr_finger_pkg/share/rrrrr_finger_pkg/urdf
-- Up-to-date: /home/lunet/wj0011/ros2_ws/install/rrrrr_finger_pkg/share/rrrrr_finger_pkg/urdf/robot.urdf
-- Up-to-date: /home/lunet/wj0011/ros2_ws/install/rrrrr_finger_pkg/share/ament_index/resource_index/package_run_dependencies/rrrrr_finger_pkg
-- Up-to-date: /home/lunet/wj0011/ros2_ws/install/rrrrr_finger_pkg/share/ament_index/resource_index/parent_prefix_path/rrrrr_finger_pkg
-- Up-to-date: /home/lunet/wj0011/ros2_ws/install/rrrrr_finger_pkg/share/rrrrr_finger_pkg/environment/ament_prefix_path.sh
-- Up-to-date: /home/lunet/wj0011/ros2_ws/install/rrrrr_finger_pkg/share/rrrrr_finger_pkg/environment/ament_prefix_path.dsv
-- Up-to-date: /home/lunet/wj0011/ros2_ws/install/rrrrr_finger_pkg/share/rrrrr_finger_pkg/environment/path.sh
-- Up-to-date: /home/lunet/wj0011/ros2_ws/install/rrrrr_finger_pkg/share/rrrrr_finger_pkg/environment/path.dsv
-- Up-to-date: /home/lunet/wj0011/ros2_ws/install/rrrrr_finger_pkg/share/rrrrr_finger_pkg/local_setup.bash
-- Up-to-date: /home/lunet/wj0011/ros2_ws/install/rrrrr_finger_pkg/share/rrrrr_finger_pkg/local_setup.sh
-- Up-to-date: /home/lunet/wj0011/ros2_ws/install/rrrrr_finger_pkg/share/rrrrr_finger_pkg/local_setup.zsh
-- Up-to-date: /home/lunet/wj0011/ros2_ws/install/rrrrr_finger_pkg/share/rrrrr_finger_pkg/local_setup.dsv
-- Installing: /home/lunet/wj0011/ros2_ws/install/rrrrr_finger_pkg/share/rrrrr_finger_pkg/package.dsv
-- Up-to-date: /home/lunet/wj0011/ros2_ws/install/rrrrr_finger_pkg/share/ament_index/resource_index/packages/rrrrr_finger_pkg
-- Up-to-date: /home/lunet/wj0011/ros2_ws/install/rrrrr_finger_pkg/share/rrrrr_finger_pkg/cmake/rrrrr_finger_pkgConfig.cmake
-- Up-to-date: /home/lunet/wj0011/ros2_ws/install/rrrrr_finger_pkg/share/rrrrr_finger_pkg/cmake/rrrrr_finger_pkgConfig-version.cmake
-- Up-to-date: /home/lunet/wj0011/ros2_ws/install/rrrrr_finger_pkg/share/rrrrr_finger_pkg/package.xml
