[0.051s] Invoking command in '/home/lunet/wj0011/ros2_ws/build/ros2_fundamentals_examples': ANSYSLMD_LICENSE_FILE=1055@ansys.lboro.ac.uk CMAKE_PREFIX_PATH=${CMAKE_PREFIX_PATH}:/opt/ros/humble /usr/bin/cmake --build /home/lunet/wj0011/ros2_ws/build/ros2_fundamentals_examples -- -j32 -l32
[0.126s] Built target ament_cmake_python_copy_ros2_fundamentals_examples
[0.259s] running egg_info
[0.259s] writing ros2_fundamentals_examples.egg-info/PKG-INFO
[0.263s] writing dependency_links to ros2_fundamentals_examples.egg-info/dependency_links.txt
[0.266s] writing top-level names to ros2_fundamentals_examples.egg-info/top_level.txt
[0.273s] reading manifest file 'ros2_fundamentals_examples.egg-info/SOURCES.txt'
[0.273s] writing manifest file 'ros2_fundamentals_examples.egg-info/SOURCES.txt'
[0.292s] Built target ament_cmake_python_build_ros2_fundamentals_examples_egg
[0.324s] Invoked command in '/home/lunet/wj0011/ros2_ws/build/ros2_fundamentals_examples' returned '0': ANSYSLMD_LICENSE_FILE=1055@ansys.lboro.ac.uk CMAKE_PREFIX_PATH=${CMAKE_PREFIX_PATH}:/opt/ros/humble /usr/bin/cmake --build /home/lunet/wj0011/ros2_ws/build/ros2_fundamentals_examples -- -j32 -l32
[0.324s] Invoking command in '/home/lunet/wj0011/ros2_ws/build/ros2_fundamentals_examples': ANSYSLMD_LICENSE_FILE=1055@ansys.lboro.ac.uk CMAKE_PREFIX_PATH=${CMAKE_PREFIX_PATH}:/opt/ros/humble /usr/bin/cmake --install /home/lunet/wj0011/ros2_ws/build/ros2_fundamentals_examples
[0.328s] -- Install configuration: ""
[0.329s] -- Up-to-date: /home/lunet/wj0011/ros2_ws/install/ros2_fundamentals_examples/share/ros2_fundamentals_examples/ros2_fundamentals_examples
[0.330s] -- Up-to-date: /home/lunet/wj0011/ros2_ws/install/ros2_fundamentals_examples/share/ros2_fundamentals_examples/ros2_fundamentals_examples/examplePublisher.py
[0.331s] -- Up-to-date: /home/lunet/wj0011/ros2_ws/install/ros2_fundamentals_examples/share/ros2_fundamentals_examples/ros2_fundamentals_examples/__init__.py
[0.331s] -- Up-to-date: /home/lunet/wj0011/ros2_ws/install/ros2_fundamentals_examples/share/ros2_fundamentals_examples/ros2_fundamentals_examples/exampleSubscriber.py
[0.332s] -- Up-to-date: /home/lunet/wj0011/ros2_ws/install/ros2_fundamentals_examples/include
[0.334s] -- Up-to-date: /home/lunet/wj0011/ros2_ws/install/ros2_fundamentals_examples/include/ros2_fundamentals_examples
[0.335s] -- Up-to-date: /home/lunet/wj0011/ros2_ws/install/ros2_fundamentals_examples/share/ros2_fundamentals_examples/environment/pythonpath.sh
[0.336s] -- Up-to-date: /home/lunet/wj0011/ros2_ws/install/ros2_fundamentals_examples/share/ros2_fundamentals_examples/environment/pythonpath.dsv
[0.337s] -- Up-to-date: /home/lunet/wj0011/ros2_ws/install/ros2_fundamentals_examples/local/lib/python3.10/dist-packages/ros2_fundamentals_examples-0.0.0-py3.10.egg-info
[0.339s] -- Installing: /home/lunet/wj0011/ros2_ws/install/ros2_fundamentals_examples/local/lib/python3.10/dist-packages/ros2_fundamentals_examples-0.0.0-py3.10.egg-info/PKG-INFO
[0.344s] -- Installing: /home/lunet/wj0011/ros2_ws/install/ros2_fundamentals_examples/local/lib/python3.10/dist-packages/ros2_fundamentals_examples-0.0.0-py3.10.egg-info/dependency_links.txt
[0.349s] -- Installing: /home/lunet/wj0011/ros2_ws/install/ros2_fundamentals_examples/local/lib/python3.10/dist-packages/ros2_fundamentals_examples-0.0.0-py3.10.egg-info/top_level.txt
[0.354s] -- Installing: /home/lunet/wj0011/ros2_ws/install/ros2_fundamentals_examples/local/lib/python3.10/dist-packages/ros2_fundamentals_examples-0.0.0-py3.10.egg-info/SOURCES.txt
[0.358s] -- Up-to-date: /home/lunet/wj0011/ros2_ws/install/ros2_fundamentals_examples/local/lib/python3.10/dist-packages/ros2_fundamentals_examples
[0.360s] -- Up-to-date: /home/lunet/wj0011/ros2_ws/install/ros2_fundamentals_examples/local/lib/python3.10/dist-packages/ros2_fundamentals_examples/examplePublisher.py
[0.360s] -- Up-to-date: /home/lunet/wj0011/ros2_ws/install/ros2_fundamentals_examples/local/lib/python3.10/dist-packages/ros2_fundamentals_examples/__init__.py
[0.361s] -- Up-to-date: /home/lunet/wj0011/ros2_ws/install/ros2_fundamentals_examples/local/lib/python3.10/dist-packages/ros2_fundamentals_examples/exampleSubscriber.py
[0.381s] Listing '/home/lunet/wj0011/ros2_ws/install/ros2_fundamentals_examples/local/lib/python3.10/dist-packages/ros2_fundamentals_examples'...
[0.384s] -- Up-to-date: /home/lunet/wj0011/ros2_ws/install/ros2_fundamentals_examples/lib/ros2_fundamentals_examples/examplePublisher.py
[0.385s] -- Up-to-date: /home/lunet/wj0011/ros2_ws/install/ros2_fundamentals_examples/lib/ros2_fundamentals_examples/exampleSubscriber.py
[0.386s] -- Up-to-date: /home/lunet/wj0011/ros2_ws/install/ros2_fundamentals_examples/share/ament_index/resource_index/package_run_dependencies/ros2_fundamentals_examples
[0.387s] -- Up-to-date: /home/lunet/wj0011/ros2_ws/install/ros2_fundamentals_examples/share/ament_index/resource_index/parent_prefix_path/ros2_fundamentals_examples
[0.388s] -- Up-to-date: /home/lunet/wj0011/ros2_ws/install/ros2_fundamentals_examples/share/ros2_fundamentals_examples/environment/ament_prefix_path.sh
[0.389s] -- Up-to-date: /home/lunet/wj0011/ros2_ws/install/ros2_fundamentals_examples/share/ros2_fundamentals_examples/environment/ament_prefix_path.dsv
[0.390s] -- Up-to-date: /home/lunet/wj0011/ros2_ws/install/ros2_fundamentals_examples/share/ros2_fundamentals_examples/environment/path.sh
[0.391s] -- Up-to-date: /home/lunet/wj0011/ros2_ws/install/ros2_fundamentals_examples/share/ros2_fundamentals_examples/environment/path.dsv
[0.392s] -- Up-to-date: /home/lunet/wj0011/ros2_ws/install/ros2_fundamentals_examples/share/ros2_fundamentals_examples/local_setup.bash
[0.392s] -- Up-to-date: /home/lunet/wj0011/ros2_ws/install/ros2_fundamentals_examples/share/ros2_fundamentals_examples/local_setup.sh
[0.393s] -- Up-to-date: /home/lunet/wj0011/ros2_ws/install/ros2_fundamentals_examples/share/ros2_fundamentals_examples/local_setup.zsh
[0.394s] -- Up-to-date: /home/lunet/wj0011/ros2_ws/install/ros2_fundamentals_examples/share/ros2_fundamentals_examples/local_setup.dsv
[0.395s] -- Installing: /home/lunet/wj0011/ros2_ws/install/ros2_fundamentals_examples/share/ros2_fundamentals_examples/package.dsv
[0.401s] -- Up-to-date: /home/lunet/wj0011/ros2_ws/install/ros2_fundamentals_examples/share/ament_index/resource_index/packages/ros2_fundamentals_examples
[0.402s] -- Up-to-date: /home/lunet/wj0011/ros2_ws/install/ros2_fundamentals_examples/share/ros2_fundamentals_examples/cmake/ament_cmake_export_include_directories-extras.cmake
[0.403s] -- Up-to-date: /home/lunet/wj0011/ros2_ws/install/ros2_fundamentals_examples/share/ros2_fundamentals_examples/cmake/ros2_fundamentals_examplesConfig.cmake
[0.404s] -- Up-to-date: /home/lunet/wj0011/ros2_ws/install/ros2_fundamentals_examples/share/ros2_fundamentals_examples/cmake/ros2_fundamentals_examplesConfig-version.cmake
[0.405s] -- Up-to-date: /home/lunet/wj0011/ros2_ws/install/ros2_fundamentals_examples/share/ros2_fundamentals_examples/package.xml
[0.408s] Invoked command in '/home/lunet/wj0011/ros2_ws/build/ros2_fundamentals_examples' returned '0': ANSYSLMD_LICENSE_FILE=1055@ansys.lboro.ac.uk CMAKE_PREFIX_PATH=${CMAKE_PREFIX_PATH}:/opt/ros/humble /usr/bin/cmake --install /home/lunet/wj0011/ros2_ws/build/ros2_fundamentals_examples
