[0.178s] Invoking command in '/home/lunet/wj0011/ros2_ws/build/simple_robot_moveit_config': ANSYSLMD_LICENSE_FILE=1055@ansys.lboro.ac.uk CMAKE_PREFIX_PATH=/home/lunet/wj0011/ros2_ws/install/rrrrr_finger:/home/lunet/wj0011/ros2_ws/install/simple_robot_moveit_config:/home/lunet/wj0011/ros2_ws/install/rrrrr_pkg:/home/lunet/wj0011/ros2_ws/install/rrrrr_finger_pkg:/home/lunet/wj0011/ros2_ws/install/rrr_pkg:/home/lunet/wj0011/ros2_ws/install/ros2_fundamentals_examples:/home/lunet/wj0011/ros2_ws/install/hello_moveit:/opt/ros/humble /usr/bin/cmake --build /home/lunet/wj0011/ros2_ws/build/simple_robot_moveit_config -- -j32 -l32
[0.234s] Invoked command in '/home/lunet/wj0011/ros2_ws/build/simple_robot_moveit_config' returned '0': ANSYSLMD_LICENSE_FILE=1055@ansys.lboro.ac.uk CMAKE_PREFIX_PATH=/home/lunet/wj0011/ros2_ws/install/rrrrr_finger:/home/lunet/wj0011/ros2_ws/install/simple_robot_moveit_config:/home/lunet/wj0011/ros2_ws/install/rrrrr_pkg:/home/lunet/wj0011/ros2_ws/install/rrrrr_finger_pkg:/home/lunet/wj0011/ros2_ws/install/rrr_pkg:/home/lunet/wj0011/ros2_ws/install/ros2_fundamentals_examples:/home/lunet/wj0011/ros2_ws/install/hello_moveit:/opt/ros/humble /usr/bin/cmake --build /home/lunet/wj0011/ros2_ws/build/simple_robot_moveit_config -- -j32 -l32
[0.239s] Invoking command in '/home/lunet/wj0011/ros2_ws/build/simple_robot_moveit_config': ANSYSLMD_LICENSE_FILE=1055@ansys.lboro.ac.uk CMAKE_PREFIX_PATH=/home/lunet/wj0011/ros2_ws/install/rrrrr_finger:/home/lunet/wj0011/ros2_ws/install/simple_robot_moveit_config:/home/lunet/wj0011/ros2_ws/install/rrrrr_pkg:/home/lunet/wj0011/ros2_ws/install/rrrrr_finger_pkg:/home/lunet/wj0011/ros2_ws/install/rrr_pkg:/home/lunet/wj0011/ros2_ws/install/ros2_fundamentals_examples:/home/lunet/wj0011/ros2_ws/install/hello_moveit:/opt/ros/humble /usr/bin/cmake --install /home/lunet/wj0011/ros2_ws/build/simple_robot_moveit_config
[0.244s] -- Install configuration: ""
[0.245s] -- Up-to-date: /home/lunet/wj0011/ros2_ws/install/simple_robot_moveit_config/share/ament_index/resource_index/package_run_dependencies/simple_robot_moveit_config
[0.246s] -- Up-to-date: /home/lunet/wj0011/ros2_ws/install/simple_robot_moveit_config/share/ament_index/resource_index/parent_prefix_path/simple_robot_moveit_config
[0.247s] -- Up-to-date: /home/lunet/wj0011/ros2_ws/install/simple_robot_moveit_config/share/simple_robot_moveit_config/environment/ament_prefix_path.sh
[0.248s] -- Up-to-date: /home/lunet/wj0011/ros2_ws/install/simple_robot_moveit_config/share/simple_robot_moveit_config/environment/ament_prefix_path.dsv
[0.249s] -- Up-to-date: /home/lunet/wj0011/ros2_ws/install/simple_robot_moveit_config/share/simple_robot_moveit_config/environment/path.sh
[0.250s] -- Up-to-date: /home/lunet/wj0011/ros2_ws/install/simple_robot_moveit_config/share/simple_robot_moveit_config/environment/path.dsv
[0.251s] -- Up-to-date: /home/lunet/wj0011/ros2_ws/install/simple_robot_moveit_config/share/simple_robot_moveit_config/local_setup.bash
[0.251s] -- Up-to-date: /home/lunet/wj0011/ros2_ws/install/simple_robot_moveit_config/share/simple_robot_moveit_config/local_setup.sh
[0.252s] -- Up-to-date: /home/lunet/wj0011/ros2_ws/install/simple_robot_moveit_config/share/simple_robot_moveit_config/local_setup.zsh
[0.253s] -- Up-to-date: /home/lunet/wj0011/ros2_ws/install/simple_robot_moveit_config/share/simple_robot_moveit_config/local_setup.dsv
[0.254s] -- Up-to-date: /home/lunet/wj0011/ros2_ws/install/simple_robot_moveit_config/share/simple_robot_moveit_config/package.dsv
[0.255s] -- Up-to-date: /home/lunet/wj0011/ros2_ws/install/simple_robot_moveit_config/share/ament_index/resource_index/packages/simple_robot_moveit_config
[0.256s] -- Up-to-date: /home/lunet/wj0011/ros2_ws/install/simple_robot_moveit_config/share/simple_robot_moveit_config/cmake/simple_robot_moveit_configConfig.cmake
[0.257s] -- Up-to-date: /home/lunet/wj0011/ros2_ws/install/simple_robot_moveit_config/share/simple_robot_moveit_config/cmake/simple_robot_moveit_configConfig-version.cmake
[0.258s] -- Up-to-date: /home/lunet/wj0011/ros2_ws/install/simple_robot_moveit_config/share/simple_robot_moveit_config/package.xml
[0.259s] -- Up-to-date: /home/lunet/wj0011/ros2_ws/install/simple_robot_moveit_config/share/simple_robot_moveit_config/launch
[0.260s] -- Up-to-date: /home/lunet/wj0011/ros2_ws/install/simple_robot_moveit_config/share/simple_robot_moveit_config/launch/demo.launch.py
[0.261s] -- Up-to-date: /home/lunet/wj0011/ros2_ws/install/simple_robot_moveit_config/share/simple_robot_moveit_config/launch/move_group.launch.py
[0.262s] -- Up-to-date: /home/lunet/wj0011/ros2_ws/install/simple_robot_moveit_config/share/simple_robot_moveit_config/launch/moveit_rviz.launch.py
[0.262s] -- Up-to-date: /home/lunet/wj0011/ros2_ws/install/simple_robot_moveit_config/share/simple_robot_moveit_config/launch/rsp.launch.py
[0.263s] -- Up-to-date: /home/lunet/wj0011/ros2_ws/install/simple_robot_moveit_config/share/simple_robot_moveit_config/launch/setup_assistant.launch.py
[0.264s] -- Up-to-date: /home/lunet/wj0011/ros2_ws/install/simple_robot_moveit_config/share/simple_robot_moveit_config/launch/spawn_controllers.launch.py
[0.265s] -- Up-to-date: /home/lunet/wj0011/ros2_ws/install/simple_robot_moveit_config/share/simple_robot_moveit_config/launch/static_virtual_joint_tfs.launch.py
[0.265s] -- Up-to-date: /home/lunet/wj0011/ros2_ws/install/simple_robot_moveit_config/share/simple_robot_moveit_config/launch/warehouse_db.launch.py
[0.266s] -- Up-to-date: /home/lunet/wj0011/ros2_ws/install/simple_robot_moveit_config/share/simple_robot_moveit_config/config
[0.268s] -- Up-to-date: /home/lunet/wj0011/ros2_ws/install/simple_robot_moveit_config/share/simple_robot_moveit_config/config/pilz_cartesian_limits.yaml
[0.269s] -- Up-to-date: /home/lunet/wj0011/ros2_ws/install/simple_robot_moveit_config/share/simple_robot_moveit_config/config/kinematics.yaml
[0.269s] -- Up-to-date: /home/lunet/wj0011/ros2_ws/install/simple_robot_moveit_config/share/simple_robot_moveit_config/config/simple_robot.ros2_control.xacro
[0.270s] -- Up-to-date: /home/lunet/wj0011/ros2_ws/install/simple_robot_moveit_config/share/simple_robot_moveit_config/config/initial_positions.yaml
[0.271s] -- Up-to-date: /home/lunet/wj0011/ros2_ws/install/simple_robot_moveit_config/share/simple_robot_moveit_config/config/simple_robot.urdf.xacro
[0.271s] -- Up-to-date: /home/lunet/wj0011/ros2_ws/install/simple_robot_moveit_config/share/simple_robot_moveit_config/config/ros2_controllers.yaml
[0.272s] -- Up-to-date: /home/lunet/wj0011/ros2_ws/install/simple_robot_moveit_config/share/simple_robot_moveit_config/config/moveit_controllers.yaml
[0.273s] -- Up-to-date: /home/lunet/wj0011/ros2_ws/install/simple_robot_moveit_config/share/simple_robot_moveit_config/config/moveit.rviz
[0.273s] -- Up-to-date: /home/lunet/wj0011/ros2_ws/install/simple_robot_moveit_config/share/simple_robot_moveit_config/config/joint_limits.yaml
[0.274s] -- Installing: /home/lunet/wj0011/ros2_ws/install/simple_robot_moveit_config/share/simple_robot_moveit_config/config/simple_robot.srdf
[0.278s] -- Up-to-date: /home/lunet/wj0011/ros2_ws/install/simple_robot_moveit_config/share/simple_robot_moveit_config/.setup_assistant
[0.281s] Invoked command in '/home/lunet/wj0011/ros2_ws/build/simple_robot_moveit_config' returned '0': ANSYSLMD_LICENSE_FILE=1055@ansys.lboro.ac.uk CMAKE_PREFIX_PATH=/home/lunet/wj0011/ros2_ws/install/rrrrr_finger:/home/lunet/wj0011/ros2_ws/install/simple_robot_moveit_config:/home/lunet/wj0011/ros2_ws/install/rrrrr_pkg:/home/lunet/wj0011/ros2_ws/install/rrrrr_finger_pkg:/home/lunet/wj0011/ros2_ws/install/rrr_pkg:/home/lunet/wj0011/ros2_ws/install/ros2_fundamentals_examples:/home/lunet/wj0011/ros2_ws/install/hello_moveit:/opt/ros/humble /usr/bin/cmake --install /home/lunet/wj0011/ros2_ws/build/simple_robot_moveit_config
