[0.083s] Invoking command in '/home/lunet/wj0011/ros2_ws/build/rrrrr_pkg': ANSYSLMD_LICENSE_FILE=1055@ansys.lboro.ac.uk CMAKE_PREFIX_PATH=${CMAKE_PREFIX_PATH}:/opt/ros/humble /usr/bin/cmake --build /home/lunet/wj0011/ros2_ws/build/rrrrr_pkg -- -j32 -l32
[0.201s] Invoked command in '/home/lunet/wj0011/ros2_ws/build/rrrrr_pkg' returned '0': ANSYSLMD_LICENSE_FILE=1055@ansys.lboro.ac.uk CMAKE_PREFIX_PATH=${CMAKE_PREFIX_PATH}:/opt/ros/humble /usr/bin/cmake --build /home/lunet/wj0011/ros2_ws/build/rrrrr_pkg -- -j32 -l32
[0.226s] Invoking command in '/home/lunet/wj0011/ros2_ws/build/rrrrr_pkg': ANSYSLMD_LICENSE_FILE=1055@ansys.lboro.ac.uk CMAKE_PREFIX_PATH=${CMAKE_PREFIX_PATH}:/opt/ros/humble /usr/bin/cmake --install /home/lunet/wj0011/ros2_ws/build/rrrrr_pkg
[0.242s] -- Install configuration: ""
[0.243s] -- Up-to-date: /home/lunet/wj0011/ros2_ws/install/rrrrr_pkg/share/rrrrr_pkg/launch
[0.245s] -- Up-to-date: /home/lunet/wj0011/ros2_ws/install/rrrrr_pkg/share/rrrrr_pkg/launch/robot.launch.py
[0.246s] -- Up-to-date: /home/lunet/wj0011/ros2_ws/install/rrrrr_pkg/share/rrrrr_pkg/urdf
[0.249s] -- Up-to-date: /home/lunet/wj0011/ros2_ws/install/rrrrr_pkg/share/rrrrr_pkg/urdf/robot.urdf
[0.249s] -- Up-to-date: /home/lunet/wj0011/ros2_ws/install/rrrrr_pkg/share/ament_index/resource_index/package_run_dependencies/rrrrr_pkg
[0.251s] -- Up-to-date: /home/lunet/wj0011/ros2_ws/install/rrrrr_pkg/share/ament_index/resource_index/parent_prefix_path/rrrrr_pkg
[0.252s] -- Up-to-date: /home/lunet/wj0011/ros2_ws/install/rrrrr_pkg/share/rrrrr_pkg/environment/ament_prefix_path.sh
[0.254s] -- Up-to-date: /home/lunet/wj0011/ros2_ws/install/rrrrr_pkg/share/rrrrr_pkg/environment/ament_prefix_path.dsv
[0.254s] -- Up-to-date: /home/lunet/wj0011/ros2_ws/install/rrrrr_pkg/share/rrrrr_pkg/environment/path.sh
[0.255s] -- Up-to-date: /home/lunet/wj0011/ros2_ws/install/rrrrr_pkg/share/rrrrr_pkg/environment/path.dsv
[0.256s] -- Up-to-date: /home/lunet/wj0011/ros2_ws/install/rrrrr_pkg/share/rrrrr_pkg/local_setup.bash
[0.257s] -- Up-to-date: /home/lunet/wj0011/ros2_ws/install/rrrrr_pkg/share/rrrrr_pkg/local_setup.sh
[0.257s] -- Up-to-date: /home/lunet/wj0011/ros2_ws/install/rrrrr_pkg/share/rrrrr_pkg/local_setup.zsh
[0.259s] -- Up-to-date: /home/lunet/wj0011/ros2_ws/install/rrrrr_pkg/share/rrrrr_pkg/local_setup.dsv
[0.260s] -- Installing: /home/lunet/wj0011/ros2_ws/install/rrrrr_pkg/share/rrrrr_pkg/package.dsv
[0.267s] -- Up-to-date: /home/lunet/wj0011/ros2_ws/install/rrrrr_pkg/share/ament_index/resource_index/packages/rrrrr_pkg
[0.268s] -- Up-to-date: /home/lunet/wj0011/ros2_ws/install/rrrrr_pkg/share/rrrrr_pkg/cmake/rrrrr_pkgConfig.cmake
[0.269s] -- Up-to-date: /home/lunet/wj0011/ros2_ws/install/rrrrr_pkg/share/rrrrr_pkg/cmake/rrrrr_pkgConfig-version.cmake
[0.270s] -- Up-to-date: /home/lunet/wj0011/ros2_ws/install/rrrrr_pkg/share/rrrrr_pkg/package.xml
[0.353s] Invoked command in '/home/lunet/wj0011/ros2_ws/build/rrrrr_pkg' returned '0': ANSYSLMD_LICENSE_FILE=1055@ansys.lboro.ac.uk CMAKE_PREFIX_PATH=${CMAKE_PREFIX_PATH}:/opt/ros/humble /usr/bin/cmake --install /home/lunet/wj0011/ros2_ws/build/rrrrr_pkg
