[0.327s] Invoking command in '/home/lunet/wj0011/ros2_ws/build/simple_robot_moveit_config': ANSYSLMD_LICENSE_FILE=1055@ansys.lboro.ac.uk CMAKE_PREFIX_PATH=${CMAKE_PREFIX_PATH}:/opt/ros/humble /usr/bin/cmake /home/lunet/wj0011/ros2_ws/src/simple_robot_moveit_config -DCMAKE_INSTALL_PREFIX=/home/lunet/wj0011/ros2_ws/install/simple_robot_moveit_config
[0.402s] -- The C compiler identification is GNU 11.4.0
[0.463s] -- The CXX compiler identification is GNU 11.4.0
[0.475s] -- Detecting C compiler ABI info
[0.618s] -- Detecting C compiler ABI info - done
[0.627s] -- Check for working C compiler: /usr/bin/cc - skipped
[0.627s] -- Detecting C compile features
[0.628s] -- Detecting C compile features - done
[0.637s] -- Detecting CXX compiler ABI info
[0.776s] -- Detecting CXX compiler ABI info - done
[0.784s] -- Check for working CXX compiler: /usr/bin/c++ - skipped
[0.785s] -- Detecting CXX compile features
[0.785s] -- Detecting CXX compile features - done
[0.811s] -- Found ament_cmake: 1.3.12 (/opt/ros/humble/share/ament_cmake/cmake)
[0.940s] -- Found Python3: /usr/bin/python3 (found version "3.10.12") found components: Interpreter 
[1.339s] -- Configuring done
[1.412s] -- Generating done
[1.451s] -- Build files have been written to: /home/lunet/wj0011/ros2_ws/build/simple_robot_moveit_config
[1.454s] Invoked command in '/home/lunet/wj0011/ros2_ws/build/simple_robot_moveit_config' returned '0': ANSYSLMD_LICENSE_FILE=1055@ansys.lboro.ac.uk CMAKE_PREFIX_PATH=${CMAKE_PREFIX_PATH}:/opt/ros/humble /usr/bin/cmake /home/lunet/wj0011/ros2_ws/src/simple_robot_moveit_config -DCMAKE_INSTALL_PREFIX=/home/lunet/wj0011/ros2_ws/install/simple_robot_moveit_config
[1.458s] Invoking command in '/home/lunet/wj0011/ros2_ws/build/simple_robot_moveit_config': ANSYSLMD_LICENSE_FILE=1055@ansys.lboro.ac.uk CMAKE_PREFIX_PATH=${CMAKE_PREFIX_PATH}:/opt/ros/humble /usr/bin/cmake --build /home/lunet/wj0011/ros2_ws/build/simple_robot_moveit_config -- -j32 -l32
[1.494s] Invoked command in '/home/lunet/wj0011/ros2_ws/build/simple_robot_moveit_config' returned '0': ANSYSLMD_LICENSE_FILE=1055@ansys.lboro.ac.uk CMAKE_PREFIX_PATH=${CMAKE_PREFIX_PATH}:/opt/ros/humble /usr/bin/cmake --build /home/lunet/wj0011/ros2_ws/build/simple_robot_moveit_config -- -j32 -l32
[1.499s] Invoking command in '/home/lunet/wj0011/ros2_ws/build/simple_robot_moveit_config': ANSYSLMD_LICENSE_FILE=1055@ansys.lboro.ac.uk CMAKE_PREFIX_PATH=${CMAKE_PREFIX_PATH}:/opt/ros/humble /usr/bin/cmake --install /home/lunet/wj0011/ros2_ws/build/simple_robot_moveit_config
[1.505s] -- Install configuration: ""
[1.511s] -- Installing: /home/lunet/wj0011/ros2_ws/install/simple_robot_moveit_config/share/ament_index/resource_index/package_run_dependencies/simple_robot_moveit_config
[1.519s] -- Installing: /home/lunet/wj0011/ros2_ws/install/simple_robot_moveit_config/share/ament_index/resource_index/parent_prefix_path/simple_robot_moveit_config
[1.527s] -- Installing: /home/lunet/wj0011/ros2_ws/install/simple_robot_moveit_config/share/simple_robot_moveit_config/environment/ament_prefix_path.sh
[1.531s] -- Installing: /home/lunet/wj0011/ros2_ws/install/simple_robot_moveit_config/share/simple_robot_moveit_config/environment/ament_prefix_path.dsv
[1.536s] -- Installing: /home/lunet/wj0011/ros2_ws/install/simple_robot_moveit_config/share/simple_robot_moveit_config/environment/path.sh
[1.540s] -- Installing: /home/lunet/wj0011/ros2_ws/install/simple_robot_moveit_config/share/simple_robot_moveit_config/environment/path.dsv
[1.544s] -- Installing: /home/lunet/wj0011/ros2_ws/install/simple_robot_moveit_config/share/simple_robot_moveit_config/local_setup.bash
[1.549s] -- Installing: /home/lunet/wj0011/ros2_ws/install/simple_robot_moveit_config/share/simple_robot_moveit_config/local_setup.sh
[1.555s] -- Installing: /home/lunet/wj0011/ros2_ws/install/simple_robot_moveit_config/share/simple_robot_moveit_config/local_setup.zsh
[1.560s] -- Installing: /home/lunet/wj0011/ros2_ws/install/simple_robot_moveit_config/share/simple_robot_moveit_config/local_setup.dsv
[1.565s] -- Installing: /home/lunet/wj0011/ros2_ws/install/simple_robot_moveit_config/share/simple_robot_moveit_config/package.dsv
[1.573s] -- Installing: /home/lunet/wj0011/ros2_ws/install/simple_robot_moveit_config/share/ament_index/resource_index/packages/simple_robot_moveit_config
[1.579s] -- Installing: /home/lunet/wj0011/ros2_ws/install/simple_robot_moveit_config/share/simple_robot_moveit_config/cmake/simple_robot_moveit_configConfig.cmake
[1.584s] -- Installing: /home/lunet/wj0011/ros2_ws/install/simple_robot_moveit_config/share/simple_robot_moveit_config/cmake/simple_robot_moveit_configConfig-version.cmake
[1.590s] -- Installing: /home/lunet/wj0011/ros2_ws/install/simple_robot_moveit_config/share/simple_robot_moveit_config/package.xml
[1.593s] -- Installing: /home/lunet/wj0011/ros2_ws/install/simple_robot_moveit_config/share/simple_robot_moveit_config/launch
[1.597s] -- Installing: /home/lunet/wj0011/ros2_ws/install/simple_robot_moveit_config/share/simple_robot_moveit_config/launch/demo.launch.py
[1.602s] -- Installing: /home/lunet/wj0011/ros2_ws/install/simple_robot_moveit_config/share/simple_robot_moveit_config/launch/move_group.launch.py
[1.606s] -- Installing: /home/lunet/wj0011/ros2_ws/install/simple_robot_moveit_config/share/simple_robot_moveit_config/launch/moveit_rviz.launch.py
[1.611s] -- Installing: /home/lunet/wj0011/ros2_ws/install/simple_robot_moveit_config/share/simple_robot_moveit_config/launch/rsp.launch.py
[1.615s] -- Installing: /home/lunet/wj0011/ros2_ws/install/simple_robot_moveit_config/share/simple_robot_moveit_config/launch/setup_assistant.launch.py
[1.620s] -- Installing: /home/lunet/wj0011/ros2_ws/install/simple_robot_moveit_config/share/simple_robot_moveit_config/launch/spawn_controllers.launch.py
[1.624s] -- Installing: /home/lunet/wj0011/ros2_ws/install/simple_robot_moveit_config/share/simple_robot_moveit_config/launch/static_virtual_joint_tfs.launch.py
[1.629s] -- Installing: /home/lunet/wj0011/ros2_ws/install/simple_robot_moveit_config/share/simple_robot_moveit_config/launch/warehouse_db.launch.py
[1.633s] -- Installing: /home/lunet/wj0011/ros2_ws/install/simple_robot_moveit_config/share/simple_robot_moveit_config/config
[1.638s] -- Installing: /home/lunet/wj0011/ros2_ws/install/simple_robot_moveit_config/share/simple_robot_moveit_config/config/simple_robot.srdf
[1.642s] -- Installing: /home/lunet/wj0011/ros2_ws/install/simple_robot_moveit_config/share/simple_robot_moveit_config/config/pilz_cartesian_limits.yaml
[1.646s] -- Installing: /home/lunet/wj0011/ros2_ws/install/simple_robot_moveit_config/share/simple_robot_moveit_config/config/kinematics.yaml
[1.651s] -- Installing: /home/lunet/wj0011/ros2_ws/install/simple_robot_moveit_config/share/simple_robot_moveit_config/config/simple_robot.ros2_control.xacro
[1.655s] -- Installing: /home/lunet/wj0011/ros2_ws/install/simple_robot_moveit_config/share/simple_robot_moveit_config/config/initial_positions.yaml
[1.660s] -- Installing: /home/lunet/wj0011/ros2_ws/install/simple_robot_moveit_config/share/simple_robot_moveit_config/config/simple_robot.urdf.xacro
[1.664s] -- Installing: /home/lunet/wj0011/ros2_ws/install/simple_robot_moveit_config/share/simple_robot_moveit_config/config/ros2_controllers.yaml
[1.669s] -- Installing: /home/lunet/wj0011/ros2_ws/install/simple_robot_moveit_config/share/simple_robot_moveit_config/config/moveit_controllers.yaml
[1.673s] -- Installing: /home/lunet/wj0011/ros2_ws/install/simple_robot_moveit_config/share/simple_robot_moveit_config/config/moveit.rviz
[1.678s] -- Installing: /home/lunet/wj0011/ros2_ws/install/simple_robot_moveit_config/share/simple_robot_moveit_config/config/joint_limits.yaml
[1.683s] -- Installing: /home/lunet/wj0011/ros2_ws/install/simple_robot_moveit_config/share/simple_robot_moveit_config/.setup_assistant
[1.690s] Invoked command in '/home/lunet/wj0011/ros2_ws/build/simple_robot_moveit_config' returned '0': ANSYSLMD_LICENSE_FILE=1055@ansys.lboro.ac.uk CMAKE_PREFIX_PATH=${CMAKE_PREFIX_PATH}:/opt/ros/humble /usr/bin/cmake --install /home/lunet/wj0011/ros2_ws/build/simple_robot_moveit_config
