[0.064s] Invoking command in '/home/lunet/wj0011/ros2_ws/build/rrr_pkg': ANSYSLMD_LICENSE_FILE=1055@ansys.lboro.ac.uk CMAKE_PREFIX_PATH=${CMAKE_PREFIX_PATH}:/opt/ros/humble /usr/bin/cmake --build /home/lunet/wj0011/ros2_ws/build/rrr_pkg -- -j32 -l32
[0.155s] Invoked command in '/home/lunet/wj0011/ros2_ws/build/rrr_pkg' returned '0': ANSYSLMD_LICENSE_FILE=1055@ansys.lboro.ac.uk CMAKE_PREFIX_PATH=${CMAKE_PREFIX_PATH}:/opt/ros/humble /usr/bin/cmake --build /home/lunet/wj0011/ros2_ws/build/rrr_pkg -- -j32 -l32
[0.194s] Invoking command in '/home/lunet/wj0011/ros2_ws/build/rrr_pkg': ANSYSLMD_LICENSE_FILE=1055@ansys.lboro.ac.uk CMAKE_PREFIX_PATH=${CMAKE_PREFIX_PATH}:/opt/ros/humble /usr/bin/cmake --install /home/lunet/wj0011/ros2_ws/build/rrr_pkg
[0.215s] -- Install configuration: ""
[0.216s] -- Up-to-date: /home/lunet/wj0011/ros2_ws/install/rrr_pkg/share/rrr_pkg/launch
[0.219s] -- Up-to-date: /home/lunet/wj0011/ros2_ws/install/rrr_pkg/share/rrr_pkg/launch/robot.launch.py
[0.220s] -- Up-to-date: /home/lunet/wj0011/ros2_ws/install/rrr_pkg/share/rrr_pkg/urdf
[0.222s] -- Up-to-date: /home/lunet/wj0011/ros2_ws/install/rrr_pkg/share/rrr_pkg/urdf/robot.urdf
[0.223s] -- Up-to-date: /home/lunet/wj0011/ros2_ws/install/rrr_pkg/share/ament_index/resource_index/package_run_dependencies/rrr_pkg
[0.225s] -- Up-to-date: /home/lunet/wj0011/ros2_ws/install/rrr_pkg/share/ament_index/resource_index/parent_prefix_path/rrr_pkg
[0.226s] -- Up-to-date: /home/lunet/wj0011/ros2_ws/install/rrr_pkg/share/rrr_pkg/environment/ament_prefix_path.sh
[0.228s] -- Up-to-date: /home/lunet/wj0011/ros2_ws/install/rrr_pkg/share/rrr_pkg/environment/ament_prefix_path.dsv
[0.228s] -- Up-to-date: /home/lunet/wj0011/ros2_ws/install/rrr_pkg/share/rrr_pkg/environment/path.sh
[0.230s] -- Up-to-date: /home/lunet/wj0011/ros2_ws/install/rrr_pkg/share/rrr_pkg/environment/path.dsv
[0.231s] -- Up-to-date: /home/lunet/wj0011/ros2_ws/install/rrr_pkg/share/rrr_pkg/local_setup.bash
[0.231s] -- Up-to-date: /home/lunet/wj0011/ros2_ws/install/rrr_pkg/share/rrr_pkg/local_setup.sh
[0.232s] -- Up-to-date: /home/lunet/wj0011/ros2_ws/install/rrr_pkg/share/rrr_pkg/local_setup.zsh
[0.233s] -- Up-to-date: /home/lunet/wj0011/ros2_ws/install/rrr_pkg/share/rrr_pkg/local_setup.dsv
[0.241s] -- Installing: /home/lunet/wj0011/ros2_ws/install/rrr_pkg/share/rrr_pkg/package.dsv
[0.242s] -- Up-to-date: /home/lunet/wj0011/ros2_ws/install/rrr_pkg/share/ament_index/resource_index/packages/rrr_pkg
[0.243s] -- Up-to-date: /home/lunet/wj0011/ros2_ws/install/rrr_pkg/share/rrr_pkg/cmake/rrr_pkgConfig.cmake
[0.244s] -- Up-to-date: /home/lunet/wj0011/ros2_ws/install/rrr_pkg/share/rrr_pkg/cmake/rrr_pkgConfig-version.cmake
[0.245s] -- Up-to-date: /home/lunet/wj0011/ros2_ws/install/rrr_pkg/share/rrr_pkg/package.xml
[0.249s] Invoked command in '/home/lunet/wj0011/ros2_ws/build/rrr_pkg' returned '0': ANSYSLMD_LICENSE_FILE=1055@ansys.lboro.ac.uk CMAKE_PREFIX_PATH=${CMAKE_PREFIX_PATH}:/opt/ros/humble /usr/bin/cmake --install /home/lunet/wj0011/ros2_ws/build/rrr_pkg
