[0.032s] Invoking command in '/home/lunet/wj0011/ros2_ws/build/rrrrr_pkg': CMAKE_PREFIX_PATH=${CMAKE_PREFIX_PATH}:/opt/ros/humble /usr/bin/cmake --build /home/lunet/wj0011/ros2_ws/build/rrrrr_pkg -- -j32 -l32
[0.059s] Invoked command in '/home/lunet/wj0011/ros2_ws/build/rrrrr_pkg' returned '0': CMAKE_PREFIX_PATH=${CMAKE_PREFIX_PATH}:/opt/ros/humble /usr/bin/cmake --build /home/lunet/wj0011/ros2_ws/build/rrrrr_pkg -- -j32 -l32
[0.060s] Invoking command in '/home/lunet/wj0011/ros2_ws/build/rrrrr_pkg': CMAKE_PREFIX_PATH=${CMAKE_PREFIX_PATH}:/opt/ros/humble /usr/bin/cmake --install /home/lunet/wj0011/ros2_ws/build/rrrrr_pkg
[0.067s] -- Install configuration: ""
[0.067s] -- Up-to-date: /home/lunet/wj0011/ros2_ws/install/rrrrr_pkg/share/rrrrr_pkg/launch
[0.069s] -- Up-to-date: /home/lunet/wj0011/ros2_ws/install/rrrrr_pkg/share/rrrrr_pkg/launch/robot.launch.py
[0.069s] -- Up-to-date: /home/lunet/wj0011/ros2_ws/install/rrrrr_pkg/share/rrrrr_pkg/urdf
[0.071s] -- Up-to-date: /home/lunet/wj0011/ros2_ws/install/rrrrr_pkg/share/rrrrr_pkg/urdf/robot.urdf
[0.072s] -- Up-to-date: /home/lunet/wj0011/ros2_ws/install/rrrrr_pkg/share/ament_index/resource_index/package_run_dependencies/rrrrr_pkg
[0.072s] -- Up-to-date: /home/lunet/wj0011/ros2_ws/install/rrrrr_pkg/share/ament_index/resource_index/parent_prefix_path/rrrrr_pkg
[0.073s] -- Up-to-date: /home/lunet/wj0011/ros2_ws/install/rrrrr_pkg/share/rrrrr_pkg/environment/ament_prefix_path.sh
[0.074s] -- Up-to-date: /home/lunet/wj0011/ros2_ws/install/rrrrr_pkg/share/rrrrr_pkg/environment/ament_prefix_path.dsv
[0.074s] -- Up-to-date: /home/lunet/wj0011/ros2_ws/install/rrrrr_pkg/share/rrrrr_pkg/environment/path.sh
[0.075s] -- Up-to-date: /home/lunet/wj0011/ros2_ws/install/rrrrr_pkg/share/rrrrr_pkg/environment/path.dsv
[0.076s] -- Up-to-date: /home/lunet/wj0011/ros2_ws/install/rrrrr_pkg/share/rrrrr_pkg/local_setup.bash
[0.076s] -- Up-to-date: /home/lunet/wj0011/ros2_ws/install/rrrrr_pkg/share/rrrrr_pkg/local_setup.sh
[0.077s] -- Up-to-date: /home/lunet/wj0011/ros2_ws/install/rrrrr_pkg/share/rrrrr_pkg/local_setup.zsh
[0.078s] -- Up-to-date: /home/lunet/wj0011/ros2_ws/install/rrrrr_pkg/share/rrrrr_pkg/local_setup.dsv
[0.078s] -- Installing: /home/lunet/wj0011/ros2_ws/install/rrrrr_pkg/share/rrrrr_pkg/package.dsv
[0.083s] -- Up-to-date: /home/lunet/wj0011/ros2_ws/install/rrrrr_pkg/share/ament_index/resource_index/packages/rrrrr_pkg
[0.084s] -- Up-to-date: /home/lunet/wj0011/ros2_ws/install/rrrrr_pkg/share/rrrrr_pkg/cmake/rrrrr_pkgConfig.cmake
[0.085s] -- Up-to-date: /home/lunet/wj0011/ros2_ws/install/rrrrr_pkg/share/rrrrr_pkg/cmake/rrrrr_pkgConfig-version.cmake
[0.085s] -- Up-to-date: /home/lunet/wj0011/ros2_ws/install/rrrrr_pkg/share/rrrrr_pkg/package.xml
[0.131s] Invoked command in '/home/lunet/wj0011/ros2_ws/build/rrrrr_pkg' returned '0': CMAKE_PREFIX_PATH=${CMAKE_PREFIX_PATH}:/opt/ros/humble /usr/bin/cmake --install /home/lunet/wj0011/ros2_ws/build/rrrrr_pkg
