[0.061s] Invoking command in '/home/lunet/wj0011/ros2_ws/build/ros2_fundamentals_examples': ANSYSLMD_LICENSE_FILE=1055@ansys.lboro.ac.uk CMAKE_PREFIX_PATH=${CMAKE_PREFIX_PATH}:/opt/ros/humble /usr/bin/cmake --build /home/lunet/wj0011/ros2_ws/build/ros2_fundamentals_examples -- -j32 -l32
[0.139s] Built target ament_cmake_python_copy_ros2_fundamentals_examples
[0.273s] running egg_info
[0.273s] writing ros2_fundamentals_examples.egg-info/PKG-INFO
[0.273s] writing dependency_links to ros2_fundamentals_examples.egg-info/dependency_links.txt
[0.276s] writing top-level names to ros2_fundamentals_examples.egg-info/top_level.txt
[0.280s] reading manifest file 'ros2_fundamentals_examples.egg-info/SOURCES.txt'
[0.282s] writing manifest file 'ros2_fundamentals_examples.egg-info/SOURCES.txt'
[0.300s] Built target ament_cmake_python_build_ros2_fundamentals_examples_egg
[0.375s] Invoked command in '/home/lunet/wj0011/ros2_ws/build/ros2_fundamentals_examples' returned '0': ANSYSLMD_LICENSE_FILE=1055@ansys.lboro.ac.uk CMAKE_PREFIX_PATH=${CMAKE_PREFIX_PATH}:/opt/ros/humble /usr/bin/cmake --build /home/lunet/wj0011/ros2_ws/build/ros2_fundamentals_examples -- -j32 -l32
[0.375s] Invoking command in '/home/lunet/wj0011/ros2_ws/build/ros2_fundamentals_examples': ANSYSLMD_LICENSE_FILE=1055@ansys.lboro.ac.uk CMAKE_PREFIX_PATH=${CMAKE_PREFIX_PATH}:/opt/ros/humble /usr/bin/cmake --install /home/lunet/wj0011/ros2_ws/build/ros2_fundamentals_examples
[0.380s] -- Install configuration: ""
[0.381s] -- Up-to-date: /home/lunet/wj0011/ros2_ws/install/ros2_fundamentals_examples/share/ros2_fundamentals_examples/ros2_fundamentals_examples
[0.382s] -- Up-to-date: /home/lunet/wj0011/ros2_ws/install/ros2_fundamentals_examples/share/ros2_fundamentals_examples/ros2_fundamentals_examples/examplePublisher.py
[0.383s] -- Up-to-date: /home/lunet/wj0011/ros2_ws/install/ros2_fundamentals_examples/share/ros2_fundamentals_examples/ros2_fundamentals_examples/__init__.py
[0.384s] -- Up-to-date: /home/lunet/wj0011/ros2_ws/install/ros2_fundamentals_examples/share/ros2_fundamentals_examples/ros2_fundamentals_examples/exampleSubscriber.py
[0.385s] -- Up-to-date: /home/lunet/wj0011/ros2_ws/install/ros2_fundamentals_examples/include
[0.386s] -- Up-to-date: /home/lunet/wj0011/ros2_ws/install/ros2_fundamentals_examples/include/ros2_fundamentals_examples
[0.387s] -- Up-to-date: /home/lunet/wj0011/ros2_ws/install/ros2_fundamentals_examples/share/ros2_fundamentals_examples/environment/pythonpath.sh
[0.388s] -- Up-to-date: /home/lunet/wj0011/ros2_ws/install/ros2_fundamentals_examples/share/ros2_fundamentals_examples/environment/pythonpath.dsv
[0.390s] -- Up-to-date: /home/lunet/wj0011/ros2_ws/install/ros2_fundamentals_examples/local/lib/python3.10/dist-packages/ros2_fundamentals_examples-0.0.0-py3.10.egg-info
[0.391s] -- Installing: /home/lunet/wj0011/ros2_ws/install/ros2_fundamentals_examples/local/lib/python3.10/dist-packages/ros2_fundamentals_examples-0.0.0-py3.10.egg-info/PKG-INFO
[0.396s] -- Installing: /home/lunet/wj0011/ros2_ws/install/ros2_fundamentals_examples/local/lib/python3.10/dist-packages/ros2_fundamentals_examples-0.0.0-py3.10.egg-info/dependency_links.txt
[0.402s] -- Installing: /home/lunet/wj0011/ros2_ws/install/ros2_fundamentals_examples/local/lib/python3.10/dist-packages/ros2_fundamentals_examples-0.0.0-py3.10.egg-info/top_level.txt
[0.407s] -- Installing: /home/lunet/wj0011/ros2_ws/install/ros2_fundamentals_examples/local/lib/python3.10/dist-packages/ros2_fundamentals_examples-0.0.0-py3.10.egg-info/SOURCES.txt
[0.413s] -- Up-to-date: /home/lunet/wj0011/ros2_ws/install/ros2_fundamentals_examples/local/lib/python3.10/dist-packages/ros2_fundamentals_examples
[0.414s] -- Up-to-date: /home/lunet/wj0011/ros2_ws/install/ros2_fundamentals_examples/local/lib/python3.10/dist-packages/ros2_fundamentals_examples/examplePublisher.py
[0.415s] -- Up-to-date: /home/lunet/wj0011/ros2_ws/install/ros2_fundamentals_examples/local/lib/python3.10/dist-packages/ros2_fundamentals_examples/__init__.py
[0.416s] -- Up-to-date: /home/lunet/wj0011/ros2_ws/install/ros2_fundamentals_examples/local/lib/python3.10/dist-packages/ros2_fundamentals_examples/exampleSubscriber.py
[0.439s] Listing '/home/lunet/wj0011/ros2_ws/install/ros2_fundamentals_examples/local/lib/python3.10/dist-packages/ros2_fundamentals_examples'...
[0.443s] -- Up-to-date: /home/lunet/wj0011/ros2_ws/install/ros2_fundamentals_examples/lib/ros2_fundamentals_examples/examplePublisher.py
[0.444s] -- Up-to-date: /home/lunet/wj0011/ros2_ws/install/ros2_fundamentals_examples/lib/ros2_fundamentals_examples/exampleSubscriber.py
[0.444s] -- Up-to-date: /home/lunet/wj0011/ros2_ws/install/ros2_fundamentals_examples/share/ament_index/resource_index/package_run_dependencies/ros2_fundamentals_examples
[0.446s] -- Up-to-date: /home/lunet/wj0011/ros2_ws/install/ros2_fundamentals_examples/share/ament_index/resource_index/parent_prefix_path/ros2_fundamentals_examples
[0.446s] -- Up-to-date: /home/lunet/wj0011/ros2_ws/install/ros2_fundamentals_examples/share/ros2_fundamentals_examples/environment/ament_prefix_path.sh
[0.447s] -- Up-to-date: /home/lunet/wj0011/ros2_ws/install/ros2_fundamentals_examples/share/ros2_fundamentals_examples/environment/ament_prefix_path.dsv
[0.448s] -- Up-to-date: /home/lunet/wj0011/ros2_ws/install/ros2_fundamentals_examples/share/ros2_fundamentals_examples/environment/path.sh
[0.450s] -- Up-to-date: /home/lunet/wj0011/ros2_ws/install/ros2_fundamentals_examples/share/ros2_fundamentals_examples/environment/path.dsv
[0.451s] -- Up-to-date: /home/lunet/wj0011/ros2_ws/install/ros2_fundamentals_examples/share/ros2_fundamentals_examples/local_setup.bash
[0.451s] -- Up-to-date: /home/lunet/wj0011/ros2_ws/install/ros2_fundamentals_examples/share/ros2_fundamentals_examples/local_setup.sh
[0.452s] -- Up-to-date: /home/lunet/wj0011/ros2_ws/install/ros2_fundamentals_examples/share/ros2_fundamentals_examples/local_setup.zsh
[0.453s] -- Up-to-date: /home/lunet/wj0011/ros2_ws/install/ros2_fundamentals_examples/share/ros2_fundamentals_examples/local_setup.dsv
[0.454s] -- Installing: /home/lunet/wj0011/ros2_ws/install/ros2_fundamentals_examples/share/ros2_fundamentals_examples/package.dsv
[0.459s] -- Up-to-date: /home/lunet/wj0011/ros2_ws/install/ros2_fundamentals_examples/share/ament_index/resource_index/packages/ros2_fundamentals_examples
[0.461s] -- Up-to-date: /home/lunet/wj0011/ros2_ws/install/ros2_fundamentals_examples/share/ros2_fundamentals_examples/cmake/ament_cmake_export_include_directories-extras.cmake
[0.461s] -- Up-to-date: /home/lunet/wj0011/ros2_ws/install/ros2_fundamentals_examples/share/ros2_fundamentals_examples/cmake/ros2_fundamentals_examplesConfig.cmake
[0.462s] -- Up-to-date: /home/lunet/wj0011/ros2_ws/install/ros2_fundamentals_examples/share/ros2_fundamentals_examples/cmake/ros2_fundamentals_examplesConfig-version.cmake
[0.463s] -- Up-to-date: /home/lunet/wj0011/ros2_ws/install/ros2_fundamentals_examples/share/ros2_fundamentals_examples/package.xml
[0.467s] Invoked command in '/home/lunet/wj0011/ros2_ws/build/ros2_fundamentals_examples' returned '0': ANSYSLMD_LICENSE_FILE=1055@ansys.lboro.ac.uk CMAKE_PREFIX_PATH=${CMAKE_PREFIX_PATH}:/opt/ros/humble /usr/bin/cmake --install /home/lunet/wj0011/ros2_ws/build/ros2_fundamentals_examples
