[0.056s] Invoking command in '/home/lunet/wj0011/ros2_ws/build/ros2_fundamentals_examples': ANSYSLMD_LICENSE_FILE=1055@ansys.lboro.ac.uk CMAKE_PREFIX_PATH=${CMAKE_PREFIX_PATH}:/opt/ros/humble /usr/bin/cmake --build /home/lunet/wj0011/ros2_ws/build/ros2_fundamentals_examples -- -j32 -l32
[0.240s] Built target ament_cmake_python_copy_ros2_fundamentals_examples
[0.388s] running egg_info
[0.389s] writing ros2_fundamentals_examples.egg-info/PKG-INFO
[0.392s] writing dependency_links to ros2_fundamentals_examples.egg-info/dependency_links.txt
[0.395s] writing top-level names to ros2_fundamentals_examples.egg-info/top_level.txt
[0.402s] reading manifest file 'ros2_fundamentals_examples.egg-info/SOURCES.txt'
[0.405s] writing manifest file 'ros2_fundamentals_examples.egg-info/SOURCES.txt'
[0.420s] Built target ament_cmake_python_build_ros2_fundamentals_examples_egg
[0.432s] Invoked command in '/home/lunet/wj0011/ros2_ws/build/ros2_fundamentals_examples' returned '0': ANSYSLMD_LICENSE_FILE=1055@ansys.lboro.ac.uk CMAKE_PREFIX_PATH=${CMAKE_PREFIX_PATH}:/opt/ros/humble /usr/bin/cmake --build /home/lunet/wj0011/ros2_ws/build/ros2_fundamentals_examples -- -j32 -l32
[0.453s] Invoking command in '/home/lunet/wj0011/ros2_ws/build/ros2_fundamentals_examples': ANSYSLMD_LICENSE_FILE=1055@ansys.lboro.ac.uk CMAKE_PREFIX_PATH=${CMAKE_PREFIX_PATH}:/opt/ros/humble /usr/bin/cmake --install /home/lunet/wj0011/ros2_ws/build/ros2_fundamentals_examples
[0.468s] -- Install configuration: ""
[0.469s] -- Up-to-date: /home/lunet/wj0011/ros2_ws/install/ros2_fundamentals_examples/share/ros2_fundamentals_examples/ros2_fundamentals_examples
[0.471s] -- Up-to-date: /home/lunet/wj0011/ros2_ws/install/ros2_fundamentals_examples/share/ros2_fundamentals_examples/ros2_fundamentals_examples/examplePublisher.py
[0.472s] -- Up-to-date: /home/lunet/wj0011/ros2_ws/install/ros2_fundamentals_examples/share/ros2_fundamentals_examples/ros2_fundamentals_examples/__init__.py
[0.473s] -- Up-to-date: /home/lunet/wj0011/ros2_ws/install/ros2_fundamentals_examples/share/ros2_fundamentals_examples/ros2_fundamentals_examples/exampleSubscriber.py
[0.473s] -- Up-to-date: /home/lunet/wj0011/ros2_ws/install/ros2_fundamentals_examples/include
[0.475s] -- Up-to-date: /home/lunet/wj0011/ros2_ws/install/ros2_fundamentals_examples/include/ros2_fundamentals_examples
[0.477s] -- Up-to-date: /home/lunet/wj0011/ros2_ws/install/ros2_fundamentals_examples/share/ros2_fundamentals_examples/environment/pythonpath.sh
[0.478s] -- Up-to-date: /home/lunet/wj0011/ros2_ws/install/ros2_fundamentals_examples/share/ros2_fundamentals_examples/environment/pythonpath.dsv
[0.479s] -- Up-to-date: /home/lunet/wj0011/ros2_ws/install/ros2_fundamentals_examples/local/lib/python3.10/dist-packages/ros2_fundamentals_examples-0.0.0-py3.10.egg-info
[0.480s] -- Installing: /home/lunet/wj0011/ros2_ws/install/ros2_fundamentals_examples/local/lib/python3.10/dist-packages/ros2_fundamentals_examples-0.0.0-py3.10.egg-info/PKG-INFO
[0.485s] -- Installing: /home/lunet/wj0011/ros2_ws/install/ros2_fundamentals_examples/local/lib/python3.10/dist-packages/ros2_fundamentals_examples-0.0.0-py3.10.egg-info/dependency_links.txt
[0.490s] -- Installing: /home/lunet/wj0011/ros2_ws/install/ros2_fundamentals_examples/local/lib/python3.10/dist-packages/ros2_fundamentals_examples-0.0.0-py3.10.egg-info/top_level.txt
[0.495s] -- Installing: /home/lunet/wj0011/ros2_ws/install/ros2_fundamentals_examples/local/lib/python3.10/dist-packages/ros2_fundamentals_examples-0.0.0-py3.10.egg-info/SOURCES.txt
[0.500s] -- Up-to-date: /home/lunet/wj0011/ros2_ws/install/ros2_fundamentals_examples/local/lib/python3.10/dist-packages/ros2_fundamentals_examples
[0.502s] -- Up-to-date: /home/lunet/wj0011/ros2_ws/install/ros2_fundamentals_examples/local/lib/python3.10/dist-packages/ros2_fundamentals_examples/examplePublisher.py
[0.503s] -- Up-to-date: /home/lunet/wj0011/ros2_ws/install/ros2_fundamentals_examples/local/lib/python3.10/dist-packages/ros2_fundamentals_examples/__init__.py
[0.503s] -- Up-to-date: /home/lunet/wj0011/ros2_ws/install/ros2_fundamentals_examples/local/lib/python3.10/dist-packages/ros2_fundamentals_examples/exampleSubscriber.py
[0.550s] Listing '/home/lunet/wj0011/ros2_ws/install/ros2_fundamentals_examples/local/lib/python3.10/dist-packages/ros2_fundamentals_examples'...
[0.553s] -- Up-to-date: /home/lunet/wj0011/ros2_ws/install/ros2_fundamentals_examples/lib/ros2_fundamentals_examples/examplePublisher.py
[0.554s] -- Up-to-date: /home/lunet/wj0011/ros2_ws/install/ros2_fundamentals_examples/lib/ros2_fundamentals_examples/exampleSubscriber.py
[0.555s] -- Up-to-date: /home/lunet/wj0011/ros2_ws/install/ros2_fundamentals_examples/share/ament_index/resource_index/package_run_dependencies/ros2_fundamentals_examples
[0.556s] -- Up-to-date: /home/lunet/wj0011/ros2_ws/install/ros2_fundamentals_examples/share/ament_index/resource_index/parent_prefix_path/ros2_fundamentals_examples
[0.557s] -- Up-to-date: /home/lunet/wj0011/ros2_ws/install/ros2_fundamentals_examples/share/ros2_fundamentals_examples/environment/ament_prefix_path.sh
[0.558s] -- Up-to-date: /home/lunet/wj0011/ros2_ws/install/ros2_fundamentals_examples/share/ros2_fundamentals_examples/environment/ament_prefix_path.dsv
[0.559s] -- Up-to-date: /home/lunet/wj0011/ros2_ws/install/ros2_fundamentals_examples/share/ros2_fundamentals_examples/environment/path.sh
[0.560s] -- Up-to-date: /home/lunet/wj0011/ros2_ws/install/ros2_fundamentals_examples/share/ros2_fundamentals_examples/environment/path.dsv
[0.561s] -- Up-to-date: /home/lunet/wj0011/ros2_ws/install/ros2_fundamentals_examples/share/ros2_fundamentals_examples/local_setup.bash
[0.562s] -- Up-to-date: /home/lunet/wj0011/ros2_ws/install/ros2_fundamentals_examples/share/ros2_fundamentals_examples/local_setup.sh
[0.563s] -- Up-to-date: /home/lunet/wj0011/ros2_ws/install/ros2_fundamentals_examples/share/ros2_fundamentals_examples/local_setup.zsh
[0.564s] -- Up-to-date: /home/lunet/wj0011/ros2_ws/install/ros2_fundamentals_examples/share/ros2_fundamentals_examples/local_setup.dsv
[0.565s] -- Installing: /home/lunet/wj0011/ros2_ws/install/ros2_fundamentals_examples/share/ros2_fundamentals_examples/package.dsv
[0.571s] -- Up-to-date: /home/lunet/wj0011/ros2_ws/install/ros2_fundamentals_examples/share/ament_index/resource_index/packages/ros2_fundamentals_examples
[0.573s] -- Up-to-date: /home/lunet/wj0011/ros2_ws/install/ros2_fundamentals_examples/share/ros2_fundamentals_examples/cmake/ament_cmake_export_include_directories-extras.cmake
[0.573s] -- Up-to-date: /home/lunet/wj0011/ros2_ws/install/ros2_fundamentals_examples/share/ros2_fundamentals_examples/cmake/ros2_fundamentals_examplesConfig.cmake
[0.574s] -- Up-to-date: /home/lunet/wj0011/ros2_ws/install/ros2_fundamentals_examples/share/ros2_fundamentals_examples/cmake/ros2_fundamentals_examplesConfig-version.cmake
[0.575s] -- Up-to-date: /home/lunet/wj0011/ros2_ws/install/ros2_fundamentals_examples/share/ros2_fundamentals_examples/package.xml
[0.578s] Invoked command in '/home/lunet/wj0011/ros2_ws/build/ros2_fundamentals_examples' returned '0': ANSYSLMD_LICENSE_FILE=1055@ansys.lboro.ac.uk CMAKE_PREFIX_PATH=${CMAKE_PREFIX_PATH}:/opt/ros/humble /usr/bin/cmake --install /home/lunet/wj0011/ros2_ws/build/ros2_fundamentals_examples
