[0.062s] DEBUG:colcon:Command line arguments: ['/usr/bin/colcon', 'build']
[0.062s] DEBUG:colcon:Parsed command line arguments: Namespace(log_base=None, log_level=None, verb_name='build', build_base='build', install_base='install', merge_install=False, symlink_install=False, test_result_base=None, continue_on_error=False, executor='parallel', parallel_workers=32, event_handlers=None, ignore_user_meta=False, metas=['./colcon.meta'], base_paths=['.'], packages_ignore=None, packages_ignore_regex=None, paths=None, packages_up_to=None, packages_up_to_regex=None, packages_above=None, packages_above_and_dependencies=None, packages_above_depth=None, packages_select_by_dep=None, packages_skip_by_dep=None, packages_skip_up_to=None, packages_select_build_failed=False, packages_skip_build_finished=False, packages_select_test_failures=False, packages_skip_test_passed=False, packages_select=None, packages_skip=None, packages_select_regex=None, packages_skip_regex=None, packages_start=None, packages_end=None, allow_overriding=[], cmake_args=None, cmake_target=None, cmake_target_skip_unavailable=False, cmake_clean_cache=False, cmake_clean_first=False, cmake_force_configure=False, ament_cmake_args=None, catkin_cmake_args=None, catkin_skip_building_tests=False, mixin_files=None, mixin=None, verb_parser=<colcon_mixin.mixin.mixin_argument.MixinArgumentDecorator object at 0x7139ec962500>, verb_extension=<colcon_core.verb.build.BuildVerb object at 0x7139eca63490>, main=<bound method BuildVerb.main of <colcon_core.verb.build.BuildVerb object at 0x7139eca63490>>, mixin_verb=('build',))
[0.156s] Level 1:colcon.colcon_core.package_discovery:discover_packages(colcon_meta) check parameters
[0.156s] Level 1:colcon.colcon_core.package_discovery:discover_packages(recursive) check parameters
[0.156s] Level 1:colcon.colcon_core.package_discovery:discover_packages(ignore) check parameters
[0.156s] Level 1:colcon.colcon_core.package_discovery:discover_packages(path) check parameters
[0.156s] Level 1:colcon.colcon_core.package_discovery:discover_packages(colcon_meta) discover
[0.156s] Level 1:colcon.colcon_core.package_discovery:discover_packages(recursive) discover
[0.156s] INFO:colcon.colcon_core.package_discovery:Crawling recursively for packages in '/home/lunet/wj0011/ros2_ws'
[0.156s] Level 1:colcon.colcon_core.package_identification:_identify(.) by extensions ['ignore', 'ignore_ament_install']
[0.156s] Level 1:colcon.colcon_core.package_identification:_identify(.) by extension 'ignore'
[0.156s] Level 1:colcon.colcon_core.package_identification:_identify(.) by extension 'ignore_ament_install'
[0.156s] Level 1:colcon.colcon_core.package_identification:_identify(.) by extensions ['colcon_pkg']
[0.156s] Level 1:colcon.colcon_core.package_identification:_identify(.) by extension 'colcon_pkg'
[0.156s] Level 1:colcon.colcon_core.package_identification:_identify(.) by extensions ['colcon_meta']
[0.156s] Level 1:colcon.colcon_core.package_identification:_identify(.) by extension 'colcon_meta'
[0.156s] Level 1:colcon.colcon_core.package_identification:_identify(.) by extensions ['ros']
[0.156s] Level 1:colcon.colcon_core.package_identification:_identify(.) by extension 'ros'
[0.162s] Level 1:colcon.colcon_core.package_identification:_identify(.) by extensions ['cmake', 'python']
[0.162s] Level 1:colcon.colcon_core.package_identification:_identify(.) by extension 'cmake'
[0.162s] Level 1:colcon.colcon_core.package_identification:_identify(.) by extension 'python'
[0.162s] Level 1:colcon.colcon_core.package_identification:_identify(.) by extensions ['python_setup_py']
[0.162s] Level 1:colcon.colcon_core.package_identification:_identify(.) by extension 'python_setup_py'
[0.163s] Level 1:colcon.colcon_core.package_identification:_identify(build) by extensions ['ignore', 'ignore_ament_install']
[0.163s] Level 1:colcon.colcon_core.package_identification:_identify(build) by extension 'ignore'
[0.163s] Level 1:colcon.colcon_core.package_identification:_identify(build) ignored
[0.163s] Level 1:colcon.colcon_core.package_identification:_identify(install) by extensions ['ignore', 'ignore_ament_install']
[0.163s] Level 1:colcon.colcon_core.package_identification:_identify(install) by extension 'ignore'
[0.163s] Level 1:colcon.colcon_core.package_identification:_identify(install) ignored
[0.164s] Level 1:colcon.colcon_core.package_identification:_identify(log) by extensions ['ignore', 'ignore_ament_install']
[0.164s] Level 1:colcon.colcon_core.package_identification:_identify(log) by extension 'ignore'
[0.164s] Level 1:colcon.colcon_core.package_identification:_identify(log) ignored
[0.165s] Level 1:colcon.colcon_core.package_identification:_identify(src) by extensions ['ignore', 'ignore_ament_install']
[0.165s] Level 1:colcon.colcon_core.package_identification:_identify(src) by extension 'ignore'
[0.165s] Level 1:colcon.colcon_core.package_identification:_identify(src) by extension 'ignore_ament_install'
[0.165s] Level 1:colcon.colcon_core.package_identification:_identify(src) by extensions ['colcon_pkg']
[0.165s] Level 1:colcon.colcon_core.package_identification:_identify(src) by extension 'colcon_pkg'
[0.165s] Level 1:colcon.colcon_core.package_identification:_identify(src) by extensions ['colcon_meta']
[0.165s] Level 1:colcon.colcon_core.package_identification:_identify(src) by extension 'colcon_meta'
[0.165s] Level 1:colcon.colcon_core.package_identification:_identify(src) by extensions ['ros']
[0.165s] Level 1:colcon.colcon_core.package_identification:_identify(src) by extension 'ros'
[0.165s] Level 1:colcon.colcon_core.package_identification:_identify(src) by extensions ['cmake', 'python']
[0.165s] Level 1:colcon.colcon_core.package_identification:_identify(src) by extension 'cmake'
[0.165s] Level 1:colcon.colcon_core.package_identification:_identify(src) by extension 'python'
[0.165s] Level 1:colcon.colcon_core.package_identification:_identify(src) by extensions ['python_setup_py']
[0.165s] Level 1:colcon.colcon_core.package_identification:_identify(src) by extension 'python_setup_py'
[0.165s] Level 1:colcon.colcon_core.package_identification:_identify(src/ros2_fundamentals_examples) by extensions ['ignore', 'ignore_ament_install']
[0.165s] Level 1:colcon.colcon_core.package_identification:_identify(src/ros2_fundamentals_examples) by extension 'ignore'
[0.166s] Level 1:colcon.colcon_core.package_identification:_identify(src/ros2_fundamentals_examples) by extension 'ignore_ament_install'
[0.166s] Level 1:colcon.colcon_core.package_identification:_identify(src/ros2_fundamentals_examples) by extensions ['colcon_pkg']
[0.166s] Level 1:colcon.colcon_core.package_identification:_identify(src/ros2_fundamentals_examples) by extension 'colcon_pkg'
[0.166s] Level 1:colcon.colcon_core.package_identification:_identify(src/ros2_fundamentals_examples) by extensions ['colcon_meta']
[0.166s] Level 1:colcon.colcon_core.package_identification:_identify(src/ros2_fundamentals_examples) by extension 'colcon_meta'
[0.166s] Level 1:colcon.colcon_core.package_identification:_identify(src/ros2_fundamentals_examples) by extensions ['ros']
[0.166s] Level 1:colcon.colcon_core.package_identification:_identify(src/ros2_fundamentals_examples) by extension 'ros'
[0.168s] DEBUG:colcon.colcon_core.package_identification:Package 'src/ros2_fundamentals_examples' with type 'ros.ament_cmake' and name 'ros2_fundamentals_examples'
[0.168s] Level 1:colcon.colcon_core.package_identification:_identify(src/rrr_pkg) by extensions ['ignore', 'ignore_ament_install']
[0.168s] Level 1:colcon.colcon_core.package_identification:_identify(src/rrr_pkg) by extension 'ignore'
[0.168s] Level 1:colcon.colcon_core.package_identification:_identify(src/rrr_pkg) by extension 'ignore_ament_install'
[0.168s] Level 1:colcon.colcon_core.package_identification:_identify(src/rrr_pkg) by extensions ['colcon_pkg']
[0.168s] Level 1:colcon.colcon_core.package_identification:_identify(src/rrr_pkg) by extension 'colcon_pkg'
[0.168s] Level 1:colcon.colcon_core.package_identification:_identify(src/rrr_pkg) by extensions ['colcon_meta']
[0.168s] Level 1:colcon.colcon_core.package_identification:_identify(src/rrr_pkg) by extension 'colcon_meta'
[0.168s] Level 1:colcon.colcon_core.package_identification:_identify(src/rrr_pkg) by extensions ['ros']
[0.168s] Level 1:colcon.colcon_core.package_identification:_identify(src/rrr_pkg) by extension 'ros'
[0.170s] DEBUG:colcon.colcon_core.package_identification:Package 'src/rrr_pkg' with type 'ros.ament_cmake' and name 'rrr_pkg'
[0.170s] Level 1:colcon.colcon_core.package_identification:_identify(src/rrrrr_finger_pkg) by extensions ['ignore', 'ignore_ament_install']
[0.170s] Level 1:colcon.colcon_core.package_identification:_identify(src/rrrrr_finger_pkg) by extension 'ignore'
[0.170s] Level 1:colcon.colcon_core.package_identification:_identify(src/rrrrr_finger_pkg) by extension 'ignore_ament_install'
[0.170s] Level 1:colcon.colcon_core.package_identification:_identify(src/rrrrr_finger_pkg) by extensions ['colcon_pkg']
[0.170s] Level 1:colcon.colcon_core.package_identification:_identify(src/rrrrr_finger_pkg) by extension 'colcon_pkg'
[0.170s] Level 1:colcon.colcon_core.package_identification:_identify(src/rrrrr_finger_pkg) by extensions ['colcon_meta']
[0.170s] Level 1:colcon.colcon_core.package_identification:_identify(src/rrrrr_finger_pkg) by extension 'colcon_meta'
[0.170s] Level 1:colcon.colcon_core.package_identification:_identify(src/rrrrr_finger_pkg) by extensions ['ros']
[0.170s] Level 1:colcon.colcon_core.package_identification:_identify(src/rrrrr_finger_pkg) by extension 'ros'
[0.172s] DEBUG:colcon.colcon_core.package_identification:Package 'src/rrrrr_finger_pkg' with type 'ros.ament_cmake' and name 'rrrrr_finger_pkg'
[0.172s] Level 1:colcon.colcon_core.package_identification:_identify(src/rrrrr_pkg) by extensions ['ignore', 'ignore_ament_install']
[0.172s] Level 1:colcon.colcon_core.package_identification:_identify(src/rrrrr_pkg) by extension 'ignore'
[0.172s] Level 1:colcon.colcon_core.package_identification:_identify(src/rrrrr_pkg) by extension 'ignore_ament_install'
[0.172s] Level 1:colcon.colcon_core.package_identification:_identify(src/rrrrr_pkg) by extensions ['colcon_pkg']
[0.172s] Level 1:colcon.colcon_core.package_identification:_identify(src/rrrrr_pkg) by extension 'colcon_pkg'
[0.172s] Level 1:colcon.colcon_core.package_identification:_identify(src/rrrrr_pkg) by extensions ['colcon_meta']
[0.172s] Level 1:colcon.colcon_core.package_identification:_identify(src/rrrrr_pkg) by extension 'colcon_meta'
[0.172s] Level 1:colcon.colcon_core.package_identification:_identify(src/rrrrr_pkg) by extensions ['ros']
[0.172s] Level 1:colcon.colcon_core.package_identification:_identify(src/rrrrr_pkg) by extension 'ros'
[0.173s] DEBUG:colcon.colcon_core.package_identification:Package 'src/rrrrr_pkg' with type 'ros.ament_cmake' and name 'rrrrr_pkg'
[0.173s] Level 1:colcon.colcon_core.package_discovery:discover_packages(recursive) using defaults
[0.173s] Level 1:colcon.colcon_core.package_discovery:discover_packages(ignore) discover
[0.173s] Level 1:colcon.colcon_core.package_discovery:discover_packages(ignore) using defaults
[0.173s] Level 1:colcon.colcon_core.package_discovery:discover_packages(path) discover
[0.173s] Level 1:colcon.colcon_core.package_discovery:discover_packages(path) using defaults
[0.189s] Level 1:colcon.colcon_core.package_discovery:discover_packages(prefix_path) check parameters
[0.189s] Level 1:colcon.colcon_core.package_discovery:discover_packages(prefix_path) discover
[0.199s] DEBUG:colcon.colcon_installed_package_information.package_discovery:Found 4 installed packages in /home/lunet/wj0011/ros2_ws/install
[0.201s] DEBUG:colcon.colcon_installed_package_information.package_discovery:Found 424 installed packages in /opt/ros/humble
[0.202s] Level 1:colcon.colcon_core.package_discovery:discover_packages(prefix_path) using defaults
[0.237s] Level 5:colcon.colcon_core.verb:set package 'ros2_fundamentals_examples' build argument 'cmake_args' from command line to 'None'
[0.237s] Level 5:colcon.colcon_core.verb:set package 'ros2_fundamentals_examples' build argument 'cmake_target' from command line to 'None'
[0.237s] Level 5:colcon.colcon_core.verb:set package 'ros2_fundamentals_examples' build argument 'cmake_target_skip_unavailable' from command line to 'False'
[0.237s] Level 5:colcon.colcon_core.verb:set package 'ros2_fundamentals_examples' build argument 'cmake_clean_cache' from command line to 'False'
[0.237s] Level 5:colcon.colcon_core.verb:set package 'ros2_fundamentals_examples' build argument 'cmake_clean_first' from command line to 'False'
[0.238s] Level 5:colcon.colcon_core.verb:set package 'ros2_fundamentals_examples' build argument 'cmake_force_configure' from command line to 'False'
[0.238s] Level 5:colcon.colcon_core.verb:set package 'ros2_fundamentals_examples' build argument 'ament_cmake_args' from command line to 'None'
[0.238s] Level 5:colcon.colcon_core.verb:set package 'ros2_fundamentals_examples' build argument 'catkin_cmake_args' from command line to 'None'
[0.238s] Level 5:colcon.colcon_core.verb:set package 'ros2_fundamentals_examples' build argument 'catkin_skip_building_tests' from command line to 'False'
[0.238s] DEBUG:colcon.colcon_core.verb:Building package 'ros2_fundamentals_examples' with the following arguments: {'ament_cmake_args': None, 'build_base': '/home/lunet/wj0011/ros2_ws/build/ros2_fundamentals_examples', 'catkin_cmake_args': None, 'catkin_skip_building_tests': False, 'cmake_args': None, 'cmake_clean_cache': False, 'cmake_clean_first': False, 'cmake_force_configure': False, 'cmake_target': None, 'cmake_target_skip_unavailable': False, 'install_base': '/home/lunet/wj0011/ros2_ws/install/ros2_fundamentals_examples', 'merge_install': False, 'path': '/home/lunet/wj0011/ros2_ws/src/ros2_fundamentals_examples', 'symlink_install': False, 'test_result_base': None}
[0.238s] Level 5:colcon.colcon_core.verb:set package 'rrr_pkg' build argument 'cmake_args' from command line to 'None'
[0.238s] Level 5:colcon.colcon_core.verb:set package 'rrr_pkg' build argument 'cmake_target' from command line to 'None'
[0.238s] Level 5:colcon.colcon_core.verb:set package 'rrr_pkg' build argument 'cmake_target_skip_unavailable' from command line to 'False'
[0.238s] Level 5:colcon.colcon_core.verb:set package 'rrr_pkg' build argument 'cmake_clean_cache' from command line to 'False'
[0.238s] Level 5:colcon.colcon_core.verb:set package 'rrr_pkg' build argument 'cmake_clean_first' from command line to 'False'
[0.238s] Level 5:colcon.colcon_core.verb:set package 'rrr_pkg' build argument 'cmake_force_configure' from command line to 'False'
[0.238s] Level 5:colcon.colcon_core.verb:set package 'rrr_pkg' build argument 'ament_cmake_args' from command line to 'None'
[0.238s] Level 5:colcon.colcon_core.verb:set package 'rrr_pkg' build argument 'catkin_cmake_args' from command line to 'None'
[0.238s] Level 5:colcon.colcon_core.verb:set package 'rrr_pkg' build argument 'catkin_skip_building_tests' from command line to 'False'
[0.238s] DEBUG:colcon.colcon_core.verb:Building package 'rrr_pkg' with the following arguments: {'ament_cmake_args': None, 'build_base': '/home/lunet/wj0011/ros2_ws/build/rrr_pkg', 'catkin_cmake_args': None, 'catkin_skip_building_tests': False, 'cmake_args': None, 'cmake_clean_cache': False, 'cmake_clean_first': False, 'cmake_force_configure': False, 'cmake_target': None, 'cmake_target_skip_unavailable': False, 'install_base': '/home/lunet/wj0011/ros2_ws/install/rrr_pkg', 'merge_install': False, 'path': '/home/lunet/wj0011/ros2_ws/src/rrr_pkg', 'symlink_install': False, 'test_result_base': None}
[0.238s] Level 5:colcon.colcon_core.verb:set package 'rrrrr_finger_pkg' build argument 'cmake_args' from command line to 'None'
[0.238s] Level 5:colcon.colcon_core.verb:set package 'rrrrr_finger_pkg' build argument 'cmake_target' from command line to 'None'
[0.238s] Level 5:colcon.colcon_core.verb:set package 'rrrrr_finger_pkg' build argument 'cmake_target_skip_unavailable' from command line to 'False'
[0.238s] Level 5:colcon.colcon_core.verb:set package 'rrrrr_finger_pkg' build argument 'cmake_clean_cache' from command line to 'False'
[0.238s] Level 5:colcon.colcon_core.verb:set package 'rrrrr_finger_pkg' build argument 'cmake_clean_first' from command line to 'False'
[0.238s] Level 5:colcon.colcon_core.verb:set package 'rrrrr_finger_pkg' build argument 'cmake_force_configure' from command line to 'False'
[0.238s] Level 5:colcon.colcon_core.verb:set package 'rrrrr_finger_pkg' build argument 'ament_cmake_args' from command line to 'None'
[0.238s] Level 5:colcon.colcon_core.verb:set package 'rrrrr_finger_pkg' build argument 'catkin_cmake_args' from command line to 'None'
[0.238s] Level 5:colcon.colcon_core.verb:set package 'rrrrr_finger_pkg' build argument 'catkin_skip_building_tests' from command line to 'False'
[0.238s] DEBUG:colcon.colcon_core.verb:Building package 'rrrrr_finger_pkg' with the following arguments: {'ament_cmake_args': None, 'build_base': '/home/lunet/wj0011/ros2_ws/build/rrrrr_finger_pkg', 'catkin_cmake_args': None, 'catkin_skip_building_tests': False, 'cmake_args': None, 'cmake_clean_cache': False, 'cmake_clean_first': False, 'cmake_force_configure': False, 'cmake_target': None, 'cmake_target_skip_unavailable': False, 'install_base': '/home/lunet/wj0011/ros2_ws/install/rrrrr_finger_pkg', 'merge_install': False, 'path': '/home/lunet/wj0011/ros2_ws/src/rrrrr_finger_pkg', 'symlink_install': False, 'test_result_base': None}
[0.238s] Level 5:colcon.colcon_core.verb:set package 'rrrrr_pkg' build argument 'cmake_args' from command line to 'None'
[0.238s] Level 5:colcon.colcon_core.verb:set package 'rrrrr_pkg' build argument 'cmake_target' from command line to 'None'
[0.238s] Level 5:colcon.colcon_core.verb:set package 'rrrrr_pkg' build argument 'cmake_target_skip_unavailable' from command line to 'False'
[0.238s] Level 5:colcon.colcon_core.verb:set package 'rrrrr_pkg' build argument 'cmake_clean_cache' from command line to 'False'
[0.238s] Level 5:colcon.colcon_core.verb:set package 'rrrrr_pkg' build argument 'cmake_clean_first' from command line to 'False'
[0.238s] Level 5:colcon.colcon_core.verb:set package 'rrrrr_pkg' build argument 'cmake_force_configure' from command line to 'False'
[0.238s] Level 5:colcon.colcon_core.verb:set package 'rrrrr_pkg' build argument 'ament_cmake_args' from command line to 'None'
[0.238s] Level 5:colcon.colcon_core.verb:set package 'rrrrr_pkg' build argument 'catkin_cmake_args' from command line to 'None'
[0.238s] Level 5:colcon.colcon_core.verb:set package 'rrrrr_pkg' build argument 'catkin_skip_building_tests' from command line to 'False'
[0.238s] DEBUG:colcon.colcon_core.verb:Building package 'rrrrr_pkg' with the following arguments: {'ament_cmake_args': None, 'build_base': '/home/lunet/wj0011/ros2_ws/build/rrrrr_pkg', 'catkin_cmake_args': None, 'catkin_skip_building_tests': False, 'cmake_args': None, 'cmake_clean_cache': False, 'cmake_clean_first': False, 'cmake_force_configure': False, 'cmake_target': None, 'cmake_target_skip_unavailable': False, 'install_base': '/home/lunet/wj0011/ros2_ws/install/rrrrr_pkg', 'merge_install': False, 'path': '/home/lunet/wj0011/ros2_ws/src/rrrrr_pkg', 'symlink_install': False, 'test_result_base': None}
[0.238s] INFO:colcon.colcon_core.executor:Executing jobs using 'parallel' executor
[0.239s] DEBUG:colcon.colcon_parallel_executor.executor.parallel:run_until_complete
[0.239s] INFO:colcon.colcon_ros.task.ament_cmake.build:Building ROS package in '/home/lunet/wj0011/ros2_ws/src/ros2_fundamentals_examples' with build type 'ament_cmake'
[0.239s] INFO:colcon.colcon_cmake.task.cmake.build:Building CMake package in '/home/lunet/wj0011/ros2_ws/src/ros2_fundamentals_examples'
[0.240s] INFO:colcon.colcon_core.plugin_system:Skipping extension 'colcon_core.shell.bat': Not used on non-Windows systems
[0.240s] INFO:colcon.colcon_core.shell:Skip shell extension 'powershell' for command environment: Not usable outside of PowerShell
[0.240s] DEBUG:colcon.colcon_core.shell:Skip shell extension 'dsv' for command environment
[0.248s] INFO:colcon.colcon_ros.task.ament_cmake.build:Building ROS package in '/home/lunet/wj0011/ros2_ws/src/rrr_pkg' with build type 'ament_cmake'
[0.248s] INFO:colcon.colcon_cmake.task.cmake.build:Building CMake package in '/home/lunet/wj0011/ros2_ws/src/rrr_pkg'
[0.248s] INFO:colcon.colcon_core.shell:Skip shell extension 'powershell' for command environment: Not usable outside of PowerShell
[0.248s] DEBUG:colcon.colcon_core.shell:Skip shell extension 'dsv' for command environment
[0.255s] INFO:colcon.colcon_ros.task.ament_cmake.build:Building ROS package in '/home/lunet/wj0011/ros2_ws/src/rrrrr_finger_pkg' with build type 'ament_cmake'
[0.255s] INFO:colcon.colcon_cmake.task.cmake.build:Building CMake package in '/home/lunet/wj0011/ros2_ws/src/rrrrr_finger_pkg'
[0.255s] INFO:colcon.colcon_core.shell:Skip shell extension 'powershell' for command environment: Not usable outside of PowerShell
[0.255s] DEBUG:colcon.colcon_core.shell:Skip shell extension 'dsv' for command environment
[0.261s] INFO:colcon.colcon_ros.task.ament_cmake.build:Building ROS package in '/home/lunet/wj0011/ros2_ws/src/rrrrr_pkg' with build type 'ament_cmake'
[0.261s] INFO:colcon.colcon_cmake.task.cmake.build:Building CMake package in '/home/lunet/wj0011/ros2_ws/src/rrrrr_pkg'
[0.261s] INFO:colcon.colcon_core.shell:Skip shell extension 'powershell' for command environment: Not usable outside of PowerShell
[0.261s] DEBUG:colcon.colcon_core.shell:Skip shell extension 'dsv' for command environment
[0.278s] DEBUG:colcon.colcon_core.event_handler.log_command:Invoking command in '/home/lunet/wj0011/ros2_ws/build/ros2_fundamentals_examples': CMAKE_PREFIX_PATH=${CMAKE_PREFIX_PATH}:/opt/ros/humble /usr/bin/cmake --build /home/lunet/wj0011/ros2_ws/build/ros2_fundamentals_examples -- -j32 -l32
[0.286s] DEBUG:colcon.colcon_core.event_handler.log_command:Invoking command in '/home/lunet/wj0011/ros2_ws/build/rrr_pkg': CMAKE_PREFIX_PATH=${CMAKE_PREFIX_PATH}:/opt/ros/humble /usr/bin/cmake --build /home/lunet/wj0011/ros2_ws/build/rrr_pkg -- -j32 -l32
[0.294s] DEBUG:colcon.colcon_core.event_handler.log_command:Invoking command in '/home/lunet/wj0011/ros2_ws/build/rrrrr_finger_pkg': CMAKE_PREFIX_PATH=${CMAKE_PREFIX_PATH}:/opt/ros/humble /usr/bin/cmake --build /home/lunet/wj0011/ros2_ws/build/rrrrr_finger_pkg -- -j32 -l32
[0.303s] DEBUG:colcon.colcon_core.event_handler.log_command:Invoking command in '/home/lunet/wj0011/ros2_ws/build/rrrrr_pkg': CMAKE_PREFIX_PATH=${CMAKE_PREFIX_PATH}:/opt/ros/humble /usr/bin/cmake --build /home/lunet/wj0011/ros2_ws/build/rrrrr_pkg -- -j32 -l32
[0.327s] DEBUG:colcon.colcon_core.event_handler.log_command:Invoked command in '/home/lunet/wj0011/ros2_ws/build/rrr_pkg' returned '0': CMAKE_PREFIX_PATH=${CMAKE_PREFIX_PATH}:/opt/ros/humble /usr/bin/cmake --build /home/lunet/wj0011/ros2_ws/build/rrr_pkg -- -j32 -l32
[0.338s] DEBUG:colcon.colcon_core.event_handler.log_command:Invoking command in '/home/lunet/wj0011/ros2_ws/build/rrr_pkg': CMAKE_PREFIX_PATH=${CMAKE_PREFIX_PATH}:/opt/ros/humble /usr/bin/cmake --install /home/lunet/wj0011/ros2_ws/build/rrr_pkg
[0.339s] DEBUG:colcon.colcon_core.event_handler.log_command:Invoked command in '/home/lunet/wj0011/ros2_ws/build/rrrrr_finger_pkg' returned '0': CMAKE_PREFIX_PATH=${CMAKE_PREFIX_PATH}:/opt/ros/humble /usr/bin/cmake --build /home/lunet/wj0011/ros2_ws/build/rrrrr_finger_pkg -- -j32 -l32
[0.345s] DEBUG:colcon.colcon_core.event_handler.log_command:Invoking command in '/home/lunet/wj0011/ros2_ws/build/rrrrr_finger_pkg': CMAKE_PREFIX_PATH=${CMAKE_PREFIX_PATH}:/opt/ros/humble /usr/bin/cmake --install /home/lunet/wj0011/ros2_ws/build/rrrrr_finger_pkg
[0.346s] DEBUG:colcon.colcon_core.event_handler.log_command:Invoked command in '/home/lunet/wj0011/ros2_ws/build/rrrrr_pkg' returned '0': CMAKE_PREFIX_PATH=${CMAKE_PREFIX_PATH}:/opt/ros/humble /usr/bin/cmake --build /home/lunet/wj0011/ros2_ws/build/rrrrr_pkg -- -j32 -l32
[0.353s] DEBUG:colcon.colcon_core.event_handler.log_command:Invoking command in '/home/lunet/wj0011/ros2_ws/build/rrrrr_pkg': CMAKE_PREFIX_PATH=${CMAKE_PREFIX_PATH}:/opt/ros/humble /usr/bin/cmake --install /home/lunet/wj0011/ros2_ws/build/rrrrr_pkg
[0.371s] Level 1:colcon.colcon_core.environment:create_environment_scripts_only(rrr_pkg)
[0.371s] DEBUG:colcon.colcon_core.event_handler.log_command:Invoked command in '/home/lunet/wj0011/ros2_ws/build/rrr_pkg' returned '0': CMAKE_PREFIX_PATH=${CMAKE_PREFIX_PATH}:/opt/ros/humble /usr/bin/cmake --install /home/lunet/wj0011/ros2_ws/build/rrr_pkg
[0.373s] Level 1:colcon.colcon_core.environment:checking '/home/lunet/wj0011/ros2_ws/install/rrr_pkg' for CMake module files
[0.374s] Level 1:colcon.colcon_core.environment:checking '/home/lunet/wj0011/ros2_ws/install/rrr_pkg' for CMake config files
[0.378s] Level 1:colcon.colcon_core.shell:create_environment_hook('rrr_pkg', 'cmake_prefix_path')
[0.378s] INFO:colcon.colcon_core.shell:Creating environment hook '/home/lunet/wj0011/ros2_ws/install/rrr_pkg/share/rrr_pkg/hook/cmake_prefix_path.ps1'
[0.381s] INFO:colcon.colcon_core.shell:Creating environment descriptor '/home/lunet/wj0011/ros2_ws/install/rrr_pkg/share/rrr_pkg/hook/cmake_prefix_path.dsv'
[0.383s] INFO:colcon.colcon_core.shell:Creating environment hook '/home/lunet/wj0011/ros2_ws/install/rrr_pkg/share/rrr_pkg/hook/cmake_prefix_path.sh'
[0.385s] Level 1:colcon.colcon_core.environment:checking '/home/lunet/wj0011/ros2_ws/install/rrr_pkg/bin'
[0.386s] Level 1:colcon.colcon_core.environment:checking '/home/lunet/wj0011/ros2_ws/install/rrr_pkg/lib/pkgconfig/rrr_pkg.pc'
[0.386s] Level 1:colcon.colcon_core.environment:checking '/home/lunet/wj0011/ros2_ws/install/rrr_pkg/lib/python3.10/site-packages'
[0.386s] Level 1:colcon.colcon_core.environment:checking '/home/lunet/wj0011/ros2_ws/install/rrr_pkg/bin'
[0.386s] INFO:colcon.colcon_core.shell:Creating package script '/home/lunet/wj0011/ros2_ws/install/rrr_pkg/share/rrr_pkg/package.ps1'
[0.388s] INFO:colcon.colcon_core.shell:Creating package descriptor '/home/lunet/wj0011/ros2_ws/install/rrr_pkg/share/rrr_pkg/package.dsv'
[0.390s] INFO:colcon.colcon_core.shell:Creating package script '/home/lunet/wj0011/ros2_ws/install/rrr_pkg/share/rrr_pkg/package.sh'
[0.392s] INFO:colcon.colcon_core.shell:Creating package script '/home/lunet/wj0011/ros2_ws/install/rrr_pkg/share/rrr_pkg/package.bash'
[0.394s] INFO:colcon.colcon_core.shell:Creating package script '/home/lunet/wj0011/ros2_ws/install/rrr_pkg/share/rrr_pkg/package.zsh'
[0.395s] Level 1:colcon.colcon_core.environment:create_file_with_runtime_dependencies(/home/lunet/wj0011/ros2_ws/install/rrr_pkg/share/colcon-core/packages/rrr_pkg)
[0.398s] Level 1:colcon.colcon_core.environment:create_environment_scripts_only(rrr_pkg)
[0.398s] Level 1:colcon.colcon_core.environment:checking '/home/lunet/wj0011/ros2_ws/install/rrr_pkg' for CMake module files
[0.399s] Level 1:colcon.colcon_core.environment:checking '/home/lunet/wj0011/ros2_ws/install/rrr_pkg' for CMake config files
[0.401s] Level 1:colcon.colcon_core.shell:create_environment_hook('rrr_pkg', 'cmake_prefix_path')
[0.401s] INFO:colcon.colcon_core.shell:Creating environment hook '/home/lunet/wj0011/ros2_ws/install/rrr_pkg/share/rrr_pkg/hook/cmake_prefix_path.ps1'
[0.403s] INFO:colcon.colcon_core.shell:Creating environment descriptor '/home/lunet/wj0011/ros2_ws/install/rrr_pkg/share/rrr_pkg/hook/cmake_prefix_path.dsv'
[0.405s] INFO:colcon.colcon_core.shell:Creating environment hook '/home/lunet/wj0011/ros2_ws/install/rrr_pkg/share/rrr_pkg/hook/cmake_prefix_path.sh'
[0.407s] Level 1:colcon.colcon_core.environment:checking '/home/lunet/wj0011/ros2_ws/install/rrr_pkg/bin'
[0.407s] Level 1:colcon.colcon_core.environment:checking '/home/lunet/wj0011/ros2_ws/install/rrr_pkg/lib/pkgconfig/rrr_pkg.pc'
[0.407s] Level 1:colcon.colcon_core.environment:checking '/home/lunet/wj0011/ros2_ws/install/rrr_pkg/lib/python3.10/site-packages'
[0.407s] Level 1:colcon.colcon_core.environment:checking '/home/lunet/wj0011/ros2_ws/install/rrr_pkg/bin'
[0.407s] INFO:colcon.colcon_core.shell:Creating package script '/home/lunet/wj0011/ros2_ws/install/rrr_pkg/share/rrr_pkg/package.ps1'
[0.409s] INFO:colcon.colcon_core.shell:Creating package descriptor '/home/lunet/wj0011/ros2_ws/install/rrr_pkg/share/rrr_pkg/package.dsv'
[0.411s] INFO:colcon.colcon_core.shell:Creating package script '/home/lunet/wj0011/ros2_ws/install/rrr_pkg/share/rrr_pkg/package.sh'
[0.413s] INFO:colcon.colcon_core.shell:Creating package script '/home/lunet/wj0011/ros2_ws/install/rrr_pkg/share/rrr_pkg/package.bash'
[0.416s] INFO:colcon.colcon_core.shell:Creating package script '/home/lunet/wj0011/ros2_ws/install/rrr_pkg/share/rrr_pkg/package.zsh'
[0.418s] Level 1:colcon.colcon_core.environment:create_file_with_runtime_dependencies(/home/lunet/wj0011/ros2_ws/install/rrr_pkg/share/colcon-core/packages/rrr_pkg)
[0.420s] Level 1:colcon.colcon_core.environment:create_environment_scripts_only(rrrrr_finger_pkg)
[0.421s] Level 1:colcon.colcon_core.environment:checking '/home/lunet/wj0011/ros2_ws/install/rrrrr_finger_pkg' for CMake module files
[0.422s] Level 1:colcon.colcon_core.environment:checking '/home/lunet/wj0011/ros2_ws/install/rrrrr_finger_pkg' for CMake config files
[0.425s] DEBUG:colcon.colcon_core.event_handler.log_command:Invoked command in '/home/lunet/wj0011/ros2_ws/build/rrrrr_finger_pkg' returned '0': CMAKE_PREFIX_PATH=${CMAKE_PREFIX_PATH}:/opt/ros/humble /usr/bin/cmake --install /home/lunet/wj0011/ros2_ws/build/rrrrr_finger_pkg
[0.426s] Level 1:colcon.colcon_core.shell:create_environment_hook('rrrrr_finger_pkg', 'cmake_prefix_path')
[0.426s] INFO:colcon.colcon_core.shell:Creating environment hook '/home/lunet/wj0011/ros2_ws/install/rrrrr_finger_pkg/share/rrrrr_finger_pkg/hook/cmake_prefix_path.ps1'
[0.428s] INFO:colcon.colcon_core.shell:Creating environment descriptor '/home/lunet/wj0011/ros2_ws/install/rrrrr_finger_pkg/share/rrrrr_finger_pkg/hook/cmake_prefix_path.dsv'
[0.430s] INFO:colcon.colcon_core.shell:Creating environment hook '/home/lunet/wj0011/ros2_ws/install/rrrrr_finger_pkg/share/rrrrr_finger_pkg/hook/cmake_prefix_path.sh'
[0.432s] Level 1:colcon.colcon_core.environment:checking '/home/lunet/wj0011/ros2_ws/install/rrrrr_finger_pkg/bin'
[0.432s] Level 1:colcon.colcon_core.environment:checking '/home/lunet/wj0011/ros2_ws/install/rrrrr_finger_pkg/lib/pkgconfig/rrrrr_finger_pkg.pc'
[0.432s] Level 1:colcon.colcon_core.environment:checking '/home/lunet/wj0011/ros2_ws/install/rrrrr_finger_pkg/lib/python3.10/site-packages'
[0.433s] Level 1:colcon.colcon_core.environment:checking '/home/lunet/wj0011/ros2_ws/install/rrrrr_finger_pkg/bin'
[0.433s] INFO:colcon.colcon_core.shell:Creating package script '/home/lunet/wj0011/ros2_ws/install/rrrrr_finger_pkg/share/rrrrr_finger_pkg/package.ps1'
[0.435s] INFO:colcon.colcon_core.shell:Creating package descriptor '/home/lunet/wj0011/ros2_ws/install/rrrrr_finger_pkg/share/rrrrr_finger_pkg/package.dsv'
[0.436s] INFO:colcon.colcon_core.shell:Creating package script '/home/lunet/wj0011/ros2_ws/install/rrrrr_finger_pkg/share/rrrrr_finger_pkg/package.sh'
[0.438s] INFO:colcon.colcon_core.shell:Creating package script '/home/lunet/wj0011/ros2_ws/install/rrrrr_finger_pkg/share/rrrrr_finger_pkg/package.bash'
[0.440s] INFO:colcon.colcon_core.shell:Creating package script '/home/lunet/wj0011/ros2_ws/install/rrrrr_finger_pkg/share/rrrrr_finger_pkg/package.zsh'
[0.442s] Level 1:colcon.colcon_core.environment:create_file_with_runtime_dependencies(/home/lunet/wj0011/ros2_ws/install/rrrrr_finger_pkg/share/colcon-core/packages/rrrrr_finger_pkg)
[0.444s] Level 1:colcon.colcon_core.environment:create_environment_scripts_only(rrrrr_finger_pkg)
[0.444s] Level 1:colcon.colcon_core.environment:checking '/home/lunet/wj0011/ros2_ws/install/rrrrr_finger_pkg' for CMake module files
[0.445s] Level 1:colcon.colcon_core.environment:checking '/home/lunet/wj0011/ros2_ws/install/rrrrr_finger_pkg' for CMake config files
[0.448s] Level 1:colcon.colcon_core.shell:create_environment_hook('rrrrr_finger_pkg', 'cmake_prefix_path')
[0.448s] INFO:colcon.colcon_core.shell:Creating environment hook '/home/lunet/wj0011/ros2_ws/install/rrrrr_finger_pkg/share/rrrrr_finger_pkg/hook/cmake_prefix_path.ps1'
[0.450s] INFO:colcon.colcon_core.shell:Creating environment descriptor '/home/lunet/wj0011/ros2_ws/install/rrrrr_finger_pkg/share/rrrrr_finger_pkg/hook/cmake_prefix_path.dsv'
[0.451s] INFO:colcon.colcon_core.shell:Creating environment hook '/home/lunet/wj0011/ros2_ws/install/rrrrr_finger_pkg/share/rrrrr_finger_pkg/hook/cmake_prefix_path.sh'
[0.454s] Level 1:colcon.colcon_core.environment:checking '/home/lunet/wj0011/ros2_ws/install/rrrrr_finger_pkg/bin'
[0.454s] Level 1:colcon.colcon_core.environment:checking '/home/lunet/wj0011/ros2_ws/install/rrrrr_finger_pkg/lib/pkgconfig/rrrrr_finger_pkg.pc'
[0.454s] Level 1:colcon.colcon_core.environment:checking '/home/lunet/wj0011/ros2_ws/install/rrrrr_finger_pkg/lib/python3.10/site-packages'
[0.454s] Level 1:colcon.colcon_core.environment:checking '/home/lunet/wj0011/ros2_ws/install/rrrrr_finger_pkg/bin'
[0.454s] INFO:colcon.colcon_core.shell:Creating package script '/home/lunet/wj0011/ros2_ws/install/rrrrr_finger_pkg/share/rrrrr_finger_pkg/package.ps1'
[0.456s] INFO:colcon.colcon_core.shell:Creating package descriptor '/home/lunet/wj0011/ros2_ws/install/rrrrr_finger_pkg/share/rrrrr_finger_pkg/package.dsv'
[0.458s] INFO:colcon.colcon_core.shell:Creating package script '/home/lunet/wj0011/ros2_ws/install/rrrrr_finger_pkg/share/rrrrr_finger_pkg/package.sh'
[0.460s] INFO:colcon.colcon_core.shell:Creating package script '/home/lunet/wj0011/ros2_ws/install/rrrrr_finger_pkg/share/rrrrr_finger_pkg/package.bash'
[0.461s] INFO:colcon.colcon_core.shell:Creating package script '/home/lunet/wj0011/ros2_ws/install/rrrrr_finger_pkg/share/rrrrr_finger_pkg/package.zsh'
[0.463s] Level 1:colcon.colcon_core.environment:create_file_with_runtime_dependencies(/home/lunet/wj0011/ros2_ws/install/rrrrr_finger_pkg/share/colcon-core/packages/rrrrr_finger_pkg)
[0.465s] Level 1:colcon.colcon_core.environment:create_environment_scripts_only(rrrrr_pkg)
[0.465s] Level 1:colcon.colcon_core.environment:checking '/home/lunet/wj0011/ros2_ws/install/rrrrr_pkg' for CMake module files
[0.466s] Level 1:colcon.colcon_core.environment:checking '/home/lunet/wj0011/ros2_ws/install/rrrrr_pkg' for CMake config files
[0.470s] DEBUG:colcon.colcon_core.event_handler.log_command:Invoked command in '/home/lunet/wj0011/ros2_ws/build/rrrrr_pkg' returned '0': CMAKE_PREFIX_PATH=${CMAKE_PREFIX_PATH}:/opt/ros/humble /usr/bin/cmake --install /home/lunet/wj0011/ros2_ws/build/rrrrr_pkg
[0.470s] Level 1:colcon.colcon_core.shell:create_environment_hook('rrrrr_pkg', 'cmake_prefix_path')
[0.470s] INFO:colcon.colcon_core.shell:Creating environment hook '/home/lunet/wj0011/ros2_ws/install/rrrrr_pkg/share/rrrrr_pkg/hook/cmake_prefix_path.ps1'
[0.472s] INFO:colcon.colcon_core.shell:Creating environment descriptor '/home/lunet/wj0011/ros2_ws/install/rrrrr_pkg/share/rrrrr_pkg/hook/cmake_prefix_path.dsv'
[0.474s] INFO:colcon.colcon_core.shell:Creating environment hook '/home/lunet/wj0011/ros2_ws/install/rrrrr_pkg/share/rrrrr_pkg/hook/cmake_prefix_path.sh'
[0.477s] Level 1:colcon.colcon_core.environment:checking '/home/lunet/wj0011/ros2_ws/install/rrrrr_pkg/bin'
[0.477s] Level 1:colcon.colcon_core.environment:checking '/home/lunet/wj0011/ros2_ws/install/rrrrr_pkg/lib/pkgconfig/rrrrr_pkg.pc'
[0.477s] Level 1:colcon.colcon_core.environment:checking '/home/lunet/wj0011/ros2_ws/install/rrrrr_pkg/lib/python3.10/site-packages'
[0.477s] Level 1:colcon.colcon_core.environment:checking '/home/lunet/wj0011/ros2_ws/install/rrrrr_pkg/bin'
[0.477s] INFO:colcon.colcon_core.shell:Creating package script '/home/lunet/wj0011/ros2_ws/install/rrrrr_pkg/share/rrrrr_pkg/package.ps1'
[0.479s] INFO:colcon.colcon_core.shell:Creating package descriptor '/home/lunet/wj0011/ros2_ws/install/rrrrr_pkg/share/rrrrr_pkg/package.dsv'
[0.481s] INFO:colcon.colcon_core.shell:Creating package script '/home/lunet/wj0011/ros2_ws/install/rrrrr_pkg/share/rrrrr_pkg/package.sh'
[0.483s] INFO:colcon.colcon_core.shell:Creating package script '/home/lunet/wj0011/ros2_ws/install/rrrrr_pkg/share/rrrrr_pkg/package.bash'
[0.485s] INFO:colcon.colcon_core.shell:Creating package script '/home/lunet/wj0011/ros2_ws/install/rrrrr_pkg/share/rrrrr_pkg/package.zsh'
[0.487s] Level 1:colcon.colcon_core.environment:create_file_with_runtime_dependencies(/home/lunet/wj0011/ros2_ws/install/rrrrr_pkg/share/colcon-core/packages/rrrrr_pkg)
[0.489s] Level 1:colcon.colcon_core.environment:create_environment_scripts_only(rrrrr_pkg)
[0.489s] Level 1:colcon.colcon_core.environment:checking '/home/lunet/wj0011/ros2_ws/install/rrrrr_pkg' for CMake module files
[0.490s] Level 1:colcon.colcon_core.environment:checking '/home/lunet/wj0011/ros2_ws/install/rrrrr_pkg' for CMake config files
[0.493s] Level 1:colcon.colcon_core.shell:create_environment_hook('rrrrr_pkg', 'cmake_prefix_path')
[0.493s] INFO:colcon.colcon_core.shell:Creating environment hook '/home/lunet/wj0011/ros2_ws/install/rrrrr_pkg/share/rrrrr_pkg/hook/cmake_prefix_path.ps1'
[0.495s] INFO:colcon.colcon_core.shell:Creating environment descriptor '/home/lunet/wj0011/ros2_ws/install/rrrrr_pkg/share/rrrrr_pkg/hook/cmake_prefix_path.dsv'
[0.496s] INFO:colcon.colcon_core.shell:Creating environment hook '/home/lunet/wj0011/ros2_ws/install/rrrrr_pkg/share/rrrrr_pkg/hook/cmake_prefix_path.sh'
[0.499s] Level 1:colcon.colcon_core.environment:checking '/home/lunet/wj0011/ros2_ws/install/rrrrr_pkg/bin'
[0.499s] Level 1:colcon.colcon_core.environment:checking '/home/lunet/wj0011/ros2_ws/install/rrrrr_pkg/lib/pkgconfig/rrrrr_pkg.pc'
[0.499s] Level 1:colcon.colcon_core.environment:checking '/home/lunet/wj0011/ros2_ws/install/rrrrr_pkg/lib/python3.10/site-packages'
[0.499s] Level 1:colcon.colcon_core.environment:checking '/home/lunet/wj0011/ros2_ws/install/rrrrr_pkg/bin'
[0.499s] INFO:colcon.colcon_core.shell:Creating package script '/home/lunet/wj0011/ros2_ws/install/rrrrr_pkg/share/rrrrr_pkg/package.ps1'
[0.501s] INFO:colcon.colcon_core.shell:Creating package descriptor '/home/lunet/wj0011/ros2_ws/install/rrrrr_pkg/share/rrrrr_pkg/package.dsv'
[0.503s] INFO:colcon.colcon_core.shell:Creating package script '/home/lunet/wj0011/ros2_ws/install/rrrrr_pkg/share/rrrrr_pkg/package.sh'
[0.505s] INFO:colcon.colcon_core.shell:Creating package script '/home/lunet/wj0011/ros2_ws/install/rrrrr_pkg/share/rrrrr_pkg/package.bash'
[0.507s] INFO:colcon.colcon_core.shell:Creating package script '/home/lunet/wj0011/ros2_ws/install/rrrrr_pkg/share/rrrrr_pkg/package.zsh'
[0.511s] Level 1:colcon.colcon_core.environment:create_file_with_runtime_dependencies(/home/lunet/wj0011/ros2_ws/install/rrrrr_pkg/share/colcon-core/packages/rrrrr_pkg)
[0.536s] DEBUG:colcon.colcon_core.event_handler.log_command:Invoked command in '/home/lunet/wj0011/ros2_ws/build/ros2_fundamentals_examples' returned '0': CMAKE_PREFIX_PATH=${CMAKE_PREFIX_PATH}:/opt/ros/humble /usr/bin/cmake --build /home/lunet/wj0011/ros2_ws/build/ros2_fundamentals_examples -- -j32 -l32
[0.542s] DEBUG:colcon.colcon_core.event_handler.log_command:Invoking command in '/home/lunet/wj0011/ros2_ws/build/ros2_fundamentals_examples': CMAKE_PREFIX_PATH=${CMAKE_PREFIX_PATH}:/opt/ros/humble /usr/bin/cmake --install /home/lunet/wj0011/ros2_ws/build/ros2_fundamentals_examples
[0.625s] Level 1:colcon.colcon_core.environment:create_environment_scripts_only(ros2_fundamentals_examples)
[0.626s] Level 1:colcon.colcon_core.environment:checking '/home/lunet/wj0011/ros2_ws/install/ros2_fundamentals_examples' for CMake module files
[0.626s] DEBUG:colcon.colcon_core.event_handler.log_command:Invoked command in '/home/lunet/wj0011/ros2_ws/build/ros2_fundamentals_examples' returned '0': CMAKE_PREFIX_PATH=${CMAKE_PREFIX_PATH}:/opt/ros/humble /usr/bin/cmake --install /home/lunet/wj0011/ros2_ws/build/ros2_fundamentals_examples
[0.627s] Level 1:colcon.colcon_core.environment:checking '/home/lunet/wj0011/ros2_ws/install/ros2_fundamentals_examples' for CMake config files
[0.630s] Level 1:colcon.colcon_core.shell:create_environment_hook('ros2_fundamentals_examples', 'cmake_prefix_path')
[0.630s] INFO:colcon.colcon_core.shell:Creating environment hook '/home/lunet/wj0011/ros2_ws/install/ros2_fundamentals_examples/share/ros2_fundamentals_examples/hook/cmake_prefix_path.ps1'
[0.632s] INFO:colcon.colcon_core.shell:Creating environment descriptor '/home/lunet/wj0011/ros2_ws/install/ros2_fundamentals_examples/share/ros2_fundamentals_examples/hook/cmake_prefix_path.dsv'
[0.634s] INFO:colcon.colcon_core.shell:Creating environment hook '/home/lunet/wj0011/ros2_ws/install/ros2_fundamentals_examples/share/ros2_fundamentals_examples/hook/cmake_prefix_path.sh'
[0.636s] Level 1:colcon.colcon_core.environment:checking '/home/lunet/wj0011/ros2_ws/install/ros2_fundamentals_examples/lib'
[0.637s] Level 1:colcon.colcon_core.environment:checking '/home/lunet/wj0011/ros2_ws/install/ros2_fundamentals_examples/bin'
[0.637s] Level 1:colcon.colcon_core.environment:checking '/home/lunet/wj0011/ros2_ws/install/ros2_fundamentals_examples/lib/pkgconfig/ros2_fundamentals_examples.pc'
[0.637s] Level 1:colcon.colcon_core.environment:checking '/home/lunet/wj0011/ros2_ws/install/ros2_fundamentals_examples/lib/python3.10/site-packages'
[0.637s] Level 1:colcon.colcon_core.environment:checking '/home/lunet/wj0011/ros2_ws/install/ros2_fundamentals_examples/bin'
[0.637s] INFO:colcon.colcon_core.shell:Creating package script '/home/lunet/wj0011/ros2_ws/install/ros2_fundamentals_examples/share/ros2_fundamentals_examples/package.ps1'
[0.639s] INFO:colcon.colcon_core.shell:Creating package descriptor '/home/lunet/wj0011/ros2_ws/install/ros2_fundamentals_examples/share/ros2_fundamentals_examples/package.dsv'
[0.641s] INFO:colcon.colcon_core.shell:Creating package script '/home/lunet/wj0011/ros2_ws/install/ros2_fundamentals_examples/share/ros2_fundamentals_examples/package.sh'
[0.643s] INFO:colcon.colcon_core.shell:Creating package script '/home/lunet/wj0011/ros2_ws/install/ros2_fundamentals_examples/share/ros2_fundamentals_examples/package.bash'
[0.645s] INFO:colcon.colcon_core.shell:Creating package script '/home/lunet/wj0011/ros2_ws/install/ros2_fundamentals_examples/share/ros2_fundamentals_examples/package.zsh'
[0.646s] Level 1:colcon.colcon_core.environment:create_file_with_runtime_dependencies(/home/lunet/wj0011/ros2_ws/install/ros2_fundamentals_examples/share/colcon-core/packages/ros2_fundamentals_examples)
[0.649s] Level 1:colcon.colcon_core.environment:create_environment_scripts_only(ros2_fundamentals_examples)
[0.649s] Level 1:colcon.colcon_core.environment:checking '/home/lunet/wj0011/ros2_ws/install/ros2_fundamentals_examples' for CMake module files
[0.650s] Level 1:colcon.colcon_core.environment:checking '/home/lunet/wj0011/ros2_ws/install/ros2_fundamentals_examples' for CMake config files
[0.652s] Level 1:colcon.colcon_core.shell:create_environment_hook('ros2_fundamentals_examples', 'cmake_prefix_path')
[0.652s] INFO:colcon.colcon_core.shell:Creating environment hook '/home/lunet/wj0011/ros2_ws/install/ros2_fundamentals_examples/share/ros2_fundamentals_examples/hook/cmake_prefix_path.ps1'
[0.654s] INFO:colcon.colcon_core.shell:Creating environment descriptor '/home/lunet/wj0011/ros2_ws/install/ros2_fundamentals_examples/share/ros2_fundamentals_examples/hook/cmake_prefix_path.dsv'
[0.656s] INFO:colcon.colcon_core.shell:Creating environment hook '/home/lunet/wj0011/ros2_ws/install/ros2_fundamentals_examples/share/ros2_fundamentals_examples/hook/cmake_prefix_path.sh'
[0.658s] Level 1:colcon.colcon_core.environment:checking '/home/lunet/wj0011/ros2_ws/install/ros2_fundamentals_examples/lib'
[0.658s] Level 1:colcon.colcon_core.environment:checking '/home/lunet/wj0011/ros2_ws/install/ros2_fundamentals_examples/bin'
[0.659s] Level 1:colcon.colcon_core.environment:checking '/home/lunet/wj0011/ros2_ws/install/ros2_fundamentals_examples/lib/pkgconfig/ros2_fundamentals_examples.pc'
[0.659s] Level 1:colcon.colcon_core.environment:checking '/home/lunet/wj0011/ros2_ws/install/ros2_fundamentals_examples/lib/python3.10/site-packages'
[0.659s] Level 1:colcon.colcon_core.environment:checking '/home/lunet/wj0011/ros2_ws/install/ros2_fundamentals_examples/bin'
[0.659s] INFO:colcon.colcon_core.shell:Creating package script '/home/lunet/wj0011/ros2_ws/install/ros2_fundamentals_examples/share/ros2_fundamentals_examples/package.ps1'
[0.708s] INFO:colcon.colcon_core.shell:Creating package descriptor '/home/lunet/wj0011/ros2_ws/install/ros2_fundamentals_examples/share/ros2_fundamentals_examples/package.dsv'
[0.711s] INFO:colcon.colcon_core.shell:Creating package script '/home/lunet/wj0011/ros2_ws/install/ros2_fundamentals_examples/share/ros2_fundamentals_examples/package.sh'
[0.712s] INFO:colcon.colcon_core.shell:Creating package script '/home/lunet/wj0011/ros2_ws/install/ros2_fundamentals_examples/share/ros2_fundamentals_examples/package.bash'
[0.714s] INFO:colcon.colcon_core.shell:Creating package script '/home/lunet/wj0011/ros2_ws/install/ros2_fundamentals_examples/share/ros2_fundamentals_examples/package.zsh'
[0.716s] Level 1:colcon.colcon_core.environment:create_file_with_runtime_dependencies(/home/lunet/wj0011/ros2_ws/install/ros2_fundamentals_examples/share/colcon-core/packages/ros2_fundamentals_examples)
[0.718s] DEBUG:colcon.colcon_parallel_executor.executor.parallel:closing loop
[0.718s] DEBUG:colcon.colcon_parallel_executor.executor.parallel:loop closed
[0.718s] DEBUG:colcon.colcon_parallel_executor.executor.parallel:run_until_complete finished with '0'
[0.718s] DEBUG:colcon.colcon_core.event_reactor:joining thread
[0.726s] INFO:colcon.colcon_core.plugin_system:Skipping extension 'colcon_notification.desktop_notification.terminal_notifier': Not used on non-Darwin systems
[0.727s] INFO:colcon.colcon_core.plugin_system:Skipping extension 'colcon_notification.desktop_notification.win32': Not used on non-Windows systems
[0.727s] INFO:colcon.colcon_notification.desktop_notification:Sending desktop notification using 'notify2'
[0.733s] DEBUG:colcon.colcon_core.event_reactor:joined thread
[0.733s] INFO:colcon.colcon_core.shell:Creating prefix script '/home/lunet/wj0011/ros2_ws/install/local_setup.ps1'
[0.735s] INFO:colcon.colcon_core.shell:Creating prefix util module '/home/lunet/wj0011/ros2_ws/install/_local_setup_util_ps1.py'
[0.738s] INFO:colcon.colcon_core.shell:Creating prefix chain script '/home/lunet/wj0011/ros2_ws/install/setup.ps1'
[0.741s] INFO:colcon.colcon_core.shell:Creating prefix script '/home/lunet/wj0011/ros2_ws/install/local_setup.sh'
[0.743s] INFO:colcon.colcon_core.shell:Creating prefix util module '/home/lunet/wj0011/ros2_ws/install/_local_setup_util_sh.py'
[0.745s] INFO:colcon.colcon_core.shell:Creating prefix chain script '/home/lunet/wj0011/ros2_ws/install/setup.sh'
[0.748s] INFO:colcon.colcon_core.shell:Creating prefix script '/home/lunet/wj0011/ros2_ws/install/local_setup.bash'
[0.750s] INFO:colcon.colcon_core.shell:Creating prefix chain script '/home/lunet/wj0011/ros2_ws/install/setup.bash'
[0.753s] INFO:colcon.colcon_core.shell:Creating prefix script '/home/lunet/wj0011/ros2_ws/install/local_setup.zsh'
[0.755s] INFO:colcon.colcon_core.shell:Creating prefix chain script '/home/lunet/wj0011/ros2_ws/install/setup.zsh'
