[0.055s] DEBUG:colcon:Command line arguments: ['/usr/bin/colcon', 'build']
[0.056s] DEBUG:colcon:Parsed command line arguments: Namespace(log_base=None, log_level=None, verb_name='build', build_base='build', install_base='install', merge_install=False, symlink_install=False, test_result_base=None, continue_on_error=False, executor='parallel', parallel_workers=32, event_handlers=None, ignore_user_meta=False, metas=['./colcon.meta'], base_paths=['.'], packages_ignore=None, packages_ignore_regex=None, paths=None, packages_up_to=None, packages_up_to_regex=None, packages_above=None, packages_above_and_dependencies=None, packages_above_depth=None, packages_select_by_dep=None, packages_skip_by_dep=None, packages_skip_up_to=None, packages_select_build_failed=False, packages_skip_build_finished=False, packages_select_test_failures=False, packages_skip_test_passed=False, packages_select=None, packages_skip=None, packages_select_regex=None, packages_skip_regex=None, packages_start=None, packages_end=None, allow_overriding=[], cmake_args=None, cmake_target=None, cmake_target_skip_unavailable=False, cmake_clean_cache=False, cmake_clean_first=False, cmake_force_configure=False, ament_cmake_args=None, catkin_cmake_args=None, catkin_skip_building_tests=False, mixin_files=None, mixin=None, verb_parser=<colcon_mixin.mixin.mixin_argument.MixinArgumentDecorator object at 0x71d751566170>, verb_extension=<colcon_core.verb.build.BuildVerb object at 0x71d751565ba0>, main=<bound method BuildVerb.main of <colcon_core.verb.build.BuildVerb object at 0x71d751565ba0>>, mixin_verb=('build',))
[0.137s] Level 1:colcon.colcon_core.package_discovery:discover_packages(colcon_meta) check parameters
[0.137s] Level 1:colcon.colcon_core.package_discovery:discover_packages(recursive) check parameters
[0.137s] Level 1:colcon.colcon_core.package_discovery:discover_packages(ignore) check parameters
[0.137s] Level 1:colcon.colcon_core.package_discovery:discover_packages(path) check parameters
[0.137s] Level 1:colcon.colcon_core.package_discovery:discover_packages(colcon_meta) discover
[0.137s] Level 1:colcon.colcon_core.package_discovery:discover_packages(recursive) discover
[0.137s] INFO:colcon.colcon_core.package_discovery:Crawling recursively for packages in '/home/lunet/wj0011/ros2_ws'
[0.138s] Level 1:colcon.colcon_core.package_identification:_identify(.) by extensions ['ignore', 'ignore_ament_install']
[0.138s] Level 1:colcon.colcon_core.package_identification:_identify(.) by extension 'ignore'
[0.138s] Level 1:colcon.colcon_core.package_identification:_identify(.) by extension 'ignore_ament_install'
[0.138s] Level 1:colcon.colcon_core.package_identification:_identify(.) by extensions ['colcon_pkg']
[0.138s] Level 1:colcon.colcon_core.package_identification:_identify(.) by extension 'colcon_pkg'
[0.138s] Level 1:colcon.colcon_core.package_identification:_identify(.) by extensions ['colcon_meta']
[0.138s] Level 1:colcon.colcon_core.package_identification:_identify(.) by extension 'colcon_meta'
[0.138s] Level 1:colcon.colcon_core.package_identification:_identify(.) by extensions ['ros']
[0.138s] Level 1:colcon.colcon_core.package_identification:_identify(.) by extension 'ros'
[0.143s] Level 1:colcon.colcon_core.package_identification:_identify(.) by extensions ['cmake', 'python']
[0.143s] Level 1:colcon.colcon_core.package_identification:_identify(.) by extension 'cmake'
[0.143s] Level 1:colcon.colcon_core.package_identification:_identify(.) by extension 'python'
[0.143s] Level 1:colcon.colcon_core.package_identification:_identify(.) by extensions ['python_setup_py']
[0.143s] Level 1:colcon.colcon_core.package_identification:_identify(.) by extension 'python_setup_py'
[0.143s] Level 1:colcon.colcon_core.package_identification:_identify(build) by extensions ['ignore', 'ignore_ament_install']
[0.143s] Level 1:colcon.colcon_core.package_identification:_identify(build) by extension 'ignore'
[0.143s] Level 1:colcon.colcon_core.package_identification:_identify(build) ignored
[0.144s] Level 1:colcon.colcon_core.package_identification:_identify(install) by extensions ['ignore', 'ignore_ament_install']
[0.144s] Level 1:colcon.colcon_core.package_identification:_identify(install) by extension 'ignore'
[0.144s] Level 1:colcon.colcon_core.package_identification:_identify(install) ignored
[0.145s] Level 1:colcon.colcon_core.package_identification:_identify(log) by extensions ['ignore', 'ignore_ament_install']
[0.145s] Level 1:colcon.colcon_core.package_identification:_identify(log) by extension 'ignore'
[0.145s] Level 1:colcon.colcon_core.package_identification:_identify(log) ignored
[0.146s] Level 1:colcon.colcon_core.package_identification:_identify(src) by extensions ['ignore', 'ignore_ament_install']
[0.146s] Level 1:colcon.colcon_core.package_identification:_identify(src) by extension 'ignore'
[0.146s] Level 1:colcon.colcon_core.package_identification:_identify(src) by extension 'ignore_ament_install'
[0.147s] Level 1:colcon.colcon_core.package_identification:_identify(src) by extensions ['colcon_pkg']
[0.147s] Level 1:colcon.colcon_core.package_identification:_identify(src) by extension 'colcon_pkg'
[0.147s] Level 1:colcon.colcon_core.package_identification:_identify(src) by extensions ['colcon_meta']
[0.147s] Level 1:colcon.colcon_core.package_identification:_identify(src) by extension 'colcon_meta'
[0.147s] Level 1:colcon.colcon_core.package_identification:_identify(src) by extensions ['ros']
[0.147s] Level 1:colcon.colcon_core.package_identification:_identify(src) by extension 'ros'
[0.149s] Level 1:colcon.colcon_core.package_identification:_identify(src) by extensions ['cmake', 'python']
[0.149s] Level 1:colcon.colcon_core.package_identification:_identify(src) by extension 'cmake'
[0.149s] Level 1:colcon.colcon_core.package_identification:_identify(src) by extension 'python'
[0.149s] Level 1:colcon.colcon_core.package_identification:_identify(src) by extensions ['python_setup_py']
[0.149s] Level 1:colcon.colcon_core.package_identification:_identify(src) by extension 'python_setup_py'
[0.150s] Level 1:colcon.colcon_core.package_identification:_identify(src/hello_moveit) by extensions ['ignore', 'ignore_ament_install']
[0.150s] Level 1:colcon.colcon_core.package_identification:_identify(src/hello_moveit) by extension 'ignore'
[0.150s] Level 1:colcon.colcon_core.package_identification:_identify(src/hello_moveit) by extension 'ignore_ament_install'
[0.150s] Level 1:colcon.colcon_core.package_identification:_identify(src/hello_moveit) by extensions ['colcon_pkg']
[0.150s] Level 1:colcon.colcon_core.package_identification:_identify(src/hello_moveit) by extension 'colcon_pkg'
[0.150s] Level 1:colcon.colcon_core.package_identification:_identify(src/hello_moveit) by extensions ['colcon_meta']
[0.150s] Level 1:colcon.colcon_core.package_identification:_identify(src/hello_moveit) by extension 'colcon_meta'
[0.150s] Level 1:colcon.colcon_core.package_identification:_identify(src/hello_moveit) by extensions ['ros']
[0.150s] Level 1:colcon.colcon_core.package_identification:_identify(src/hello_moveit) by extension 'ros'
[0.152s] DEBUG:colcon.colcon_core.package_identification:Package 'src/hello_moveit' with type 'ros.ament_cmake' and name 'hello_moveit'
[0.152s] Level 1:colcon.colcon_core.package_identification:_identify(src/ros2_fundamentals_examples) by extensions ['ignore', 'ignore_ament_install']
[0.152s] Level 1:colcon.colcon_core.package_identification:_identify(src/ros2_fundamentals_examples) by extension 'ignore'
[0.152s] Level 1:colcon.colcon_core.package_identification:_identify(src/ros2_fundamentals_examples) by extension 'ignore_ament_install'
[0.152s] Level 1:colcon.colcon_core.package_identification:_identify(src/ros2_fundamentals_examples) by extensions ['colcon_pkg']
[0.152s] Level 1:colcon.colcon_core.package_identification:_identify(src/ros2_fundamentals_examples) by extension 'colcon_pkg'
[0.152s] Level 1:colcon.colcon_core.package_identification:_identify(src/ros2_fundamentals_examples) by extensions ['colcon_meta']
[0.152s] Level 1:colcon.colcon_core.package_identification:_identify(src/ros2_fundamentals_examples) by extension 'colcon_meta'
[0.152s] Level 1:colcon.colcon_core.package_identification:_identify(src/ros2_fundamentals_examples) by extensions ['ros']
[0.153s] Level 1:colcon.colcon_core.package_identification:_identify(src/ros2_fundamentals_examples) by extension 'ros'
[0.154s] DEBUG:colcon.colcon_core.package_identification:Package 'src/ros2_fundamentals_examples' with type 'ros.ament_cmake' and name 'ros2_fundamentals_examples'
[0.154s] Level 1:colcon.colcon_core.package_identification:_identify(src/rrr_pkg) by extensions ['ignore', 'ignore_ament_install']
[0.154s] Level 1:colcon.colcon_core.package_identification:_identify(src/rrr_pkg) by extension 'ignore'
[0.154s] Level 1:colcon.colcon_core.package_identification:_identify(src/rrr_pkg) by extension 'ignore_ament_install'
[0.154s] Level 1:colcon.colcon_core.package_identification:_identify(src/rrr_pkg) by extensions ['colcon_pkg']
[0.154s] Level 1:colcon.colcon_core.package_identification:_identify(src/rrr_pkg) by extension 'colcon_pkg'
[0.154s] Level 1:colcon.colcon_core.package_identification:_identify(src/rrr_pkg) by extensions ['colcon_meta']
[0.154s] Level 1:colcon.colcon_core.package_identification:_identify(src/rrr_pkg) by extension 'colcon_meta'
[0.154s] Level 1:colcon.colcon_core.package_identification:_identify(src/rrr_pkg) by extensions ['ros']
[0.154s] Level 1:colcon.colcon_core.package_identification:_identify(src/rrr_pkg) by extension 'ros'
[0.156s] DEBUG:colcon.colcon_core.package_identification:Package 'src/rrr_pkg' with type 'ros.ament_cmake' and name 'rrr_pkg'
[0.156s] Level 1:colcon.colcon_core.package_identification:_identify(src/rrrrr_finger) by extensions ['ignore', 'ignore_ament_install']
[0.156s] Level 1:colcon.colcon_core.package_identification:_identify(src/rrrrr_finger) by extension 'ignore'
[0.157s] Level 1:colcon.colcon_core.package_identification:_identify(src/rrrrr_finger) by extension 'ignore_ament_install'
[0.157s] Level 1:colcon.colcon_core.package_identification:_identify(src/rrrrr_finger) by extensions ['colcon_pkg']
[0.157s] Level 1:colcon.colcon_core.package_identification:_identify(src/rrrrr_finger) by extension 'colcon_pkg'
[0.158s] Level 1:colcon.colcon_core.package_identification:_identify(src/rrrrr_finger) by extensions ['colcon_meta']
[0.158s] Level 1:colcon.colcon_core.package_identification:_identify(src/rrrrr_finger) by extension 'colcon_meta'
[0.158s] Level 1:colcon.colcon_core.package_identification:_identify(src/rrrrr_finger) by extensions ['ros']
[0.158s] Level 1:colcon.colcon_core.package_identification:_identify(src/rrrrr_finger) by extension 'ros'
[0.160s] DEBUG:colcon.colcon_core.package_identification:Package 'src/rrrrr_finger' with type 'ros.ament_cmake' and name 'rrrrr_finger'
[0.160s] Level 1:colcon.colcon_core.package_identification:_identify(src/rrrrr_finger_pkg) by extensions ['ignore', 'ignore_ament_install']
[0.160s] Level 1:colcon.colcon_core.package_identification:_identify(src/rrrrr_finger_pkg) by extension 'ignore'
[0.160s] Level 1:colcon.colcon_core.package_identification:_identify(src/rrrrr_finger_pkg) by extension 'ignore_ament_install'
[0.160s] Level 1:colcon.colcon_core.package_identification:_identify(src/rrrrr_finger_pkg) by extensions ['colcon_pkg']
[0.160s] Level 1:colcon.colcon_core.package_identification:_identify(src/rrrrr_finger_pkg) by extension 'colcon_pkg'
[0.160s] Level 1:colcon.colcon_core.package_identification:_identify(src/rrrrr_finger_pkg) by extensions ['colcon_meta']
[0.160s] Level 1:colcon.colcon_core.package_identification:_identify(src/rrrrr_finger_pkg) by extension 'colcon_meta'
[0.160s] Level 1:colcon.colcon_core.package_identification:_identify(src/rrrrr_finger_pkg) by extensions ['ros']
[0.160s] Level 1:colcon.colcon_core.package_identification:_identify(src/rrrrr_finger_pkg) by extension 'ros'
[0.162s] DEBUG:colcon.colcon_core.package_identification:Package 'src/rrrrr_finger_pkg' with type 'ros.ament_cmake' and name 'rrrrr_finger_pkg'
[0.162s] Level 1:colcon.colcon_core.package_identification:_identify(src/rrrrr_pkg) by extensions ['ignore', 'ignore_ament_install']
[0.162s] Level 1:colcon.colcon_core.package_identification:_identify(src/rrrrr_pkg) by extension 'ignore'
[0.162s] Level 1:colcon.colcon_core.package_identification:_identify(src/rrrrr_pkg) by extension 'ignore_ament_install'
[0.162s] Level 1:colcon.colcon_core.package_identification:_identify(src/rrrrr_pkg) by extensions ['colcon_pkg']
[0.162s] Level 1:colcon.colcon_core.package_identification:_identify(src/rrrrr_pkg) by extension 'colcon_pkg'
[0.162s] Level 1:colcon.colcon_core.package_identification:_identify(src/rrrrr_pkg) by extensions ['colcon_meta']
[0.162s] Level 1:colcon.colcon_core.package_identification:_identify(src/rrrrr_pkg) by extension 'colcon_meta'
[0.162s] Level 1:colcon.colcon_core.package_identification:_identify(src/rrrrr_pkg) by extensions ['ros']
[0.162s] Level 1:colcon.colcon_core.package_identification:_identify(src/rrrrr_pkg) by extension 'ros'
[0.164s] DEBUG:colcon.colcon_core.package_identification:Package 'src/rrrrr_pkg' with type 'ros.ament_cmake' and name 'rrrrr_pkg'
[0.164s] Level 1:colcon.colcon_core.package_discovery:discover_packages(recursive) using defaults
[0.164s] Level 1:colcon.colcon_core.package_discovery:discover_packages(ignore) discover
[0.164s] Level 1:colcon.colcon_core.package_discovery:discover_packages(ignore) using defaults
[0.164s] Level 1:colcon.colcon_core.package_discovery:discover_packages(path) discover
[0.164s] Level 1:colcon.colcon_core.package_discovery:discover_packages(path) using defaults
[0.177s] Level 1:colcon.colcon_core.package_discovery:discover_packages(prefix_path) check parameters
[0.177s] Level 1:colcon.colcon_core.package_discovery:discover_packages(prefix_path) discover
[0.180s] DEBUG:colcon.colcon_installed_package_information.package_discovery:Found 5 installed packages in /home/lunet/wj0011/ros2_ws/install
[0.181s] DEBUG:colcon.colcon_installed_package_information.package_discovery:Found 424 installed packages in /opt/ros/humble
[0.182s] Level 1:colcon.colcon_core.package_discovery:discover_packages(prefix_path) using defaults
[0.213s] Level 5:colcon.colcon_core.verb:set package 'hello_moveit' build argument 'cmake_args' from command line to 'None'
[0.213s] Level 5:colcon.colcon_core.verb:set package 'hello_moveit' build argument 'cmake_target' from command line to 'None'
[0.213s] Level 5:colcon.colcon_core.verb:set package 'hello_moveit' build argument 'cmake_target_skip_unavailable' from command line to 'False'
[0.213s] Level 5:colcon.colcon_core.verb:set package 'hello_moveit' build argument 'cmake_clean_cache' from command line to 'False'
[0.213s] Level 5:colcon.colcon_core.verb:set package 'hello_moveit' build argument 'cmake_clean_first' from command line to 'False'
[0.213s] Level 5:colcon.colcon_core.verb:set package 'hello_moveit' build argument 'cmake_force_configure' from command line to 'False'
[0.214s] Level 5:colcon.colcon_core.verb:set package 'hello_moveit' build argument 'ament_cmake_args' from command line to 'None'
[0.214s] Level 5:colcon.colcon_core.verb:set package 'hello_moveit' build argument 'catkin_cmake_args' from command line to 'None'
[0.214s] Level 5:colcon.colcon_core.verb:set package 'hello_moveit' build argument 'catkin_skip_building_tests' from command line to 'False'
[0.214s] DEBUG:colcon.colcon_core.verb:Building package 'hello_moveit' with the following arguments: {'ament_cmake_args': None, 'build_base': '/home/lunet/wj0011/ros2_ws/build/hello_moveit', 'catkin_cmake_args': None, 'catkin_skip_building_tests': False, 'cmake_args': None, 'cmake_clean_cache': False, 'cmake_clean_first': False, 'cmake_force_configure': False, 'cmake_target': None, 'cmake_target_skip_unavailable': False, 'install_base': '/home/lunet/wj0011/ros2_ws/install/hello_moveit', 'merge_install': False, 'path': '/home/lunet/wj0011/ros2_ws/src/hello_moveit', 'symlink_install': False, 'test_result_base': None}
[0.214s] Level 5:colcon.colcon_core.verb:set package 'ros2_fundamentals_examples' build argument 'cmake_args' from command line to 'None'
[0.214s] Level 5:colcon.colcon_core.verb:set package 'ros2_fundamentals_examples' build argument 'cmake_target' from command line to 'None'
[0.214s] Level 5:colcon.colcon_core.verb:set package 'ros2_fundamentals_examples' build argument 'cmake_target_skip_unavailable' from command line to 'False'
[0.214s] Level 5:colcon.colcon_core.verb:set package 'ros2_fundamentals_examples' build argument 'cmake_clean_cache' from command line to 'False'
[0.214s] Level 5:colcon.colcon_core.verb:set package 'ros2_fundamentals_examples' build argument 'cmake_clean_first' from command line to 'False'
[0.214s] Level 5:colcon.colcon_core.verb:set package 'ros2_fundamentals_examples' build argument 'cmake_force_configure' from command line to 'False'
[0.214s] Level 5:colcon.colcon_core.verb:set package 'ros2_fundamentals_examples' build argument 'ament_cmake_args' from command line to 'None'
[0.214s] Level 5:colcon.colcon_core.verb:set package 'ros2_fundamentals_examples' build argument 'catkin_cmake_args' from command line to 'None'
[0.214s] Level 5:colcon.colcon_core.verb:set package 'ros2_fundamentals_examples' build argument 'catkin_skip_building_tests' from command line to 'False'
[0.214s] DEBUG:colcon.colcon_core.verb:Building package 'ros2_fundamentals_examples' with the following arguments: {'ament_cmake_args': None, 'build_base': '/home/lunet/wj0011/ros2_ws/build/ros2_fundamentals_examples', 'catkin_cmake_args': None, 'catkin_skip_building_tests': False, 'cmake_args': None, 'cmake_clean_cache': False, 'cmake_clean_first': False, 'cmake_force_configure': False, 'cmake_target': None, 'cmake_target_skip_unavailable': False, 'install_base': '/home/lunet/wj0011/ros2_ws/install/ros2_fundamentals_examples', 'merge_install': False, 'path': '/home/lunet/wj0011/ros2_ws/src/ros2_fundamentals_examples', 'symlink_install': False, 'test_result_base': None}
[0.214s] Level 5:colcon.colcon_core.verb:set package 'rrr_pkg' build argument 'cmake_args' from command line to 'None'
[0.214s] Level 5:colcon.colcon_core.verb:set package 'rrr_pkg' build argument 'cmake_target' from command line to 'None'
[0.214s] Level 5:colcon.colcon_core.verb:set package 'rrr_pkg' build argument 'cmake_target_skip_unavailable' from command line to 'False'
[0.214s] Level 5:colcon.colcon_core.verb:set package 'rrr_pkg' build argument 'cmake_clean_cache' from command line to 'False'
[0.214s] Level 5:colcon.colcon_core.verb:set package 'rrr_pkg' build argument 'cmake_clean_first' from command line to 'False'
[0.214s] Level 5:colcon.colcon_core.verb:set package 'rrr_pkg' build argument 'cmake_force_configure' from command line to 'False'
[0.214s] Level 5:colcon.colcon_core.verb:set package 'rrr_pkg' build argument 'ament_cmake_args' from command line to 'None'
[0.214s] Level 5:colcon.colcon_core.verb:set package 'rrr_pkg' build argument 'catkin_cmake_args' from command line to 'None'
[0.214s] Level 5:colcon.colcon_core.verb:set package 'rrr_pkg' build argument 'catkin_skip_building_tests' from command line to 'False'
[0.214s] DEBUG:colcon.colcon_core.verb:Building package 'rrr_pkg' with the following arguments: {'ament_cmake_args': None, 'build_base': '/home/lunet/wj0011/ros2_ws/build/rrr_pkg', 'catkin_cmake_args': None, 'catkin_skip_building_tests': False, 'cmake_args': None, 'cmake_clean_cache': False, 'cmake_clean_first': False, 'cmake_force_configure': False, 'cmake_target': None, 'cmake_target_skip_unavailable': False, 'install_base': '/home/lunet/wj0011/ros2_ws/install/rrr_pkg', 'merge_install': False, 'path': '/home/lunet/wj0011/ros2_ws/src/rrr_pkg', 'symlink_install': False, 'test_result_base': None}
[0.214s] Level 5:colcon.colcon_core.verb:set package 'rrrrr_finger' build argument 'cmake_args' from command line to 'None'
[0.214s] Level 5:colcon.colcon_core.verb:set package 'rrrrr_finger' build argument 'cmake_target' from command line to 'None'
[0.214s] Level 5:colcon.colcon_core.verb:set package 'rrrrr_finger' build argument 'cmake_target_skip_unavailable' from command line to 'False'
[0.214s] Level 5:colcon.colcon_core.verb:set package 'rrrrr_finger' build argument 'cmake_clean_cache' from command line to 'False'
[0.214s] Level 5:colcon.colcon_core.verb:set package 'rrrrr_finger' build argument 'cmake_clean_first' from command line to 'False'
[0.214s] Level 5:colcon.colcon_core.verb:set package 'rrrrr_finger' build argument 'cmake_force_configure' from command line to 'False'
[0.214s] Level 5:colcon.colcon_core.verb:set package 'rrrrr_finger' build argument 'ament_cmake_args' from command line to 'None'
[0.214s] Level 5:colcon.colcon_core.verb:set package 'rrrrr_finger' build argument 'catkin_cmake_args' from command line to 'None'
[0.214s] Level 5:colcon.colcon_core.verb:set package 'rrrrr_finger' build argument 'catkin_skip_building_tests' from command line to 'False'
[0.214s] DEBUG:colcon.colcon_core.verb:Building package 'rrrrr_finger' with the following arguments: {'ament_cmake_args': None, 'build_base': '/home/lunet/wj0011/ros2_ws/build/rrrrr_finger', 'catkin_cmake_args': None, 'catkin_skip_building_tests': False, 'cmake_args': None, 'cmake_clean_cache': False, 'cmake_clean_first': False, 'cmake_force_configure': False, 'cmake_target': None, 'cmake_target_skip_unavailable': False, 'install_base': '/home/lunet/wj0011/ros2_ws/install/rrrrr_finger', 'merge_install': False, 'path': '/home/lunet/wj0011/ros2_ws/src/rrrrr_finger', 'symlink_install': False, 'test_result_base': None}
[0.214s] Level 5:colcon.colcon_core.verb:set package 'rrrrr_finger_pkg' build argument 'cmake_args' from command line to 'None'
[0.214s] Level 5:colcon.colcon_core.verb:set package 'rrrrr_finger_pkg' build argument 'cmake_target' from command line to 'None'
[0.214s] Level 5:colcon.colcon_core.verb:set package 'rrrrr_finger_pkg' build argument 'cmake_target_skip_unavailable' from command line to 'False'
[0.214s] Level 5:colcon.colcon_core.verb:set package 'rrrrr_finger_pkg' build argument 'cmake_clean_cache' from command line to 'False'
[0.214s] Level 5:colcon.colcon_core.verb:set package 'rrrrr_finger_pkg' build argument 'cmake_clean_first' from command line to 'False'
[0.214s] Level 5:colcon.colcon_core.verb:set package 'rrrrr_finger_pkg' build argument 'cmake_force_configure' from command line to 'False'
[0.214s] Level 5:colcon.colcon_core.verb:set package 'rrrrr_finger_pkg' build argument 'ament_cmake_args' from command line to 'None'
[0.214s] Level 5:colcon.colcon_core.verb:set package 'rrrrr_finger_pkg' build argument 'catkin_cmake_args' from command line to 'None'
[0.214s] Level 5:colcon.colcon_core.verb:set package 'rrrrr_finger_pkg' build argument 'catkin_skip_building_tests' from command line to 'False'
[0.214s] DEBUG:colcon.colcon_core.verb:Building package 'rrrrr_finger_pkg' with the following arguments: {'ament_cmake_args': None, 'build_base': '/home/lunet/wj0011/ros2_ws/build/rrrrr_finger_pkg', 'catkin_cmake_args': None, 'catkin_skip_building_tests': False, 'cmake_args': None, 'cmake_clean_cache': False, 'cmake_clean_first': False, 'cmake_force_configure': False, 'cmake_target': None, 'cmake_target_skip_unavailable': False, 'install_base': '/home/lunet/wj0011/ros2_ws/install/rrrrr_finger_pkg', 'merge_install': False, 'path': '/home/lunet/wj0011/ros2_ws/src/rrrrr_finger_pkg', 'symlink_install': False, 'test_result_base': None}
[0.215s] Level 5:colcon.colcon_core.verb:set package 'rrrrr_pkg' build argument 'cmake_args' from command line to 'None'
[0.215s] Level 5:colcon.colcon_core.verb:set package 'rrrrr_pkg' build argument 'cmake_target' from command line to 'None'
[0.215s] Level 5:colcon.colcon_core.verb:set package 'rrrrr_pkg' build argument 'cmake_target_skip_unavailable' from command line to 'False'
[0.215s] Level 5:colcon.colcon_core.verb:set package 'rrrrr_pkg' build argument 'cmake_clean_cache' from command line to 'False'
[0.215s] Level 5:colcon.colcon_core.verb:set package 'rrrrr_pkg' build argument 'cmake_clean_first' from command line to 'False'
[0.215s] Level 5:colcon.colcon_core.verb:set package 'rrrrr_pkg' build argument 'cmake_force_configure' from command line to 'False'
[0.215s] Level 5:colcon.colcon_core.verb:set package 'rrrrr_pkg' build argument 'ament_cmake_args' from command line to 'None'
[0.215s] Level 5:colcon.colcon_core.verb:set package 'rrrrr_pkg' build argument 'catkin_cmake_args' from command line to 'None'
[0.215s] Level 5:colcon.colcon_core.verb:set package 'rrrrr_pkg' build argument 'catkin_skip_building_tests' from command line to 'False'
[0.215s] DEBUG:colcon.colcon_core.verb:Building package 'rrrrr_pkg' with the following arguments: {'ament_cmake_args': None, 'build_base': '/home/lunet/wj0011/ros2_ws/build/rrrrr_pkg', 'catkin_cmake_args': None, 'catkin_skip_building_tests': False, 'cmake_args': None, 'cmake_clean_cache': False, 'cmake_clean_first': False, 'cmake_force_configure': False, 'cmake_target': None, 'cmake_target_skip_unavailable': False, 'install_base': '/home/lunet/wj0011/ros2_ws/install/rrrrr_pkg', 'merge_install': False, 'path': '/home/lunet/wj0011/ros2_ws/src/rrrrr_pkg', 'symlink_install': False, 'test_result_base': None}
[0.215s] INFO:colcon.colcon_core.executor:Executing jobs using 'parallel' executor
[0.215s] DEBUG:colcon.colcon_parallel_executor.executor.parallel:run_until_complete
[0.215s] INFO:colcon.colcon_ros.task.ament_cmake.build:Building ROS package in '/home/lunet/wj0011/ros2_ws/src/hello_moveit' with build type 'ament_cmake'
[0.215s] INFO:colcon.colcon_cmake.task.cmake.build:Building CMake package in '/home/lunet/wj0011/ros2_ws/src/hello_moveit'
[0.217s] INFO:colcon.colcon_core.plugin_system:Skipping extension 'colcon_core.shell.bat': Not used on non-Windows systems
[0.217s] INFO:colcon.colcon_core.shell:Skip shell extension 'powershell' for command environment: Not usable outside of PowerShell
[0.217s] DEBUG:colcon.colcon_core.shell:Skip shell extension 'dsv' for command environment
[0.225s] INFO:colcon.colcon_ros.task.ament_cmake.build:Building ROS package in '/home/lunet/wj0011/ros2_ws/src/ros2_fundamentals_examples' with build type 'ament_cmake'
[0.225s] INFO:colcon.colcon_cmake.task.cmake.build:Building CMake package in '/home/lunet/wj0011/ros2_ws/src/ros2_fundamentals_examples'
[0.225s] INFO:colcon.colcon_core.shell:Skip shell extension 'powershell' for command environment: Not usable outside of PowerShell
[0.225s] DEBUG:colcon.colcon_core.shell:Skip shell extension 'dsv' for command environment
[0.234s] INFO:colcon.colcon_ros.task.ament_cmake.build:Building ROS package in '/home/lunet/wj0011/ros2_ws/src/rrr_pkg' with build type 'ament_cmake'
[0.234s] INFO:colcon.colcon_cmake.task.cmake.build:Building CMake package in '/home/lunet/wj0011/ros2_ws/src/rrr_pkg'
[0.235s] INFO:colcon.colcon_core.shell:Skip shell extension 'powershell' for command environment: Not usable outside of PowerShell
[0.235s] DEBUG:colcon.colcon_core.shell:Skip shell extension 'dsv' for command environment
[0.243s] INFO:colcon.colcon_ros.task.ament_cmake.build:Building ROS package in '/home/lunet/wj0011/ros2_ws/src/rrrrr_finger' with build type 'ament_cmake'
[0.243s] INFO:colcon.colcon_cmake.task.cmake.build:Building CMake package in '/home/lunet/wj0011/ros2_ws/src/rrrrr_finger'
[0.244s] INFO:colcon.colcon_core.shell:Skip shell extension 'powershell' for command environment: Not usable outside of PowerShell
[0.244s] DEBUG:colcon.colcon_core.shell:Skip shell extension 'dsv' for command environment
[0.251s] INFO:colcon.colcon_ros.task.ament_cmake.build:Building ROS package in '/home/lunet/wj0011/ros2_ws/src/rrrrr_finger_pkg' with build type 'ament_cmake'
[0.251s] INFO:colcon.colcon_cmake.task.cmake.build:Building CMake package in '/home/lunet/wj0011/ros2_ws/src/rrrrr_finger_pkg'
[0.251s] INFO:colcon.colcon_core.shell:Skip shell extension 'powershell' for command environment: Not usable outside of PowerShell
[0.251s] DEBUG:colcon.colcon_core.shell:Skip shell extension 'dsv' for command environment
[0.258s] INFO:colcon.colcon_ros.task.ament_cmake.build:Building ROS package in '/home/lunet/wj0011/ros2_ws/src/rrrrr_pkg' with build type 'ament_cmake'
[0.258s] INFO:colcon.colcon_cmake.task.cmake.build:Building CMake package in '/home/lunet/wj0011/ros2_ws/src/rrrrr_pkg'
[0.259s] INFO:colcon.colcon_core.shell:Skip shell extension 'powershell' for command environment: Not usable outside of PowerShell
[0.259s] DEBUG:colcon.colcon_core.shell:Skip shell extension 'dsv' for command environment
[0.277s] DEBUG:colcon.colcon_core.event_handler.log_command:Invoking command in '/home/lunet/wj0011/ros2_ws/build/hello_moveit': ANSYSLMD_LICENSE_FILE=1055@ansys.lboro.ac.uk CMAKE_PREFIX_PATH=${CMAKE_PREFIX_PATH}:/opt/ros/humble /usr/bin/cmake --build /home/lunet/wj0011/ros2_ws/build/hello_moveit -- -j32 -l32
[0.285s] DEBUG:colcon.colcon_core.event_handler.log_command:Invoking command in '/home/lunet/wj0011/ros2_ws/build/ros2_fundamentals_examples': ANSYSLMD_LICENSE_FILE=1055@ansys.lboro.ac.uk CMAKE_PREFIX_PATH=${CMAKE_PREFIX_PATH}:/opt/ros/humble /usr/bin/cmake --build /home/lunet/wj0011/ros2_ws/build/ros2_fundamentals_examples -- -j32 -l32
[0.293s] DEBUG:colcon.colcon_core.event_handler.log_command:Invoking command in '/home/lunet/wj0011/ros2_ws/build/rrr_pkg': ANSYSLMD_LICENSE_FILE=1055@ansys.lboro.ac.uk CMAKE_PREFIX_PATH=${CMAKE_PREFIX_PATH}:/opt/ros/humble /usr/bin/cmake --build /home/lunet/wj0011/ros2_ws/build/rrr_pkg -- -j32 -l32
[0.305s] DEBUG:colcon.colcon_core.event_handler.log_command:Invoking command in '/home/lunet/wj0011/ros2_ws/build/rrrrr_finger': ANSYSLMD_LICENSE_FILE=1055@ansys.lboro.ac.uk CMAKE_PREFIX_PATH=${CMAKE_PREFIX_PATH}:/opt/ros/humble /usr/bin/cmake /home/lunet/wj0011/ros2_ws/src/rrrrr_finger -DCMAKE_INSTALL_PREFIX=/home/lunet/wj0011/ros2_ws/install/rrrrr_finger
[0.314s] DEBUG:colcon.colcon_core.event_handler.log_command:Invoking command in '/home/lunet/wj0011/ros2_ws/build/rrrrr_finger_pkg': ANSYSLMD_LICENSE_FILE=1055@ansys.lboro.ac.uk CMAKE_PREFIX_PATH=${CMAKE_PREFIX_PATH}:/opt/ros/humble /usr/bin/cmake --build /home/lunet/wj0011/ros2_ws/build/rrrrr_finger_pkg -- -j32 -l32
[0.325s] DEBUG:colcon.colcon_core.event_handler.log_command:Invoking command in '/home/lunet/wj0011/ros2_ws/build/rrrrr_pkg': ANSYSLMD_LICENSE_FILE=1055@ansys.lboro.ac.uk CMAKE_PREFIX_PATH=${CMAKE_PREFIX_PATH}:/opt/ros/humble /usr/bin/cmake --build /home/lunet/wj0011/ros2_ws/build/rrrrr_pkg -- -j32 -l32
[0.335s] DEBUG:colcon.colcon_core.event_handler.log_command:Invoked command in '/home/lunet/wj0011/ros2_ws/build/rrr_pkg' returned '0': ANSYSLMD_LICENSE_FILE=1055@ansys.lboro.ac.uk CMAKE_PREFIX_PATH=${CMAKE_PREFIX_PATH}:/opt/ros/humble /usr/bin/cmake --build /home/lunet/wj0011/ros2_ws/build/rrr_pkg -- -j32 -l32
[0.348s] DEBUG:colcon.colcon_core.event_handler.log_command:Invoking command in '/home/lunet/wj0011/ros2_ws/build/rrr_pkg': ANSYSLMD_LICENSE_FILE=1055@ansys.lboro.ac.uk CMAKE_PREFIX_PATH=${CMAKE_PREFIX_PATH}:/opt/ros/humble /usr/bin/cmake --install /home/lunet/wj0011/ros2_ws/build/rrr_pkg
[0.355s] DEBUG:colcon.colcon_core.event_handler.log_command:Invoked command in '/home/lunet/wj0011/ros2_ws/build/rrrrr_finger_pkg' returned '0': ANSYSLMD_LICENSE_FILE=1055@ansys.lboro.ac.uk CMAKE_PREFIX_PATH=${CMAKE_PREFIX_PATH}:/opt/ros/humble /usr/bin/cmake --build /home/lunet/wj0011/ros2_ws/build/rrrrr_finger_pkg -- -j32 -l32
[0.363s] DEBUG:colcon.colcon_core.event_handler.log_command:Invoking command in '/home/lunet/wj0011/ros2_ws/build/rrrrr_finger_pkg': ANSYSLMD_LICENSE_FILE=1055@ansys.lboro.ac.uk CMAKE_PREFIX_PATH=${CMAKE_PREFIX_PATH}:/opt/ros/humble /usr/bin/cmake --install /home/lunet/wj0011/ros2_ws/build/rrrrr_finger_pkg
[0.365s] DEBUG:colcon.colcon_core.event_handler.log_command:Invoked command in '/home/lunet/wj0011/ros2_ws/build/rrrrr_pkg' returned '0': ANSYSLMD_LICENSE_FILE=1055@ansys.lboro.ac.uk CMAKE_PREFIX_PATH=${CMAKE_PREFIX_PATH}:/opt/ros/humble /usr/bin/cmake --build /home/lunet/wj0011/ros2_ws/build/rrrrr_pkg -- -j32 -l32
[0.375s] DEBUG:colcon.colcon_core.event_handler.log_command:Invoking command in '/home/lunet/wj0011/ros2_ws/build/rrrrr_pkg': ANSYSLMD_LICENSE_FILE=1055@ansys.lboro.ac.uk CMAKE_PREFIX_PATH=${CMAKE_PREFIX_PATH}:/opt/ros/humble /usr/bin/cmake --install /home/lunet/wj0011/ros2_ws/build/rrrrr_pkg
[0.376s] DEBUG:colcon.colcon_core.event_handler.log_command:Invoked command in '/home/lunet/wj0011/ros2_ws/build/hello_moveit' returned '0': ANSYSLMD_LICENSE_FILE=1055@ansys.lboro.ac.uk CMAKE_PREFIX_PATH=${CMAKE_PREFIX_PATH}:/opt/ros/humble /usr/bin/cmake --build /home/lunet/wj0011/ros2_ws/build/hello_moveit -- -j32 -l32
[0.385s] DEBUG:colcon.colcon_core.event_handler.log_command:Invoking command in '/home/lunet/wj0011/ros2_ws/build/hello_moveit': ANSYSLMD_LICENSE_FILE=1055@ansys.lboro.ac.uk CMAKE_PREFIX_PATH=${CMAKE_PREFIX_PATH}:/opt/ros/humble /usr/bin/cmake --install /home/lunet/wj0011/ros2_ws/build/hello_moveit
[0.386s] Level 1:colcon.colcon_core.environment:create_environment_scripts_only(rrr_pkg)
[0.387s] DEBUG:colcon.colcon_core.event_handler.log_command:Invoked command in '/home/lunet/wj0011/ros2_ws/build/rrr_pkg' returned '0': ANSYSLMD_LICENSE_FILE=1055@ansys.lboro.ac.uk CMAKE_PREFIX_PATH=${CMAKE_PREFIX_PATH}:/opt/ros/humble /usr/bin/cmake --install /home/lunet/wj0011/ros2_ws/build/rrr_pkg
[0.388s] Level 1:colcon.colcon_core.environment:checking '/home/lunet/wj0011/ros2_ws/install/rrr_pkg' for CMake module files
[0.389s] Level 1:colcon.colcon_core.environment:checking '/home/lunet/wj0011/ros2_ws/install/rrr_pkg' for CMake config files
[0.393s] Level 1:colcon.colcon_core.shell:create_environment_hook('rrr_pkg', 'cmake_prefix_path')
[0.394s] INFO:colcon.colcon_core.shell:Creating environment hook '/home/lunet/wj0011/ros2_ws/install/rrr_pkg/share/rrr_pkg/hook/cmake_prefix_path.ps1'
[0.396s] INFO:colcon.colcon_core.shell:Creating environment descriptor '/home/lunet/wj0011/ros2_ws/install/rrr_pkg/share/rrr_pkg/hook/cmake_prefix_path.dsv'
[0.399s] INFO:colcon.colcon_core.shell:Creating environment hook '/home/lunet/wj0011/ros2_ws/install/rrr_pkg/share/rrr_pkg/hook/cmake_prefix_path.sh'
[0.402s] Level 1:colcon.colcon_core.environment:checking '/home/lunet/wj0011/ros2_ws/install/rrr_pkg/bin'
[0.402s] Level 1:colcon.colcon_core.environment:checking '/home/lunet/wj0011/ros2_ws/install/rrr_pkg/lib/pkgconfig/rrr_pkg.pc'
[0.402s] Level 1:colcon.colcon_core.environment:checking '/home/lunet/wj0011/ros2_ws/install/rrr_pkg/lib/python3.10/site-packages'
[0.402s] Level 1:colcon.colcon_core.environment:checking '/home/lunet/wj0011/ros2_ws/install/rrr_pkg/bin'
[0.403s] INFO:colcon.colcon_core.shell:Creating package script '/home/lunet/wj0011/ros2_ws/install/rrr_pkg/share/rrr_pkg/package.ps1'
[0.405s] INFO:colcon.colcon_core.shell:Creating package descriptor '/home/lunet/wj0011/ros2_ws/install/rrr_pkg/share/rrr_pkg/package.dsv'
[0.407s] INFO:colcon.colcon_core.shell:Creating package script '/home/lunet/wj0011/ros2_ws/install/rrr_pkg/share/rrr_pkg/package.sh'
[0.409s] INFO:colcon.colcon_core.shell:Creating package script '/home/lunet/wj0011/ros2_ws/install/rrr_pkg/share/rrr_pkg/package.bash'
[0.412s] INFO:colcon.colcon_core.shell:Creating package script '/home/lunet/wj0011/ros2_ws/install/rrr_pkg/share/rrr_pkg/package.zsh'
[0.414s] Level 1:colcon.colcon_core.environment:create_file_with_runtime_dependencies(/home/lunet/wj0011/ros2_ws/install/rrr_pkg/share/colcon-core/packages/rrr_pkg)
[0.417s] Level 1:colcon.colcon_core.environment:create_environment_scripts_only(rrr_pkg)
[0.417s] Level 1:colcon.colcon_core.environment:checking '/home/lunet/wj0011/ros2_ws/install/rrr_pkg' for CMake module files
[0.419s] Level 1:colcon.colcon_core.environment:checking '/home/lunet/wj0011/ros2_ws/install/rrr_pkg' for CMake config files
[0.421s] Level 1:colcon.colcon_core.shell:create_environment_hook('rrr_pkg', 'cmake_prefix_path')
[0.422s] INFO:colcon.colcon_core.shell:Creating environment hook '/home/lunet/wj0011/ros2_ws/install/rrr_pkg/share/rrr_pkg/hook/cmake_prefix_path.ps1'
[0.424s] INFO:colcon.colcon_core.shell:Creating environment descriptor '/home/lunet/wj0011/ros2_ws/install/rrr_pkg/share/rrr_pkg/hook/cmake_prefix_path.dsv'
[0.425s] INFO:colcon.colcon_core.shell:Creating environment hook '/home/lunet/wj0011/ros2_ws/install/rrr_pkg/share/rrr_pkg/hook/cmake_prefix_path.sh'
[0.427s] Level 1:colcon.colcon_core.environment:checking '/home/lunet/wj0011/ros2_ws/install/rrr_pkg/bin'
[0.428s] Level 1:colcon.colcon_core.environment:checking '/home/lunet/wj0011/ros2_ws/install/rrr_pkg/lib/pkgconfig/rrr_pkg.pc'
[0.428s] Level 1:colcon.colcon_core.environment:checking '/home/lunet/wj0011/ros2_ws/install/rrr_pkg/lib/python3.10/site-packages'
[0.428s] Level 1:colcon.colcon_core.environment:checking '/home/lunet/wj0011/ros2_ws/install/rrr_pkg/bin'
[0.428s] INFO:colcon.colcon_core.shell:Creating package script '/home/lunet/wj0011/ros2_ws/install/rrr_pkg/share/rrr_pkg/package.ps1'
[0.430s] INFO:colcon.colcon_core.shell:Creating package descriptor '/home/lunet/wj0011/ros2_ws/install/rrr_pkg/share/rrr_pkg/package.dsv'
[0.432s] INFO:colcon.colcon_core.shell:Creating package script '/home/lunet/wj0011/ros2_ws/install/rrr_pkg/share/rrr_pkg/package.sh'
[0.437s] INFO:colcon.colcon_core.shell:Creating package script '/home/lunet/wj0011/ros2_ws/install/rrr_pkg/share/rrr_pkg/package.bash'
[0.439s] INFO:colcon.colcon_core.shell:Creating package script '/home/lunet/wj0011/ros2_ws/install/rrr_pkg/share/rrr_pkg/package.zsh'
[0.441s] Level 1:colcon.colcon_core.environment:create_file_with_runtime_dependencies(/home/lunet/wj0011/ros2_ws/install/rrr_pkg/share/colcon-core/packages/rrr_pkg)
[0.443s] Level 1:colcon.colcon_core.environment:create_environment_scripts_only(rrrrr_finger_pkg)
[0.443s] Level 1:colcon.colcon_core.environment:checking '/home/lunet/wj0011/ros2_ws/install/rrrrr_finger_pkg' for CMake module files
[0.445s] Level 1:colcon.colcon_core.environment:checking '/home/lunet/wj0011/ros2_ws/install/rrrrr_finger_pkg' for CMake config files
[0.449s] DEBUG:colcon.colcon_core.event_handler.log_command:Invoked command in '/home/lunet/wj0011/ros2_ws/build/rrrrr_finger_pkg' returned '0': ANSYSLMD_LICENSE_FILE=1055@ansys.lboro.ac.uk CMAKE_PREFIX_PATH=${CMAKE_PREFIX_PATH}:/opt/ros/humble /usr/bin/cmake --install /home/lunet/wj0011/ros2_ws/build/rrrrr_finger_pkg
[0.449s] Level 1:colcon.colcon_core.shell:create_environment_hook('rrrrr_finger_pkg', 'cmake_prefix_path')
[0.449s] INFO:colcon.colcon_core.shell:Creating environment hook '/home/lunet/wj0011/ros2_ws/install/rrrrr_finger_pkg/share/rrrrr_finger_pkg/hook/cmake_prefix_path.ps1'
[0.451s] INFO:colcon.colcon_core.shell:Creating environment descriptor '/home/lunet/wj0011/ros2_ws/install/rrrrr_finger_pkg/share/rrrrr_finger_pkg/hook/cmake_prefix_path.dsv'
[0.454s] INFO:colcon.colcon_core.shell:Creating environment hook '/home/lunet/wj0011/ros2_ws/install/rrrrr_finger_pkg/share/rrrrr_finger_pkg/hook/cmake_prefix_path.sh'
[0.456s] Level 1:colcon.colcon_core.environment:checking '/home/lunet/wj0011/ros2_ws/install/rrrrr_finger_pkg/bin'
[0.456s] Level 1:colcon.colcon_core.environment:checking '/home/lunet/wj0011/ros2_ws/install/rrrrr_finger_pkg/lib/pkgconfig/rrrrr_finger_pkg.pc'
[0.456s] Level 1:colcon.colcon_core.environment:checking '/home/lunet/wj0011/ros2_ws/install/rrrrr_finger_pkg/lib/python3.10/site-packages'
[0.456s] Level 1:colcon.colcon_core.environment:checking '/home/lunet/wj0011/ros2_ws/install/rrrrr_finger_pkg/bin'
[0.456s] INFO:colcon.colcon_core.shell:Creating package script '/home/lunet/wj0011/ros2_ws/install/rrrrr_finger_pkg/share/rrrrr_finger_pkg/package.ps1'
[0.459s] INFO:colcon.colcon_core.shell:Creating package descriptor '/home/lunet/wj0011/ros2_ws/install/rrrrr_finger_pkg/share/rrrrr_finger_pkg/package.dsv'
[0.460s] INFO:colcon.colcon_core.shell:Creating package script '/home/lunet/wj0011/ros2_ws/install/rrrrr_finger_pkg/share/rrrrr_finger_pkg/package.sh'
[0.462s] INFO:colcon.colcon_core.shell:Creating package script '/home/lunet/wj0011/ros2_ws/install/rrrrr_finger_pkg/share/rrrrr_finger_pkg/package.bash'
[0.464s] INFO:colcon.colcon_core.shell:Creating package script '/home/lunet/wj0011/ros2_ws/install/rrrrr_finger_pkg/share/rrrrr_finger_pkg/package.zsh'
[0.466s] Level 1:colcon.colcon_core.environment:create_file_with_runtime_dependencies(/home/lunet/wj0011/ros2_ws/install/rrrrr_finger_pkg/share/colcon-core/packages/rrrrr_finger_pkg)
[0.469s] Level 1:colcon.colcon_core.environment:create_environment_scripts_only(rrrrr_finger_pkg)
[0.469s] Level 1:colcon.colcon_core.environment:checking '/home/lunet/wj0011/ros2_ws/install/rrrrr_finger_pkg' for CMake module files
[0.470s] Level 1:colcon.colcon_core.environment:checking '/home/lunet/wj0011/ros2_ws/install/rrrrr_finger_pkg' for CMake config files
[0.473s] Level 1:colcon.colcon_core.shell:create_environment_hook('rrrrr_finger_pkg', 'cmake_prefix_path')
[0.473s] INFO:colcon.colcon_core.shell:Creating environment hook '/home/lunet/wj0011/ros2_ws/install/rrrrr_finger_pkg/share/rrrrr_finger_pkg/hook/cmake_prefix_path.ps1'
[0.475s] INFO:colcon.colcon_core.shell:Creating environment descriptor '/home/lunet/wj0011/ros2_ws/install/rrrrr_finger_pkg/share/rrrrr_finger_pkg/hook/cmake_prefix_path.dsv'
[0.477s] INFO:colcon.colcon_core.shell:Creating environment hook '/home/lunet/wj0011/ros2_ws/install/rrrrr_finger_pkg/share/rrrrr_finger_pkg/hook/cmake_prefix_path.sh'
[0.479s] Level 1:colcon.colcon_core.environment:checking '/home/lunet/wj0011/ros2_ws/install/rrrrr_finger_pkg/bin'
[0.479s] Level 1:colcon.colcon_core.environment:checking '/home/lunet/wj0011/ros2_ws/install/rrrrr_finger_pkg/lib/pkgconfig/rrrrr_finger_pkg.pc'
[0.479s] Level 1:colcon.colcon_core.environment:checking '/home/lunet/wj0011/ros2_ws/install/rrrrr_finger_pkg/lib/python3.10/site-packages'
[0.479s] Level 1:colcon.colcon_core.environment:checking '/home/lunet/wj0011/ros2_ws/install/rrrrr_finger_pkg/bin'
[0.479s] INFO:colcon.colcon_core.shell:Creating package script '/home/lunet/wj0011/ros2_ws/install/rrrrr_finger_pkg/share/rrrrr_finger_pkg/package.ps1'
[0.481s] INFO:colcon.colcon_core.shell:Creating package descriptor '/home/lunet/wj0011/ros2_ws/install/rrrrr_finger_pkg/share/rrrrr_finger_pkg/package.dsv'
[0.483s] INFO:colcon.colcon_core.shell:Creating package script '/home/lunet/wj0011/ros2_ws/install/rrrrr_finger_pkg/share/rrrrr_finger_pkg/package.sh'
[0.485s] INFO:colcon.colcon_core.shell:Creating package script '/home/lunet/wj0011/ros2_ws/install/rrrrr_finger_pkg/share/rrrrr_finger_pkg/package.bash'
[0.487s] INFO:colcon.colcon_core.shell:Creating package script '/home/lunet/wj0011/ros2_ws/install/rrrrr_finger_pkg/share/rrrrr_finger_pkg/package.zsh'
[0.489s] Level 1:colcon.colcon_core.environment:create_file_with_runtime_dependencies(/home/lunet/wj0011/ros2_ws/install/rrrrr_finger_pkg/share/colcon-core/packages/rrrrr_finger_pkg)
[0.491s] Level 1:colcon.colcon_core.environment:create_environment_scripts_only(rrrrr_pkg)
[0.491s] Level 1:colcon.colcon_core.environment:checking '/home/lunet/wj0011/ros2_ws/install/rrrrr_pkg' for CMake module files
[0.493s] Level 1:colcon.colcon_core.environment:checking '/home/lunet/wj0011/ros2_ws/install/rrrrr_pkg' for CMake config files
[0.497s] Level 1:colcon.colcon_core.shell:create_environment_hook('rrrrr_pkg', 'cmake_prefix_path')
[0.498s] INFO:colcon.colcon_core.shell:Creating environment hook '/home/lunet/wj0011/ros2_ws/install/rrrrr_pkg/share/rrrrr_pkg/hook/cmake_prefix_path.ps1'
[0.498s] DEBUG:colcon.colcon_core.event_handler.log_command:Invoked command in '/home/lunet/wj0011/ros2_ws/build/rrrrr_pkg' returned '0': ANSYSLMD_LICENSE_FILE=1055@ansys.lboro.ac.uk CMAKE_PREFIX_PATH=${CMAKE_PREFIX_PATH}:/opt/ros/humble /usr/bin/cmake --install /home/lunet/wj0011/ros2_ws/build/rrrrr_pkg
[0.500s] INFO:colcon.colcon_core.shell:Creating environment descriptor '/home/lunet/wj0011/ros2_ws/install/rrrrr_pkg/share/rrrrr_pkg/hook/cmake_prefix_path.dsv'
[0.502s] INFO:colcon.colcon_core.shell:Creating environment hook '/home/lunet/wj0011/ros2_ws/install/rrrrr_pkg/share/rrrrr_pkg/hook/cmake_prefix_path.sh'
[0.505s] Level 1:colcon.colcon_core.environment:checking '/home/lunet/wj0011/ros2_ws/install/rrrrr_pkg/bin'
[0.505s] Level 1:colcon.colcon_core.environment:checking '/home/lunet/wj0011/ros2_ws/install/rrrrr_pkg/lib/pkgconfig/rrrrr_pkg.pc'
[0.505s] Level 1:colcon.colcon_core.environment:checking '/home/lunet/wj0011/ros2_ws/install/rrrrr_pkg/lib/python3.10/site-packages'
[0.505s] Level 1:colcon.colcon_core.environment:checking '/home/lunet/wj0011/ros2_ws/install/rrrrr_pkg/bin'
[0.505s] INFO:colcon.colcon_core.shell:Creating package script '/home/lunet/wj0011/ros2_ws/install/rrrrr_pkg/share/rrrrr_pkg/package.ps1'
[0.507s] INFO:colcon.colcon_core.shell:Creating package descriptor '/home/lunet/wj0011/ros2_ws/install/rrrrr_pkg/share/rrrrr_pkg/package.dsv'
[0.509s] INFO:colcon.colcon_core.shell:Creating package script '/home/lunet/wj0011/ros2_ws/install/rrrrr_pkg/share/rrrrr_pkg/package.sh'
[0.511s] INFO:colcon.colcon_core.shell:Creating package script '/home/lunet/wj0011/ros2_ws/install/rrrrr_pkg/share/rrrrr_pkg/package.bash'
[0.513s] INFO:colcon.colcon_core.shell:Creating package script '/home/lunet/wj0011/ros2_ws/install/rrrrr_pkg/share/rrrrr_pkg/package.zsh'
[0.515s] Level 1:colcon.colcon_core.environment:create_file_with_runtime_dependencies(/home/lunet/wj0011/ros2_ws/install/rrrrr_pkg/share/colcon-core/packages/rrrrr_pkg)
[0.518s] Level 1:colcon.colcon_core.environment:create_environment_scripts_only(rrrrr_pkg)
[0.518s] Level 1:colcon.colcon_core.environment:checking '/home/lunet/wj0011/ros2_ws/install/rrrrr_pkg' for CMake module files
[0.519s] Level 1:colcon.colcon_core.environment:checking '/home/lunet/wj0011/ros2_ws/install/rrrrr_pkg' for CMake config files
[0.522s] Level 1:colcon.colcon_core.shell:create_environment_hook('rrrrr_pkg', 'cmake_prefix_path')
[0.522s] INFO:colcon.colcon_core.shell:Creating environment hook '/home/lunet/wj0011/ros2_ws/install/rrrrr_pkg/share/rrrrr_pkg/hook/cmake_prefix_path.ps1'
[0.524s] INFO:colcon.colcon_core.shell:Creating environment descriptor '/home/lunet/wj0011/ros2_ws/install/rrrrr_pkg/share/rrrrr_pkg/hook/cmake_prefix_path.dsv'
[0.526s] INFO:colcon.colcon_core.shell:Creating environment hook '/home/lunet/wj0011/ros2_ws/install/rrrrr_pkg/share/rrrrr_pkg/hook/cmake_prefix_path.sh'
[0.529s] Level 1:colcon.colcon_core.environment:checking '/home/lunet/wj0011/ros2_ws/install/rrrrr_pkg/bin'
[0.529s] Level 1:colcon.colcon_core.environment:checking '/home/lunet/wj0011/ros2_ws/install/rrrrr_pkg/lib/pkgconfig/rrrrr_pkg.pc'
[0.529s] Level 1:colcon.colcon_core.environment:checking '/home/lunet/wj0011/ros2_ws/install/rrrrr_pkg/lib/python3.10/site-packages'
[0.529s] Level 1:colcon.colcon_core.environment:checking '/home/lunet/wj0011/ros2_ws/install/rrrrr_pkg/bin'
[0.529s] INFO:colcon.colcon_core.shell:Creating package script '/home/lunet/wj0011/ros2_ws/install/rrrrr_pkg/share/rrrrr_pkg/package.ps1'
[0.531s] INFO:colcon.colcon_core.shell:Creating package descriptor '/home/lunet/wj0011/ros2_ws/install/rrrrr_pkg/share/rrrrr_pkg/package.dsv'
[0.533s] INFO:colcon.colcon_core.shell:Creating package script '/home/lunet/wj0011/ros2_ws/install/rrrrr_pkg/share/rrrrr_pkg/package.sh'
[0.535s] INFO:colcon.colcon_core.shell:Creating package script '/home/lunet/wj0011/ros2_ws/install/rrrrr_pkg/share/rrrrr_pkg/package.bash'
[0.537s] INFO:colcon.colcon_core.shell:Creating package script '/home/lunet/wj0011/ros2_ws/install/rrrrr_pkg/share/rrrrr_pkg/package.zsh'
[0.539s] Level 1:colcon.colcon_core.environment:create_file_with_runtime_dependencies(/home/lunet/wj0011/ros2_ws/install/rrrrr_pkg/share/colcon-core/packages/rrrrr_pkg)
[0.541s] Level 1:colcon.colcon_core.environment:create_environment_scripts_only(hello_moveit)
[0.541s] Level 1:colcon.colcon_core.environment:checking '/home/lunet/wj0011/ros2_ws/install/hello_moveit' for CMake module files
[0.543s] Level 1:colcon.colcon_core.environment:checking '/home/lunet/wj0011/ros2_ws/install/hello_moveit' for CMake config files
[0.546s] DEBUG:colcon.colcon_core.event_handler.log_command:Invoked command in '/home/lunet/wj0011/ros2_ws/build/hello_moveit' returned '0': ANSYSLMD_LICENSE_FILE=1055@ansys.lboro.ac.uk CMAKE_PREFIX_PATH=${CMAKE_PREFIX_PATH}:/opt/ros/humble /usr/bin/cmake --install /home/lunet/wj0011/ros2_ws/build/hello_moveit
[0.548s] Level 1:colcon.colcon_core.shell:create_environment_hook('hello_moveit', 'cmake_prefix_path')
[0.548s] INFO:colcon.colcon_core.shell:Creating environment hook '/home/lunet/wj0011/ros2_ws/install/hello_moveit/share/hello_moveit/hook/cmake_prefix_path.ps1'
[0.550s] INFO:colcon.colcon_core.shell:Creating environment descriptor '/home/lunet/wj0011/ros2_ws/install/hello_moveit/share/hello_moveit/hook/cmake_prefix_path.dsv'
[0.552s] INFO:colcon.colcon_core.shell:Creating environment hook '/home/lunet/wj0011/ros2_ws/install/hello_moveit/share/hello_moveit/hook/cmake_prefix_path.sh'
[0.555s] Level 1:colcon.colcon_core.environment:checking '/home/lunet/wj0011/ros2_ws/install/hello_moveit/lib'
[0.555s] Level 1:colcon.colcon_core.environment:checking '/home/lunet/wj0011/ros2_ws/install/hello_moveit/bin'
[0.555s] Level 1:colcon.colcon_core.environment:checking '/home/lunet/wj0011/ros2_ws/install/hello_moveit/lib/pkgconfig/hello_moveit.pc'
[0.555s] Level 1:colcon.colcon_core.environment:checking '/home/lunet/wj0011/ros2_ws/install/hello_moveit/lib/python3.10/site-packages'
[0.555s] Level 1:colcon.colcon_core.environment:checking '/home/lunet/wj0011/ros2_ws/install/hello_moveit/bin'
[0.556s] INFO:colcon.colcon_core.shell:Creating package script '/home/lunet/wj0011/ros2_ws/install/hello_moveit/share/hello_moveit/package.ps1'
[0.557s] INFO:colcon.colcon_core.shell:Creating package descriptor '/home/lunet/wj0011/ros2_ws/install/hello_moveit/share/hello_moveit/package.dsv'
[0.559s] INFO:colcon.colcon_core.shell:Creating package script '/home/lunet/wj0011/ros2_ws/install/hello_moveit/share/hello_moveit/package.sh'
[0.561s] INFO:colcon.colcon_core.shell:Creating package script '/home/lunet/wj0011/ros2_ws/install/hello_moveit/share/hello_moveit/package.bash'
[0.563s] INFO:colcon.colcon_core.shell:Creating package script '/home/lunet/wj0011/ros2_ws/install/hello_moveit/share/hello_moveit/package.zsh'
[0.565s] Level 1:colcon.colcon_core.environment:create_file_with_runtime_dependencies(/home/lunet/wj0011/ros2_ws/install/hello_moveit/share/colcon-core/packages/hello_moveit)
[0.567s] Level 1:colcon.colcon_core.environment:create_environment_scripts_only(hello_moveit)
[0.567s] Level 1:colcon.colcon_core.environment:checking '/home/lunet/wj0011/ros2_ws/install/hello_moveit' for CMake module files
[0.569s] Level 1:colcon.colcon_core.environment:checking '/home/lunet/wj0011/ros2_ws/install/hello_moveit' for CMake config files
[0.573s] Level 1:colcon.colcon_core.shell:create_environment_hook('hello_moveit', 'cmake_prefix_path')
[0.573s] INFO:colcon.colcon_core.shell:Creating environment hook '/home/lunet/wj0011/ros2_ws/install/hello_moveit/share/hello_moveit/hook/cmake_prefix_path.ps1'
[0.575s] INFO:colcon.colcon_core.shell:Creating environment descriptor '/home/lunet/wj0011/ros2_ws/install/hello_moveit/share/hello_moveit/hook/cmake_prefix_path.dsv'
[0.577s] INFO:colcon.colcon_core.shell:Creating environment hook '/home/lunet/wj0011/ros2_ws/install/hello_moveit/share/hello_moveit/hook/cmake_prefix_path.sh'
[0.579s] Level 1:colcon.colcon_core.environment:checking '/home/lunet/wj0011/ros2_ws/install/hello_moveit/lib'
[0.579s] Level 1:colcon.colcon_core.environment:checking '/home/lunet/wj0011/ros2_ws/install/hello_moveit/bin'
[0.580s] Level 1:colcon.colcon_core.environment:checking '/home/lunet/wj0011/ros2_ws/install/hello_moveit/lib/pkgconfig/hello_moveit.pc'
[0.580s] Level 1:colcon.colcon_core.environment:checking '/home/lunet/wj0011/ros2_ws/install/hello_moveit/lib/python3.10/site-packages'
[0.580s] Level 1:colcon.colcon_core.environment:checking '/home/lunet/wj0011/ros2_ws/install/hello_moveit/bin'
[0.580s] INFO:colcon.colcon_core.shell:Creating package script '/home/lunet/wj0011/ros2_ws/install/hello_moveit/share/hello_moveit/package.ps1'
[0.582s] INFO:colcon.colcon_core.shell:Creating package descriptor '/home/lunet/wj0011/ros2_ws/install/hello_moveit/share/hello_moveit/package.dsv'
[0.584s] INFO:colcon.colcon_core.shell:Creating package script '/home/lunet/wj0011/ros2_ws/install/hello_moveit/share/hello_moveit/package.sh'
[0.586s] INFO:colcon.colcon_core.shell:Creating package script '/home/lunet/wj0011/ros2_ws/install/hello_moveit/share/hello_moveit/package.bash'
[0.588s] INFO:colcon.colcon_core.shell:Creating package script '/home/lunet/wj0011/ros2_ws/install/hello_moveit/share/hello_moveit/package.zsh'
[0.590s] Level 1:colcon.colcon_core.environment:create_file_with_runtime_dependencies(/home/lunet/wj0011/ros2_ws/install/hello_moveit/share/colcon-core/packages/hello_moveit)
[0.600s] DEBUG:colcon.colcon_core.event_handler.log_command:Invoked command in '/home/lunet/wj0011/ros2_ws/build/ros2_fundamentals_examples' returned '0': ANSYSLMD_LICENSE_FILE=1055@ansys.lboro.ac.uk CMAKE_PREFIX_PATH=${CMAKE_PREFIX_PATH}:/opt/ros/humble /usr/bin/cmake --build /home/lunet/wj0011/ros2_ws/build/ros2_fundamentals_examples -- -j32 -l32
[0.600s] DEBUG:colcon.colcon_core.event_handler.log_command:Invoking command in '/home/lunet/wj0011/ros2_ws/build/ros2_fundamentals_examples': ANSYSLMD_LICENSE_FILE=1055@ansys.lboro.ac.uk CMAKE_PREFIX_PATH=${CMAKE_PREFIX_PATH}:/opt/ros/humble /usr/bin/cmake --install /home/lunet/wj0011/ros2_ws/build/ros2_fundamentals_examples
[0.691s] Level 1:colcon.colcon_core.environment:create_environment_scripts_only(ros2_fundamentals_examples)
[0.691s] DEBUG:colcon.colcon_core.event_handler.log_command:Invoked command in '/home/lunet/wj0011/ros2_ws/build/ros2_fundamentals_examples' returned '0': ANSYSLMD_LICENSE_FILE=1055@ansys.lboro.ac.uk CMAKE_PREFIX_PATH=${CMAKE_PREFIX_PATH}:/opt/ros/humble /usr/bin/cmake --install /home/lunet/wj0011/ros2_ws/build/ros2_fundamentals_examples
[0.692s] Level 1:colcon.colcon_core.environment:checking '/home/lunet/wj0011/ros2_ws/install/ros2_fundamentals_examples' for CMake module files
[0.693s] Level 1:colcon.colcon_core.environment:checking '/home/lunet/wj0011/ros2_ws/install/ros2_fundamentals_examples' for CMake config files
[0.696s] Level 1:colcon.colcon_core.shell:create_environment_hook('ros2_fundamentals_examples', 'cmake_prefix_path')
[0.696s] INFO:colcon.colcon_core.shell:Creating environment hook '/home/lunet/wj0011/ros2_ws/install/ros2_fundamentals_examples/share/ros2_fundamentals_examples/hook/cmake_prefix_path.ps1'
[0.699s] INFO:colcon.colcon_core.shell:Creating environment descriptor '/home/lunet/wj0011/ros2_ws/install/ros2_fundamentals_examples/share/ros2_fundamentals_examples/hook/cmake_prefix_path.dsv'
[0.701s] INFO:colcon.colcon_core.shell:Creating environment hook '/home/lunet/wj0011/ros2_ws/install/ros2_fundamentals_examples/share/ros2_fundamentals_examples/hook/cmake_prefix_path.sh'
[0.703s] Level 1:colcon.colcon_core.environment:checking '/home/lunet/wj0011/ros2_ws/install/ros2_fundamentals_examples/lib'
[0.704s] Level 1:colcon.colcon_core.environment:checking '/home/lunet/wj0011/ros2_ws/install/ros2_fundamentals_examples/bin'
[0.704s] Level 1:colcon.colcon_core.environment:checking '/home/lunet/wj0011/ros2_ws/install/ros2_fundamentals_examples/lib/pkgconfig/ros2_fundamentals_examples.pc'
[0.704s] Level 1:colcon.colcon_core.environment:checking '/home/lunet/wj0011/ros2_ws/install/ros2_fundamentals_examples/lib/python3.10/site-packages'
[0.704s] Level 1:colcon.colcon_core.environment:checking '/home/lunet/wj0011/ros2_ws/install/ros2_fundamentals_examples/bin'
[0.704s] INFO:colcon.colcon_core.shell:Creating package script '/home/lunet/wj0011/ros2_ws/install/ros2_fundamentals_examples/share/ros2_fundamentals_examples/package.ps1'
[0.706s] INFO:colcon.colcon_core.shell:Creating package descriptor '/home/lunet/wj0011/ros2_ws/install/ros2_fundamentals_examples/share/ros2_fundamentals_examples/package.dsv'
[0.708s] INFO:colcon.colcon_core.shell:Creating package script '/home/lunet/wj0011/ros2_ws/install/ros2_fundamentals_examples/share/ros2_fundamentals_examples/package.sh'
[0.710s] INFO:colcon.colcon_core.shell:Creating package script '/home/lunet/wj0011/ros2_ws/install/ros2_fundamentals_examples/share/ros2_fundamentals_examples/package.bash'
[0.712s] INFO:colcon.colcon_core.shell:Creating package script '/home/lunet/wj0011/ros2_ws/install/ros2_fundamentals_examples/share/ros2_fundamentals_examples/package.zsh'
[0.714s] Level 1:colcon.colcon_core.environment:create_file_with_runtime_dependencies(/home/lunet/wj0011/ros2_ws/install/ros2_fundamentals_examples/share/colcon-core/packages/ros2_fundamentals_examples)
[0.716s] Level 1:colcon.colcon_core.environment:create_environment_scripts_only(ros2_fundamentals_examples)
[0.716s] Level 1:colcon.colcon_core.environment:checking '/home/lunet/wj0011/ros2_ws/install/ros2_fundamentals_examples' for CMake module files
[0.718s] Level 1:colcon.colcon_core.environment:checking '/home/lunet/wj0011/ros2_ws/install/ros2_fundamentals_examples' for CMake config files
[0.720s] Level 1:colcon.colcon_core.shell:create_environment_hook('ros2_fundamentals_examples', 'cmake_prefix_path')
[0.720s] INFO:colcon.colcon_core.shell:Creating environment hook '/home/lunet/wj0011/ros2_ws/install/ros2_fundamentals_examples/share/ros2_fundamentals_examples/hook/cmake_prefix_path.ps1'
[0.722s] INFO:colcon.colcon_core.shell:Creating environment descriptor '/home/lunet/wj0011/ros2_ws/install/ros2_fundamentals_examples/share/ros2_fundamentals_examples/hook/cmake_prefix_path.dsv'
[0.724s] INFO:colcon.colcon_core.shell:Creating environment hook '/home/lunet/wj0011/ros2_ws/install/ros2_fundamentals_examples/share/ros2_fundamentals_examples/hook/cmake_prefix_path.sh'
[0.726s] Level 1:colcon.colcon_core.environment:checking '/home/lunet/wj0011/ros2_ws/install/ros2_fundamentals_examples/lib'
[0.726s] Level 1:colcon.colcon_core.environment:checking '/home/lunet/wj0011/ros2_ws/install/ros2_fundamentals_examples/bin'
[0.726s] Level 1:colcon.colcon_core.environment:checking '/home/lunet/wj0011/ros2_ws/install/ros2_fundamentals_examples/lib/pkgconfig/ros2_fundamentals_examples.pc'
[0.726s] Level 1:colcon.colcon_core.environment:checking '/home/lunet/wj0011/ros2_ws/install/ros2_fundamentals_examples/lib/python3.10/site-packages'
[0.727s] Level 1:colcon.colcon_core.environment:checking '/home/lunet/wj0011/ros2_ws/install/ros2_fundamentals_examples/bin'
[0.727s] INFO:colcon.colcon_core.shell:Creating package script '/home/lunet/wj0011/ros2_ws/install/ros2_fundamentals_examples/share/ros2_fundamentals_examples/package.ps1'
[0.729s] INFO:colcon.colcon_core.shell:Creating package descriptor '/home/lunet/wj0011/ros2_ws/install/ros2_fundamentals_examples/share/ros2_fundamentals_examples/package.dsv'
[0.731s] INFO:colcon.colcon_core.shell:Creating package script '/home/lunet/wj0011/ros2_ws/install/ros2_fundamentals_examples/share/ros2_fundamentals_examples/package.sh'
[0.733s] INFO:colcon.colcon_core.shell:Creating package script '/home/lunet/wj0011/ros2_ws/install/ros2_fundamentals_examples/share/ros2_fundamentals_examples/package.bash'
[0.735s] INFO:colcon.colcon_core.shell:Creating package script '/home/lunet/wj0011/ros2_ws/install/ros2_fundamentals_examples/share/ros2_fundamentals_examples/package.zsh'
[0.737s] Level 1:colcon.colcon_core.environment:create_file_with_runtime_dependencies(/home/lunet/wj0011/ros2_ws/install/ros2_fundamentals_examples/share/colcon-core/packages/ros2_fundamentals_examples)
[1.597s] DEBUG:colcon.colcon_core.event_handler.log_command:Invoked command in '/home/lunet/wj0011/ros2_ws/build/rrrrr_finger' returned '0': ANSYSLMD_LICENSE_FILE=1055@ansys.lboro.ac.uk CMAKE_PREFIX_PATH=${CMAKE_PREFIX_PATH}:/opt/ros/humble /usr/bin/cmake /home/lunet/wj0011/ros2_ws/src/rrrrr_finger -DCMAKE_INSTALL_PREFIX=/home/lunet/wj0011/ros2_ws/install/rrrrr_finger
[1.601s] DEBUG:colcon.colcon_core.event_handler.log_command:Invoking command in '/home/lunet/wj0011/ros2_ws/build/rrrrr_finger': ANSYSLMD_LICENSE_FILE=1055@ansys.lboro.ac.uk CMAKE_PREFIX_PATH=${CMAKE_PREFIX_PATH}:/opt/ros/humble /usr/bin/cmake --build /home/lunet/wj0011/ros2_ws/build/rrrrr_finger -- -j32 -l32
[1.636s] DEBUG:colcon.colcon_core.event_handler.log_command:Invoked command in '/home/lunet/wj0011/ros2_ws/build/rrrrr_finger' returned '0': ANSYSLMD_LICENSE_FILE=1055@ansys.lboro.ac.uk CMAKE_PREFIX_PATH=${CMAKE_PREFIX_PATH}:/opt/ros/humble /usr/bin/cmake --build /home/lunet/wj0011/ros2_ws/build/rrrrr_finger -- -j32 -l32
[1.642s] DEBUG:colcon.colcon_core.event_handler.log_command:Invoking command in '/home/lunet/wj0011/ros2_ws/build/rrrrr_finger': ANSYSLMD_LICENSE_FILE=1055@ansys.lboro.ac.uk CMAKE_PREFIX_PATH=${CMAKE_PREFIX_PATH}:/opt/ros/humble /usr/bin/cmake --install /home/lunet/wj0011/ros2_ws/build/rrrrr_finger
[1.750s] Level 1:colcon.colcon_core.environment:create_environment_scripts_only(rrrrr_finger)
[1.751s] Level 1:colcon.colcon_core.environment:checking '/home/lunet/wj0011/ros2_ws/install/rrrrr_finger' for CMake module files
[1.751s] DEBUG:colcon.colcon_core.event_handler.log_command:Invoked command in '/home/lunet/wj0011/ros2_ws/build/rrrrr_finger' returned '0': ANSYSLMD_LICENSE_FILE=1055@ansys.lboro.ac.uk CMAKE_PREFIX_PATH=${CMAKE_PREFIX_PATH}:/opt/ros/humble /usr/bin/cmake --install /home/lunet/wj0011/ros2_ws/build/rrrrr_finger
[1.754s] Level 1:colcon.colcon_core.environment:checking '/home/lunet/wj0011/ros2_ws/install/rrrrr_finger' for CMake config files
[1.758s] Level 1:colcon.colcon_core.shell:create_environment_hook('rrrrr_finger', 'cmake_prefix_path')
[1.758s] INFO:colcon.colcon_core.shell:Creating environment hook '/home/lunet/wj0011/ros2_ws/install/rrrrr_finger/share/rrrrr_finger/hook/cmake_prefix_path.ps1'
[1.760s] INFO:colcon.colcon_core.shell:Creating environment descriptor '/home/lunet/wj0011/ros2_ws/install/rrrrr_finger/share/rrrrr_finger/hook/cmake_prefix_path.dsv'
[1.762s] INFO:colcon.colcon_core.shell:Creating environment hook '/home/lunet/wj0011/ros2_ws/install/rrrrr_finger/share/rrrrr_finger/hook/cmake_prefix_path.sh'
[1.765s] Level 1:colcon.colcon_core.environment:checking '/home/lunet/wj0011/ros2_ws/install/rrrrr_finger/bin'
[1.765s] Level 1:colcon.colcon_core.environment:checking '/home/lunet/wj0011/ros2_ws/install/rrrrr_finger/lib/pkgconfig/rrrrr_finger.pc'
[1.765s] Level 1:colcon.colcon_core.environment:checking '/home/lunet/wj0011/ros2_ws/install/rrrrr_finger/lib/python3.10/site-packages'
[1.766s] Level 1:colcon.colcon_core.environment:checking '/home/lunet/wj0011/ros2_ws/install/rrrrr_finger/bin'
[1.766s] INFO:colcon.colcon_core.shell:Creating package script '/home/lunet/wj0011/ros2_ws/install/rrrrr_finger/share/rrrrr_finger/package.ps1'
[1.768s] INFO:colcon.colcon_core.shell:Creating package descriptor '/home/lunet/wj0011/ros2_ws/install/rrrrr_finger/share/rrrrr_finger/package.dsv'
[1.770s] INFO:colcon.colcon_core.shell:Creating package script '/home/lunet/wj0011/ros2_ws/install/rrrrr_finger/share/rrrrr_finger/package.sh'
[1.772s] INFO:colcon.colcon_core.shell:Creating package script '/home/lunet/wj0011/ros2_ws/install/rrrrr_finger/share/rrrrr_finger/package.bash'
[1.773s] INFO:colcon.colcon_core.shell:Creating package script '/home/lunet/wj0011/ros2_ws/install/rrrrr_finger/share/rrrrr_finger/package.zsh'
[1.775s] Level 1:colcon.colcon_core.environment:create_file_with_runtime_dependencies(/home/lunet/wj0011/ros2_ws/install/rrrrr_finger/share/colcon-core/packages/rrrrr_finger)
[1.779s] Level 1:colcon.colcon_core.environment:create_environment_scripts_only(rrrrr_finger)
[1.779s] Level 1:colcon.colcon_core.environment:checking '/home/lunet/wj0011/ros2_ws/install/rrrrr_finger' for CMake module files
[1.781s] Level 1:colcon.colcon_core.environment:checking '/home/lunet/wj0011/ros2_ws/install/rrrrr_finger' for CMake config files
[1.784s] Level 1:colcon.colcon_core.shell:create_environment_hook('rrrrr_finger', 'cmake_prefix_path')
[1.784s] INFO:colcon.colcon_core.shell:Creating environment hook '/home/lunet/wj0011/ros2_ws/install/rrrrr_finger/share/rrrrr_finger/hook/cmake_prefix_path.ps1'
[1.785s] INFO:colcon.colcon_core.shell:Creating environment descriptor '/home/lunet/wj0011/ros2_ws/install/rrrrr_finger/share/rrrrr_finger/hook/cmake_prefix_path.dsv'
[1.787s] INFO:colcon.colcon_core.shell:Creating environment hook '/home/lunet/wj0011/ros2_ws/install/rrrrr_finger/share/rrrrr_finger/hook/cmake_prefix_path.sh'
[1.789s] Level 1:colcon.colcon_core.environment:checking '/home/lunet/wj0011/ros2_ws/install/rrrrr_finger/bin'
[1.789s] Level 1:colcon.colcon_core.environment:checking '/home/lunet/wj0011/ros2_ws/install/rrrrr_finger/lib/pkgconfig/rrrrr_finger.pc'
[1.790s] Level 1:colcon.colcon_core.environment:checking '/home/lunet/wj0011/ros2_ws/install/rrrrr_finger/lib/python3.10/site-packages'
[1.790s] Level 1:colcon.colcon_core.environment:checking '/home/lunet/wj0011/ros2_ws/install/rrrrr_finger/bin'
[1.790s] INFO:colcon.colcon_core.shell:Creating package script '/home/lunet/wj0011/ros2_ws/install/rrrrr_finger/share/rrrrr_finger/package.ps1'
[1.792s] INFO:colcon.colcon_core.shell:Creating package descriptor '/home/lunet/wj0011/ros2_ws/install/rrrrr_finger/share/rrrrr_finger/package.dsv'
[1.794s] INFO:colcon.colcon_core.shell:Creating package script '/home/lunet/wj0011/ros2_ws/install/rrrrr_finger/share/rrrrr_finger/package.sh'
[1.796s] INFO:colcon.colcon_core.shell:Creating package script '/home/lunet/wj0011/ros2_ws/install/rrrrr_finger/share/rrrrr_finger/package.bash'
[1.798s] INFO:colcon.colcon_core.shell:Creating package script '/home/lunet/wj0011/ros2_ws/install/rrrrr_finger/share/rrrrr_finger/package.zsh'
[1.799s] Level 1:colcon.colcon_core.environment:create_file_with_runtime_dependencies(/home/lunet/wj0011/ros2_ws/install/rrrrr_finger/share/colcon-core/packages/rrrrr_finger)
[1.800s] DEBUG:colcon.colcon_parallel_executor.executor.parallel:closing loop
[1.800s] DEBUG:colcon.colcon_parallel_executor.executor.parallel:loop closed
[1.800s] DEBUG:colcon.colcon_parallel_executor.executor.parallel:run_until_complete finished with '0'
[1.801s] DEBUG:colcon.colcon_core.event_reactor:joining thread
[1.809s] INFO:colcon.colcon_core.plugin_system:Skipping extension 'colcon_notification.desktop_notification.terminal_notifier': Not used on non-Darwin systems
[1.809s] INFO:colcon.colcon_core.plugin_system:Skipping extension 'colcon_notification.desktop_notification.win32': Not used on non-Windows systems
[1.809s] INFO:colcon.colcon_notification.desktop_notification:Sending desktop notification using 'notify2'
[1.814s] DEBUG:colcon.colcon_core.event_reactor:joined thread
[1.814s] INFO:colcon.colcon_core.shell:Creating prefix script '/home/lunet/wj0011/ros2_ws/install/local_setup.ps1'
[1.817s] INFO:colcon.colcon_core.shell:Creating prefix util module '/home/lunet/wj0011/ros2_ws/install/_local_setup_util_ps1.py'
[1.819s] INFO:colcon.colcon_core.shell:Creating prefix chain script '/home/lunet/wj0011/ros2_ws/install/setup.ps1'
[1.823s] INFO:colcon.colcon_core.shell:Creating prefix script '/home/lunet/wj0011/ros2_ws/install/local_setup.sh'
[1.825s] INFO:colcon.colcon_core.shell:Creating prefix util module '/home/lunet/wj0011/ros2_ws/install/_local_setup_util_sh.py'
[1.827s] INFO:colcon.colcon_core.shell:Creating prefix chain script '/home/lunet/wj0011/ros2_ws/install/setup.sh'
[1.831s] INFO:colcon.colcon_core.shell:Creating prefix script '/home/lunet/wj0011/ros2_ws/install/local_setup.bash'
[1.833s] INFO:colcon.colcon_core.shell:Creating prefix chain script '/home/lunet/wj0011/ros2_ws/install/setup.bash'
[1.837s] INFO:colcon.colcon_core.shell:Creating prefix script '/home/lunet/wj0011/ros2_ws/install/local_setup.zsh'
[1.839s] INFO:colcon.colcon_core.shell:Creating prefix chain script '/home/lunet/wj0011/ros2_ws/install/setup.zsh'
