[0.057s] Invoking command in '/home/lunet/wj0011/ros2_ws/build/hello_moveit': ANSYSLMD_LICENSE_FILE=1055@ansys.lboro.ac.uk CMAKE_PREFIX_PATH=${CMAKE_PREFIX_PATH}:/opt/ros/humble /usr/bin/cmake --build /home/lunet/wj0011/ros2_ws/build/hello_moveit -- -j32 -l32
[0.123s] [100%] Built target hello_moveit
[0.197s] Invoked command in '/home/lunet/wj0011/ros2_ws/build/hello_moveit' returned '0': ANSYSLMD_LICENSE_FILE=1055@ansys.lboro.ac.uk CMAKE_PREFIX_PATH=${CMAKE_PREFIX_PATH}:/opt/ros/humble /usr/bin/cmake --build /home/lunet/wj0011/ros2_ws/build/hello_moveit -- -j32 -l32
[0.201s] Invoking command in '/home/lunet/wj0011/ros2_ws/build/hello_moveit': ANSYSLMD_LICENSE_FILE=1055@ansys.lboro.ac.uk CMAKE_PREFIX_PATH=${CMAKE_PREFIX_PATH}:/opt/ros/humble /usr/bin/cmake --install /home/lunet/wj0011/ros2_ws/build/hello_moveit
[0.457s] -- Install configuration: ""
[0.457s] -- Up-to-date: /home/lunet/wj0011/ros2_ws/install/hello_moveit/lib/hello_moveit/hello_moveit
[0.458s] -- Up-to-date: /home/lunet/wj0011/ros2_ws/install/hello_moveit/share/ament_index/resource_index/package_run_dependencies/hello_moveit
[0.458s] -- Up-to-date: /home/lunet/wj0011/ros2_ws/install/hello_moveit/share/ament_index/resource_index/parent_prefix_path/hello_moveit
[0.458s] -- Up-to-date: /home/lunet/wj0011/ros2_ws/install/hello_moveit/share/hello_moveit/environment/ament_prefix_path.sh
[0.458s] -- Up-to-date: /home/lunet/wj0011/ros2_ws/install/hello_moveit/share/hello_moveit/environment/ament_prefix_path.dsv
[0.458s] -- Up-to-date: /home/lunet/wj0011/ros2_ws/install/hello_moveit/share/hello_moveit/environment/path.sh
[0.458s] -- Up-to-date: /home/lunet/wj0011/ros2_ws/install/hello_moveit/share/hello_moveit/environment/path.dsv
[0.458s] -- Up-to-date: /home/lunet/wj0011/ros2_ws/install/hello_moveit/share/hello_moveit/local_setup.bash
[0.458s] -- Up-to-date: /home/lunet/wj0011/ros2_ws/install/hello_moveit/share/hello_moveit/local_setup.sh
[0.458s] -- Up-to-date: /home/lunet/wj0011/ros2_ws/install/hello_moveit/share/hello_moveit/local_setup.zsh
[0.458s] -- Up-to-date: /home/lunet/wj0011/ros2_ws/install/hello_moveit/share/hello_moveit/local_setup.dsv
[0.458s] -- Installing: /home/lunet/wj0011/ros2_ws/install/hello_moveit/share/hello_moveit/package.dsv
[0.458s] -- Up-to-date: /home/lunet/wj0011/ros2_ws/install/hello_moveit/share/ament_index/resource_index/packages/hello_moveit
[0.458s] -- Up-to-date: /home/lunet/wj0011/ros2_ws/install/hello_moveit/share/hello_moveit/cmake/hello_moveitConfig.cmake
[0.458s] -- Up-to-date: /home/lunet/wj0011/ros2_ws/install/hello_moveit/share/hello_moveit/cmake/hello_moveitConfig-version.cmake
[0.458s] -- Up-to-date: /home/lunet/wj0011/ros2_ws/install/hello_moveit/share/hello_moveit/package.xml
[0.458s] Invoked command in '/home/lunet/wj0011/ros2_ws/build/hello_moveit' returned '0': ANSYSLMD_LICENSE_FILE=1055@ansys.lboro.ac.uk CMAKE_PREFIX_PATH=${CMAKE_PREFIX_PATH}:/opt/ros/humble /usr/bin/cmake --install /home/lunet/wj0011/ros2_ws/build/hello_moveit
