[0.059s] Invoking command in '/home/lunet/wj0011/ros2_ws/build/rrr_pkg': ANSYSLMD_LICENSE_FILE=1055@ansys.lboro.ac.uk CMAKE_PREFIX_PATH=${CMAKE_PREFIX_PATH}:/opt/ros/humble /usr/bin/cmake --build /home/lunet/wj0011/ros2_ws/build/rrr_pkg -- -j32 -l32
[0.099s] Invoked command in '/home/lunet/wj0011/ros2_ws/build/rrr_pkg' returned '0': ANSYSLMD_LICENSE_FILE=1055@ansys.lboro.ac.uk CMAKE_PREFIX_PATH=${CMAKE_PREFIX_PATH}:/opt/ros/humble /usr/bin/cmake --build /home/lunet/wj0011/ros2_ws/build/rrr_pkg -- -j32 -l32
[0.106s] Invoking command in '/home/lunet/wj0011/ros2_ws/build/rrr_pkg': ANSYSLMD_LICENSE_FILE=1055@ansys.lboro.ac.uk CMAKE_PREFIX_PATH=${CMAKE_PREFIX_PATH}:/opt/ros/humble /usr/bin/cmake --install /home/lunet/wj0011/ros2_ws/build/rrr_pkg
[0.115s] -- Install configuration: ""
[0.115s] -- Up-to-date: /home/lunet/wj0011/ros2_ws/install/rrr_pkg/share/rrr_pkg/launch
[0.115s] -- Up-to-date: /home/lunet/wj0011/ros2_ws/install/rrr_pkg/share/rrr_pkg/launch/robot.launch.py
[0.116s] -- Up-to-date: /home/lunet/wj0011/ros2_ws/install/rrr_pkg/share/rrr_pkg/urdf
[0.118s] -- Up-to-date: /home/lunet/wj0011/ros2_ws/install/rrr_pkg/share/rrr_pkg/urdf/robot.urdf
[0.119s] -- Up-to-date: /home/lunet/wj0011/ros2_ws/install/rrr_pkg/share/ament_index/resource_index/package_run_dependencies/rrr_pkg
[0.120s] -- Up-to-date: /home/lunet/wj0011/ros2_ws/install/rrr_pkg/share/ament_index/resource_index/parent_prefix_path/rrr_pkg
[0.127s] -- Up-to-date: /home/lunet/wj0011/ros2_ws/install/rrr_pkg/share/rrr_pkg/environment/ament_prefix_path.sh
[0.127s] -- Up-to-date: /home/lunet/wj0011/ros2_ws/install/rrr_pkg/share/rrr_pkg/environment/ament_prefix_path.dsv
[0.128s] -- Up-to-date: /home/lunet/wj0011/ros2_ws/install/rrr_pkg/share/rrr_pkg/environment/path.sh
[0.128s] -- Up-to-date: /home/lunet/wj0011/ros2_ws/install/rrr_pkg/share/rrr_pkg/environment/path.dsv
[0.128s] -- Up-to-date: /home/lunet/wj0011/ros2_ws/install/rrr_pkg/share/rrr_pkg/local_setup.bash
[0.128s] -- Up-to-date: /home/lunet/wj0011/ros2_ws/install/rrr_pkg/share/rrr_pkg/local_setup.sh
[0.128s] -- Up-to-date: /home/lunet/wj0011/ros2_ws/install/rrr_pkg/share/rrr_pkg/local_setup.zsh
[0.128s] -- Up-to-date: /home/lunet/wj0011/ros2_ws/install/rrr_pkg/share/rrr_pkg/local_setup.dsv
[0.129s] -- Installing: /home/lunet/wj0011/ros2_ws/install/rrr_pkg/share/rrr_pkg/package.dsv
[0.135s] -- Up-to-date: /home/lunet/wj0011/ros2_ws/install/rrr_pkg/share/ament_index/resource_index/packages/rrr_pkg
[0.136s] -- Up-to-date: /home/lunet/wj0011/ros2_ws/install/rrr_pkg/share/rrr_pkg/cmake/rrr_pkgConfig.cmake
[0.136s] -- Up-to-date: /home/lunet/wj0011/ros2_ws/install/rrr_pkg/share/rrr_pkg/cmake/rrr_pkgConfig-version.cmake
[0.138s] -- Up-to-date: /home/lunet/wj0011/ros2_ws/install/rrr_pkg/share/rrr_pkg/package.xml
[0.347s] Invoked command in '/home/lunet/wj0011/ros2_ws/build/rrr_pkg' returned '0': ANSYSLMD_LICENSE_FILE=1055@ansys.lboro.ac.uk CMAKE_PREFIX_PATH=${CMAKE_PREFIX_PATH}:/opt/ros/humble /usr/bin/cmake --install /home/lunet/wj0011/ros2_ws/build/rrr_pkg
