[0.052s] DEBUG:colcon:Command line arguments: ['/usr/bin/colcon', 'build']
[0.052s] DEBUG:colcon:Parsed command line arguments: Namespace(log_base=None, log_level=None, verb_name='build', build_base='build', install_base='install', merge_install=False, symlink_install=False, test_result_base=None, continue_on_error=False, executor='parallel', parallel_workers=32, event_handlers=None, ignore_user_meta=False, metas=['./colcon.meta'], base_paths=['.'], packages_ignore=None, packages_ignore_regex=None, paths=None, packages_up_to=None, packages_up_to_regex=None, packages_above=None, packages_above_and_dependencies=None, packages_above_depth=None, packages_select_by_dep=None, packages_skip_by_dep=None, packages_skip_up_to=None, packages_select_build_failed=False, packages_skip_build_finished=False, packages_select_test_failures=False, packages_skip_test_passed=False, packages_select=None, packages_skip=None, packages_select_regex=None, packages_skip_regex=None, packages_start=None, packages_end=None, allow_overriding=[], cmake_args=None, cmake_target=None, cmake_target_skip_unavailable=False, cmake_clean_cache=False, cmake_clean_first=False, cmake_force_configure=False, ament_cmake_args=None, catkin_cmake_args=None, catkin_skip_building_tests=False, mixin_files=None, mixin=None, verb_parser=<colcon_mixin.mixin.mixin_argument.MixinArgumentDecorator object at 0x7c817685a170>, verb_extension=<colcon_core.verb.build.BuildVerb object at 0x7c8176859ba0>, main=<bound method BuildVerb.main of <colcon_core.verb.build.BuildVerb object at 0x7c8176859ba0>>, mixin_verb=('build',))
[0.130s] Level 1:colcon.colcon_core.package_discovery:discover_packages(colcon_meta) check parameters
[0.130s] Level 1:colcon.colcon_core.package_discovery:discover_packages(recursive) check parameters
[0.130s] Level 1:colcon.colcon_core.package_discovery:discover_packages(ignore) check parameters
[0.130s] Level 1:colcon.colcon_core.package_discovery:discover_packages(path) check parameters
[0.130s] Level 1:colcon.colcon_core.package_discovery:discover_packages(colcon_meta) discover
[0.130s] Level 1:colcon.colcon_core.package_discovery:discover_packages(recursive) discover
[0.130s] INFO:colcon.colcon_core.package_discovery:Crawling recursively for packages in '/home/lunet/wj0011/ros2_ws'
[0.131s] Level 1:colcon.colcon_core.package_identification:_identify(.) by extensions ['ignore', 'ignore_ament_install']
[0.131s] Level 1:colcon.colcon_core.package_identification:_identify(.) by extension 'ignore'
[0.131s] Level 1:colcon.colcon_core.package_identification:_identify(.) by extension 'ignore_ament_install'
[0.131s] Level 1:colcon.colcon_core.package_identification:_identify(.) by extensions ['colcon_pkg']
[0.131s] Level 1:colcon.colcon_core.package_identification:_identify(.) by extension 'colcon_pkg'
[0.131s] Level 1:colcon.colcon_core.package_identification:_identify(.) by extensions ['colcon_meta']
[0.131s] Level 1:colcon.colcon_core.package_identification:_identify(.) by extension 'colcon_meta'
[0.131s] Level 1:colcon.colcon_core.package_identification:_identify(.) by extensions ['ros']
[0.131s] Level 1:colcon.colcon_core.package_identification:_identify(.) by extension 'ros'
[0.136s] Level 1:colcon.colcon_core.package_identification:_identify(.) by extensions ['cmake', 'python']
[0.136s] Level 1:colcon.colcon_core.package_identification:_identify(.) by extension 'cmake'
[0.136s] Level 1:colcon.colcon_core.package_identification:_identify(.) by extension 'python'
[0.136s] Level 1:colcon.colcon_core.package_identification:_identify(.) by extensions ['python_setup_py']
[0.136s] Level 1:colcon.colcon_core.package_identification:_identify(.) by extension 'python_setup_py'
[0.136s] Level 1:colcon.colcon_core.package_identification:_identify(build) by extensions ['ignore', 'ignore_ament_install']
[0.136s] Level 1:colcon.colcon_core.package_identification:_identify(build) by extension 'ignore'
[0.136s] Level 1:colcon.colcon_core.package_identification:_identify(build) ignored
[0.137s] Level 1:colcon.colcon_core.package_identification:_identify(install) by extensions ['ignore', 'ignore_ament_install']
[0.137s] Level 1:colcon.colcon_core.package_identification:_identify(install) by extension 'ignore'
[0.137s] Level 1:colcon.colcon_core.package_identification:_identify(install) ignored
[0.138s] Level 1:colcon.colcon_core.package_identification:_identify(log) by extensions ['ignore', 'ignore_ament_install']
[0.138s] Level 1:colcon.colcon_core.package_identification:_identify(log) by extension 'ignore'
[0.138s] Level 1:colcon.colcon_core.package_identification:_identify(log) ignored
[0.138s] Level 1:colcon.colcon_core.package_identification:_identify(src) by extensions ['ignore', 'ignore_ament_install']
[0.139s] Level 1:colcon.colcon_core.package_identification:_identify(src) by extension 'ignore'
[0.139s] Level 1:colcon.colcon_core.package_identification:_identify(src) by extension 'ignore_ament_install'
[0.139s] Level 1:colcon.colcon_core.package_identification:_identify(src) by extensions ['colcon_pkg']
[0.139s] Level 1:colcon.colcon_core.package_identification:_identify(src) by extension 'colcon_pkg'
[0.139s] Level 1:colcon.colcon_core.package_identification:_identify(src) by extensions ['colcon_meta']
[0.139s] Level 1:colcon.colcon_core.package_identification:_identify(src) by extension 'colcon_meta'
[0.139s] Level 1:colcon.colcon_core.package_identification:_identify(src) by extensions ['ros']
[0.139s] Level 1:colcon.colcon_core.package_identification:_identify(src) by extension 'ros'
[0.139s] Level 1:colcon.colcon_core.package_identification:_identify(src) by extensions ['cmake', 'python']
[0.139s] Level 1:colcon.colcon_core.package_identification:_identify(src) by extension 'cmake'
[0.139s] Level 1:colcon.colcon_core.package_identification:_identify(src) by extension 'python'
[0.139s] Level 1:colcon.colcon_core.package_identification:_identify(src) by extensions ['python_setup_py']
[0.139s] Level 1:colcon.colcon_core.package_identification:_identify(src) by extension 'python_setup_py'
[0.140s] Level 1:colcon.colcon_core.package_identification:_identify(src/hello_moveit) by extensions ['ignore', 'ignore_ament_install']
[0.140s] Level 1:colcon.colcon_core.package_identification:_identify(src/hello_moveit) by extension 'ignore'
[0.140s] Level 1:colcon.colcon_core.package_identification:_identify(src/hello_moveit) by extension 'ignore_ament_install'
[0.141s] Level 1:colcon.colcon_core.package_identification:_identify(src/hello_moveit) by extensions ['colcon_pkg']
[0.141s] Level 1:colcon.colcon_core.package_identification:_identify(src/hello_moveit) by extension 'colcon_pkg'
[0.141s] Level 1:colcon.colcon_core.package_identification:_identify(src/hello_moveit) by extensions ['colcon_meta']
[0.141s] Level 1:colcon.colcon_core.package_identification:_identify(src/hello_moveit) by extension 'colcon_meta'
[0.141s] Level 1:colcon.colcon_core.package_identification:_identify(src/hello_moveit) by extensions ['ros']
[0.141s] Level 1:colcon.colcon_core.package_identification:_identify(src/hello_moveit) by extension 'ros'
[0.144s] DEBUG:colcon.colcon_core.package_identification:Package 'src/hello_moveit' with type 'ros.ament_cmake' and name 'hello_moveit'
[0.144s] Level 1:colcon.colcon_core.package_identification:_identify(src/ros2_fundamentals_examples) by extensions ['ignore', 'ignore_ament_install']
[0.144s] Level 1:colcon.colcon_core.package_identification:_identify(src/ros2_fundamentals_examples) by extension 'ignore'
[0.144s] Level 1:colcon.colcon_core.package_identification:_identify(src/ros2_fundamentals_examples) by extension 'ignore_ament_install'
[0.144s] Level 1:colcon.colcon_core.package_identification:_identify(src/ros2_fundamentals_examples) by extensions ['colcon_pkg']
[0.144s] Level 1:colcon.colcon_core.package_identification:_identify(src/ros2_fundamentals_examples) by extension 'colcon_pkg'
[0.144s] Level 1:colcon.colcon_core.package_identification:_identify(src/ros2_fundamentals_examples) by extensions ['colcon_meta']
[0.144s] Level 1:colcon.colcon_core.package_identification:_identify(src/ros2_fundamentals_examples) by extension 'colcon_meta'
[0.144s] Level 1:colcon.colcon_core.package_identification:_identify(src/ros2_fundamentals_examples) by extensions ['ros']
[0.144s] Level 1:colcon.colcon_core.package_identification:_identify(src/ros2_fundamentals_examples) by extension 'ros'
[0.146s] DEBUG:colcon.colcon_core.package_identification:Package 'src/ros2_fundamentals_examples' with type 'ros.ament_cmake' and name 'ros2_fundamentals_examples'
[0.146s] Level 1:colcon.colcon_core.package_identification:_identify(src/rrr_pkg) by extensions ['ignore', 'ignore_ament_install']
[0.146s] Level 1:colcon.colcon_core.package_identification:_identify(src/rrr_pkg) by extension 'ignore'
[0.146s] Level 1:colcon.colcon_core.package_identification:_identify(src/rrr_pkg) by extension 'ignore_ament_install'
[0.146s] Level 1:colcon.colcon_core.package_identification:_identify(src/rrr_pkg) by extensions ['colcon_pkg']
[0.146s] Level 1:colcon.colcon_core.package_identification:_identify(src/rrr_pkg) by extension 'colcon_pkg'
[0.146s] Level 1:colcon.colcon_core.package_identification:_identify(src/rrr_pkg) by extensions ['colcon_meta']
[0.146s] Level 1:colcon.colcon_core.package_identification:_identify(src/rrr_pkg) by extension 'colcon_meta'
[0.146s] Level 1:colcon.colcon_core.package_identification:_identify(src/rrr_pkg) by extensions ['ros']
[0.146s] Level 1:colcon.colcon_core.package_identification:_identify(src/rrr_pkg) by extension 'ros'
[0.147s] DEBUG:colcon.colcon_core.package_identification:Package 'src/rrr_pkg' with type 'ros.ament_cmake' and name 'rrr_pkg'
[0.148s] Level 1:colcon.colcon_core.package_identification:_identify(src/rrrrr_finger_pkg) by extensions ['ignore', 'ignore_ament_install']
[0.148s] Level 1:colcon.colcon_core.package_identification:_identify(src/rrrrr_finger_pkg) by extension 'ignore'
[0.148s] Level 1:colcon.colcon_core.package_identification:_identify(src/rrrrr_finger_pkg) by extension 'ignore_ament_install'
[0.148s] Level 1:colcon.colcon_core.package_identification:_identify(src/rrrrr_finger_pkg) by extensions ['colcon_pkg']
[0.148s] Level 1:colcon.colcon_core.package_identification:_identify(src/rrrrr_finger_pkg) by extension 'colcon_pkg'
[0.148s] Level 1:colcon.colcon_core.package_identification:_identify(src/rrrrr_finger_pkg) by extensions ['colcon_meta']
[0.148s] Level 1:colcon.colcon_core.package_identification:_identify(src/rrrrr_finger_pkg) by extension 'colcon_meta'
[0.148s] Level 1:colcon.colcon_core.package_identification:_identify(src/rrrrr_finger_pkg) by extensions ['ros']
[0.148s] Level 1:colcon.colcon_core.package_identification:_identify(src/rrrrr_finger_pkg) by extension 'ros'
[0.149s] DEBUG:colcon.colcon_core.package_identification:Package 'src/rrrrr_finger_pkg' with type 'ros.ament_cmake' and name 'rrrrr_finger_pkg'
[0.150s] Level 1:colcon.colcon_core.package_identification:_identify(src/rrrrr_pkg) by extensions ['ignore', 'ignore_ament_install']
[0.150s] Level 1:colcon.colcon_core.package_identification:_identify(src/rrrrr_pkg) by extension 'ignore'
[0.150s] Level 1:colcon.colcon_core.package_identification:_identify(src/rrrrr_pkg) by extension 'ignore_ament_install'
[0.150s] Level 1:colcon.colcon_core.package_identification:_identify(src/rrrrr_pkg) by extensions ['colcon_pkg']
[0.150s] Level 1:colcon.colcon_core.package_identification:_identify(src/rrrrr_pkg) by extension 'colcon_pkg'
[0.150s] Level 1:colcon.colcon_core.package_identification:_identify(src/rrrrr_pkg) by extensions ['colcon_meta']
[0.150s] Level 1:colcon.colcon_core.package_identification:_identify(src/rrrrr_pkg) by extension 'colcon_meta'
[0.150s] Level 1:colcon.colcon_core.package_identification:_identify(src/rrrrr_pkg) by extensions ['ros']
[0.150s] Level 1:colcon.colcon_core.package_identification:_identify(src/rrrrr_pkg) by extension 'ros'
[0.151s] DEBUG:colcon.colcon_core.package_identification:Package 'src/rrrrr_pkg' with type 'ros.ament_cmake' and name 'rrrrr_pkg'
[0.151s] Level 1:colcon.colcon_core.package_discovery:discover_packages(recursive) using defaults
[0.151s] Level 1:colcon.colcon_core.package_discovery:discover_packages(ignore) discover
[0.151s] Level 1:colcon.colcon_core.package_discovery:discover_packages(ignore) using defaults
[0.151s] Level 1:colcon.colcon_core.package_discovery:discover_packages(path) discover
[0.151s] Level 1:colcon.colcon_core.package_discovery:discover_packages(path) using defaults
[0.163s] Level 1:colcon.colcon_core.package_discovery:discover_packages(prefix_path) check parameters
[0.163s] Level 1:colcon.colcon_core.package_discovery:discover_packages(prefix_path) discover
[0.168s] DEBUG:colcon.colcon_installed_package_information.package_discovery:Found 4 installed packages in /home/lunet/wj0011/ros2_ws/install
[0.169s] DEBUG:colcon.colcon_installed_package_information.package_discovery:Found 424 installed packages in /opt/ros/humble
[0.170s] Level 1:colcon.colcon_core.package_discovery:discover_packages(prefix_path) using defaults
[0.202s] Level 5:colcon.colcon_core.verb:set package 'hello_moveit' build argument 'cmake_args' from command line to 'None'
[0.202s] Level 5:colcon.colcon_core.verb:set package 'hello_moveit' build argument 'cmake_target' from command line to 'None'
[0.202s] Level 5:colcon.colcon_core.verb:set package 'hello_moveit' build argument 'cmake_target_skip_unavailable' from command line to 'False'
[0.202s] Level 5:colcon.colcon_core.verb:set package 'hello_moveit' build argument 'cmake_clean_cache' from command line to 'False'
[0.202s] Level 5:colcon.colcon_core.verb:set package 'hello_moveit' build argument 'cmake_clean_first' from command line to 'False'
[0.202s] Level 5:colcon.colcon_core.verb:set package 'hello_moveit' build argument 'cmake_force_configure' from command line to 'False'
[0.202s] Level 5:colcon.colcon_core.verb:set package 'hello_moveit' build argument 'ament_cmake_args' from command line to 'None'
[0.202s] Level 5:colcon.colcon_core.verb:set package 'hello_moveit' build argument 'catkin_cmake_args' from command line to 'None'
[0.202s] Level 5:colcon.colcon_core.verb:set package 'hello_moveit' build argument 'catkin_skip_building_tests' from command line to 'False'
[0.202s] DEBUG:colcon.colcon_core.verb:Building package 'hello_moveit' with the following arguments: {'ament_cmake_args': None, 'build_base': '/home/lunet/wj0011/ros2_ws/build/hello_moveit', 'catkin_cmake_args': None, 'catkin_skip_building_tests': False, 'cmake_args': None, 'cmake_clean_cache': False, 'cmake_clean_first': False, 'cmake_force_configure': False, 'cmake_target': None, 'cmake_target_skip_unavailable': False, 'install_base': '/home/lunet/wj0011/ros2_ws/install/hello_moveit', 'merge_install': False, 'path': '/home/lunet/wj0011/ros2_ws/src/hello_moveit', 'symlink_install': False, 'test_result_base': None}
[0.202s] Level 5:colcon.colcon_core.verb:set package 'ros2_fundamentals_examples' build argument 'cmake_args' from command line to 'None'
[0.202s] Level 5:colcon.colcon_core.verb:set package 'ros2_fundamentals_examples' build argument 'cmake_target' from command line to 'None'
[0.202s] Level 5:colcon.colcon_core.verb:set package 'ros2_fundamentals_examples' build argument 'cmake_target_skip_unavailable' from command line to 'False'
[0.202s] Level 5:colcon.colcon_core.verb:set package 'ros2_fundamentals_examples' build argument 'cmake_clean_cache' from command line to 'False'
[0.202s] Level 5:colcon.colcon_core.verb:set package 'ros2_fundamentals_examples' build argument 'cmake_clean_first' from command line to 'False'
[0.202s] Level 5:colcon.colcon_core.verb:set package 'ros2_fundamentals_examples' build argument 'cmake_force_configure' from command line to 'False'
[0.202s] Level 5:colcon.colcon_core.verb:set package 'ros2_fundamentals_examples' build argument 'ament_cmake_args' from command line to 'None'
[0.202s] Level 5:colcon.colcon_core.verb:set package 'ros2_fundamentals_examples' build argument 'catkin_cmake_args' from command line to 'None'
[0.202s] Level 5:colcon.colcon_core.verb:set package 'ros2_fundamentals_examples' build argument 'catkin_skip_building_tests' from command line to 'False'
[0.202s] DEBUG:colcon.colcon_core.verb:Building package 'ros2_fundamentals_examples' with the following arguments: {'ament_cmake_args': None, 'build_base': '/home/lunet/wj0011/ros2_ws/build/ros2_fundamentals_examples', 'catkin_cmake_args': None, 'catkin_skip_building_tests': False, 'cmake_args': None, 'cmake_clean_cache': False, 'cmake_clean_first': False, 'cmake_force_configure': False, 'cmake_target': None, 'cmake_target_skip_unavailable': False, 'install_base': '/home/lunet/wj0011/ros2_ws/install/ros2_fundamentals_examples', 'merge_install': False, 'path': '/home/lunet/wj0011/ros2_ws/src/ros2_fundamentals_examples', 'symlink_install': False, 'test_result_base': None}
[0.202s] Level 5:colcon.colcon_core.verb:set package 'rrr_pkg' build argument 'cmake_args' from command line to 'None'
[0.202s] Level 5:colcon.colcon_core.verb:set package 'rrr_pkg' build argument 'cmake_target' from command line to 'None'
[0.202s] Level 5:colcon.colcon_core.verb:set package 'rrr_pkg' build argument 'cmake_target_skip_unavailable' from command line to 'False'
[0.202s] Level 5:colcon.colcon_core.verb:set package 'rrr_pkg' build argument 'cmake_clean_cache' from command line to 'False'
[0.202s] Level 5:colcon.colcon_core.verb:set package 'rrr_pkg' build argument 'cmake_clean_first' from command line to 'False'
[0.202s] Level 5:colcon.colcon_core.verb:set package 'rrr_pkg' build argument 'cmake_force_configure' from command line to 'False'
[0.202s] Level 5:colcon.colcon_core.verb:set package 'rrr_pkg' build argument 'ament_cmake_args' from command line to 'None'
[0.202s] Level 5:colcon.colcon_core.verb:set package 'rrr_pkg' build argument 'catkin_cmake_args' from command line to 'None'
[0.202s] Level 5:colcon.colcon_core.verb:set package 'rrr_pkg' build argument 'catkin_skip_building_tests' from command line to 'False'
[0.202s] DEBUG:colcon.colcon_core.verb:Building package 'rrr_pkg' with the following arguments: {'ament_cmake_args': None, 'build_base': '/home/lunet/wj0011/ros2_ws/build/rrr_pkg', 'catkin_cmake_args': None, 'catkin_skip_building_tests': False, 'cmake_args': None, 'cmake_clean_cache': False, 'cmake_clean_first': False, 'cmake_force_configure': False, 'cmake_target': None, 'cmake_target_skip_unavailable': False, 'install_base': '/home/lunet/wj0011/ros2_ws/install/rrr_pkg', 'merge_install': False, 'path': '/home/lunet/wj0011/ros2_ws/src/rrr_pkg', 'symlink_install': False, 'test_result_base': None}
[0.202s] Level 5:colcon.colcon_core.verb:set package 'rrrrr_finger_pkg' build argument 'cmake_args' from command line to 'None'
[0.202s] Level 5:colcon.colcon_core.verb:set package 'rrrrr_finger_pkg' build argument 'cmake_target' from command line to 'None'
[0.202s] Level 5:colcon.colcon_core.verb:set package 'rrrrr_finger_pkg' build argument 'cmake_target_skip_unavailable' from command line to 'False'
[0.202s] Level 5:colcon.colcon_core.verb:set package 'rrrrr_finger_pkg' build argument 'cmake_clean_cache' from command line to 'False'
[0.202s] Level 5:colcon.colcon_core.verb:set package 'rrrrr_finger_pkg' build argument 'cmake_clean_first' from command line to 'False'
[0.202s] Level 5:colcon.colcon_core.verb:set package 'rrrrr_finger_pkg' build argument 'cmake_force_configure' from command line to 'False'
[0.202s] Level 5:colcon.colcon_core.verb:set package 'rrrrr_finger_pkg' build argument 'ament_cmake_args' from command line to 'None'
[0.202s] Level 5:colcon.colcon_core.verb:set package 'rrrrr_finger_pkg' build argument 'catkin_cmake_args' from command line to 'None'
[0.202s] Level 5:colcon.colcon_core.verb:set package 'rrrrr_finger_pkg' build argument 'catkin_skip_building_tests' from command line to 'False'
[0.202s] DEBUG:colcon.colcon_core.verb:Building package 'rrrrr_finger_pkg' with the following arguments: {'ament_cmake_args': None, 'build_base': '/home/lunet/wj0011/ros2_ws/build/rrrrr_finger_pkg', 'catkin_cmake_args': None, 'catkin_skip_building_tests': False, 'cmake_args': None, 'cmake_clean_cache': False, 'cmake_clean_first': False, 'cmake_force_configure': False, 'cmake_target': None, 'cmake_target_skip_unavailable': False, 'install_base': '/home/lunet/wj0011/ros2_ws/install/rrrrr_finger_pkg', 'merge_install': False, 'path': '/home/lunet/wj0011/ros2_ws/src/rrrrr_finger_pkg', 'symlink_install': False, 'test_result_base': None}
[0.202s] Level 5:colcon.colcon_core.verb:set package 'rrrrr_pkg' build argument 'cmake_args' from command line to 'None'
[0.203s] Level 5:colcon.colcon_core.verb:set package 'rrrrr_pkg' build argument 'cmake_target' from command line to 'None'
[0.203s] Level 5:colcon.colcon_core.verb:set package 'rrrrr_pkg' build argument 'cmake_target_skip_unavailable' from command line to 'False'
[0.203s] Level 5:colcon.colcon_core.verb:set package 'rrrrr_pkg' build argument 'cmake_clean_cache' from command line to 'False'
[0.203s] Level 5:colcon.colcon_core.verb:set package 'rrrrr_pkg' build argument 'cmake_clean_first' from command line to 'False'
[0.203s] Level 5:colcon.colcon_core.verb:set package 'rrrrr_pkg' build argument 'cmake_force_configure' from command line to 'False'
[0.203s] Level 5:colcon.colcon_core.verb:set package 'rrrrr_pkg' build argument 'ament_cmake_args' from command line to 'None'
[0.203s] Level 5:colcon.colcon_core.verb:set package 'rrrrr_pkg' build argument 'catkin_cmake_args' from command line to 'None'
[0.203s] Level 5:colcon.colcon_core.verb:set package 'rrrrr_pkg' build argument 'catkin_skip_building_tests' from command line to 'False'
[0.203s] DEBUG:colcon.colcon_core.verb:Building package 'rrrrr_pkg' with the following arguments: {'ament_cmake_args': None, 'build_base': '/home/lunet/wj0011/ros2_ws/build/rrrrr_pkg', 'catkin_cmake_args': None, 'catkin_skip_building_tests': False, 'cmake_args': None, 'cmake_clean_cache': False, 'cmake_clean_first': False, 'cmake_force_configure': False, 'cmake_target': None, 'cmake_target_skip_unavailable': False, 'install_base': '/home/lunet/wj0011/ros2_ws/install/rrrrr_pkg', 'merge_install': False, 'path': '/home/lunet/wj0011/ros2_ws/src/rrrrr_pkg', 'symlink_install': False, 'test_result_base': None}
[0.203s] INFO:colcon.colcon_core.executor:Executing jobs using 'parallel' executor
[0.203s] DEBUG:colcon.colcon_parallel_executor.executor.parallel:run_until_complete
[0.203s] INFO:colcon.colcon_ros.task.ament_cmake.build:Building ROS package in '/home/lunet/wj0011/ros2_ws/src/hello_moveit' with build type 'ament_cmake'
[0.203s] INFO:colcon.colcon_cmake.task.cmake.build:Building CMake package in '/home/lunet/wj0011/ros2_ws/src/hello_moveit'
[0.205s] INFO:colcon.colcon_core.plugin_system:Skipping extension 'colcon_core.shell.bat': Not used on non-Windows systems
[0.205s] INFO:colcon.colcon_core.shell:Skip shell extension 'powershell' for command environment: Not usable outside of PowerShell
[0.205s] DEBUG:colcon.colcon_core.shell:Skip shell extension 'dsv' for command environment
[0.212s] INFO:colcon.colcon_ros.task.ament_cmake.build:Building ROS package in '/home/lunet/wj0011/ros2_ws/src/ros2_fundamentals_examples' with build type 'ament_cmake'
[0.212s] INFO:colcon.colcon_cmake.task.cmake.build:Building CMake package in '/home/lunet/wj0011/ros2_ws/src/ros2_fundamentals_examples'
[0.212s] INFO:colcon.colcon_core.shell:Skip shell extension 'powershell' for command environment: Not usable outside of PowerShell
[0.212s] DEBUG:colcon.colcon_core.shell:Skip shell extension 'dsv' for command environment
[0.221s] INFO:colcon.colcon_ros.task.ament_cmake.build:Building ROS package in '/home/lunet/wj0011/ros2_ws/src/rrr_pkg' with build type 'ament_cmake'
[0.221s] INFO:colcon.colcon_cmake.task.cmake.build:Building CMake package in '/home/lunet/wj0011/ros2_ws/src/rrr_pkg'
[0.221s] INFO:colcon.colcon_core.shell:Skip shell extension 'powershell' for command environment: Not usable outside of PowerShell
[0.221s] DEBUG:colcon.colcon_core.shell:Skip shell extension 'dsv' for command environment
[0.229s] INFO:colcon.colcon_ros.task.ament_cmake.build:Building ROS package in '/home/lunet/wj0011/ros2_ws/src/rrrrr_finger_pkg' with build type 'ament_cmake'
[0.229s] INFO:colcon.colcon_cmake.task.cmake.build:Building CMake package in '/home/lunet/wj0011/ros2_ws/src/rrrrr_finger_pkg'
[0.229s] INFO:colcon.colcon_core.shell:Skip shell extension 'powershell' for command environment: Not usable outside of PowerShell
[0.229s] DEBUG:colcon.colcon_core.shell:Skip shell extension 'dsv' for command environment
[0.236s] INFO:colcon.colcon_ros.task.ament_cmake.build:Building ROS package in '/home/lunet/wj0011/ros2_ws/src/rrrrr_pkg' with build type 'ament_cmake'
[0.236s] INFO:colcon.colcon_cmake.task.cmake.build:Building CMake package in '/home/lunet/wj0011/ros2_ws/src/rrrrr_pkg'
[0.236s] INFO:colcon.colcon_core.shell:Skip shell extension 'powershell' for command environment: Not usable outside of PowerShell
[0.236s] DEBUG:colcon.colcon_core.shell:Skip shell extension 'dsv' for command environment
[0.254s] DEBUG:colcon.colcon_core.event_handler.log_command:Invoking command in '/home/lunet/wj0011/ros2_ws/build/hello_moveit': ANSYSLMD_LICENSE_FILE=1055@ansys.lboro.ac.uk CMAKE_PREFIX_PATH=${CMAKE_PREFIX_PATH}:/opt/ros/humble /usr/bin/cmake /home/lunet/wj0011/ros2_ws/src/hello_moveit -DCMAKE_INSTALL_PREFIX=/home/lunet/wj0011/ros2_ws/install/hello_moveit
[0.263s] DEBUG:colcon.colcon_core.event_handler.log_command:Invoking command in '/home/lunet/wj0011/ros2_ws/build/ros2_fundamentals_examples': ANSYSLMD_LICENSE_FILE=1055@ansys.lboro.ac.uk CMAKE_PREFIX_PATH=${CMAKE_PREFIX_PATH}:/opt/ros/humble /usr/bin/cmake --build /home/lunet/wj0011/ros2_ws/build/ros2_fundamentals_examples -- -j32 -l32
[0.271s] DEBUG:colcon.colcon_core.event_handler.log_command:Invoking command in '/home/lunet/wj0011/ros2_ws/build/rrr_pkg': ANSYSLMD_LICENSE_FILE=1055@ansys.lboro.ac.uk CMAKE_PREFIX_PATH=${CMAKE_PREFIX_PATH}:/opt/ros/humble /usr/bin/cmake --build /home/lunet/wj0011/ros2_ws/build/rrr_pkg -- -j32 -l32
[0.280s] DEBUG:colcon.colcon_core.event_handler.log_command:Invoking command in '/home/lunet/wj0011/ros2_ws/build/rrrrr_finger_pkg': ANSYSLMD_LICENSE_FILE=1055@ansys.lboro.ac.uk CMAKE_PREFIX_PATH=${CMAKE_PREFIX_PATH}:/opt/ros/humble /usr/bin/cmake --build /home/lunet/wj0011/ros2_ws/build/rrrrr_finger_pkg -- -j32 -l32
[0.291s] DEBUG:colcon.colcon_core.event_handler.log_command:Invoking command in '/home/lunet/wj0011/ros2_ws/build/rrrrr_pkg': ANSYSLMD_LICENSE_FILE=1055@ansys.lboro.ac.uk CMAKE_PREFIX_PATH=${CMAKE_PREFIX_PATH}:/opt/ros/humble /usr/bin/cmake --build /home/lunet/wj0011/ros2_ws/build/rrrrr_pkg -- -j32 -l32
[0.312s] DEBUG:colcon.colcon_core.event_handler.log_command:Invoked command in '/home/lunet/wj0011/ros2_ws/build/rrr_pkg' returned '0': ANSYSLMD_LICENSE_FILE=1055@ansys.lboro.ac.uk CMAKE_PREFIX_PATH=${CMAKE_PREFIX_PATH}:/opt/ros/humble /usr/bin/cmake --build /home/lunet/wj0011/ros2_ws/build/rrr_pkg -- -j32 -l32
[0.323s] DEBUG:colcon.colcon_core.event_handler.log_command:Invoking command in '/home/lunet/wj0011/ros2_ws/build/rrr_pkg': ANSYSLMD_LICENSE_FILE=1055@ansys.lboro.ac.uk CMAKE_PREFIX_PATH=${CMAKE_PREFIX_PATH}:/opt/ros/humble /usr/bin/cmake --install /home/lunet/wj0011/ros2_ws/build/rrr_pkg
[0.324s] DEBUG:colcon.colcon_core.event_handler.log_command:Invoked command in '/home/lunet/wj0011/ros2_ws/build/rrrrr_finger_pkg' returned '0': ANSYSLMD_LICENSE_FILE=1055@ansys.lboro.ac.uk CMAKE_PREFIX_PATH=${CMAKE_PREFIX_PATH}:/opt/ros/humble /usr/bin/cmake --build /home/lunet/wj0011/ros2_ws/build/rrrrr_finger_pkg -- -j32 -l32
[0.330s] DEBUG:colcon.colcon_core.event_handler.log_command:Invoking command in '/home/lunet/wj0011/ros2_ws/build/rrrrr_finger_pkg': ANSYSLMD_LICENSE_FILE=1055@ansys.lboro.ac.uk CMAKE_PREFIX_PATH=${CMAKE_PREFIX_PATH}:/opt/ros/humble /usr/bin/cmake --install /home/lunet/wj0011/ros2_ws/build/rrrrr_finger_pkg
[0.330s] DEBUG:colcon.colcon_core.event_handler.log_command:Invoked command in '/home/lunet/wj0011/ros2_ws/build/rrrrr_pkg' returned '0': ANSYSLMD_LICENSE_FILE=1055@ansys.lboro.ac.uk CMAKE_PREFIX_PATH=${CMAKE_PREFIX_PATH}:/opt/ros/humble /usr/bin/cmake --build /home/lunet/wj0011/ros2_ws/build/rrrrr_pkg -- -j32 -l32
[0.334s] DEBUG:colcon.colcon_core.event_handler.log_command:Invoking command in '/home/lunet/wj0011/ros2_ws/build/rrrrr_pkg': ANSYSLMD_LICENSE_FILE=1055@ansys.lboro.ac.uk CMAKE_PREFIX_PATH=${CMAKE_PREFIX_PATH}:/opt/ros/humble /usr/bin/cmake --install /home/lunet/wj0011/ros2_ws/build/rrrrr_pkg
[0.358s] Level 1:colcon.colcon_core.environment:create_environment_scripts_only(rrr_pkg)
[0.358s] DEBUG:colcon.colcon_core.event_handler.log_command:Invoked command in '/home/lunet/wj0011/ros2_ws/build/rrr_pkg' returned '0': ANSYSLMD_LICENSE_FILE=1055@ansys.lboro.ac.uk CMAKE_PREFIX_PATH=${CMAKE_PREFIX_PATH}:/opt/ros/humble /usr/bin/cmake --install /home/lunet/wj0011/ros2_ws/build/rrr_pkg
[0.360s] Level 1:colcon.colcon_core.environment:checking '/home/lunet/wj0011/ros2_ws/install/rrr_pkg' for CMake module files
[0.361s] Level 1:colcon.colcon_core.environment:checking '/home/lunet/wj0011/ros2_ws/install/rrr_pkg' for CMake config files
[0.365s] Level 1:colcon.colcon_core.shell:create_environment_hook('rrr_pkg', 'cmake_prefix_path')
[0.365s] INFO:colcon.colcon_core.shell:Creating environment hook '/home/lunet/wj0011/ros2_ws/install/rrr_pkg/share/rrr_pkg/hook/cmake_prefix_path.ps1'
[0.368s] INFO:colcon.colcon_core.shell:Creating environment descriptor '/home/lunet/wj0011/ros2_ws/install/rrr_pkg/share/rrr_pkg/hook/cmake_prefix_path.dsv'
[0.370s] INFO:colcon.colcon_core.shell:Creating environment hook '/home/lunet/wj0011/ros2_ws/install/rrr_pkg/share/rrr_pkg/hook/cmake_prefix_path.sh'
[0.373s] Level 1:colcon.colcon_core.environment:checking '/home/lunet/wj0011/ros2_ws/install/rrr_pkg/bin'
[0.373s] Level 1:colcon.colcon_core.environment:checking '/home/lunet/wj0011/ros2_ws/install/rrr_pkg/lib/pkgconfig/rrr_pkg.pc'
[0.373s] Level 1:colcon.colcon_core.environment:checking '/home/lunet/wj0011/ros2_ws/install/rrr_pkg/lib/python3.10/site-packages'
[0.373s] Level 1:colcon.colcon_core.environment:checking '/home/lunet/wj0011/ros2_ws/install/rrr_pkg/bin'
[0.373s] INFO:colcon.colcon_core.shell:Creating package script '/home/lunet/wj0011/ros2_ws/install/rrr_pkg/share/rrr_pkg/package.ps1'
[0.375s] INFO:colcon.colcon_core.shell:Creating package descriptor '/home/lunet/wj0011/ros2_ws/install/rrr_pkg/share/rrr_pkg/package.dsv'
[0.377s] INFO:colcon.colcon_core.shell:Creating package script '/home/lunet/wj0011/ros2_ws/install/rrr_pkg/share/rrr_pkg/package.sh'
[0.379s] INFO:colcon.colcon_core.shell:Creating package script '/home/lunet/wj0011/ros2_ws/install/rrr_pkg/share/rrr_pkg/package.bash'
[0.381s] INFO:colcon.colcon_core.shell:Creating package script '/home/lunet/wj0011/ros2_ws/install/rrr_pkg/share/rrr_pkg/package.zsh'
[0.383s] Level 1:colcon.colcon_core.environment:create_file_with_runtime_dependencies(/home/lunet/wj0011/ros2_ws/install/rrr_pkg/share/colcon-core/packages/rrr_pkg)
[0.386s] Level 1:colcon.colcon_core.environment:create_environment_scripts_only(rrr_pkg)
[0.386s] Level 1:colcon.colcon_core.environment:checking '/home/lunet/wj0011/ros2_ws/install/rrr_pkg' for CMake module files
[0.388s] Level 1:colcon.colcon_core.environment:checking '/home/lunet/wj0011/ros2_ws/install/rrr_pkg' for CMake config files
[0.390s] Level 1:colcon.colcon_core.shell:create_environment_hook('rrr_pkg', 'cmake_prefix_path')
[0.390s] INFO:colcon.colcon_core.shell:Creating environment hook '/home/lunet/wj0011/ros2_ws/install/rrr_pkg/share/rrr_pkg/hook/cmake_prefix_path.ps1'
[0.392s] INFO:colcon.colcon_core.shell:Creating environment descriptor '/home/lunet/wj0011/ros2_ws/install/rrr_pkg/share/rrr_pkg/hook/cmake_prefix_path.dsv'
[0.394s] INFO:colcon.colcon_core.shell:Creating environment hook '/home/lunet/wj0011/ros2_ws/install/rrr_pkg/share/rrr_pkg/hook/cmake_prefix_path.sh'
[0.396s] Level 1:colcon.colcon_core.environment:checking '/home/lunet/wj0011/ros2_ws/install/rrr_pkg/bin'
[0.396s] Level 1:colcon.colcon_core.environment:checking '/home/lunet/wj0011/ros2_ws/install/rrr_pkg/lib/pkgconfig/rrr_pkg.pc'
[0.396s] Level 1:colcon.colcon_core.environment:checking '/home/lunet/wj0011/ros2_ws/install/rrr_pkg/lib/python3.10/site-packages'
[0.396s] Level 1:colcon.colcon_core.environment:checking '/home/lunet/wj0011/ros2_ws/install/rrr_pkg/bin'
[0.397s] INFO:colcon.colcon_core.shell:Creating package script '/home/lunet/wj0011/ros2_ws/install/rrr_pkg/share/rrr_pkg/package.ps1'
[0.421s] INFO:colcon.colcon_core.shell:Creating package descriptor '/home/lunet/wj0011/ros2_ws/install/rrr_pkg/share/rrr_pkg/package.dsv'
[0.423s] INFO:colcon.colcon_core.shell:Creating package script '/home/lunet/wj0011/ros2_ws/install/rrr_pkg/share/rrr_pkg/package.sh'
[0.424s] INFO:colcon.colcon_core.shell:Creating package script '/home/lunet/wj0011/ros2_ws/install/rrr_pkg/share/rrr_pkg/package.bash'
[0.426s] INFO:colcon.colcon_core.shell:Creating package script '/home/lunet/wj0011/ros2_ws/install/rrr_pkg/share/rrr_pkg/package.zsh'
[0.428s] Level 1:colcon.colcon_core.environment:create_file_with_runtime_dependencies(/home/lunet/wj0011/ros2_ws/install/rrr_pkg/share/colcon-core/packages/rrr_pkg)
[0.430s] Level 1:colcon.colcon_core.environment:create_environment_scripts_only(rrrrr_finger_pkg)
[0.431s] Level 1:colcon.colcon_core.environment:checking '/home/lunet/wj0011/ros2_ws/install/rrrrr_finger_pkg' for CMake module files
[0.432s] Level 1:colcon.colcon_core.environment:checking '/home/lunet/wj0011/ros2_ws/install/rrrrr_finger_pkg' for CMake config files
[0.435s] DEBUG:colcon.colcon_core.event_handler.log_command:Invoked command in '/home/lunet/wj0011/ros2_ws/build/rrrrr_finger_pkg' returned '0': ANSYSLMD_LICENSE_FILE=1055@ansys.lboro.ac.uk CMAKE_PREFIX_PATH=${CMAKE_PREFIX_PATH}:/opt/ros/humble /usr/bin/cmake --install /home/lunet/wj0011/ros2_ws/build/rrrrr_finger_pkg
[0.436s] Level 1:colcon.colcon_core.shell:create_environment_hook('rrrrr_finger_pkg', 'cmake_prefix_path')
[0.436s] INFO:colcon.colcon_core.shell:Creating environment hook '/home/lunet/wj0011/ros2_ws/install/rrrrr_finger_pkg/share/rrrrr_finger_pkg/hook/cmake_prefix_path.ps1'
[0.438s] INFO:colcon.colcon_core.shell:Creating environment descriptor '/home/lunet/wj0011/ros2_ws/install/rrrrr_finger_pkg/share/rrrrr_finger_pkg/hook/cmake_prefix_path.dsv'
[0.440s] INFO:colcon.colcon_core.shell:Creating environment hook '/home/lunet/wj0011/ros2_ws/install/rrrrr_finger_pkg/share/rrrrr_finger_pkg/hook/cmake_prefix_path.sh'
[0.443s] Level 1:colcon.colcon_core.environment:checking '/home/lunet/wj0011/ros2_ws/install/rrrrr_finger_pkg/bin'
[0.443s] Level 1:colcon.colcon_core.environment:checking '/home/lunet/wj0011/ros2_ws/install/rrrrr_finger_pkg/lib/pkgconfig/rrrrr_finger_pkg.pc'
[0.443s] Level 1:colcon.colcon_core.environment:checking '/home/lunet/wj0011/ros2_ws/install/rrrrr_finger_pkg/lib/python3.10/site-packages'
[0.443s] Level 1:colcon.colcon_core.environment:checking '/home/lunet/wj0011/ros2_ws/install/rrrrr_finger_pkg/bin'
[0.443s] INFO:colcon.colcon_core.shell:Creating package script '/home/lunet/wj0011/ros2_ws/install/rrrrr_finger_pkg/share/rrrrr_finger_pkg/package.ps1'
[0.445s] INFO:colcon.colcon_core.shell:Creating package descriptor '/home/lunet/wj0011/ros2_ws/install/rrrrr_finger_pkg/share/rrrrr_finger_pkg/package.dsv'
[0.447s] INFO:colcon.colcon_core.shell:Creating package script '/home/lunet/wj0011/ros2_ws/install/rrrrr_finger_pkg/share/rrrrr_finger_pkg/package.sh'
[0.449s] INFO:colcon.colcon_core.shell:Creating package script '/home/lunet/wj0011/ros2_ws/install/rrrrr_finger_pkg/share/rrrrr_finger_pkg/package.bash'
[0.451s] INFO:colcon.colcon_core.shell:Creating package script '/home/lunet/wj0011/ros2_ws/install/rrrrr_finger_pkg/share/rrrrr_finger_pkg/package.zsh'
[0.453s] Level 1:colcon.colcon_core.environment:create_file_with_runtime_dependencies(/home/lunet/wj0011/ros2_ws/install/rrrrr_finger_pkg/share/colcon-core/packages/rrrrr_finger_pkg)
[0.455s] Level 1:colcon.colcon_core.environment:create_environment_scripts_only(rrrrr_finger_pkg)
[0.456s] Level 1:colcon.colcon_core.environment:checking '/home/lunet/wj0011/ros2_ws/install/rrrrr_finger_pkg' for CMake module files
[0.457s] Level 1:colcon.colcon_core.environment:checking '/home/lunet/wj0011/ros2_ws/install/rrrrr_finger_pkg' for CMake config files
[0.460s] Level 1:colcon.colcon_core.shell:create_environment_hook('rrrrr_finger_pkg', 'cmake_prefix_path')
[0.460s] INFO:colcon.colcon_core.shell:Creating environment hook '/home/lunet/wj0011/ros2_ws/install/rrrrr_finger_pkg/share/rrrrr_finger_pkg/hook/cmake_prefix_path.ps1'
[0.462s] INFO:colcon.colcon_core.shell:Creating environment descriptor '/home/lunet/wj0011/ros2_ws/install/rrrrr_finger_pkg/share/rrrrr_finger_pkg/hook/cmake_prefix_path.dsv'
[0.464s] INFO:colcon.colcon_core.shell:Creating environment hook '/home/lunet/wj0011/ros2_ws/install/rrrrr_finger_pkg/share/rrrrr_finger_pkg/hook/cmake_prefix_path.sh'
[0.466s] Level 1:colcon.colcon_core.environment:checking '/home/lunet/wj0011/ros2_ws/install/rrrrr_finger_pkg/bin'
[0.466s] Level 1:colcon.colcon_core.environment:checking '/home/lunet/wj0011/ros2_ws/install/rrrrr_finger_pkg/lib/pkgconfig/rrrrr_finger_pkg.pc'
[0.466s] Level 1:colcon.colcon_core.environment:checking '/home/lunet/wj0011/ros2_ws/install/rrrrr_finger_pkg/lib/python3.10/site-packages'
[0.467s] Level 1:colcon.colcon_core.environment:checking '/home/lunet/wj0011/ros2_ws/install/rrrrr_finger_pkg/bin'
[0.467s] INFO:colcon.colcon_core.shell:Creating package script '/home/lunet/wj0011/ros2_ws/install/rrrrr_finger_pkg/share/rrrrr_finger_pkg/package.ps1'
[0.469s] INFO:colcon.colcon_core.shell:Creating package descriptor '/home/lunet/wj0011/ros2_ws/install/rrrrr_finger_pkg/share/rrrrr_finger_pkg/package.dsv'
[0.471s] INFO:colcon.colcon_core.shell:Creating package script '/home/lunet/wj0011/ros2_ws/install/rrrrr_finger_pkg/share/rrrrr_finger_pkg/package.sh'
[0.473s] INFO:colcon.colcon_core.shell:Creating package script '/home/lunet/wj0011/ros2_ws/install/rrrrr_finger_pkg/share/rrrrr_finger_pkg/package.bash'
[0.475s] INFO:colcon.colcon_core.shell:Creating package script '/home/lunet/wj0011/ros2_ws/install/rrrrr_finger_pkg/share/rrrrr_finger_pkg/package.zsh'
[0.477s] Level 1:colcon.colcon_core.environment:create_file_with_runtime_dependencies(/home/lunet/wj0011/ros2_ws/install/rrrrr_finger_pkg/share/colcon-core/packages/rrrrr_finger_pkg)
[0.479s] Level 1:colcon.colcon_core.environment:create_environment_scripts_only(rrrrr_pkg)
[0.479s] Level 1:colcon.colcon_core.environment:checking '/home/lunet/wj0011/ros2_ws/install/rrrrr_pkg' for CMake module files
[0.480s] Level 1:colcon.colcon_core.environment:checking '/home/lunet/wj0011/ros2_ws/install/rrrrr_pkg' for CMake config files
[0.485s] DEBUG:colcon.colcon_core.event_handler.log_command:Invoked command in '/home/lunet/wj0011/ros2_ws/build/rrrrr_pkg' returned '0': ANSYSLMD_LICENSE_FILE=1055@ansys.lboro.ac.uk CMAKE_PREFIX_PATH=${CMAKE_PREFIX_PATH}:/opt/ros/humble /usr/bin/cmake --install /home/lunet/wj0011/ros2_ws/build/rrrrr_pkg
[0.485s] Level 1:colcon.colcon_core.shell:create_environment_hook('rrrrr_pkg', 'cmake_prefix_path')
[0.485s] INFO:colcon.colcon_core.shell:Creating environment hook '/home/lunet/wj0011/ros2_ws/install/rrrrr_pkg/share/rrrrr_pkg/hook/cmake_prefix_path.ps1'
[0.487s] INFO:colcon.colcon_core.shell:Creating environment descriptor '/home/lunet/wj0011/ros2_ws/install/rrrrr_pkg/share/rrrrr_pkg/hook/cmake_prefix_path.dsv'
[0.490s] INFO:colcon.colcon_core.shell:Creating environment hook '/home/lunet/wj0011/ros2_ws/install/rrrrr_pkg/share/rrrrr_pkg/hook/cmake_prefix_path.sh'
[0.492s] Level 1:colcon.colcon_core.environment:checking '/home/lunet/wj0011/ros2_ws/install/rrrrr_pkg/bin'
[0.492s] Level 1:colcon.colcon_core.environment:checking '/home/lunet/wj0011/ros2_ws/install/rrrrr_pkg/lib/pkgconfig/rrrrr_pkg.pc'
[0.492s] Level 1:colcon.colcon_core.environment:checking '/home/lunet/wj0011/ros2_ws/install/rrrrr_pkg/lib/python3.10/site-packages'
[0.492s] Level 1:colcon.colcon_core.environment:checking '/home/lunet/wj0011/ros2_ws/install/rrrrr_pkg/bin'
[0.493s] INFO:colcon.colcon_core.shell:Creating package script '/home/lunet/wj0011/ros2_ws/install/rrrrr_pkg/share/rrrrr_pkg/package.ps1'
[0.495s] INFO:colcon.colcon_core.shell:Creating package descriptor '/home/lunet/wj0011/ros2_ws/install/rrrrr_pkg/share/rrrrr_pkg/package.dsv'
[0.496s] INFO:colcon.colcon_core.shell:Creating package script '/home/lunet/wj0011/ros2_ws/install/rrrrr_pkg/share/rrrrr_pkg/package.sh'
[0.498s] INFO:colcon.colcon_core.shell:Creating package script '/home/lunet/wj0011/ros2_ws/install/rrrrr_pkg/share/rrrrr_pkg/package.bash'
[0.500s] INFO:colcon.colcon_core.shell:Creating package script '/home/lunet/wj0011/ros2_ws/install/rrrrr_pkg/share/rrrrr_pkg/package.zsh'
[0.502s] Level 1:colcon.colcon_core.environment:create_file_with_runtime_dependencies(/home/lunet/wj0011/ros2_ws/install/rrrrr_pkg/share/colcon-core/packages/rrrrr_pkg)
[0.505s] Level 1:colcon.colcon_core.environment:create_environment_scripts_only(rrrrr_pkg)
[0.505s] Level 1:colcon.colcon_core.environment:checking '/home/lunet/wj0011/ros2_ws/install/rrrrr_pkg' for CMake module files
[0.507s] Level 1:colcon.colcon_core.environment:checking '/home/lunet/wj0011/ros2_ws/install/rrrrr_pkg' for CMake config files
[0.509s] Level 1:colcon.colcon_core.shell:create_environment_hook('rrrrr_pkg', 'cmake_prefix_path')
[0.509s] INFO:colcon.colcon_core.shell:Creating environment hook '/home/lunet/wj0011/ros2_ws/install/rrrrr_pkg/share/rrrrr_pkg/hook/cmake_prefix_path.ps1'
[0.511s] INFO:colcon.colcon_core.shell:Creating environment descriptor '/home/lunet/wj0011/ros2_ws/install/rrrrr_pkg/share/rrrrr_pkg/hook/cmake_prefix_path.dsv'
[0.513s] INFO:colcon.colcon_core.shell:Creating environment hook '/home/lunet/wj0011/ros2_ws/install/rrrrr_pkg/share/rrrrr_pkg/hook/cmake_prefix_path.sh'
[0.515s] Level 1:colcon.colcon_core.environment:checking '/home/lunet/wj0011/ros2_ws/install/rrrrr_pkg/bin'
[0.516s] Level 1:colcon.colcon_core.environment:checking '/home/lunet/wj0011/ros2_ws/install/rrrrr_pkg/lib/pkgconfig/rrrrr_pkg.pc'
[0.516s] Level 1:colcon.colcon_core.environment:checking '/home/lunet/wj0011/ros2_ws/install/rrrrr_pkg/lib/python3.10/site-packages'
[0.516s] Level 1:colcon.colcon_core.environment:checking '/home/lunet/wj0011/ros2_ws/install/rrrrr_pkg/bin'
[0.516s] INFO:colcon.colcon_core.shell:Creating package script '/home/lunet/wj0011/ros2_ws/install/rrrrr_pkg/share/rrrrr_pkg/package.ps1'
[0.518s] INFO:colcon.colcon_core.shell:Creating package descriptor '/home/lunet/wj0011/ros2_ws/install/rrrrr_pkg/share/rrrrr_pkg/package.dsv'
[0.520s] INFO:colcon.colcon_core.shell:Creating package script '/home/lunet/wj0011/ros2_ws/install/rrrrr_pkg/share/rrrrr_pkg/package.sh'
[0.522s] INFO:colcon.colcon_core.shell:Creating package script '/home/lunet/wj0011/ros2_ws/install/rrrrr_pkg/share/rrrrr_pkg/package.bash'
[0.524s] INFO:colcon.colcon_core.shell:Creating package script '/home/lunet/wj0011/ros2_ws/install/rrrrr_pkg/share/rrrrr_pkg/package.zsh'
[0.525s] Level 1:colcon.colcon_core.environment:create_file_with_runtime_dependencies(/home/lunet/wj0011/ros2_ws/install/rrrrr_pkg/share/colcon-core/packages/rrrrr_pkg)
[0.536s] DEBUG:colcon.colcon_core.event_handler.log_command:Invoked command in '/home/lunet/wj0011/ros2_ws/build/ros2_fundamentals_examples' returned '0': ANSYSLMD_LICENSE_FILE=1055@ansys.lboro.ac.uk CMAKE_PREFIX_PATH=${CMAKE_PREFIX_PATH}:/opt/ros/humble /usr/bin/cmake --build /home/lunet/wj0011/ros2_ws/build/ros2_fundamentals_examples -- -j32 -l32
[0.536s] DEBUG:colcon.colcon_core.event_handler.log_command:Invoking command in '/home/lunet/wj0011/ros2_ws/build/ros2_fundamentals_examples': ANSYSLMD_LICENSE_FILE=1055@ansys.lboro.ac.uk CMAKE_PREFIX_PATH=${CMAKE_PREFIX_PATH}:/opt/ros/humble /usr/bin/cmake --install /home/lunet/wj0011/ros2_ws/build/ros2_fundamentals_examples
[0.620s] Level 1:colcon.colcon_core.environment:create_environment_scripts_only(ros2_fundamentals_examples)
[0.620s] DEBUG:colcon.colcon_core.event_handler.log_command:Invoked command in '/home/lunet/wj0011/ros2_ws/build/ros2_fundamentals_examples' returned '0': ANSYSLMD_LICENSE_FILE=1055@ansys.lboro.ac.uk CMAKE_PREFIX_PATH=${CMAKE_PREFIX_PATH}:/opt/ros/humble /usr/bin/cmake --install /home/lunet/wj0011/ros2_ws/build/ros2_fundamentals_examples
[0.621s] Level 1:colcon.colcon_core.environment:checking '/home/lunet/wj0011/ros2_ws/install/ros2_fundamentals_examples' for CMake module files
[0.622s] Level 1:colcon.colcon_core.environment:checking '/home/lunet/wj0011/ros2_ws/install/ros2_fundamentals_examples' for CMake config files
[0.625s] Level 1:colcon.colcon_core.shell:create_environment_hook('ros2_fundamentals_examples', 'cmake_prefix_path')
[0.625s] INFO:colcon.colcon_core.shell:Creating environment hook '/home/lunet/wj0011/ros2_ws/install/ros2_fundamentals_examples/share/ros2_fundamentals_examples/hook/cmake_prefix_path.ps1'
[0.627s] INFO:colcon.colcon_core.shell:Creating environment descriptor '/home/lunet/wj0011/ros2_ws/install/ros2_fundamentals_examples/share/ros2_fundamentals_examples/hook/cmake_prefix_path.dsv'
[0.630s] INFO:colcon.colcon_core.shell:Creating environment hook '/home/lunet/wj0011/ros2_ws/install/ros2_fundamentals_examples/share/ros2_fundamentals_examples/hook/cmake_prefix_path.sh'
[0.632s] Level 1:colcon.colcon_core.environment:checking '/home/lunet/wj0011/ros2_ws/install/ros2_fundamentals_examples/lib'
[0.633s] Level 1:colcon.colcon_core.environment:checking '/home/lunet/wj0011/ros2_ws/install/ros2_fundamentals_examples/bin'
[0.633s] Level 1:colcon.colcon_core.environment:checking '/home/lunet/wj0011/ros2_ws/install/ros2_fundamentals_examples/lib/pkgconfig/ros2_fundamentals_examples.pc'
[0.633s] Level 1:colcon.colcon_core.environment:checking '/home/lunet/wj0011/ros2_ws/install/ros2_fundamentals_examples/lib/python3.10/site-packages'
[0.633s] Level 1:colcon.colcon_core.environment:checking '/home/lunet/wj0011/ros2_ws/install/ros2_fundamentals_examples/bin'
[0.633s] INFO:colcon.colcon_core.shell:Creating package script '/home/lunet/wj0011/ros2_ws/install/ros2_fundamentals_examples/share/ros2_fundamentals_examples/package.ps1'
[0.635s] INFO:colcon.colcon_core.shell:Creating package descriptor '/home/lunet/wj0011/ros2_ws/install/ros2_fundamentals_examples/share/ros2_fundamentals_examples/package.dsv'
[0.637s] INFO:colcon.colcon_core.shell:Creating package script '/home/lunet/wj0011/ros2_ws/install/ros2_fundamentals_examples/share/ros2_fundamentals_examples/package.sh'
[0.639s] INFO:colcon.colcon_core.shell:Creating package script '/home/lunet/wj0011/ros2_ws/install/ros2_fundamentals_examples/share/ros2_fundamentals_examples/package.bash'
[0.641s] INFO:colcon.colcon_core.shell:Creating package script '/home/lunet/wj0011/ros2_ws/install/ros2_fundamentals_examples/share/ros2_fundamentals_examples/package.zsh'
[0.642s] Level 1:colcon.colcon_core.environment:create_file_with_runtime_dependencies(/home/lunet/wj0011/ros2_ws/install/ros2_fundamentals_examples/share/colcon-core/packages/ros2_fundamentals_examples)
[0.645s] Level 1:colcon.colcon_core.environment:create_environment_scripts_only(ros2_fundamentals_examples)
[0.645s] Level 1:colcon.colcon_core.environment:checking '/home/lunet/wj0011/ros2_ws/install/ros2_fundamentals_examples' for CMake module files
[0.647s] Level 1:colcon.colcon_core.environment:checking '/home/lunet/wj0011/ros2_ws/install/ros2_fundamentals_examples' for CMake config files
[0.649s] Level 1:colcon.colcon_core.shell:create_environment_hook('ros2_fundamentals_examples', 'cmake_prefix_path')
[0.649s] INFO:colcon.colcon_core.shell:Creating environment hook '/home/lunet/wj0011/ros2_ws/install/ros2_fundamentals_examples/share/ros2_fundamentals_examples/hook/cmake_prefix_path.ps1'
[0.651s] INFO:colcon.colcon_core.shell:Creating environment descriptor '/home/lunet/wj0011/ros2_ws/install/ros2_fundamentals_examples/share/ros2_fundamentals_examples/hook/cmake_prefix_path.dsv'
[0.652s] INFO:colcon.colcon_core.shell:Creating environment hook '/home/lunet/wj0011/ros2_ws/install/ros2_fundamentals_examples/share/ros2_fundamentals_examples/hook/cmake_prefix_path.sh'
[0.655s] Level 1:colcon.colcon_core.environment:checking '/home/lunet/wj0011/ros2_ws/install/ros2_fundamentals_examples/lib'
[0.655s] Level 1:colcon.colcon_core.environment:checking '/home/lunet/wj0011/ros2_ws/install/ros2_fundamentals_examples/bin'
[0.655s] Level 1:colcon.colcon_core.environment:checking '/home/lunet/wj0011/ros2_ws/install/ros2_fundamentals_examples/lib/pkgconfig/ros2_fundamentals_examples.pc'
[0.655s] Level 1:colcon.colcon_core.environment:checking '/home/lunet/wj0011/ros2_ws/install/ros2_fundamentals_examples/lib/python3.10/site-packages'
[0.655s] Level 1:colcon.colcon_core.environment:checking '/home/lunet/wj0011/ros2_ws/install/ros2_fundamentals_examples/bin'
[0.655s] INFO:colcon.colcon_core.shell:Creating package script '/home/lunet/wj0011/ros2_ws/install/ros2_fundamentals_examples/share/ros2_fundamentals_examples/package.ps1'
[0.658s] INFO:colcon.colcon_core.shell:Creating package descriptor '/home/lunet/wj0011/ros2_ws/install/ros2_fundamentals_examples/share/ros2_fundamentals_examples/package.dsv'
[0.659s] INFO:colcon.colcon_core.shell:Creating package script '/home/lunet/wj0011/ros2_ws/install/ros2_fundamentals_examples/share/ros2_fundamentals_examples/package.sh'
[0.661s] INFO:colcon.colcon_core.shell:Creating package script '/home/lunet/wj0011/ros2_ws/install/ros2_fundamentals_examples/share/ros2_fundamentals_examples/package.bash'
[0.663s] INFO:colcon.colcon_core.shell:Creating package script '/home/lunet/wj0011/ros2_ws/install/ros2_fundamentals_examples/share/ros2_fundamentals_examples/package.zsh'
[0.665s] Level 1:colcon.colcon_core.environment:create_file_with_runtime_dependencies(/home/lunet/wj0011/ros2_ws/install/ros2_fundamentals_examples/share/colcon-core/packages/ros2_fundamentals_examples)
[4.390s] DEBUG:colcon.colcon_core.event_handler.log_command:Invoked command in '/home/lunet/wj0011/ros2_ws/build/hello_moveit' returned '0': ANSYSLMD_LICENSE_FILE=1055@ansys.lboro.ac.uk CMAKE_PREFIX_PATH=${CMAKE_PREFIX_PATH}:/opt/ros/humble /usr/bin/cmake /home/lunet/wj0011/ros2_ws/src/hello_moveit -DCMAKE_INSTALL_PREFIX=/home/lunet/wj0011/ros2_ws/install/hello_moveit
[4.394s] DEBUG:colcon.colcon_core.event_handler.log_command:Invoking command in '/home/lunet/wj0011/ros2_ws/build/hello_moveit': ANSYSLMD_LICENSE_FILE=1055@ansys.lboro.ac.uk CMAKE_PREFIX_PATH=${CMAKE_PREFIX_PATH}:/opt/ros/humble /usr/bin/cmake --build /home/lunet/wj0011/ros2_ws/build/hello_moveit -- -j32 -l32
[8.799s] DEBUG:colcon.colcon_core.event_handler.log_command:Invoked command in '/home/lunet/wj0011/ros2_ws/build/hello_moveit' returned '0': ANSYSLMD_LICENSE_FILE=1055@ansys.lboro.ac.uk CMAKE_PREFIX_PATH=${CMAKE_PREFIX_PATH}:/opt/ros/humble /usr/bin/cmake --build /home/lunet/wj0011/ros2_ws/build/hello_moveit -- -j32 -l32
[8.805s] DEBUG:colcon.colcon_core.event_handler.log_command:Invoking command in '/home/lunet/wj0011/ros2_ws/build/hello_moveit': ANSYSLMD_LICENSE_FILE=1055@ansys.lboro.ac.uk CMAKE_PREFIX_PATH=${CMAKE_PREFIX_PATH}:/opt/ros/humble /usr/bin/cmake --install /home/lunet/wj0011/ros2_ws/build/hello_moveit
[8.925s] Level 1:colcon.colcon_core.environment:create_environment_scripts_only(hello_moveit)
[8.925s] Level 1:colcon.colcon_core.environment:checking '/home/lunet/wj0011/ros2_ws/install/hello_moveit' for CMake module files
[8.925s] DEBUG:colcon.colcon_core.event_handler.log_command:Invoked command in '/home/lunet/wj0011/ros2_ws/build/hello_moveit' returned '0': ANSYSLMD_LICENSE_FILE=1055@ansys.lboro.ac.uk CMAKE_PREFIX_PATH=${CMAKE_PREFIX_PATH}:/opt/ros/humble /usr/bin/cmake --install /home/lunet/wj0011/ros2_ws/build/hello_moveit
[8.930s] Level 1:colcon.colcon_core.environment:checking '/home/lunet/wj0011/ros2_ws/install/hello_moveit' for CMake config files
[8.938s] Level 1:colcon.colcon_core.shell:create_environment_hook('hello_moveit', 'cmake_prefix_path')
[8.938s] INFO:colcon.colcon_core.shell:Creating environment hook '/home/lunet/wj0011/ros2_ws/install/hello_moveit/share/hello_moveit/hook/cmake_prefix_path.ps1'
[8.940s] INFO:colcon.colcon_core.shell:Creating environment descriptor '/home/lunet/wj0011/ros2_ws/install/hello_moveit/share/hello_moveit/hook/cmake_prefix_path.dsv'
[8.942s] INFO:colcon.colcon_core.shell:Creating environment hook '/home/lunet/wj0011/ros2_ws/install/hello_moveit/share/hello_moveit/hook/cmake_prefix_path.sh'
[8.945s] Level 1:colcon.colcon_core.environment:checking '/home/lunet/wj0011/ros2_ws/install/hello_moveit/lib'
[8.945s] Level 1:colcon.colcon_core.environment:checking '/home/lunet/wj0011/ros2_ws/install/hello_moveit/bin'
[8.946s] Level 1:colcon.colcon_core.environment:checking '/home/lunet/wj0011/ros2_ws/install/hello_moveit/lib/pkgconfig/hello_moveit.pc'
[8.946s] Level 1:colcon.colcon_core.environment:checking '/home/lunet/wj0011/ros2_ws/install/hello_moveit/lib/python3.10/site-packages'
[8.947s] Level 1:colcon.colcon_core.environment:checking '/home/lunet/wj0011/ros2_ws/install/hello_moveit/bin'
[8.947s] INFO:colcon.colcon_core.shell:Creating package script '/home/lunet/wj0011/ros2_ws/install/hello_moveit/share/hello_moveit/package.ps1'
[8.949s] INFO:colcon.colcon_core.shell:Creating package descriptor '/home/lunet/wj0011/ros2_ws/install/hello_moveit/share/hello_moveit/package.dsv'
[8.951s] INFO:colcon.colcon_core.shell:Creating package script '/home/lunet/wj0011/ros2_ws/install/hello_moveit/share/hello_moveit/package.sh'
[8.953s] INFO:colcon.colcon_core.shell:Creating package script '/home/lunet/wj0011/ros2_ws/install/hello_moveit/share/hello_moveit/package.bash'
[8.955s] INFO:colcon.colcon_core.shell:Creating package script '/home/lunet/wj0011/ros2_ws/install/hello_moveit/share/hello_moveit/package.zsh'
[8.956s] Level 1:colcon.colcon_core.environment:create_file_with_runtime_dependencies(/home/lunet/wj0011/ros2_ws/install/hello_moveit/share/colcon-core/packages/hello_moveit)
[8.961s] Level 1:colcon.colcon_core.environment:create_environment_scripts_only(hello_moveit)
[8.961s] Level 1:colcon.colcon_core.environment:checking '/home/lunet/wj0011/ros2_ws/install/hello_moveit' for CMake module files
[8.963s] Level 1:colcon.colcon_core.environment:checking '/home/lunet/wj0011/ros2_ws/install/hello_moveit' for CMake config files
[8.968s] Level 1:colcon.colcon_core.shell:create_environment_hook('hello_moveit', 'cmake_prefix_path')
[8.968s] INFO:colcon.colcon_core.shell:Creating environment hook '/home/lunet/wj0011/ros2_ws/install/hello_moveit/share/hello_moveit/hook/cmake_prefix_path.ps1'
[8.970s] INFO:colcon.colcon_core.shell:Creating environment descriptor '/home/lunet/wj0011/ros2_ws/install/hello_moveit/share/hello_moveit/hook/cmake_prefix_path.dsv'
[8.972s] INFO:colcon.colcon_core.shell:Creating environment hook '/home/lunet/wj0011/ros2_ws/install/hello_moveit/share/hello_moveit/hook/cmake_prefix_path.sh'
[8.975s] Level 1:colcon.colcon_core.environment:checking '/home/lunet/wj0011/ros2_ws/install/hello_moveit/lib'
[8.975s] Level 1:colcon.colcon_core.environment:checking '/home/lunet/wj0011/ros2_ws/install/hello_moveit/bin'
[8.975s] Level 1:colcon.colcon_core.environment:checking '/home/lunet/wj0011/ros2_ws/install/hello_moveit/lib/pkgconfig/hello_moveit.pc'
[8.975s] Level 1:colcon.colcon_core.environment:checking '/home/lunet/wj0011/ros2_ws/install/hello_moveit/lib/python3.10/site-packages'
[8.975s] Level 1:colcon.colcon_core.environment:checking '/home/lunet/wj0011/ros2_ws/install/hello_moveit/bin'
[8.975s] INFO:colcon.colcon_core.shell:Creating package script '/home/lunet/wj0011/ros2_ws/install/hello_moveit/share/hello_moveit/package.ps1'
[8.978s] INFO:colcon.colcon_core.shell:Creating package descriptor '/home/lunet/wj0011/ros2_ws/install/hello_moveit/share/hello_moveit/package.dsv'
[8.979s] INFO:colcon.colcon_core.shell:Creating package script '/home/lunet/wj0011/ros2_ws/install/hello_moveit/share/hello_moveit/package.sh'
[8.981s] INFO:colcon.colcon_core.shell:Creating package script '/home/lunet/wj0011/ros2_ws/install/hello_moveit/share/hello_moveit/package.bash'
[8.983s] INFO:colcon.colcon_core.shell:Creating package script '/home/lunet/wj0011/ros2_ws/install/hello_moveit/share/hello_moveit/package.zsh'
[8.985s] Level 1:colcon.colcon_core.environment:create_file_with_runtime_dependencies(/home/lunet/wj0011/ros2_ws/install/hello_moveit/share/colcon-core/packages/hello_moveit)
[8.987s] DEBUG:colcon.colcon_parallel_executor.executor.parallel:closing loop
[8.987s] DEBUG:colcon.colcon_parallel_executor.executor.parallel:loop closed
[8.987s] DEBUG:colcon.colcon_parallel_executor.executor.parallel:run_until_complete finished with '0'
[8.987s] DEBUG:colcon.colcon_core.event_reactor:joining thread
[8.995s] INFO:colcon.colcon_core.plugin_system:Skipping extension 'colcon_notification.desktop_notification.terminal_notifier': Not used on non-Darwin systems
[8.996s] INFO:colcon.colcon_core.plugin_system:Skipping extension 'colcon_notification.desktop_notification.win32': Not used on non-Windows systems
[8.996s] INFO:colcon.colcon_notification.desktop_notification:Sending desktop notification using 'notify2'
[9.001s] DEBUG:colcon.colcon_core.event_reactor:joined thread
[9.001s] INFO:colcon.colcon_core.shell:Creating prefix script '/home/lunet/wj0011/ros2_ws/install/local_setup.ps1'
[9.003s] INFO:colcon.colcon_core.shell:Creating prefix util module '/home/lunet/wj0011/ros2_ws/install/_local_setup_util_ps1.py'
[9.006s] INFO:colcon.colcon_core.shell:Creating prefix chain script '/home/lunet/wj0011/ros2_ws/install/setup.ps1'
[9.009s] INFO:colcon.colcon_core.shell:Creating prefix script '/home/lunet/wj0011/ros2_ws/install/local_setup.sh'
[9.011s] INFO:colcon.colcon_core.shell:Creating prefix util module '/home/lunet/wj0011/ros2_ws/install/_local_setup_util_sh.py'
[9.014s] INFO:colcon.colcon_core.shell:Creating prefix chain script '/home/lunet/wj0011/ros2_ws/install/setup.sh'
[9.018s] INFO:colcon.colcon_core.shell:Creating prefix script '/home/lunet/wj0011/ros2_ws/install/local_setup.bash'
[9.021s] INFO:colcon.colcon_core.shell:Creating prefix chain script '/home/lunet/wj0011/ros2_ws/install/setup.bash'
[9.025s] INFO:colcon.colcon_core.shell:Creating prefix script '/home/lunet/wj0011/ros2_ws/install/local_setup.zsh'
[9.027s] INFO:colcon.colcon_core.shell:Creating prefix chain script '/home/lunet/wj0011/ros2_ws/install/setup.zsh'
