[0.038s] Invoking command in '/home/lunet/wj0011/ros2_ws/build/rrr_pkg': CMAKE_PREFIX_PATH=${CMAKE_PREFIX_PATH}:/opt/ros/humble /usr/bin/cmake --build /home/lunet/wj0011/ros2_ws/build/rrr_pkg -- -j32 -l32
[0.079s] Invoked command in '/home/lunet/wj0011/ros2_ws/build/rrr_pkg' returned '0': CMAKE_PREFIX_PATH=${CMAKE_PREFIX_PATH}:/opt/ros/humble /usr/bin/cmake --build /home/lunet/wj0011/ros2_ws/build/rrr_pkg -- -j32 -l32
[0.090s] Invoking command in '/home/lunet/wj0011/ros2_ws/build/rrr_pkg': CMAKE_PREFIX_PATH=${CMAKE_PREFIX_PATH}:/opt/ros/humble /usr/bin/cmake --install /home/lunet/wj0011/ros2_ws/build/rrr_pkg
[0.098s] -- Install configuration: ""
[0.098s] -- Up-to-date: /home/lunet/wj0011/ros2_ws/install/rrr_pkg/share/rrr_pkg/launch
[0.099s] -- Up-to-date: /home/lunet/wj0011/ros2_ws/install/rrr_pkg/share/rrr_pkg/launch/robot.launch.py
[0.100s] -- Up-to-date: /home/lunet/wj0011/ros2_ws/install/rrr_pkg/share/rrr_pkg/urdf
[0.105s] -- Up-to-date: /home/lunet/wj0011/ros2_ws/install/rrr_pkg/share/rrr_pkg/urdf/robot.urdf
[0.105s] -- Up-to-date: /home/lunet/wj0011/ros2_ws/install/rrr_pkg/share/ament_index/resource_index/package_run_dependencies/rrr_pkg
[0.105s] -- Up-to-date: /home/lunet/wj0011/ros2_ws/install/rrr_pkg/share/ament_index/resource_index/parent_prefix_path/rrr_pkg
[0.105s] -- Up-to-date: /home/lunet/wj0011/ros2_ws/install/rrr_pkg/share/rrr_pkg/environment/ament_prefix_path.sh
[0.106s] -- Up-to-date: /home/lunet/wj0011/ros2_ws/install/rrr_pkg/share/rrr_pkg/environment/ament_prefix_path.dsv
[0.106s] -- Up-to-date: /home/lunet/wj0011/ros2_ws/install/rrr_pkg/share/rrr_pkg/environment/path.sh
[0.107s] -- Up-to-date: /home/lunet/wj0011/ros2_ws/install/rrr_pkg/share/rrr_pkg/environment/path.dsv
[0.108s] -- Up-to-date: /home/lunet/wj0011/ros2_ws/install/rrr_pkg/share/rrr_pkg/local_setup.bash
[0.109s] -- Up-to-date: /home/lunet/wj0011/ros2_ws/install/rrr_pkg/share/rrr_pkg/local_setup.sh
[0.109s] -- Up-to-date: /home/lunet/wj0011/ros2_ws/install/rrr_pkg/share/rrr_pkg/local_setup.zsh
[0.110s] -- Up-to-date: /home/lunet/wj0011/ros2_ws/install/rrr_pkg/share/rrr_pkg/local_setup.dsv
[0.112s] -- Installing: /home/lunet/wj0011/ros2_ws/install/rrr_pkg/share/rrr_pkg/package.dsv
[0.117s] -- Up-to-date: /home/lunet/wj0011/ros2_ws/install/rrr_pkg/share/ament_index/resource_index/packages/rrr_pkg
[0.118s] -- Up-to-date: /home/lunet/wj0011/ros2_ws/install/rrr_pkg/share/rrr_pkg/cmake/rrr_pkgConfig.cmake
[0.119s] -- Up-to-date: /home/lunet/wj0011/ros2_ws/install/rrr_pkg/share/rrr_pkg/cmake/rrr_pkgConfig-version.cmake
[0.120s] -- Up-to-date: /home/lunet/wj0011/ros2_ws/install/rrr_pkg/share/rrr_pkg/package.xml
[0.124s] Invoked command in '/home/lunet/wj0011/ros2_ws/build/rrr_pkg' returned '0': CMAKE_PREFIX_PATH=${CMAKE_PREFIX_PATH}:/opt/ros/humble /usr/bin/cmake --install /home/lunet/wj0011/ros2_ws/build/rrr_pkg
